2025-07-07 15:56:02,700 INFO Run parameters: {'log_level': 'INFO', 'config': '/Users/takagikouichi/Documents/GitHub/Maple/config/train_config.yml', 'episodes': 1, 'save': 'model_debug.py', 'tensorboard': False, 'ppo_epochs': None, 'clip': None, 'gae_lambda': None, 'value_coef': None, 'entropy_coef': None, 'gamma': None, 'parallel': 1, 'algo': 'ppo', 'checkpoint_interval': 0, 'checkpoint_dir': 'checkpoints', 'reward': 'composite', 'reward_config': '/Users/takagikouichi/Documents/GitHub/Maple/config/reward.yaml', 'opponent': None, 'opponent_mix': None, 'team': 'default', 'teams_dir': None, 'load_model': None}
2025-07-07 15:56:02,701 INFO Using default team mode
2025-07-07 15:56:02,701 INFO Using self-play mode
2025-07-07 15:56:03,699 INFO Selecting team for player_0...
2025-07-07 15:56:03,699 INFO Selecting team for player_1...
2025-07-07 15:56:05,034 DEBUG player_0: [1 1 1 1 1 1 1 1 1 1 0]
2025-07-07 15:56:05,042 DEBUG player_0: [1 1 1 1 1 1 1 1 1 1 0]
2025-07-07 15:56:05,043 DEBUG player_1: [1 1 1 1 1 1 1 1 1 1 0]
2025-07-07 15:56:05,160 DEBUG player_0: [1 1 1 1 1 1 1 1 1 1 0]
2025-07-07 15:56:05,161 DEBUG player_1: [1 1 1 1 1 1 1 1 1 1 0]
2025-07-07 15:56:05,279 DEBUG player_0: [1 1 1 1 1 1 1 1 1 1 0]
2025-07-07 15:56:05,280 DEBUG player_1: [1 1 1 1 1 1 1 1 1 1 0]
2025-07-07 15:56:05,396 DEBUG player_0: [1 1 1 1 1 1 1 1 1 1 0]
2025-07-07 15:56:05,397 DEBUG player_1: [1 1 1 1 1 1 1 1 1 1 0]
2025-07-07 15:56:05,513 DEBUG player_0: [1 1 1 1 1 1 1 1 1 1 0]
2025-07-07 15:56:05,513 DEBUG player_1: [1 1 1 1 1 1 1 1 1 1 0]
2025-07-07 15:56:05,630 DEBUG player_0: [1 1 1 1 1 1 1 1 1 1 0]
2025-07-07 15:56:05,630 DEBUG player_1: [1 0 1 0 1 0 1 0 1 1 0]
2025-07-07 15:56:05,743 DEBUG player_0: [1 1 1 1 1 1 1 1 1 1 0]
2025-07-07 15:56:05,743 DEBUG player_1: [1 1 1 1 1 1 1 1 1 1 0]
2025-07-07 15:56:05,857 DEBUG player_0: [0 0 1 0 0 0 0 0 0 0 0]
2025-07-07 15:56:05,858 DEBUG player_1: [1 1 1 1 1 1 1 1 1 1 0]
2025-07-07 15:56:05,973 DEBUG player_0: [0 0 1 0 0 0 1 0 1 1 0]
2025-07-07 15:56:05,974 DEBUG player_1: [1 1 1 1 1 1 1 1 1 1 0]
2025-07-07 15:56:06,088 DEBUG player_0: [0 0 1 0 0 0 0 0 0 0 0]
2025-07-07 15:56:06,088 DEBUG player_1: [1 1 1 1 1 1 1 1 1 1 0]
2025-07-07 15:56:06,628 DEBUG player_0: [0 0 0 0 0 0 0 0 1 1 0]
2025-07-07 15:56:06,629 DEBUG player_1: [0 0 0 0 0 0 0 0 1 1 0]
2025-07-07 15:56:06,741 DEBUG player_0: [1 1 1 1 1 1 1 1 1 0 0]
2025-07-07 15:56:06,742 DEBUG player_1: [1 1 1 1 1 1 1 1 1 1 0]
2025-07-07 15:56:06,855 DEBUG player_0: [1 1 1 1 1 1 1 1 1 0 0]
2025-07-07 15:56:06,856 DEBUG player_1: [1 1 1 1 1 1 1 1 1 1 0]
2025-07-07 15:56:06,971 DEBUG player_0: [1 1 1 1 1 1 1 1 1 0 0]
2025-07-07 15:56:06,971 DEBUG player_1: [1 1 1 1 1 1 1 1 1 1 0]
2025-07-07 15:56:07,086 DEBUG player_0: [1 1 1 1 1 1 1 1 1 0 0]
2025-07-07 15:56:07,086 DEBUG player_1: [1 1 1 1 1 1 1 1 1 1 0]
2025-07-07 15:56:07,199 DEBUG player_0: [1 1 1 1 1 1 1 1 1 0 0]
2025-07-07 15:56:07,200 DEBUG player_1: [1 1 1 1 1 1 1 1 1 1 0]
2025-07-07 15:56:07,313 DEBUG player_0: [1 1 1 1 1 1 1 1 1 0 0]
2025-07-07 15:56:07,313 DEBUG player_1: [1 1 1 1 1 1 1 1 1 1 0]
2025-07-07 15:56:07,425 DEBUG player_0: [1 1 1 1 1 1 1 1 1 0 0]
2025-07-07 15:56:07,426 DEBUG player_1: [1 1 1 1 1 1 1 1 1 1 0]
2025-07-07 15:56:07,539 DEBUG player_0: [1 1 1 1 1 1 1 1 1 0 0]
2025-07-07 15:56:07,540 DEBUG player_1: [1 1 1 1 1 1 1 1 1 1 0]
2025-07-07 15:56:07,654 DEBUG player_0: [1 1 1 1 0 0 0 0 1 0 0]
2025-07-07 15:56:07,655 DEBUG player_1: [1 1 1 1 1 1 1 1 1 1 0]
2025-07-07 15:56:07,770 DEBUG player_0: [1 1 1 1 0 0 0 0 1 0 0]
2025-07-07 15:56:07,771 DEBUG player_1: [1 1 1 1 1 1 1 1 1 1 0]
2025-07-07 15:56:07,884 DEBUG player_0: [1 1 1 1 0 0 0 0 1 0 0]
2025-07-07 15:56:07,885 DEBUG player_1: [1 1 1 1 1 1 1 1 1 1 0]
2025-07-07 15:56:07,997 DEBUG player_0: [1 1 1 1 0 0 0 0 1 0 0]
2025-07-07 15:56:07,997 DEBUG player_1: [1 1 1 1 1 1 1 1 1 1 0]
2025-07-07 15:56:08,112 DEBUG player_0: [1 1 1 1 0 0 0 0 1 0 0]
2025-07-07 15:56:08,112 DEBUG player_1: [1 1 1 1 1 1 1 1 1 1 0]
2025-07-07 15:56:08,224 DEBUG player_0: [1 1 1 1 0 0 0 0 1 0 0]
2025-07-07 15:56:08,225 DEBUG player_1: [1 1 1 1 1 1 1 1 1 1 0]
2025-07-07 15:56:08,343 DEBUG player_0: [1 1 1 1 0 0 0 0 1 0 0]
2025-07-07 15:56:08,343 DEBUG player_1: [1 1 1 1 1 1 1 1 1 1 0]
2025-07-07 15:56:08,455 DEBUG player_0: [1 1 1 1 0 0 0 0 1 0 0]
2025-07-07 15:56:08,456 DEBUG player_1: [1 1 1 1 1 1 1 1 1 1 0]
2025-07-07 15:56:08,568 DEBUG player_0: [1 1 1 1 0 0 0 0 1 0 0]
2025-07-07 15:56:08,568 DEBUG player_1: [1 1 1 1 1 1 1 1 1 1 0]
2025-07-07 15:56:08,682 DEBUG player_0: [1 1 1 1 0 0 0 0 1 0 0]
2025-07-07 15:56:08,682 DEBUG player_1: [1 1 1 1 1 1 1 1 1 1 0]
2025-07-07 15:56:08,795 DEBUG player_0: [1 1 1 1 0 0 0 0 1 0 0]
2025-07-07 15:56:08,795 DEBUG player_1: [1 1 1 1 1 1 1 1 1 1 0]
2025-07-07 15:56:08,909 DEBUG player_0: [1 1 1 1 0 0 0 0 1 0 0]
2025-07-07 15:56:08,910 DEBUG player_1: [1 1 1 1 1 1 1 1 1 1 0]
2025-07-07 15:56:09,023 DEBUG player_0: [1 1 1 1 0 0 0 0 1 0 0]
2025-07-07 15:56:09,023 DEBUG player_1: [1 1 1 1 1 1 1 1 1 1 0]
2025-07-07 15:56:09,544 DEBUG player_0: [0 0 0 0 0 0 0 0 1 0 0]
2025-07-07 15:56:09,545 DEBUG player_1: [0 0 0 0 0 0 0 0 1 1 0]
2025-07-07 15:56:09,657 DEBUG player_0: [1 1 1 1 0 0 0 0 0 0 0]
2025-07-07 15:56:09,657 DEBUG player_1: [1 1 1 1 1 1 1 1 1 1 0]
2025-07-07 15:56:10,178 DEBUG player_0: [0 0 0 0 0 0 0 0 0 0 0]
2025-07-07 15:56:10,180 DEBUG player_1: [0 0 0 0 0 0 0 0 1 1 0]
2025-07-07 15:56:10,293 DEBUG player_0: [1 1 1 1 0 0 0 0 0 0 0]
2025-07-07 15:56:10,293 DEBUG player_1: [1 1 1 1 1 1 1 1 1 0 0]
2025-07-07 15:56:10,409 DEBUG player_0: [1 1 1 1 0 0 0 0 0 0 0]
2025-07-07 15:56:10,409 DEBUG player_1: [1 1 1 0 1 1 1 0 1 0 0]
2025-07-07 15:56:10,523 DEBUG player_0: [1 1 1 1 0 0 0 0 0 0 0]
2025-07-07 15:56:10,524 DEBUG player_1: [1 1 1 1 1 1 1 1 1 0 0]
2025-07-07 15:56:10,638 DEBUG player_0: [1 1 1 1 0 0 0 0 0 0 0]
2025-07-07 15:56:10,638 DEBUG player_1: [1 1 1 1 1 1 1 1 1 0 0]
2025-07-07 15:56:10,751 DEBUG player_0: [1 1 1 1 0 0 0 0 0 0 0]
2025-07-07 15:56:10,751 DEBUG player_1: [1 0 1 0 1 0 1 0 1 0 0]
2025-07-07 15:56:10,864 DEBUG player_0: [1 1 1 1 0 0 0 0 0 0 0]
2025-07-07 15:56:10,865 DEBUG player_1: [1 1 1 1 1 1 1 1 1 0 0]
2025-07-07 15:56:10,982 DEBUG player_0: [1 1 1 1 0 0 0 0 0 0 0]
2025-07-07 15:56:10,983 DEBUG player_1: [0 0 1 0 0 0 0 0 0 0 0]
2025-07-07 15:56:11,075 INFO Episode 1 epoch 1 loss 0.5177
2025-07-07 15:56:11,076 INFO Episode 1 epoch 2 loss 0.6804
2025-07-07 15:56:11,077 INFO Episode 1 epoch 3 loss 0.6841
2025-07-07 15:56:11,078 INFO Episode 1 epoch 4 loss 0.6848
2025-07-07 15:56:11,079 INFO Episode 1 reward -0.88 time/episode: 7.431 opponents: self
2025-07-07 15:56:11,079 INFO Opponent usage statistics:
2025-07-07 15:56:11,079 INFO   self: 1 episodes (100.0%)
2025-07-07 15:56:11,131 DEBUG player_0: [1 1 1 1 1 1 1 1 1 1 0]
2025-07-07 15:56:11,132 INFO Initial probs: [4.545e-06 1.527e-02 2.486e-02 1.989e-04 2.388e-06 2.647e-04 9.216e-05
 3.307e-05 9.578e-01 1.521e-03 0.000e+00]
2025-07-07 15:56:11,132 INFO Updated probs: [1.653e-11 1.792e-09 1.000e+00 6.691e-11 5.223e-11 4.531e-06 1.001e-11
 1.804e-11 1.032e-11 1.748e-08 0.000e+00]
2025-07-07 15:56:11,132 INFO Prob change: [-4.545e-06 -1.527e-02  9.751e-01 -1.989e-04 -2.388e-06 -2.601e-04
 -9.216e-05 -3.307e-05 -9.578e-01 -1.521e-03  0.000e+00]
2025-07-07 15:56:11,136 INFO Model saved to model_debug.py
