2025-07-08 16:03:23,863 INFO Run parameters: {'log_level': 'INFO', 'config': '/Users/takagikouichi/Documents/GitHub/Maple/config/train_config.yml', 'episodes': 1, 'save': 'model_debug.pt', 'tensorboard': False, 'ppo_epochs': 4, 'clip': None, 'gae_lambda': None, 'value_coef': None, 'entropy_coef': None, 'gamma': None, 'parallel': 8, 'algo': 'ppo', 'checkpoint_interval': 500, 'checkpoint_dir': 'checkpoints', 'reward': 'composite', 'reward_config': '/Users/takagikouichi/Documents/GitHub/Maple/config/reward.yaml', 'opponent': 'random', 'opponent_mix': 'max:7,self:3', 'team': 'random', 'teams_dir': None, 'load_model': None}
2025-07-08 16:03:23,863 INFO Using random team mode with teams from: /Users/takagikouichi/Documents/GitHub/Maple/config/teams
2025-07-08 16:03:23,863 INFO Using opponent mix: [('max', 0.7), ('self', 0.3)]
2025-07-08 16:03:23,989 INFO Loading teams from /Users/takagikouichi/Documents/GitHub/Maple/config/teams
2025-07-08 16:03:23,990 INFO Successfully loaded 3 teams
2025-07-08 16:03:24,474 INFO Loading teams from /Users/takagikouichi/Documents/GitHub/Maple/config/teams
2025-07-08 16:03:24,474 INFO Successfully loaded 3 teams
2025-07-08 16:03:24,513 INFO Loading teams from /Users/takagikouichi/Documents/GitHub/Maple/config/teams
2025-07-08 16:03:24,513 INFO Successfully loaded 3 teams
2025-07-08 16:03:24,552 INFO Loading teams from /Users/takagikouichi/Documents/GitHub/Maple/config/teams
2025-07-08 16:03:24,552 INFO Successfully loaded 3 teams
2025-07-08 16:03:24,655 INFO Loading teams from /Users/takagikouichi/Documents/GitHub/Maple/config/teams
2025-07-08 16:03:24,655 INFO Successfully loaded 3 teams
2025-07-08 16:03:24,695 INFO Loading teams from /Users/takagikouichi/Documents/GitHub/Maple/config/teams
2025-07-08 16:03:24,695 INFO Successfully loaded 3 teams
2025-07-08 16:03:24,734 INFO Loading teams from /Users/takagikouichi/Documents/GitHub/Maple/config/teams
2025-07-08 16:03:24,734 INFO Successfully loaded 3 teams
2025-07-08 16:03:24,773 INFO Loading teams from /Users/takagikouichi/Documents/GitHub/Maple/config/teams
2025-07-08 16:03:24,773 INFO Successfully loaded 3 teams
2025-07-08 16:03:24,811 INFO Loading teams from /Users/takagikouichi/Documents/GitHub/Maple/config/teams
2025-07-08 16:03:24,811 INFO Successfully loaded 3 teams
2025-07-08 16:03:24,813 INFO Selecting team for player_0...
2025-07-08 16:03:24,813 INFO Selected random team starting with: Corviknight
2025-07-08 16:03:24,813 INFO Selecting team for player_1...
2025-07-08 16:03:24,813 INFO Selected random team starting with: Corviknight
2025-07-08 16:03:24,813 INFO Selecting team for player_0...
2025-07-08 16:03:24,813 INFO Selected random team starting with: Corviknight
2025-07-08 16:03:24,813 INFO Selecting team for player_1...
2025-07-08 16:03:24,814 INFO Selected random team starting with: Corviknight
2025-07-08 16:03:24,814 INFO Selecting team for player_0...
2025-07-08 16:03:24,814 INFO Selecting team for player_0...
2025-07-08 16:03:24,814 INFO Selecting team for player_0...
2025-07-08 16:03:24,814 INFO Selected random team starting with: Corviknight
2025-07-08 16:03:24,815 INFO Selecting team for player_1...
2025-07-08 16:03:24,814 INFO Selected random team starting with: Corviknight
2025-07-08 16:03:24,815 INFO Selecting team for player_1...
2025-07-08 16:03:24,815 INFO Selected random team starting with: Corviknight
2025-07-08 16:03:24,815 INFO Selecting team for player_0...
2025-07-08 16:03:24,814 INFO Selecting team for player_0...
2025-07-08 16:03:24,815 INFO Selected random team starting with: Corviknight
2025-07-08 16:03:24,814 INFO Selecting team for player_0...
2025-07-08 16:03:24,815 INFO Selected random team starting with: Corviknight
2025-07-08 16:03:24,815 INFO Selected random team starting with: Corviknight
2025-07-08 16:03:24,815 INFO Selected random team starting with: Corviknight
2025-07-08 16:03:24,816 INFO Selecting team for player_1...
2025-07-08 16:03:24,816 INFO Selecting team for player_1...
2025-07-08 16:03:24,815 INFO Selecting team for player_1...
2025-07-08 16:03:24,816 INFO Selected random team starting with: Corviknight
2025-07-08 16:03:24,815 INFO Selected random team starting with: Corviknight
2025-07-08 16:03:24,816 INFO Selecting team for player_1...
2025-07-08 16:03:24,816 INFO Selected random team starting with: Corviknight
2025-07-08 16:03:24,816 INFO Selected random team starting with: Corviknight
2025-07-08 16:03:24,816 INFO Selected random team starting with: Corviknight
2025-07-08 16:03:24,902 DEBUG player_0: [1 1 1 1 1 1 1 1 1 1 0]
2025-07-08 16:03:24,904 DEBUG player_0: [1 1 1 1 1 1 1 1 1 1 0]
2025-07-08 16:03:24,911 DEBUG player_0: [1 1 1 1 1 1 1 1 1 1 0]
2025-07-08 16:03:24,914 DEBUG player_0: [1 1 1 1 1 1 1 1 1 1 0]
2025-07-08 16:03:24,918 DEBUG player_0: [1 1 1 1 1 1 1 1 1 1 0]
2025-07-08 16:03:24,922 DEBUG player_0: [1 1 1 1 1 1 1 1 1 1 0]
2025-07-08 16:03:24,925 DEBUG player_0: [1 1 1 1 1 1 1 1 1 1 0]
2025-07-08 16:03:24,930 DEBUG player_0: [1 1 1 1 1 1 1 1 1 1 0]
2025-07-08 16:03:24,933 DEBUG player_0: [1 1 1 1 1 1 1 1 1 1 0]
2025-07-08 16:03:24,933 DEBUG player_1: [1 1 1 1 1 1 1 1 1 1 0]
2025-07-08 16:03:24,934 DEBUG player_1: [1 1 1 1 1 1 1 1 1 1 0]
2025-07-08 16:03:24,934 DEBUG player_1: [1 1 1 1 1 1 1 1 1 1 0]
2025-07-08 16:03:24,934 DEBUG player_1: [1 1 1 1 1 1 1 1 1 1 0]
2025-07-08 16:03:24,936 DEBUG RLAgent: chosen action = 0
2025-07-08 16:03:24,937 DEBUG RLAgent: chosen action = 0
2025-07-08 16:03:24,941 DEBUG player_0: [1 0 0 0 1 0 0 0 1 1 0]
2025-07-08 16:03:24,947 DEBUG player_0: [1 1 1 1 1 1 1 1 1 1 0]
2025-07-08 16:03:24,951 DEBUG player_0: [1 1 1 1 1 1 1 1 1 1 0]
2025-07-08 16:03:24,960 DEBUG player_0: [1 1 1 1 1 1 1 1 1 1 0]
2025-07-08 16:03:24,964 DEBUG player_0: [1 1 1 1 1 1 1 1 1 1 0]
2025-07-08 16:03:24,967 DEBUG player_0: [1 0 0 0 0 0 0 0 0 0 0]
2025-07-08 16:03:24,971 DEBUG player_0: [1 1 1 1 1 1 1 1 1 1 0]
2025-07-08 16:03:24,974 DEBUG player_1: [1 1 1 1 1 1 1 1 1 1 0]
2025-07-08 16:03:24,975 DEBUG player_1: [1 1 1 1 1 1 1 1 1 1 0]
2025-07-08 16:03:24,975 DEBUG player_1: [1 1 1 1 1 1 1 1 1 1 0]
2025-07-08 16:03:24,975 DEBUG player_1: [1 1 1 1 1 1 1 1 1 1 0]
2025-07-08 16:03:24,976 DEBUG RLAgent: chosen action = 0
2025-07-08 16:03:24,976 DEBUG RLAgent: chosen action = 0
2025-07-08 16:03:24,980 DEBUG player_0: [1 1 1 1 1 1 1 1 1 1 0]
2025-07-08 16:03:24,984 DEBUG player_0: [1 1 1 1 1 1 1 1 1 1 0]
2025-07-08 16:03:24,991 DEBUG player_0: [1 1 1 1 1 1 1 1 1 1 0]
2025-07-08 16:03:24,995 DEBUG player_0: [1 1 1 1 1 1 1 1 1 1 0]
2025-07-08 16:03:25,003 DEBUG player_0: [1 1 1 1 1 1 1 1 1 1 0]
2025-07-08 16:03:25,003 DEBUG player_1: [1 1 1 1 1 1 1 1 1 1 0]
2025-07-08 16:03:25,005 DEBUG player_1: [1 1 1 1 1 1 1 1 1 1 0]
2025-07-08 16:03:25,005 DEBUG RLAgent: chosen action = 0
2025-07-08 16:03:25,009 DEBUG player_0: [1 1 1 1 1 1 1 1 1 1 0]
2025-07-08 16:03:25,013 DEBUG player_0: [1 0 0 0 0 0 0 0 0 0 0]
2025-07-08 16:03:25,021 DEBUG player_0: [1 1 1 1 1 1 1 1 1 1 0]
2025-07-08 16:03:25,027 DEBUG player_0: [1 1 1 1 1 1 1 1 1 1 0]
2025-07-08 16:03:25,033 DEBUG player_0: [1 1 1 1 1 1 1 1 1 1 0]
2025-07-08 16:03:25,038 DEBUG player_0: [1 1 1 1 1 1 1 1 1 1 0]
2025-07-08 16:03:25,047 DEBUG player_0: [1 0 0 0 0 0 0 0 0 0 0]
2025-07-08 16:03:25,123 DEBUG player_0: [1 1 1 1 1 1 1 1 1 1 0]
2025-07-08 16:03:25,155 DEBUG player_0: [1 1 1 1 1 1 1 1 1 1 0]
2025-07-08 16:03:25,230 DEBUG player_0: [1 0 0 0 0 0 0 0 0 0 0]
2025-07-08 16:03:25,237 DEBUG player_0: [1 1 1 1 1 1 1 1 1 1 0]
2025-07-08 16:03:25,264 DEBUG player_0: [1 0 0 0 0 0 0 0 0 0 0]
2025-07-08 16:03:25,347 DEBUG player_0: [1 0 0 0 0 0 0 0 0 0 0]
2025-07-08 16:03:25,475 DEBUG player_0: [0 0 0 0 0 0 0 0 1 1 0]
2025-07-08 16:03:25,512 DEBUG player_0: [0 0 0 0 0 0 0 0 1 1 0]
2025-07-08 16:03:25,519 DEBUG player_0: [0 0 0 0 0 0 0 0 1 1 0]
2025-07-08 16:03:25,525 DEBUG player_0: [0 0 0 0 0 0 0 0 1 1 0]
2025-07-08 16:03:25,532 DEBUG player_0: [0 0 0 0 0 0 0 0 1 1 0]
2025-07-08 16:03:25,533 DEBUG player_1: [0 0 0 0 0 0 0 0 1 1 0]
2025-07-08 16:03:25,533 DEBUG player_1: [0 0 0 0 0 0 0 0 1 1 0]
2025-07-08 16:03:25,536 DEBUG RLAgent: chosen action = 8
2025-07-08 16:03:25,541 DEBUG player_0: [1 1 1 1 1 1 1 1 1 1 0]
2025-07-08 16:03:25,546 DEBUG player_0: [1 1 1 1 1 1 1 1 1 0 0]
2025-07-08 16:03:25,550 DEBUG player_0: [1 1 1 1 1 1 1 1 1 1 0]
2025-07-08 16:03:25,555 DEBUG player_0: [0 0 0 0 0 0 0 0 1 1 0]
2025-07-08 16:03:25,556 DEBUG player_1: [1 1 1 1 1 1 1 1 1 1 0]
2025-07-08 16:03:25,556 DEBUG player_1: [1 1 1 1 1 1 1 1 1 1 0]
2025-07-08 16:03:25,557 DEBUG RLAgent: chosen action = 0
2025-07-08 16:03:25,561 DEBUG player_0: [1 1 1 1 1 1 1 1 1 1 0]
2025-07-08 16:03:25,562 DEBUG player_1: [1 1 1 1 1 1 1 1 1 0 0]
2025-07-08 16:03:25,562 DEBUG player_1: [1 1 1 1 1 1 1 1 1 0 0]
2025-07-08 16:03:25,563 DEBUG RLAgent: chosen action = 0
2025-07-08 16:03:25,570 DEBUG player_0: [1 1 1 1 1 1 1 1 1 1 0]
2025-07-08 16:03:25,574 DEBUG player_0: [1 1 1 1 1 1 1 1 1 0 0]
2025-07-08 16:03:25,578 DEBUG player_0: [1 1 1 1 1 1 1 1 1 1 0]
2025-07-08 16:03:25,578 DEBUG player_1: [1 0 0 0 0 0 0 0 0 0 0]
2025-07-08 16:03:25,579 DEBUG player_1: [1 0 0 0 0 0 0 0 0 0 0]
2025-07-08 16:03:25,579 DEBUG player_1: [1 1 1 1 1 1 1 1 1 1 0]
2025-07-08 16:03:25,579 DEBUG player_1: [1 1 1 1 1 1 1 1 1 1 0]
2025-07-08 16:03:25,580 DEBUG RLAgent: chosen action = 0
2025-07-08 16:03:25,580 DEBUG RLAgent: chosen action = 0
2025-07-08 16:03:25,584 DEBUG player_0: [1 0 0 0 1 0 0 0 1 1 0]
2025-07-08 16:03:25,591 DEBUG player_0: [1 1 1 1 1 1 1 1 1 1 0]
2025-07-08 16:03:25,594 DEBUG player_0: [1 1 1 1 1 1 1 1 1 0 0]
2025-07-08 16:03:25,598 DEBUG player_0: [1 1 1 1 1 1 1 1 1 1 0]
2025-07-08 16:03:25,599 DEBUG player_1: [1 1 1 1 1 1 1 1 1 1 0]
2025-07-08 16:03:25,599 DEBUG player_1: [1 1 1 1 1 1 1 1 1 1 0]
2025-07-08 16:03:25,599 DEBUG player_1: [1 1 1 1 1 1 1 1 1 0 0]
2025-07-08 16:03:25,599 DEBUG player_1: [1 1 1 1 1 1 1 1 1 0 0]
2025-07-08 16:03:25,600 DEBUG RLAgent: chosen action = 0
2025-07-08 16:03:25,600 DEBUG RLAgent: chosen action = 0
2025-07-08 16:03:25,671 DEBUG player_0: [1 1 1 1 1 1 1 1 1 0 0]
2025-07-08 16:03:25,678 DEBUG player_0: [1 0 0 0 0 0 0 0 1 0 0]
2025-07-08 16:03:25,706 DEBUG player_0: [1 1 1 1 1 1 1 1 1 1 0]
2025-07-08 16:03:25,711 DEBUG player_0: [1 1 1 1 1 1 1 1 1 1 0]
2025-07-08 16:03:25,712 DEBUG player_1: [1 0 0 0 0 0 0 0 0 0 0]
2025-07-08 16:03:25,712 DEBUG player_1: [1 0 0 0 0 0 0 0 0 0 0]
2025-07-08 16:03:25,713 DEBUG RLAgent: chosen action = 0
2025-07-08 16:03:25,787 DEBUG player_0: [0 0 0 0 0 0 0 0 1 1 0]
2025-07-08 16:03:25,864 DEBUG player_0: [0 0 0 0 0 0 0 0 1 1 0]
2025-07-08 16:03:25,873 DEBUG player_0: [1 1 1 1 1 1 1 1 1 1 0]
2025-07-08 16:03:25,881 DEBUG player_0: [1 0 0 0 0 0 0 0 0 0 0]
2025-07-08 16:03:25,895 DEBUG player_0: [1 1 1 1 1 1 1 1 1 1 0]
2025-07-08 16:03:26,005 DEBUG player_0: [1 0 0 0 0 0 0 0 0 0 0]
2025-07-08 16:03:26,015 DEBUG player_0: [1 1 1 1 1 1 1 1 1 1 0]
2025-07-08 16:03:26,023 DEBUG player_0: [1 0 0 0 0 0 0 0 0 0 0]
2025-07-08 16:03:26,074 DEBUG player_0: [0 0 0 0 0 0 0 0 1 1 0]
2025-07-08 16:03:26,114 DEBUG player_0: [0 0 0 0 0 0 0 0 1 1 0]
2025-07-08 16:03:26,120 DEBUG player_0: [0 0 0 0 0 0 0 0 1 0 0]
2025-07-08 16:03:26,121 DEBUG player_1: [0 0 0 0 0 0 0 0 1 1 0]
2025-07-08 16:03:26,121 DEBUG player_1: [0 0 0 0 0 0 0 0 1 1 0]
2025-07-08 16:03:26,121 DEBUG RLAgent: chosen action = 8
2025-07-08 16:03:26,129 DEBUG player_0: [1 0 0 0 1 0 0 0 1 1 0]
2025-07-08 16:03:26,133 DEBUG player_0: [1 1 1 1 0 0 0 0 1 0 0]
2025-07-08 16:03:26,134 DEBUG player_1: [1 1 1 1 1 1 1 1 1 0 0]
2025-07-08 16:03:26,134 DEBUG player_1: [1 1 1 1 1 1 1 1 1 0 0]
2025-07-08 16:03:26,134 DEBUG RLAgent: chosen action = 0
2025-07-08 16:03:26,145 DEBUG player_0: [1 1 1 1 0 0 0 0 1 0 0]
2025-07-08 16:03:26,146 DEBUG player_1: [1 1 1 1 1 1 1 1 1 0 0]
2025-07-08 16:03:26,146 DEBUG player_1: [1 1 1 1 1 1 1 1 1 0 0]
2025-07-08 16:03:26,146 DEBUG RLAgent: chosen action = 0
2025-07-08 16:03:26,181 DEBUG player_0: [1 1 1 1 1 1 1 1 1 0 0]
2025-07-08 16:03:26,188 DEBUG player_0: [1 1 1 1 0 0 0 0 1 0 0]
2025-07-08 16:03:26,195 DEBUG player_0: [0 0 0 0 0 0 0 0 1 0 0]
2025-07-08 16:03:26,227 DEBUG player_0: [0 0 0 0 0 0 0 0 1 1 0]
2025-07-08 16:03:26,231 DEBUG player_0: [0 0 0 0 0 0 0 0 1 1 0]
2025-07-08 16:03:26,238 DEBUG player_0: [1 1 1 1 1 1 1 1 1 0 0]
2025-07-08 16:03:26,239 DEBUG player_1: [1 1 1 1 1 1 1 1 1 0 0]
2025-07-08 16:03:26,239 DEBUG player_1: [1 1 1 1 1 1 1 1 1 0 0]
2025-07-08 16:03:26,239 DEBUG RLAgent: chosen action = 0
2025-07-08 16:03:26,245 DEBUG player_0: [1 1 1 1 1 1 1 1 1 0 0]
2025-07-08 16:03:26,245 DEBUG player_1: [1 0 0 0 0 0 0 0 0 0 0]
2025-07-08 16:03:26,245 DEBUG player_1: [1 0 0 0 0 0 0 0 0 0 0]
2025-07-08 16:03:26,245 DEBUG RLAgent: chosen action = 0
2025-07-08 16:03:26,302 DEBUG player_0: [1 0 0 0 0 0 0 0 1 0 0]
2025-07-08 16:03:26,339 DEBUG player_0: [1 1 1 1 1 1 1 1 1 0 0]
2025-07-08 16:03:26,398 DEBUG player_0: [0 0 0 0 0 0 0 0 1 1 0]
2025-07-08 16:03:26,448 DEBUG player_0: [1 0 0 0 1 0 0 0 1 0 0]
2025-07-08 16:03:26,457 DEBUG player_0: [1 0 0 0 1 0 0 0 1 0 0]
2025-07-08 16:03:26,506 DEBUG player_0: [1 1 1 1 1 1 1 1 1 0 0]
2025-07-08 16:03:26,543 DEBUG player_0: [0 0 0 0 0 0 0 0 1 1 0]
2025-07-08 16:03:26,615 DEBUG player_0: [1 1 1 1 0 0 0 0 1 0 0]
2025-07-08 16:03:26,650 DEBUG player_0: [1 1 1 1 1 1 1 1 1 0 0]
2025-07-08 16:03:26,663 DEBUG player_0: [0 0 0 0 0 0 0 0 1 0 0]
2025-07-08 16:03:26,707 DEBUG player_0: [0 0 0 0 0 0 0 0 1 0 0]
2025-07-08 16:03:26,717 DEBUG player_0: [1 1 1 1 0 0 0 0 1 0 0]
2025-07-08 16:03:26,759 DEBUG player_0: [0 0 0 0 0 0 0 0 1 0 0]
2025-07-08 16:03:26,759 DEBUG player_1: [0 0 0 0 0 0 0 0 1 0 0]
2025-07-08 16:03:26,760 DEBUG player_1: [0 0 0 0 0 0 0 0 1 0 0]
2025-07-08 16:03:26,760 DEBUG RLAgent: chosen action = 8
2025-07-08 16:03:26,767 DEBUG player_0: [1 1 1 1 0 0 0 0 1 0 0]
2025-07-08 16:03:26,767 DEBUG player_1: [1 1 1 1 1 1 1 1 0 0 0]
2025-07-08 16:03:26,767 DEBUG player_1: [1 1 1 1 1 1 1 1 0 0 0]
2025-07-08 16:03:26,768 DEBUG RLAgent: chosen action = 0
2025-07-08 16:03:26,772 DEBUG player_0: [1 1 1 1 0 0 0 0 0 0 0]
2025-07-08 16:03:26,773 DEBUG player_1: [1 1 1 1 1 1 1 1 1 0 0]
2025-07-08 16:03:26,773 DEBUG player_1: [1 1 1 1 1 1 1 1 1 0 0]
2025-07-08 16:03:26,773 DEBUG RLAgent: chosen action = 0
2025-07-08 16:03:26,816 DEBUG player_0: [0 0 0 0 0 0 0 0 1 0 0]
2025-07-08 16:03:26,823 DEBUG player_0: [1 0 0 0 0 0 0 0 1 0 0]
2025-07-08 16:03:26,880 DEBUG player_0: [1 1 1 1 0 0 0 0 1 0 0]
2025-07-08 16:03:26,880 DEBUG player_1: [1 1 1 1 1 1 1 1 0 0 0]
2025-07-08 16:03:26,880 DEBUG player_1: [1 1 1 1 1 1 1 1 0 0 0]
2025-07-08 16:03:26,880 DEBUG RLAgent: chosen action = 0
2025-07-08 16:03:26,977 DEBUG player_0: [0 0 0 0 0 0 0 0 1 0 0]
2025-07-08 16:03:26,989 DEBUG player_0: [1 1 1 1 0 0 0 0 1 0 0]
2025-07-08 16:03:26,989 DEBUG player_1: [1 1 1 1 1 1 1 1 0 0 0]
2025-07-08 16:03:26,989 DEBUG player_1: [1 1 1 1 1 1 1 1 0 0 0]
2025-07-08 16:03:26,990 DEBUG RLAgent: chosen action = 4
2025-07-08 16:03:27,088 DEBUG player_0: [1 0 0 0 1 0 0 0 1 0 0]
2025-07-08 16:03:27,138 DEBUG player_0: [0 0 0 0 0 0 0 0 1 0 0]
2025-07-08 16:03:27,168 DEBUG player_0: [0 0 0 0 0 0 0 0 1 0 0]
2025-07-08 16:03:27,251 DEBUG player_0: [1 1 1 1 0 0 0 0 1 0 0]
2025-07-08 16:03:27,260 DEBUG player_0: [1 0 0 0 0 0 0 0 1 0 0]
2025-07-08 16:03:27,269 DEBUG player_0: [1 0 0 0 0 0 0 0 1 0 0]
2025-07-08 16:03:27,277 DEBUG player_0: [1 1 1 1 1 1 1 1 1 0 0]
2025-07-08 16:03:27,614 DEBUG player_0: [0 0 0 0 0 0 0 0 1 0 0]
2025-07-08 16:03:27,730 DEBUG player_0: [1 0 0 0 1 0 0 0 1 0 0]
2025-07-08 16:03:27,788 DEBUG player_0: [0 0 0 0 0 0 0 0 1 0 0]
2025-07-08 16:03:27,795 DEBUG player_0: [0 0 0 0 0 0 0 0 1 0 0]
2025-07-08 16:03:27,802 DEBUG player_0: [1 1 1 1 0 0 0 0 0 0 0]
2025-07-08 16:03:27,808 DEBUG player_0: [1 1 1 1 1 1 1 1 0 0 0]
2025-07-08 16:03:27,814 DEBUG player_0: [1 0 0 0 0 0 0 0 0 0 0]
2025-07-08 16:03:27,819 DEBUG player_0: [1 0 0 0 1 0 0 0 0 0 0]
2025-07-08 16:03:27,825 DEBUG player_0: [1 0 0 0 0 0 0 0 0 0 0]
2025-07-08 16:03:27,830 DEBUG player_0: [1 0 0 0 1 0 0 0 0 0 0]
2025-07-08 16:03:27,886 INFO Loading teams from /Users/takagikouichi/Documents/GitHub/Maple/config/teams
2025-07-08 16:03:27,886 INFO Successfully loaded 3 teams
2025-07-08 16:03:27,901 INFO Episode 1 epoch 1 loss 0.6601
2025-07-08 16:03:27,902 INFO Episode 1 epoch 2 loss 2.1222
2025-07-08 16:03:27,903 INFO Episode 1 epoch 3 loss 2.1065
2025-07-08 16:03:27,905 INFO Episode 1 epoch 4 loss 2.0009
2025-07-08 16:03:27,905 INFO Episode 1 reward 45.12 time/episode: 3.468 opponents: max, max, max, max, max, self, max, self
2025-07-08 16:03:27,905 INFO Opponent usage statistics:
2025-07-08 16:03:27,905 INFO   max: 6 episodes (75.0%)
2025-07-08 16:03:27,905 INFO   self: 2 episodes (25.0%)
2025-07-08 16:03:27,944 INFO Loading teams from /Users/takagikouichi/Documents/GitHub/Maple/config/teams
2025-07-08 16:03:27,944 INFO Successfully loaded 3 teams
2025-07-08 16:03:27,946 DEBUG player_0: [1 1 1 1 1 1 1 1 1 1 0]
2025-07-08 16:03:27,946 INFO Initial probs: [9.535e-01 1.416e-05 1.166e-02 2.251e-05 1.739e-02 5.479e-07 6.303e-06
 1.434e-02 3.058e-03 8.811e-06 0.000e+00]
2025-07-08 16:03:27,946 INFO Updated probs: [9.432e-11 8.886e-06 1.115e-02 1.541e-08 7.627e-02 1.539e-10 2.833e-04
 1.144e-01 7.979e-01 5.809e-08 0.000e+00]
2025-07-08 16:03:27,946 INFO Prob change: [-9.535e-01 -5.272e-06 -5.099e-04 -2.250e-05  5.889e-02 -5.477e-07
  2.770e-04  1.001e-01  7.948e-01 -8.753e-06  0.000e+00]
2025-07-08 16:03:27,949 INFO Model saved to model_debug.pt
