2025-07-04 12:30:07,274 INFO Run parameters: {'log_level': 'INFO', 'config': '/Users/takagikouichi/Documents/GitHub/Maple/config/train_config.yml', 'episodes': 1, 'save': None, 'tensorboard': False, 'ppo_epochs': None, 'clip': None, 'gae_lambda': None, 'value_coef': None, 'entropy_coef': None, 'gamma': None, 'parallel': 1, 'algo': 'ppo', 'checkpoint_interval': 0, 'checkpoint_dir': 'checkpoints', 'reward': 'composite', 'reward_config': '/Users/takagikouichi/Documents/GitHub/Maple/config/reward.yaml', 'opponent': None, 'opponent_mix': 'random:1.0'}
2025-07-04 12:30:07,275 INFO Using opponent mix: [('random', 1.0)]
2025-07-04 12:30:08,224 DEBUG player_0: [1 1 1 1 1 1 1 1 1 1 0]
2025-07-04 12:30:08,225 DEBUG player_0: [1 1 1 1 1 1 1 1 1 1 0]
2025-07-04 12:30:08,338 DEBUG player_0: [1 1 1 1 1 1 1 1 1 1 0]
2025-07-04 12:30:08,454 DEBUG player_0: [1 1 1 1 1 1 1 1 1 1 0]
2025-07-04 12:30:08,569 DEBUG player_0: [1 1 1 1 1 1 1 1 1 1 0]
2025-07-04 12:30:08,679 DEBUG player_0: [1 1 1 1 1 1 1 1 1 1 0]
2025-07-04 12:30:08,793 DEBUG player_0: [1 0 0 0 0 0 0 0 0 0 0]
2025-07-04 12:30:08,915 DEBUG player_0: [1 1 1 1 1 1 1 1 1 1 0]
2025-07-04 12:30:09,029 DEBUG player_0: [1 1 1 1 1 1 1 1 1 1 0]
2025-07-04 12:30:09,141 DEBUG player_0: [1 0 0 0 0 0 0 0 0 0 0]
2025-07-04 12:30:09,266 DEBUG player_0: [1 1 1 1 1 1 1 1 1 1 0]
2025-07-04 12:30:09,381 DEBUG player_0: [1 0 0 0 0 0 0 0 0 0 0]
2025-07-04 12:30:09,938 DEBUG player_0: [0 0 0 0 0 0 0 0 1 1 0]
2025-07-04 12:30:10,052 DEBUG player_0: [1 1 1 1 1 1 1 1 1 1 0]
2025-07-04 12:30:10,572 DEBUG player_0: [0 0 0 0 0 0 0 0 1 1 0]
2025-07-04 12:30:10,687 DEBUG player_0: [1 1 1 1 1 1 1 1 1 1 0]
2025-07-04 12:30:11,209 DEBUG player_0: [0 0 0 0 0 0 0 0 1 1 0]
2025-07-04 12:30:11,322 DEBUG player_0: [1 1 1 1 1 1 1 1 1 0 0]
2025-07-04 12:30:11,844 DEBUG player_0: [0 0 0 0 0 0 0 0 1 0 0]
2025-07-04 12:30:11,955 DEBUG player_0: [1 1 1 1 0 0 0 0 1 0 0]
2025-07-04 12:30:12,065 DEBUG player_0: [1 0 0 0 0 0 0 0 0 0 0]
2025-07-04 12:30:12,182 DEBUG player_0: [1 1 1 1 0 0 0 0 1 0 0]
2025-07-04 12:30:12,296 DEBUG player_0: [1 0 0 0 0 0 0 0 0 0 0]
2025-07-04 12:30:12,372 INFO Episode 1 epoch 1 loss 6.5923
2025-07-04 12:30:12,373 INFO Episode 1 epoch 2 loss 5.5456
2025-07-04 12:30:12,374 INFO Episode 1 epoch 3 loss 5.4879
2025-07-04 12:30:12,375 INFO Episode 1 epoch 4 loss 5.5901
2025-07-04 12:30:12,375 INFO Episode 1 reward 2.43 time/episode: 4.434 opponents: random
2025-07-04 12:30:12,376 INFO Opponent usage statistics:
2025-07-04 12:30:12,376 INFO   random: 1 episodes (100.0%)
2025-07-04 12:30:12,427 DEBUG player_0: [1 1 1 1 1 1 1 1 1 1 0]
2025-07-04 12:30:12,427 INFO Initial probs: [1.466e-01 1.104e-07 1.294e-04 4.261e-02 6.599e-03 1.101e-03 2.140e-03
 1.838e-02 2.140e-04 7.822e-01 0.000e+00]
2025-07-04 12:30:12,427 INFO Updated probs: [9.859e-01 3.887e-13 4.866e-11 1.412e-02 1.678e-08 1.335e-09 2.165e-08
 2.329e-08 1.409e-10 3.595e-11 0.000e+00]
2025-07-04 12:30:12,427 INFO Prob change: [ 8.392e-01 -1.104e-07 -1.294e-04 -2.848e-02 -6.599e-03 -1.101e-03
 -2.139e-03 -1.838e-02 -2.140e-04 -7.822e-01  0.000e+00]
