2025-07-08 12:05:54,066 INFO Run parameters: {'log_level': 'INFO', 'config': '/Users/takagikouichi/Documents/GitHub/Maple/config/train_config.yml', 'episodes': 1, 'save': 'model_debug.pt', 'tensorboard': False, 'ppo_epochs': 4, 'clip': None, 'gae_lambda': None, 'value_coef': None, 'entropy_coef': None, 'gamma': None, 'parallel': 8, 'algo': 'ppo', 'checkpoint_interval': 500, 'checkpoint_dir': 'checkpoints', 'reward': 'composite', 'reward_config': '/Users/takagikouichi/Documents/GitHub/Maple/config/reward.yaml', 'opponent': 'random', 'opponent_mix': 'max:7,self:3', 'team': 'random', 'teams_dir': None, 'load_model': None}
2025-07-08 12:05:54,067 INFO Using random team mode with teams from: /Users/takagikouichi/Documents/GitHub/Maple/config/teams
2025-07-08 12:05:54,067 INFO Using opponent mix: [('max', 0.7), ('self', 0.3)]
2025-07-08 12:05:54,150 INFO Loading teams from /Users/takagikouichi/Documents/GitHub/Maple/config/teams
2025-07-08 12:05:54,150 INFO Successfully loaded 3 teams
2025-07-08 12:05:55,043 INFO Loading teams from /Users/takagikouichi/Documents/GitHub/Maple/config/teams
2025-07-08 12:05:55,043 INFO Successfully loaded 3 teams
2025-07-08 12:05:55,095 INFO Loading teams from /Users/takagikouichi/Documents/GitHub/Maple/config/teams
2025-07-08 12:05:55,095 INFO Successfully loaded 3 teams
2025-07-08 12:05:55,147 INFO Loading teams from /Users/takagikouichi/Documents/GitHub/Maple/config/teams
2025-07-08 12:05:55,147 INFO Successfully loaded 3 teams
2025-07-08 12:05:55,197 INFO Loading teams from /Users/takagikouichi/Documents/GitHub/Maple/config/teams
2025-07-08 12:05:55,197 INFO Successfully loaded 3 teams
2025-07-08 12:05:55,248 INFO Loading teams from /Users/takagikouichi/Documents/GitHub/Maple/config/teams
2025-07-08 12:05:55,248 INFO Successfully loaded 3 teams
2025-07-08 12:05:55,301 INFO Loading teams from /Users/takagikouichi/Documents/GitHub/Maple/config/teams
2025-07-08 12:05:55,301 INFO Successfully loaded 3 teams
2025-07-08 12:05:55,352 INFO Loading teams from /Users/takagikouichi/Documents/GitHub/Maple/config/teams
2025-07-08 12:05:55,352 INFO Successfully loaded 3 teams
2025-07-08 12:05:55,403 INFO Loading teams from /Users/takagikouichi/Documents/GitHub/Maple/config/teams
2025-07-08 12:05:55,403 INFO Successfully loaded 3 teams
2025-07-08 12:05:55,405 INFO Selecting team for player_0...
2025-07-08 12:05:55,406 INFO Selecting team for player_0...
2025-07-08 12:05:55,406 INFO Selected random team starting with: Corviknight
2025-07-08 12:05:55,406 INFO Selecting team for player_0...
2025-07-08 12:05:55,406 INFO Selected random team starting with: Corviknight
2025-07-08 12:05:55,406 INFO Selecting team for player_0...
2025-07-08 12:05:55,406 INFO Selecting team for player_0...
2025-07-08 12:05:55,406 INFO Selecting team for player_1...
2025-07-08 12:05:55,406 INFO Selecting team for player_0...
2025-07-08 12:05:55,406 INFO Selected random team starting with: Corviknight
2025-07-08 12:05:55,406 INFO Selecting team for player_0...
2025-07-08 12:05:55,406 INFO Selecting team for player_1...
2025-07-08 12:05:55,407 INFO Selected random team starting with: Corviknight
2025-07-08 12:05:55,407 INFO Selecting team for player_0...
2025-07-08 12:05:55,407 INFO Selected random team starting with: Corviknight
2025-07-08 12:05:55,407 INFO Selected random team starting with: Corviknight
2025-07-08 12:05:55,407 INFO Selected random team starting with: Corviknight
2025-07-08 12:05:55,407 INFO Selecting team for player_1...
2025-07-08 12:05:55,407 INFO Selected random team starting with: Corviknight
2025-07-08 12:05:55,407 INFO Selected random team starting with: Corviknight
2025-07-08 12:05:55,407 INFO Selecting team for player_1...
2025-07-08 12:05:55,408 INFO Selected random team starting with: Corviknight
2025-07-08 12:05:55,407 INFO Selecting team for player_1...
2025-07-08 12:05:55,407 INFO Selected random team starting with: Corviknight
2025-07-08 12:05:55,407 INFO Selecting team for player_1...
2025-07-08 12:05:55,408 INFO Selecting team for player_1...
2025-07-08 12:05:55,407 INFO Selected random team starting with: Corviknight
2025-07-08 12:05:55,409 INFO Selecting team for player_1...
2025-07-08 12:05:55,408 INFO Selected random team starting with: Corviknight
2025-07-08 12:05:55,408 INFO Selected random team starting with: Corviknight
2025-07-08 12:05:55,409 INFO Selected random team starting with: Corviknight
2025-07-08 12:05:55,408 INFO Selected random team starting with: Corviknight
2025-07-08 12:05:55,704 DEBUG player_0: [1 1 1 1 1 1 1 1 1 1 0]
2025-07-08 12:05:55,741 DEBUG player_0: [1 1 1 1 1 1 1 1 1 1 0]
2025-07-08 12:05:55,746 DEBUG player_0: [1 1 1 1 1 1 1 1 1 1 0]
2025-07-08 12:05:55,752 DEBUG player_0: [1 1 1 1 1 1 1 1 1 1 0]
2025-07-08 12:05:55,758 DEBUG player_0: [1 1 1 1 1 1 1 1 1 1 0]
2025-07-08 12:05:55,763 DEBUG player_0: [1 1 1 1 1 1 1 1 1 1 0]
2025-07-08 12:05:55,874 DEBUG player_0: [1 1 1 1 1 1 1 1 1 1 0]
2025-07-08 12:05:55,881 DEBUG player_0: [1 1 1 1 1 1 1 1 1 1 0]
2025-07-08 12:05:55,887 DEBUG player_0: [1 1 1 1 1 1 1 1 1 1 0]
2025-07-08 12:05:55,893 DEBUG player_0: [1 1 1 1 1 1 1 1 1 1 0]
2025-07-08 12:05:55,898 DEBUG player_0: [1 1 1 1 1 1 1 1 1 1 0]
2025-07-08 12:05:56,007 DEBUG player_0: [1 1 1 1 0 0 0 0 1 1 0]
2025-07-08 12:05:56,014 DEBUG player_0: [1 0 0 0 0 0 0 0 0 0 0]
2025-07-08 12:05:56,026 DEBUG player_0: [0 0 1 0 0 0 0 0 0 0 0]
2025-07-08 12:05:56,026 DEBUG player_0: [1 1 1 1 1 1 1 1 1 1 0]
2025-07-08 12:05:56,032 DEBUG player_0: [1 1 1 1 1 1 1 1 1 1 0]
2025-07-08 12:05:56,142 DEBUG player_0: [1 1 1 1 0 0 0 0 1 1 0]
2025-07-08 12:05:56,149 DEBUG player_0: [1 1 1 1 1 1 1 1 1 1 0]
2025-07-08 12:05:56,154 DEBUG player_0: [1 1 1 1 1 1 1 1 1 1 0]
2025-07-08 12:05:56,159 DEBUG player_0: [1 1 1 1 1 1 1 1 1 1 0]
2025-07-08 12:05:56,164 DEBUG player_0: [0 0 1 0 0 0 1 0 1 1 0]
2025-07-08 12:05:56,243 DEBUG player_0: [0 0 0 0 0 0 0 0 1 1 0]
2025-07-08 12:05:56,274 DEBUG player_0: [1 1 1 1 1 1 1 1 1 1 0]
2025-07-08 12:05:56,279 DEBUG player_0: [1 1 1 1 0 0 0 0 1 1 0]
2025-07-08 12:05:56,285 DEBUG player_0: [1 1 1 1 1 1 1 1 1 1 0]
2025-07-08 12:05:56,291 DEBUG player_0: [0 0 1 0 0 0 0 0 0 0 0]
2025-07-08 12:05:56,296 DEBUG player_0: [1 1 1 1 1 1 1 1 1 1 0]
2025-07-08 12:05:56,308 DEBUG player_0: [0 0 0 0 0 0 0 0 1 1 0]
2025-07-08 12:05:56,352 DEBUG player_0: [1 1 1 1 1 1 1 1 1 1 0]
2025-07-08 12:05:56,405 DEBUG player_0: [1 1 1 1 1 1 1 1 1 1 0]
2025-07-08 12:05:56,416 DEBUG player_0: [1 1 1 1 1 1 1 1 1 1 0]
2025-07-08 12:05:56,421 DEBUG player_0: [0 0 1 0 0 0 1 0 1 1 0]
2025-07-08 12:05:56,421 DEBUG player_0: [1 1 1 1 0 0 0 0 1 1 0]
2025-07-08 12:05:56,428 DEBUG player_0: [1 1 1 1 1 1 1 1 1 0 0]
2025-07-08 12:05:56,536 DEBUG player_0: [1 1 1 1 1 1 1 1 1 1 0]
2025-07-08 12:05:56,543 DEBUG player_0: [1 1 1 1 0 0 0 0 1 1 0]
2025-07-08 12:05:56,548 DEBUG player_0: [0 0 1 0 0 0 0 0 0 0 0]
2025-07-08 12:05:56,553 DEBUG player_0: [1 1 1 1 1 1 1 1 1 0 0]
2025-07-08 12:05:56,663 DEBUG player_0: [1 1 1 1 1 1 1 1 1 1 0]
2025-07-08 12:05:56,669 DEBUG player_0: [1 1 1 1 1 1 1 1 1 0 0]
2025-07-08 12:05:56,779 DEBUG player_0: [0 0 1 0 0 0 1 0 1 1 0]
2025-07-08 12:05:56,865 DEBUG player_0: [0 0 0 0 0 0 0 0 1 1 0]
2025-07-08 12:05:56,950 DEBUG player_0: [0 0 0 0 0 0 0 0 1 1 0]
2025-07-08 12:05:56,973 DEBUG player_0: [0 0 1 0 0 0 1 0 1 1 0]
2025-07-08 12:05:57,078 DEBUG player_0: [0 0 0 0 0 0 0 0 1 1 0]
2025-07-08 12:05:57,089 DEBUG player_0: [0 0 0 0 0 0 0 0 1 1 0]
2025-07-08 12:05:57,094 DEBUG player_0: [0 0 1 0 0 0 1 0 1 1 0]
2025-07-08 12:05:57,099 DEBUG player_0: [1 1 1 1 1 1 1 1 1 1 0]
2025-07-08 12:05:57,197 DEBUG player_0: [0 0 0 0 0 0 0 0 1 0 0]
2025-07-08 12:05:57,208 DEBUG player_0: [1 1 1 1 1 1 1 1 1 0 0]
2025-07-08 12:05:57,213 DEBUG player_0: [1 1 1 1 0 0 0 0 1 1 0]
2025-07-08 12:05:57,298 DEBUG player_0: [0 0 0 0 0 0 0 0 1 1 0]
2025-07-08 12:05:57,305 DEBUG player_0: [1 1 1 1 1 1 1 1 0 0 0]
2025-07-08 12:05:57,322 DEBUG player_0: [1 1 1 1 1 1 1 1 1 0 0]
2025-07-08 12:05:57,328 DEBUG player_0: [1 1 1 1 0 0 0 0 1 1 0]
2025-07-08 12:05:57,413 DEBUG player_0: [1 1 1 1 1 1 1 1 1 0 0]
2025-07-08 12:05:57,418 DEBUG player_0: [1 1 1 1 1 1 1 1 0 0 0]
2025-07-08 12:05:57,526 DEBUG player_0: [1 1 1 1 1 1 1 1 1 0 0]
2025-07-08 12:05:57,623 DEBUG player_0: [0 0 0 0 0 0 0 0 1 1 0]
2025-07-08 12:05:57,629 DEBUG player_0: [0 0 0 0 0 0 0 0 1 1 0]
2025-07-08 12:05:57,657 DEBUG player_0: [1 1 1 1 1 1 1 1 1 0 0]
2025-07-08 12:05:57,744 DEBUG player_0: [1 1 1 1 1 1 1 1 1 0 0]
2025-07-08 12:05:57,752 DEBUG player_0: [0 0 1 0 0 0 1 0 1 1 0]
2025-07-08 12:05:57,765 DEBUG player_0: [1 1 1 1 1 1 1 1 1 0 0]
2025-07-08 12:05:57,853 DEBUG player_0: [0 0 0 0 0 0 0 0 1 1 0]
2025-07-08 12:05:57,858 DEBUG player_0: [0 0 0 0 0 0 0 0 1 0 0]
2025-07-08 12:05:57,864 DEBUG player_0: [1 1 1 1 0 0 0 0 1 0 0]
2025-07-08 12:05:57,869 DEBUG player_0: [0 0 1 0 0 0 1 0 1 1 0]
2025-07-08 12:05:57,877 DEBUG player_0: [1 1 1 1 1 1 1 1 1 0 0]
2025-07-08 12:05:57,943 DEBUG player_0: [0 0 0 0 0 0 0 0 0 0 0]
2025-07-08 12:05:57,978 DEBUG player_0: [1 1 1 1 1 1 1 1 1 0 0]
2025-07-08 12:05:57,983 DEBUG player_0: [1 1 1 1 0 0 0 0 1 0 0]
2025-07-08 12:05:57,989 DEBUG player_0: [1 1 1 1 0 0 0 0 1 0 0]
2025-07-08 12:05:57,994 DEBUG player_0: [1 1 1 1 1 1 1 1 1 0 0]
2025-07-08 12:05:58,052 DEBUG player_0: [1 1 1 1 1 1 1 1 0 0 0]
2025-07-08 12:05:58,105 DEBUG player_0: [1 1 1 1 0 0 0 0 1 0 0]
2025-07-08 12:05:58,111 DEBUG player_0: [1 1 1 1 0 0 0 0 1 0 0]
2025-07-08 12:05:58,116 DEBUG player_0: [1 1 1 1 1 1 1 1 1 0 0]
2025-07-08 12:05:58,161 DEBUG player_0: [1 1 1 1 0 0 0 0 0 0 0]
2025-07-08 12:05:58,226 DEBUG player_0: [1 1 1 1 0 0 0 0 1 0 0]
2025-07-08 12:05:58,520 DEBUG player_0: [0 0 0 0 0 0 0 0 1 0 0]
2025-07-08 12:05:58,647 DEBUG player_0: [0 0 0 0 0 0 0 0 1 0 0]
2025-07-08 12:05:58,648 DEBUG player_0: [0 0 0 0 0 0 0 0 1 0 0]
2025-07-08 12:05:58,654 DEBUG player_0: [1 1 1 1 0 0 0 0 0 0 0]
2025-07-08 12:05:58,742 DEBUG player_0: [0 0 0 0 0 0 0 0 1 0 0]
2025-07-08 12:05:58,770 DEBUG player_0: [1 1 1 1 0 0 0 0 0 0 0]
2025-07-08 12:05:58,772 DEBUG player_0: [1 1 1 1 1 1 1 1 0 0 0]
2025-07-08 12:05:58,780 DEBUG player_0: [1 1 1 1 0 0 0 0 0 0 0]
2025-07-08 12:05:58,850 DEBUG player_0: [1 1 1 1 0 0 0 0 0 0 0]
2025-07-08 12:05:58,895 DEBUG player_0: [1 1 1 1 0 0 0 0 0 0 0]
2025-07-08 12:05:58,901 DEBUG player_0: [0 0 1 0 0 0 0 0 0 0 0]
2025-07-08 12:05:58,905 DEBUG player_0: [1 1 1 1 0 0 0 0 0 0 0]
2025-07-08 12:05:58,959 DEBUG player_0: [1 1 1 1 0 0 0 0 0 0 0]
2025-07-08 12:05:59,014 DEBUG player_0: [1 1 1 1 0 0 0 0 0 0 0]
2025-07-08 12:05:59,019 DEBUG player_0: [1 1 1 1 0 0 0 0 0 0 0]
2025-07-08 12:05:59,024 DEBUG player_0: [0 0 1 0 0 0 1 0 0 0 0]
2025-07-08 12:05:59,134 DEBUG player_0: [1 1 1 1 0 0 0 0 0 0 0]
2025-07-08 12:05:59,139 DEBUG player_0: [0 0 1 0 0 0 0 0 0 0 0]
2025-07-08 12:05:59,145 DEBUG player_0: [1 1 1 1 0 0 0 0 0 0 0]
2025-07-08 12:05:59,254 DEBUG player_0: [1 1 1 1 0 0 0 0 0 0 0]
2025-07-08 12:05:59,260 DEBUG player_0: [1 1 1 1 0 0 0 0 0 0 0]
2025-07-08 12:05:59,265 DEBUG player_0: [1 1 1 1 1 1 1 1 0 0 0]
2025-07-08 12:05:59,373 DEBUG player_0: [1 1 1 1 0 0 0 0 0 0 0]
2025-07-08 12:05:59,380 DEBUG player_0: [0 0 1 0 0 0 0 0 0 0 0]
2025-07-08 12:05:59,907 DEBUG player_0: [0 0 0 0 0 0 0 0 0 0 0]
2025-07-08 12:06:00,020 DEBUG player_0: [1 1 1 1 0 0 0 0 0 0 0]
2025-07-08 12:06:00,134 DEBUG player_0: [1 1 1 1 0 0 0 0 0 0 0]
2025-07-08 12:06:05,585 ERROR [TIMEOUT] player_0 last_request not updated
2025-07-08 12:06:05,600 ERROR [TIMEOUT] player_0 last_request not updated
2025-07-08 12:06:05,608 ERROR [TIMEOUT] race_get queue=0 events=[False, False] exc=
2025-07-08 12:06:05,609 ERROR [TIMEOUT] race_get queue=0 events=[False, False] exc=
