2025-06-29 12:50:20,958 DEBUG player_0: [1 1 1 1 1 1 1 1 1 1 0]
2025-06-29 12:50:20,959 DEBUG player_1: [1 1 1 1 1 1 1 1 1 1 0]
2025-06-29 12:50:20,992 DEBUG player_0: [1 1 1 1 1 1 1 1 1 1 0]
2025-06-29 12:50:20,992 DEBUG player_0: [1 1 1 1 1 1 1 1 1 1 0]
2025-06-29 12:50:20,992 DEBUG player_1: [1 1 1 1 1 1 1 1 1 1 0]
2025-06-29 12:50:20,999 DEBUG player_0: [1 1 1 1 1 1 1 1 1 1 0]
2025-06-29 12:50:21,001 DEBUG player_1: [1 1 1 1 1 1 1 1 1 1 0]
2025-06-29 12:50:21,008 DEBUG player_0: [1 1 1 1 1 1 1 1 1 1 0]
2025-06-29 12:50:21,009 DEBUG player_1: [1 1 1 1 1 1 1 1 1 1 0]
2025-06-29 12:50:21,014 DEBUG player_0: [1 1 1 1 1 1 1 1 1 1 0]
2025-06-29 12:50:21,018 DEBUG player_0: [1 1 1 1 1 1 1 1 1 1 0]
2025-06-29 12:50:21,022 DEBUG player_0: [1 1 1 1 1 1 1 1 1 1 0]
2025-06-29 12:50:21,026 DEBUG player_0: [1 1 1 1 1 1 1 1 1 1 0]
2025-06-29 12:50:21,030 DEBUG player_0: [1 1 1 1 1 1 1 1 1 1 0]
2025-06-29 12:50:21,033 DEBUG player_0: [1 1 1 1 1 1 1 1 1 1 0]
2025-06-29 12:50:21,036 DEBUG player_1: [1 1 1 1 1 1 1 1 1 1 0]
2025-06-29 12:50:21,036 DEBUG player_1: [1 1 1 1 1 1 1 1 1 1 0]
2025-06-29 12:50:21,037 DEBUG player_1: [1 1 1 1 1 1 1 1 1 1 0]
2025-06-29 12:50:21,037 DEBUG player_1: [1 1 1 1 1 1 1 1 1 1 0]
2025-06-29 12:50:21,037 DEBUG player_1: [1 1 1 1 1 1 1 1 1 1 0]
2025-06-29 12:50:21,038 DEBUG player_1: [1 1 1 1 1 1 1 1 1 1 0]
2025-06-29 12:50:21,069 DEBUG player_0: [1 1 1 1 1 1 1 1 1 1 0]
2025-06-29 12:50:21,070 DEBUG player_1: [1 1 1 1 1 1 1 1 1 1 0]
2025-06-29 12:50:21,105 DEBUG player_0: [1 1 1 1 0 0 0 0 1 1 0]
2025-06-29 12:50:21,106 DEBUG player_1: [1 1 1 1 0 0 0 0 1 1 0]
2025-06-29 12:50:21,141 DEBUG player_0: [1 1 1 1 1 1 1 1 1 1 0]
2025-06-29 12:50:21,141 DEBUG player_1: [1 1 1 1 0 0 0 0 1 1 0]
2025-06-29 12:50:21,148 DEBUG player_0: [1 1 1 1 1 1 1 1 1 1 0]
2025-06-29 12:50:21,149 DEBUG player_1: [1 0 0 0 0 0 0 0 0 0 0]
2025-06-29 12:50:21,160 DEBUG player_0: [1 1 1 1 1 1 1 1 1 1 0]
2025-06-29 12:50:21,161 DEBUG player_1: [1 1 1 1 0 0 0 0 1 1 0]
2025-06-29 12:50:21,165 DEBUG player_0: [1 1 1 1 1 1 1 1 1 1 0]
2025-06-29 12:50:21,169 DEBUG player_0: [1 1 1 1 1 1 1 1 1 1 0]
2025-06-29 12:50:21,171 DEBUG player_1: [1 1 1 1 0 0 0 0 1 1 0]
2025-06-29 12:50:21,175 DEBUG player_0: [1 1 1 1 0 0 0 0 1 1 0]
2025-06-29 12:50:21,179 DEBUG player_0: [1 1 1 1 1 1 1 1 1 1 0]
2025-06-29 12:50:21,182 DEBUG player_0: [1 1 1 1 0 0 0 0 1 1 0]
2025-06-29 12:50:21,183 DEBUG player_1: [1 1 1 1 1 1 1 1 1 1 0]
2025-06-29 12:50:21,188 DEBUG player_0: [1 1 1 1 0 0 0 0 1 1 0]
2025-06-29 12:50:21,189 DEBUG player_1: [1 1 1 1 1 1 1 1 1 1 0]
2025-06-29 12:50:21,189 DEBUG player_1: [1 1 1 1 1 1 1 1 1 1 0]
2025-06-29 12:50:21,190 DEBUG player_1: [1 1 1 1 1 1 1 1 1 1 0]
2025-06-29 12:50:21,190 DEBUG player_1: [1 1 1 1 1 1 1 1 1 1 0]
2025-06-29 12:50:21,216 DEBUG player_0: [1 1 1 1 0 0 0 0 1 1 0]
2025-06-29 12:50:21,217 DEBUG player_1: [1 1 1 1 0 0 0 0 1 1 0]
2025-06-29 12:50:21,254 DEBUG player_0: [1 1 1 1 1 1 1 1 1 1 0]
2025-06-29 12:50:21,254 DEBUG player_1: [1 1 1 1 0 0 0 0 1 1 0]
2025-06-29 12:50:21,259 DEBUG player_0: [1 1 1 1 1 1 1 1 1 1 0]
2025-06-29 12:50:21,259 DEBUG player_1: [1 1 1 1 0 0 0 0 1 1 0]
2025-06-29 12:50:21,298 DEBUG player_0: [1 1 1 1 1 1 1 1 1 1 0]
2025-06-29 12:50:21,299 DEBUG player_1: [1 1 1 1 0 0 0 0 1 1 0]
2025-06-29 12:50:21,303 DEBUG player_0: [1 1 1 1 0 0 0 0 1 1 0]
2025-06-29 12:50:21,304 DEBUG player_1: [1 1 1 1 0 0 0 0 1 1 0]
2025-06-29 12:50:21,309 DEBUG player_0: [1 1 1 1 0 0 0 0 1 1 0]
2025-06-29 12:50:21,309 DEBUG player_1: [1 1 1 1 0 0 0 0 1 1 0]
2025-06-29 12:50:21,315 DEBUG player_0: [1 1 1 1 0 0 0 0 1 1 0]
2025-06-29 12:50:21,316 DEBUG player_1: [1 1 1 1 1 1 1 1 1 1 0]
2025-06-29 12:50:21,320 DEBUG player_0: [1 1 1 1 0 0 0 0 1 1 0]
2025-06-29 12:50:21,323 DEBUG player_0: [1 1 1 1 0 0 0 0 1 1 0]
2025-06-29 12:50:21,327 DEBUG player_0: [1 1 1 1 0 0 0 0 1 1 0]
2025-06-29 12:50:21,330 DEBUG player_1: [1 1 1 1 1 1 1 1 1 1 0]
2025-06-29 12:50:21,331 DEBUG player_1: [1 1 1 1 1 1 1 1 1 1 0]
2025-06-29 12:50:21,331 DEBUG player_1: [1 0 0 0 0 0 0 0 0 0 0]
2025-06-29 12:50:21,335 DEBUG player_0: [1 1 1 1 0 0 0 0 1 1 0]
2025-06-29 12:50:21,338 DEBUG player_1: [1 1 1 1 0 0 0 0 1 1 0]
2025-06-29 12:50:21,372 DEBUG player_0: [1 1 1 1 0 0 0 0 1 1 0]
2025-06-29 12:50:21,376 DEBUG player_0: [1 1 1 1 1 1 1 1 1 1 0]
2025-06-29 12:50:21,376 DEBUG player_1: [1 1 1 1 0 0 0 0 1 1 0]
2025-06-29 12:50:21,376 DEBUG player_1: [1 1 1 1 0 0 0 0 1 1 0]
2025-06-29 12:50:21,435 DEBUG player_0: [1 1 1 1 1 1 1 1 1 1 0]
2025-06-29 12:50:21,439 DEBUG player_0: [1 1 1 1 0 0 0 0 1 1 0]
2025-06-29 12:50:21,444 DEBUG player_0: [1 1 1 1 0 0 0 0 1 1 0]
2025-06-29 12:50:21,445 DEBUG player_1: [1 1 1 1 0 0 0 0 1 1 0]
2025-06-29 12:50:21,445 DEBUG player_1: [1 1 1 1 0 0 0 0 1 1 0]
2025-06-29 12:50:21,445 DEBUG player_1: [1 1 1 1 0 0 0 0 1 1 0]
2025-06-29 12:50:21,454 DEBUG player_0: [1 1 1 1 0 0 0 0 1 1 0]
2025-06-29 12:50:21,455 DEBUG player_1: [1 0 0 0 0 0 0 0 0 0 0]
2025-06-29 12:50:21,471 DEBUG player_0: [1 1 1 1 0 0 0 0 1 1 0]
2025-06-29 12:50:21,472 DEBUG player_1: [1 1 1 1 1 1 1 1 1 1 0]
2025-06-29 12:50:21,476 DEBUG player_0: [1 1 1 1 0 0 0 0 1 1 0]
2025-06-29 12:50:21,476 DEBUG player_1: [1 1 1 1 0 0 0 0 1 1 0]
2025-06-29 12:50:21,489 DEBUG player_0: [1 1 1 1 1 1 1 1 1 1 0]
2025-06-29 12:50:21,489 DEBUG player_1: [1 1 1 1 0 0 0 0 1 1 0]
2025-06-29 12:50:21,493 DEBUG player_0: [1 1 1 1 0 0 0 0 1 1 0]
2025-06-29 12:50:21,496 DEBUG player_1: [1 1 1 1 0 0 0 0 1 1 0]
2025-06-29 12:50:21,566 DEBUG player_0: [1 1 1 1 0 0 0 0 1 1 0]
2025-06-29 12:50:21,570 DEBUG player_0: [1 1 1 1 0 0 0 0 1 1 0]
2025-06-29 12:50:21,571 DEBUG player_1: [1 1 1 1 0 0 0 0 1 1 0]
2025-06-29 12:50:21,571 DEBUG player_1: [1 1 1 1 0 0 0 0 1 1 0]
2025-06-29 12:50:21,576 DEBUG player_0: [1 1 1 1 1 1 1 1 1 1 0]
2025-06-29 12:50:21,580 DEBUG player_0: [1 1 1 1 0 0 0 0 1 1 0]
2025-06-29 12:50:21,581 DEBUG player_1: [1 1 1 1 0 0 0 0 1 1 0]
2025-06-29 12:50:21,581 DEBUG player_1: [1 1 1 1 1 1 1 1 1 1 0]
2025-06-29 12:50:21,599 DEBUG player_0: [1 1 1 1 0 0 0 0 1 1 0]
2025-06-29 12:50:21,600 DEBUG player_1: [1 1 1 1 1 1 1 1 1 1 0]
2025-06-29 12:50:21,606 DEBUG player_0: [1 1 1 1 0 0 0 0 1 1 0]
2025-06-29 12:50:21,610 DEBUG player_0: [1 1 1 1 0 0 0 0 1 1 0]
2025-06-29 12:50:21,611 DEBUG player_1: [1 1 1 1 0 0 0 0 1 1 0]
2025-06-29 12:50:21,612 DEBUG player_1: [1 1 1 1 0 0 0 0 1 1 0]
2025-06-29 12:50:21,699 DEBUG player_0: [1 1 1 1 0 0 0 0 1 1 0]
2025-06-29 12:50:21,699 DEBUG player_1: [1 1 1 1 0 0 0 0 1 1 0]
2025-06-29 12:50:21,704 DEBUG player_0: [1 1 1 1 0 0 0 0 1 1 0]
2025-06-29 12:50:21,705 DEBUG player_1: [1 1 1 1 0 0 0 0 1 1 0]
2025-06-29 12:50:21,710 DEBUG player_0: [1 1 1 1 0 0 0 0 1 1 0]
2025-06-29 12:50:21,711 DEBUG player_1: [1 1 1 1 0 0 0 0 1 1 0]
2025-06-29 12:50:21,721 DEBUG player_0: [1 1 1 1 0 0 0 0 1 1 0]
2025-06-29 12:50:21,721 DEBUG player_1: [1 1 1 1 0 0 0 0 1 1 0]
2025-06-29 12:50:21,726 DEBUG player_0: [1 1 1 1 0 0 0 0 1 1 0]
2025-06-29 12:50:21,727 DEBUG player_1: [1 1 1 1 0 0 0 0 1 1 0]
2025-06-29 12:50:21,832 DEBUG player_0: [1 1 1 1 0 0 0 0 1 1 0]
2025-06-29 12:50:21,833 DEBUG player_1: [1 1 1 1 0 0 0 0 1 1 0]
2025-06-29 12:50:21,837 DEBUG player_0: [1 1 1 1 0 0 0 0 1 1 0]
2025-06-29 12:50:21,838 DEBUG player_1: [1 1 1 1 0 0 0 0 1 1 0]
2025-06-29 12:50:21,843 DEBUG player_0: [1 1 1 1 0 0 0 0 1 1 0]
2025-06-29 12:50:21,845 DEBUG player_1: [1 1 1 1 0 0 0 0 1 1 0]
2025-06-29 12:50:21,888 DEBUG player_0: [0 0 0 0 0 0 0 0 1 1 0]
2025-06-29 12:50:21,893 DEBUG player_0: [0 0 0 0 0 0 0 0 1 1 0]
2025-06-29 12:50:21,893 DEBUG player_1: [0 0 0 0 0 0 0 0 1 1 0]
2025-06-29 12:50:21,893 DEBUG player_1: [0 0 0 0 0 0 0 0 1 1 0]
2025-06-29 12:50:21,950 DEBUG player_0: [1 1 1 1 0 0 0 0 1 1 0]
2025-06-29 12:50:21,951 DEBUG player_1: [1 1 1 1 0 0 0 0 1 1 0]
2025-06-29 12:50:21,956 DEBUG player_0: [1 1 1 1 0 0 0 0 1 1 0]
2025-06-29 12:50:21,956 DEBUG player_1: [1 1 1 1 0 0 0 0 1 1 0]
2025-06-29 12:50:22,002 DEBUG player_0: [1 1 1 1 0 0 0 0 1 0 0]
2025-06-29 12:50:22,007 DEBUG player_0: [1 1 1 1 0 0 0 0 1 1 0]
2025-06-29 12:50:22,008 DEBUG player_1: [1 1 1 1 1 1 1 1 1 1 0]
2025-06-29 12:50:22,008 DEBUG player_1: [1 1 1 1 1 1 1 1 1 0 0]
2025-06-29 12:50:22,014 DEBUG player_0: [0 0 0 0 0 0 0 0 1 1 0]
2025-06-29 12:50:22,014 DEBUG player_1: [0 0 0 0 0 0 0 0 1 1 0]
2025-06-29 12:50:22,067 DEBUG player_0: [1 1 1 1 0 0 0 0 1 1 0]
2025-06-29 12:50:22,068 DEBUG player_1: [1 1 1 1 0 0 0 0 1 1 0]
2025-06-29 12:50:22,072 DEBUG player_0: [1 1 1 1 0 0 0 0 1 1 0]
2025-06-29 12:50:22,073 DEBUG player_1: [1 1 1 1 0 0 0 0 1 1 0]
2025-06-29 12:50:22,114 DEBUG player_0: [0 0 0 0 0 0 0 0 1 1 0]
2025-06-29 12:50:22,114 DEBUG player_1: [0 0 0 0 0 0 0 0 1 1 0]
2025-06-29 12:50:22,122 DEBUG player_0: [1 1 1 1 0 0 0 0 1 0 0]
2025-06-29 12:50:22,127 DEBUG player_0: [0 0 0 0 0 0 0 0 1 1 0]
2025-06-29 12:50:22,128 DEBUG player_1: [0 0 0 0 0 0 0 0 1 1 0]
2025-06-29 12:50:22,128 DEBUG player_1: [1 1 1 1 0 0 0 0 1 1 0]
2025-06-29 12:50:22,133 DEBUG player_0: [1 1 1 1 1 1 1 1 1 1 0]
2025-06-29 12:50:22,134 DEBUG player_1: [1 1 1 1 0 0 0 0 1 0 0]
2025-06-29 12:50:22,185 DEBUG player_0: [1 1 1 1 0 0 0 0 1 1 0]
2025-06-29 12:50:22,186 DEBUG player_1: [1 1 1 1 0 0 0 0 1 1 0]
2025-06-29 12:50:22,190 DEBUG player_0: [1 1 1 1 0 0 0 0 1 1 0]
2025-06-29 12:50:22,190 DEBUG player_1: [1 1 1 1 0 0 0 0 1 1 0]
2025-06-29 12:50:22,233 DEBUG player_0: [1 1 1 1 1 1 1 1 1 1 0]
2025-06-29 12:50:22,234 DEBUG player_1: [1 1 1 1 0 0 0 0 1 0 0]
2025-06-29 12:50:22,241 DEBUG player_0: [1 1 1 1 0 0 0 0 1 0 0]
2025-06-29 12:50:22,246 DEBUG player_0: [0 0 0 0 0 0 0 0 1 1 0]
2025-06-29 12:50:22,248 DEBUG player_1: [1 1 1 1 0 0 0 0 1 1 0]
2025-06-29 12:50:22,248 DEBUG player_1: [0 0 0 0 0 0 0 0 1 1 0]
2025-06-29 12:50:22,252 DEBUG player_0: [0 0 0 0 0 0 0 0 1 1 0]
2025-06-29 12:50:22,256 DEBUG player_0: [1 1 1 1 0 0 0 0 1 0 0]
2025-06-29 12:50:22,261 DEBUG player_0: [1 1 1 1 0 0 0 0 1 1 0]
2025-06-29 12:50:22,261 DEBUG player_1: [0 0 0 0 0 0 0 0 1 1 0]
2025-06-29 12:50:22,262 DEBUG player_1: [1 1 1 1 0 0 0 0 1 0 0]
2025-06-29 12:50:22,262 DEBUG player_1: [1 1 1 1 0 0 0 0 1 1 0]
2025-06-29 12:50:22,299 DEBUG player_0: [1 1 1 1 0 0 0 0 1 1 0]
2025-06-29 12:50:22,299 DEBUG player_1: [1 1 1 1 0 0 0 0 1 1 0]
2025-06-29 12:50:22,303 DEBUG player_0: [1 1 1 1 0 0 0 0 1 1 0]
2025-06-29 12:50:22,304 DEBUG player_1: [1 1 1 1 0 0 0 0 1 1 0]
2025-06-29 12:50:22,353 DEBUG player_0: [1 1 1 1 1 1 1 1 1 1 0]
2025-06-29 12:50:22,353 DEBUG player_1: [1 1 1 1 0 0 0 0 1 0 0]
2025-06-29 12:50:22,367 DEBUG player_0: [0 0 0 0 0 0 0 0 1 1 0]
2025-06-29 12:50:22,368 DEBUG player_1: [0 0 0 0 0 0 0 0 1 1 0]
2025-06-29 12:50:22,372 DEBUG player_0: [1 1 1 1 0 0 0 0 1 0 0]
2025-06-29 12:50:22,374 DEBUG player_1: [1 1 1 1 0 0 0 0 1 1 0]
2025-06-29 12:50:22,378 DEBUG player_0: [1 1 1 1 0 0 0 0 1 1 0]
2025-06-29 12:50:22,382 DEBUG player_0: [1 1 1 1 0 0 0 0 1 0 0]
2025-06-29 12:50:22,384 DEBUG player_1: [1 1 1 1 0 0 0 0 1 1 0]
2025-06-29 12:50:22,388 DEBUG player_0: [1 1 1 1 0 0 0 0 1 0 0]
2025-06-29 12:50:22,388 DEBUG player_1: [1 1 1 1 0 0 0 0 1 0 0]
2025-06-29 12:50:22,391 DEBUG player_1: [1 1 1 1 0 0 0 0 1 1 0]
2025-06-29 12:50:22,423 DEBUG player_0: [1 1 1 1 0 0 0 0 1 1 0]
2025-06-29 12:50:22,427 DEBUG player_0: [1 1 1 1 0 0 0 0 1 1 0]
2025-06-29 12:50:22,427 DEBUG player_1: [1 1 1 1 0 0 0 0 1 1 0]
2025-06-29 12:50:22,427 DEBUG player_1: [0 0 0 1 0 0 0 0 0 0 0]
2025-06-29 12:50:22,488 DEBUG player_0: [1 1 1 1 0 0 0 0 1 0 0]
2025-06-29 12:50:22,488 DEBUG player_1: [1 1 1 1 0 0 0 0 1 1 0]
2025-06-29 12:50:22,514 DEBUG player_0: [1 1 1 1 0 0 0 0 1 0 0]
2025-06-29 12:50:22,519 DEBUG player_0: [1 1 1 1 0 0 0 0 1 1 0]
2025-06-29 12:50:22,519 DEBUG player_1: [1 1 1 1 0 0 0 0 1 1 0]
2025-06-29 12:50:22,519 DEBUG player_1: [1 1 1 1 0 0 0 0 1 0 0]
2025-06-29 12:50:22,538 DEBUG player_0: [0 0 0 0 0 0 0 0 1 1 0]
2025-06-29 12:50:22,539 DEBUG player_1: [0 0 0 0 0 0 0 0 1 0 0]
2025-06-29 12:50:22,543 DEBUG player_0: [1 1 1 1 0 0 0 0 1 1 0]
2025-06-29 12:50:22,547 DEBUG player_0: [1 1 1 1 0 0 0 0 1 1 0]
2025-06-29 12:50:22,548 DEBUG player_1: [1 1 1 1 0 0 0 0 1 1 0]
2025-06-29 12:50:22,548 DEBUG player_1: [1 0 0 1 0 0 0 0 1 1 0]
2025-06-29 12:50:22,597 DEBUG player_0: [1 1 1 1 0 0 0 0 1 0 0]
2025-06-29 12:50:22,598 DEBUG player_1: [1 1 1 1 0 0 0 0 1 1 0]
2025-06-29 12:50:22,631 DEBUG player_0: [1 1 1 1 0 0 0 0 1 1 0]
2025-06-29 12:50:22,632 DEBUG player_1: [1 1 1 1 0 0 0 0 1 0 0]
2025-06-29 12:50:22,659 DEBUG player_0: [1 1 1 1 0 0 0 0 1 1 0]
2025-06-29 12:50:22,660 DEBUG player_1: [1 1 1 1 1 1 1 1 1 0 0]
2025-06-29 12:50:22,665 DEBUG player_0: [1 1 1 1 0 0 0 0 1 1 0]
2025-06-29 12:50:22,666 DEBUG player_1: [1 1 1 1 0 0 0 0 1 1 0]
2025-06-29 12:50:22,671 DEBUG player_0: [0 0 0 1 0 0 0 0 0 0 0]
2025-06-29 12:50:22,672 DEBUG player_1: [0 0 0 1 0 0 0 0 0 0 0]
2025-06-29 12:50:22,709 DEBUG player_0: [1 1 1 1 0 0 0 0 1 0 0]
2025-06-29 12:50:22,710 DEBUG player_1: [1 1 1 1 0 0 0 0 1 1 0]
2025-06-29 12:50:22,742 DEBUG player_0: [1 1 1 1 0 0 0 0 1 1 0]
2025-06-29 12:50:22,742 DEBUG player_1: [1 1 1 1 0 0 0 0 1 0 0]
2025-06-29 12:50:22,772 DEBUG player_0: [1 1 1 1 0 0 0 0 1 1 0]
2025-06-29 12:50:22,773 DEBUG player_1: [1 1 1 1 0 0 0 0 1 0 0]
2025-06-29 12:50:22,785 DEBUG player_0: [1 1 1 1 0 0 0 0 1 1 0]
2025-06-29 12:50:22,790 DEBUG player_0: [0 0 0 0 0 0 0 0 1 1 0]
2025-06-29 12:50:22,794 DEBUG player_0: [1 1 1 1 0 0 0 0 1 1 0]
2025-06-29 12:50:22,795 DEBUG player_1: [1 1 1 1 0 0 0 0 1 1 0]
2025-06-29 12:50:22,795 DEBUG player_1: [1 1 1 1 0 0 0 0 1 1 0]
2025-06-29 12:50:22,795 DEBUG player_1: [0 0 0 0 0 0 0 0 1 0 0]
2025-06-29 12:50:22,826 DEBUG player_0: [1 1 1 1 0 0 0 0 1 0 0]
2025-06-29 12:50:22,827 DEBUG player_1: [1 1 1 1 0 0 0 0 1 1 0]
2025-06-29 12:50:22,853 DEBUG player_0: [1 1 1 1 0 0 0 0 1 1 0]
2025-06-29 12:50:22,853 DEBUG player_1: [1 1 1 1 0 0 0 0 1 0 0]
2025-06-29 12:50:22,881 DEBUG player_0: [0 0 0 0 0 0 0 0 1 1 0]
2025-06-29 12:50:22,882 DEBUG player_1: [0 0 0 0 0 0 0 0 1 0 0]
2025-06-29 12:50:22,886 DEBUG player_0: [1 1 1 1 0 0 0 0 1 1 0]
2025-06-29 12:50:22,886 DEBUG player_1: [1 1 1 1 0 0 0 0 1 0 0]
2025-06-29 12:50:22,908 DEBUG player_0: [1 1 1 1 0 0 0 0 1 1 0]
2025-06-29 12:50:22,912 DEBUG player_0: [1 1 1 1 0 0 0 0 1 1 0]
2025-06-29 12:50:22,917 DEBUG player_0: [1 1 1 1 0 0 0 0 1 1 0]
2025-06-29 12:50:22,917 DEBUG player_1: [1 1 1 1 0 0 0 0 0 0 0]
2025-06-29 12:50:22,918 DEBUG player_1: [1 1 1 1 0 0 0 0 1 1 0]
2025-06-29 12:50:22,918 DEBUG player_1: [1 1 1 1 0 0 0 0 1 1 0]
2025-06-29 12:50:22,932 DEBUG player_0: [0 0 0 0 0 0 0 0 1 0 0]
2025-06-29 12:50:22,932 DEBUG player_1: [0 0 0 0 0 0 0 0 1 1 0]
2025-06-29 12:50:22,937 DEBUG player_0: [0 0 0 0 0 0 0 0 1 0 0]
2025-06-29 12:50:22,942 DEBUG player_0: [1 1 1 1 0 0 0 0 1 0 0]
2025-06-29 12:50:22,942 DEBUG player_1: [0 0 0 0 0 0 0 0 1 1 0]
2025-06-29 12:50:22,943 DEBUG player_1: [1 1 1 1 0 0 0 0 1 1 0]
2025-06-29 12:50:22,995 DEBUG player_0: [1 1 1 1 1 1 1 1 1 1 0]
2025-06-29 12:50:22,996 DEBUG player_1: [1 1 1 1 0 0 0 0 1 0 0]
2025-06-29 12:50:23,000 DEBUG player_0: [1 1 1 1 0 0 0 0 1 1 0]
2025-06-29 12:50:23,000 DEBUG player_1: [1 1 1 1 0 0 0 0 1 0 0]
2025-06-29 12:50:23,028 DEBUG player_0: [1 1 1 1 0 0 0 0 1 1 0]
2025-06-29 12:50:23,028 DEBUG player_1: [1 1 1 1 0 0 0 0 0 0 0]
2025-06-29 12:50:23,038 DEBUG player_0: [0 0 0 0 0 0 0 0 1 0 0]
2025-06-29 12:50:23,038 DEBUG player_1: [0 0 0 0 0 0 0 0 1 1 0]
2025-06-29 12:50:23,042 DEBUG player_0: [1 1 1 1 0 0 0 0 1 1 0]
2025-06-29 12:50:23,043 DEBUG player_1: [1 1 1 1 0 0 0 0 1 1 0]
2025-06-29 12:50:23,053 DEBUG player_0: [1 1 1 1 0 0 0 0 1 0 0]
2025-06-29 12:50:23,054 DEBUG player_1: [1 1 1 1 0 0 0 0 1 1 0]
2025-06-29 12:50:23,059 DEBUG player_0: [1 1 1 1 0 0 0 0 1 0 0]
2025-06-29 12:50:23,059 DEBUG player_1: [1 1 1 1 0 0 0 0 1 0 0]
2025-06-29 12:50:23,121 DEBUG player_0: [1 1 1 1 1 1 1 1 1 1 0]
2025-06-29 12:50:23,121 DEBUG player_1: [1 1 1 1 0 0 0 0 1 0 0]
2025-06-29 12:50:23,138 DEBUG player_0: [1 1 1 1 0 0 0 0 1 1 0]
2025-06-29 12:50:23,139 DEBUG player_1: [1 1 1 1 0 0 0 0 0 0 0]
2025-06-29 12:50:23,153 DEBUG player_0: [1 1 1 1 0 0 0 0 1 0 0]
2025-06-29 12:50:23,154 DEBUG player_1: [1 1 1 1 0 0 0 0 1 1 0]
2025-06-29 12:50:23,159 DEBUG player_0: [1 1 1 1 0 0 0 0 1 1 0]
2025-06-29 12:50:23,160 DEBUG player_1: [1 1 1 1 0 0 0 0 1 1 0]
2025-06-29 12:50:23,170 DEBUG player_0: [1 1 1 1 0 0 0 0 1 0 0]
2025-06-29 12:50:23,171 DEBUG player_1: [1 1 1 1 0 0 0 0 1 1 0]
2025-06-29 12:50:23,175 DEBUG player_0: [1 1 1 1 0 0 0 0 1 0 0]
2025-06-29 12:50:23,175 DEBUG player_1: [1 1 1 1 0 0 0 0 1 0 0]
2025-06-29 12:50:23,234 DEBUG player_0: [1 1 1 1 0 0 0 0 1 1 0]
2025-06-29 12:50:23,234 DEBUG player_1: [1 1 1 1 0 0 0 0 1 0 0]
2025-06-29 12:50:23,250 DEBUG player_0: [1 1 1 1 0 0 0 0 1 1 0]
2025-06-29 12:50:23,250 DEBUG player_1: [1 1 1 1 0 0 0 0 0 0 0]
2025-06-29 12:50:23,296 DEBUG player_0: [1 1 1 1 0 0 0 0 1 0 0]
2025-06-29 12:50:23,297 DEBUG player_1: [1 1 1 1 0 0 0 0 1 1 0]
2025-06-29 12:50:23,301 DEBUG player_0: [1 1 1 1 0 0 0 0 1 0 0]
2025-06-29 12:50:23,302 DEBUG player_1: [1 1 1 1 0 0 0 0 1 0 0]
2025-06-29 12:50:23,362 DEBUG player_0: [1 1 1 1 0 0 0 0 1 1 0]
2025-06-29 12:50:23,363 DEBUG player_1: [1 1 1 1 0 0 0 0 0 0 0]
2025-06-29 12:50:23,373 DEBUG player_0: [0 0 0 0 0 0 0 0 1 1 0]
2025-06-29 12:50:23,373 DEBUG player_1: [0 0 0 0 0 0 0 0 1 0 0]
2025-06-29 12:50:23,412 DEBUG player_0: [1 1 1 1 0 0 0 0 1 0 0]
2025-06-29 12:50:23,413 DEBUG player_1: [1 1 1 1 0 0 0 0 1 1 0]
2025-06-29 12:50:23,417 DEBUG player_0: [1 1 1 1 0 0 0 0 1 0 0]
2025-06-29 12:50:23,417 DEBUG player_1: [1 0 0 0 0 0 0 0 0 0 0]
2025-06-29 12:50:23,452 DEBUG player_0: [0 0 0 0 0 0 0 0 1 1 0]
2025-06-29 12:50:23,452 DEBUG player_1: [0 0 0 0 0 0 0 0 1 1 0]
2025-06-29 12:50:23,463 DEBUG player_0: [0 0 0 0 0 0 0 0 1 0 0]
2025-06-29 12:50:23,463 DEBUG player_1: [0 0 0 0 0 0 0 0 1 1 0]
2025-06-29 12:50:23,473 DEBUG player_0: [0 0 0 1 0 0 0 0 0 0 0]
2025-06-29 12:50:23,473 DEBUG player_1: [1 1 1 1 0 0 0 0 0 0 0]
2025-06-29 12:50:23,480 DEBUG player_0: [1 1 1 1 0 0 0 0 1 1 0]
2025-06-29 12:50:23,480 DEBUG player_1: [1 1 1 1 0 0 0 0 0 0 0]
2025-06-29 12:50:23,529 DEBUG player_0: [0 0 0 0 0 0 0 0 1 1 0]
2025-06-29 12:50:23,529 DEBUG player_1: [0 0 0 0 0 0 0 0 1 0 0]
2025-06-29 12:50:23,538 DEBUG player_0: [1 1 1 1 0 0 0 0 1 0 0]
2025-06-29 12:50:23,540 DEBUG player_1: [1 1 1 1 0 0 0 0 1 1 0]
2025-06-29 12:50:23,544 DEBUG player_0: [1 1 1 1 0 0 0 0 1 0 0]
2025-06-29 12:50:23,545 DEBUG player_1: [1 1 1 1 0 0 0 0 1 0 0]
2025-06-29 12:50:23,561 DEBUG player_0: [1 1 1 1 0 0 0 0 1 0 0]
2025-06-29 12:50:23,562 DEBUG player_1: [1 1 1 1 0 0 0 0 1 1 0]
2025-06-29 12:50:23,572 DEBUG player_0: [1 1 1 1 0 0 0 0 1 0 0]
2025-06-29 12:50:23,573 DEBUG player_1: [1 1 1 1 0 0 0 0 1 0 0]
2025-06-29 12:50:23,596 DEBUG player_0: [1 1 1 1 0 0 0 0 1 1 0]
2025-06-29 12:50:23,596 DEBUG player_1: [1 1 1 1 0 0 0 0 0 0 0]
2025-06-29 12:50:23,644 DEBUG player_0: [1 1 1 1 0 0 0 0 1 1 0]
2025-06-29 12:50:23,644 DEBUG player_1: [1 1 1 1 0 0 0 0 1 0 0]
2025-06-29 12:50:23,659 DEBUG player_0: [1 1 1 1 0 0 0 0 1 0 0]
2025-06-29 12:50:23,659 DEBUG player_1: [1 1 1 1 0 0 0 0 1 1 0]
2025-06-29 12:50:23,667 DEBUG player_0: [1 1 1 1 0 0 0 0 1 0 0]
2025-06-29 12:50:23,668 DEBUG player_1: [1 1 1 1 0 0 0 0 1 0 0]
2025-06-29 12:50:23,673 DEBUG player_0: [0 0 0 0 0 0 0 0 1 0 0]
2025-06-29 12:50:23,673 DEBUG player_1: [0 0 0 0 0 0 0 0 1 1 0]
2025-06-29 12:50:23,677 DEBUG player_0: [0 0 0 0 0 0 0 0 1 1 0]
2025-06-29 12:50:23,678 DEBUG player_1: [0 0 0 0 0 0 0 0 1 1 0]
2025-06-29 12:50:23,683 DEBUG player_0: [1 1 1 1 0 0 0 0 1 0 0]
2025-06-29 12:50:23,684 DEBUG player_1: [1 1 1 1 0 0 0 0 1 1 0]
2025-06-29 12:50:23,688 DEBUG player_0: [1 1 1 1 0 0 0 0 1 0 0]
2025-06-29 12:50:23,689 DEBUG player_1: [1 1 1 1 0 0 0 0 1 0 0]
2025-06-29 12:50:23,753 DEBUG player_0: [0 0 0 0 0 0 0 0 1 1 0]
2025-06-29 12:50:23,757 DEBUG player_0: [1 1 1 1 0 0 0 0 1 1 0]
2025-06-29 12:50:23,758 DEBUG player_1: [0 0 0 0 0 0 0 0 1 0 0]
2025-06-29 12:50:23,758 DEBUG player_1: [1 1 1 1 0 0 0 0 1 0 0]
2025-06-29 12:50:23,775 DEBUG player_0: [1 1 1 1 0 0 0 0 1 0 0]
2025-06-29 12:50:23,775 DEBUG player_1: [1 1 1 1 0 0 0 0 1 1 0]
2025-06-29 12:50:23,794 DEBUG player_0: [1 1 1 1 0 0 0 0 1 0 0]
2025-06-29 12:50:23,799 DEBUG player_0: [1 1 1 1 0 0 0 0 1 0 0]
2025-06-29 12:50:23,799 DEBUG player_1: [1 1 1 1 0 0 0 0 1 0 0]
2025-06-29 12:50:23,800 DEBUG player_1: [1 1 1 1 0 0 0 0 1 1 0]
2025-06-29 12:50:23,804 DEBUG player_0: [1 1 1 1 0 0 0 0 1 0 0]
2025-06-29 12:50:23,808 DEBUG player_0: [0 0 0 1 0 0 0 0 0 0 0]
2025-06-29 12:50:23,812 DEBUG player_0: [1 1 1 1 0 0 0 0 1 0 0]
2025-06-29 12:50:23,812 DEBUG player_1: [1 1 1 1 0 0 0 0 1 1 0]
2025-06-29 12:50:23,813 DEBUG player_1: [1 1 1 1 0 0 0 0 1 0 0]
2025-06-29 12:50:23,813 DEBUG player_1: [1 1 1 1 0 0 0 0 1 1 0]
2025-06-29 12:50:23,873 DEBUG player_0: [1 1 1 1 0 0 0 0 1 1 0]
2025-06-29 12:50:23,873 DEBUG player_1: [1 1 1 1 0 0 0 0 1 0 0]
2025-06-29 12:50:23,877 DEBUG player_0: [1 1 1 1 0 0 0 0 1 1 0]
2025-06-29 12:50:23,878 DEBUG player_1: [1 1 1 1 0 0 0 0 1 0 0]
2025-06-29 12:50:23,886 DEBUG player_0: [1 1 1 1 0 0 0 0 1 0 0]
2025-06-29 12:50:23,887 DEBUG player_1: [1 1 1 1 0 0 0 0 1 1 0]
2025-06-29 12:50:23,937 DEBUG player_0: [1 1 1 1 0 0 0 0 1 0 0]
2025-06-29 12:50:23,941 DEBUG player_0: [1 1 1 1 0 0 0 0 1 0 0]
2025-06-29 12:50:23,942 DEBUG player_1: [1 1 1 1 0 0 0 0 1 1 0]
2025-06-29 12:50:23,946 DEBUG player_0: [1 1 1 1 0 0 0 0 1 0 0]
2025-06-29 12:50:23,947 DEBUG player_1: [1 1 1 1 0 0 0 0 1 0 0]
2025-06-29 12:50:23,951 DEBUG player_0: [1 1 1 1 0 0 0 0 1 0 0]
2025-06-29 12:50:23,952 DEBUG player_1: [1 1 1 1 0 0 0 0 1 1 0]
2025-06-29 12:50:23,952 DEBUG player_1: [1 1 1 1 0 0 0 0 1 0 0]
2025-06-29 12:50:23,956 DEBUG player_0: [1 1 1 1 0 0 0 0 1 0 0]
2025-06-29 12:50:23,958 DEBUG player_1: [1 1 1 1 0 0 0 0 1 1 0]
2025-06-29 12:50:23,994 DEBUG player_0: [1 1 1 1 0 0 0 0 1 1 0]
2025-06-29 12:50:23,995 DEBUG player_1: [1 1 1 1 0 0 0 0 1 0 0]
2025-06-29 12:50:23,999 DEBUG player_0: [1 1 1 1 0 0 0 0 1 0 0]
2025-06-29 12:50:24,000 DEBUG player_1: [1 1 1 1 0 0 0 0 1 1 0]
2025-06-29 12:50:24,005 DEBUG player_0: [0 0 0 0 0 0 0 0 1 1 0]
2025-06-29 12:50:24,006 DEBUG player_1: [0 0 0 0 0 0 0 0 0 0 0]
2025-06-29 12:50:24,084 DEBUG player_0: [1 1 1 1 0 0 0 0 1 0 0]
2025-06-29 12:50:24,085 DEBUG player_1: [1 1 1 1 0 0 0 0 1 1 0]
2025-06-29 12:50:24,092 DEBUG player_0: [1 1 1 1 0 0 0 0 1 0 0]
2025-06-29 12:50:24,097 DEBUG player_0: [0 0 0 1 0 0 0 0 0 0 0]
2025-06-29 12:50:24,098 DEBUG player_1: [1 0 0 0 0 0 0 0 0 0 0]
2025-06-29 12:50:24,102 DEBUG player_0: [1 1 1 1 0 0 0 0 1 0 0]
2025-06-29 12:50:24,107 DEBUG player_0: [1 1 1 1 0 0 0 0 1 0 0]
2025-06-29 12:50:24,107 DEBUG player_1: [1 0 0 0 0 0 0 0 0 0 0]
2025-06-29 12:50:24,108 DEBUG player_1: [1 1 1 1 0 0 0 0 1 0 0]
2025-06-29 12:50:24,108 DEBUG player_1: [1 1 1 1 0 0 0 0 1 1 0]
2025-06-29 12:50:24,113 DEBUG player_0: [1 1 1 1 0 0 0 0 1 0 0]
2025-06-29 12:50:24,117 DEBUG player_0: [1 1 1 1 0 0 0 0 1 1 0]
2025-06-29 12:50:24,121 DEBUG player_0: [0 0 0 0 0 0 0 0 1 1 0]
2025-06-29 12:50:24,126 DEBUG player_0: [1 1 1 1 0 0 0 0 1 0 0]
2025-06-29 12:50:24,127 DEBUG player_1: [1 1 1 1 0 0 0 0 1 0 0]
2025-06-29 12:50:24,128 DEBUG player_1: [1 1 1 1 0 0 0 0 0 0 0]
2025-06-29 12:50:24,128 DEBUG player_1: [1 1 1 1 0 0 0 0 1 1 0]
2025-06-29 12:50:24,129 DEBUG player_1: [0 0 0 0 0 0 0 0 0 0 0]
2025-06-29 12:50:24,241 DEBUG player_0: [1 1 1 1 0 0 0 0 1 0 0]
2025-06-29 12:50:24,241 DEBUG player_1: [1 1 1 1 0 0 0 0 1 1 0]
2025-06-29 12:50:24,250 DEBUG player_0: [1 1 1 1 0 0 0 0 1 0 0]
2025-06-29 12:50:24,252 DEBUG player_1: [1 1 1 1 0 0 0 0 1 1 0]
2025-06-29 12:50:24,257 DEBUG player_0: [1 1 1 1 0 0 0 0 1 0 0]
2025-06-29 12:50:24,261 DEBUG player_0: [1 1 1 1 0 0 0 0 1 0 0]
2025-06-29 12:50:24,265 DEBUG player_0: [1 1 1 1 0 0 0 0 1 1 0]
2025-06-29 12:50:24,270 DEBUG player_0: [1 1 1 1 0 0 0 0 1 0 0]
2025-06-29 12:50:24,274 DEBUG player_0: [1 1 1 1 0 0 0 0 1 0 0]
2025-06-29 12:50:24,274 DEBUG player_1: [1 1 1 1 0 0 0 0 1 1 0]
2025-06-29 12:50:24,275 DEBUG player_1: [1 1 1 1 0 0 0 0 1 0 0]
2025-06-29 12:50:24,276 DEBUG player_1: [1 1 1 1 0 0 0 0 0 0 0]
2025-06-29 12:50:24,276 DEBUG player_1: [1 1 1 1 0 0 0 0 0 0 0]
2025-06-29 12:50:24,277 DEBUG player_1: [1 1 1 1 0 0 0 0 1 0 0]
2025-06-29 12:50:24,358 DEBUG player_0: [1 1 1 1 0 0 0 0 1 0 0]
2025-06-29 12:50:24,359 DEBUG player_1: [1 1 1 1 0 0 0 0 1 1 0]
2025-06-29 12:50:24,409 DEBUG player_0: [0 0 0 0 0 0 0 0 1 1 0]
2025-06-29 12:50:24,411 DEBUG player_1: [0 0 0 0 0 0 0 0 1 0 0]
2025-06-29 12:50:24,415 DEBUG player_0: [1 1 1 1 0 0 0 0 1 1 0]
2025-06-29 12:50:24,418 DEBUG player_0: [1 1 1 1 0 0 0 0 1 0 0]
2025-06-29 12:50:24,423 DEBUG player_0: [1 1 1 1 0 0 0 0 1 0 0]
2025-06-29 12:50:24,427 DEBUG player_0: [1 1 1 1 0 0 0 0 1 0 0]
2025-06-29 12:50:24,429 DEBUG player_1: [1 1 1 1 0 0 0 0 0 0 0]
2025-06-29 12:50:24,429 DEBUG player_1: [1 1 1 1 0 0 0 0 1 0 0]
2025-06-29 12:50:24,430 DEBUG player_1: [1 1 1 1 0 0 0 0 0 0 0]
2025-06-29 12:50:24,430 DEBUG player_1: [1 1 1 1 0 0 0 0 1 0 0]
2025-06-29 12:50:24,469 DEBUG player_0: [1 1 1 1 0 0 0 0 1 0 0]
2025-06-29 12:50:24,470 DEBUG player_1: [1 1 1 1 0 0 0 0 1 1 0]
2025-06-29 12:50:24,542 DEBUG player_0: [1 1 1 1 0 0 0 0 1 1 0]
2025-06-29 12:50:24,543 DEBUG player_1: [1 1 1 1 0 0 0 0 0 0 0]
2025-06-29 12:50:24,561 DEBUG player_0: [1 1 1 1 0 0 0 0 1 0 0]
2025-06-29 12:50:24,562 DEBUG player_1: [1 1 1 1 0 0 0 0 1 0 0]
2025-06-29 12:50:24,566 DEBUG player_0: [1 1 1 1 0 0 0 0 1 0 0]
2025-06-29 12:50:24,570 DEBUG player_0: [1 1 1 1 0 0 0 0 1 0 0]
2025-06-29 12:50:24,570 DEBUG player_1: [1 1 1 1 0 0 0 0 0 0 0]
2025-06-29 12:50:24,571 DEBUG player_1: [1 1 1 1 0 0 0 0 0 0 0]
2025-06-29 12:50:24,582 DEBUG player_0: [1 1 1 1 0 0 0 0 1 0 0]
2025-06-29 12:50:24,583 DEBUG player_1: [1 1 1 1 0 0 0 0 1 1 0]
2025-06-29 12:50:24,605 DEBUG player_0: [0 0 0 0 0 0 0 0 1 0 0]
2025-06-29 12:50:24,605 DEBUG player_1: [0 0 0 0 0 0 0 0 1 1 0]
2025-06-29 12:50:24,642 DEBUG player_0: [0 0 0 0 0 0 0 0 1 0 0]
2025-06-29 12:50:24,643 DEBUG player_1: [0 0 0 0 0 0 0 0 1 0 0]
2025-06-29 12:50:24,654 DEBUG player_0: [1 1 1 1 0 0 0 0 1 1 0]
2025-06-29 12:50:24,654 DEBUG player_1: [1 1 1 1 0 0 0 0 0 0 0]
2025-06-29 12:50:24,689 DEBUG player_0: [1 1 1 1 0 0 0 0 1 0 0]
2025-06-29 12:50:24,693 DEBUG player_0: [0 0 0 1 0 0 0 0 0 0 0]
2025-06-29 12:50:24,698 DEBUG player_0: [1 1 1 1 0 0 0 0 1 0 0]
2025-06-29 12:50:24,702 DEBUG player_0: [1 1 1 1 0 0 0 0 1 0 0]
2025-06-29 12:50:24,703 DEBUG player_1: [1 1 1 1 0 0 0 0 1 0 0]
2025-06-29 12:50:24,703 DEBUG player_1: [1 1 1 1 0 0 0 0 0 0 0]
2025-06-29 12:50:24,703 DEBUG player_1: [1 1 1 1 0 0 0 0 0 0 0]
2025-06-29 12:50:24,704 DEBUG player_1: [1 0 0 0 0 0 0 0 0 0 0]
2025-06-29 12:50:24,714 DEBUG player_0: [1 1 1 1 0 0 0 0 1 0 0]
2025-06-29 12:50:24,714 DEBUG player_1: [1 1 1 1 0 0 0 0 1 0 0]
2025-06-29 12:50:24,752 DEBUG player_0: [1 1 1 1 0 0 0 0 1 0 0]
2025-06-29 12:50:24,752 DEBUG player_1: [1 1 1 1 0 0 0 0 1 0 0]
2025-06-29 12:50:24,799 DEBUG player_0: [0 0 0 0 0 0 0 0 1 0 0]
2025-06-29 12:50:24,799 DEBUG player_1: [0 0 0 0 0 0 0 0 1 1 0]
2025-06-29 12:50:24,819 DEBUG player_0: [0 0 0 0 0 0 0 0 1 0 0]
2025-06-29 12:50:24,820 DEBUG player_1: [0 0 0 0 0 0 0 0 1 1 0]
2025-06-29 12:50:24,831 DEBUG player_0: [1 1 1 1 0 0 0 0 1 0 0]
2025-06-29 12:50:24,832 DEBUG player_1: [1 1 1 1 0 0 0 0 0 0 0]
2025-06-29 12:50:24,836 DEBUG player_0: [1 1 1 1 0 0 0 0 1 0 0]
2025-06-29 12:50:24,841 DEBUG player_0: [1 1 1 1 0 0 0 0 1 0 0]
2025-06-29 12:50:24,842 DEBUG player_1: [1 1 1 1 0 0 0 0 0 0 0]
2025-06-29 12:50:24,842 DEBUG player_1: [1 1 1 1 0 0 0 0 1 1 0]
2025-06-29 12:50:24,846 DEBUG player_0: [1 1 1 1 0 0 0 0 1 0 0]
2025-06-29 12:50:24,847 DEBUG player_1: [1 1 1 1 0 0 0 0 1 0 0]
2025-06-29 12:50:24,863 DEBUG player_0: [1 1 1 1 0 0 0 0 1 0 0]
2025-06-29 12:50:24,866 DEBUG player_1: [1 1 1 1 0 0 0 0 1 0 0]
2025-06-29 12:50:24,909 DEBUG player_0: [1 1 1 1 0 0 0 0 1 0 0]
2025-06-29 12:50:24,909 DEBUG player_1: [1 1 1 1 0 0 0 0 1 0 0]
2025-06-29 12:50:24,929 DEBUG player_0: [1 1 1 1 0 0 0 0 1 0 0]
2025-06-29 12:50:24,930 DEBUG player_1: [1 1 1 1 0 0 0 0 1 0 0]
2025-06-29 12:50:24,969 DEBUG player_0: [0 0 0 1 0 0 0 0 0 0 0]
2025-06-29 12:50:24,974 DEBUG player_0: [0 0 0 0 0 0 0 0 1 1 0]
2025-06-29 12:50:24,974 DEBUG player_1: [1 1 1 1 0 0 0 0 1 1 0]
2025-06-29 12:50:24,978 DEBUG player_0: [1 1 1 1 0 0 0 0 1 0 0]
2025-06-29 12:50:24,982 DEBUG player_0: [1 1 1 1 0 0 0 0 1 0 0]
2025-06-29 12:50:24,984 DEBUG player_1: [1 1 1 1 0 0 0 0 0 0 0]
2025-06-29 12:50:24,984 DEBUG player_1: [0 0 0 0 0 0 0 0 1 0 0]
2025-06-29 12:50:24,984 DEBUG player_1: [1 1 1 1 0 0 0 0 1 0 0]
2025-06-29 12:50:25,020 DEBUG player_0: [1 1 1 1 0 0 0 0 1 0 0]
2025-06-29 12:50:25,020 DEBUG player_1: [1 1 1 1 0 0 0 0 1 0 0]
2025-06-29 12:50:25,098 DEBUG player_0: [1 1 1 1 0 0 0 0 1 0 0]
2025-06-29 12:50:25,098 DEBUG player_1: [1 1 1 1 0 0 0 0 1 1 0]
2025-06-29 12:50:25,106 DEBUG player_0: [1 1 1 1 0 0 0 0 1 1 0]
2025-06-29 12:50:25,108 DEBUG player_1: [1 1 1 1 0 0 0 0 0 0 0]
2025-06-29 12:50:25,113 DEBUG player_0: [1 1 1 1 0 0 0 0 1 0 0]
2025-06-29 12:50:25,114 DEBUG player_1: [1 1 1 1 0 0 0 0 1 0 0]
2025-06-29 12:50:25,131 DEBUG player_0: [1 1 1 1 0 0 0 0 1 0 0]
2025-06-29 12:50:25,131 DEBUG player_1: [1 1 1 1 0 0 0 0 1 0 0]
2025-06-29 12:50:25,171 DEBUG player_0: [0 0 0 0 0 0 0 0 1 1 0]
2025-06-29 12:50:25,172 DEBUG player_1: [0 0 0 0 0 0 0 0 0 0 0]
2025-06-29 12:50:25,213 DEBUG player_0: [1 1 1 1 0 0 0 0 1 0 0]
2025-06-29 12:50:25,213 DEBUG player_1: [1 1 1 1 0 0 0 0 1 1 0]
2025-06-29 12:50:25,228 DEBUG player_0: [1 1 1 1 0 0 0 0 1 1 0]
2025-06-29 12:50:25,232 DEBUG player_0: [0 0 0 0 0 0 0 0 1 0 0]
2025-06-29 12:50:25,233 DEBUG player_1: [0 0 0 0 0 0 0 0 1 0 0]
2025-06-29 12:50:25,237 DEBUG player_0: [1 1 1 1 0 0 0 0 1 0 0]
2025-06-29 12:50:25,238 DEBUG player_1: [1 1 1 1 0 0 0 0 0 0 0]
2025-06-29 12:50:25,239 DEBUG player_1: [1 1 1 1 0 0 0 0 1 0 0]
2025-06-29 12:50:25,280 DEBUG player_0: [1 1 1 1 0 0 0 0 1 0 0]
2025-06-29 12:50:25,280 DEBUG player_1: [1 1 1 1 0 0 0 0 0 0 0]
2025-06-29 12:50:25,349 DEBUG player_0: [1 1 1 1 0 0 0 0 0 0 0]
2025-06-29 12:50:25,349 DEBUG player_1: [1 1 1 1 0 0 0 0 1 0 0]
2025-06-29 12:50:25,356 DEBUG player_0: [1 1 1 1 0 0 0 0 1 1 0]
2025-06-29 12:50:25,358 DEBUG player_1: [1 1 1 1 0 0 0 0 0 0 0]
2025-06-29 12:50:25,364 DEBUG player_0: [0 0 0 0 0 0 0 0 1 0 0]
2025-06-29 12:50:25,365 DEBUG player_1: [0 0 0 0 0 0 0 0 0 0 0]
2025-06-29 12:50:25,386 DEBUG player_0: [0 0 0 0 0 0 0 0 1 0 0]
2025-06-29 12:50:25,386 DEBUG player_1: [0 0 0 0 0 0 0 0 1 0 0]
2025-06-29 12:50:25,443 DEBUG player_0: [0 0 0 0 0 0 0 0 1 0 0]
2025-06-29 12:50:25,443 DEBUG player_1: [0 0 0 0 0 0 0 0 1 0 0]
2025-06-29 12:50:25,463 DEBUG player_0: [1 1 1 1 0 0 0 0 0 0 0]
2025-06-29 12:50:25,463 DEBUG player_1: [1 1 1 1 0 0 0 0 1 0 0]
2025-06-29 12:50:25,473 DEBUG player_0: [1 1 1 1 0 0 0 0 0 0 0]
2025-06-29 12:50:25,475 DEBUG player_1: [1 1 1 1 0 0 0 0 0 0 0]
2025-06-29 12:50:25,495 DEBUG player_0: [1 1 1 1 0 0 0 0 0 0 0]
2025-06-29 12:50:25,495 DEBUG player_1: [1 1 1 1 0 0 0 0 1 0 0]
2025-06-29 12:50:25,559 DEBUG player_0: [1 1 1 1 0 0 0 0 1 0 0]
2025-06-29 12:50:25,560 DEBUG player_1: [1 1 1 1 0 0 0 0 1 0 0]
2025-06-29 12:50:25,580 DEBUG player_0: [1 1 1 1 0 0 0 0 0 0 0]
2025-06-29 12:50:25,585 DEBUG player_0: [0 0 0 1 0 0 0 0 0 0 0]
2025-06-29 12:50:25,585 DEBUG player_1: [1 1 1 1 0 0 0 0 1 0 0]
2025-06-29 12:50:25,586 DEBUG player_1: [1 1 1 1 0 0 0 0 0 0 0]
2025-06-29 12:50:25,605 DEBUG player_0: [1 1 1 1 0 0 0 0 0 0 0]
2025-06-29 12:50:25,606 DEBUG player_1: [1 1 1 1 0 0 0 0 1 0 0]
2025-06-29 12:50:25,646 DEBUG player_0: [0 0 0 0 0 0 0 0 1 0 0]
2025-06-29 12:50:25,646 DEBUG player_1: [0 0 0 0 0 0 0 0 1 0 0]
2025-06-29 12:50:25,696 DEBUG player_0: [1 1 1 1 0 0 0 0 0 0 0]
2025-06-29 12:50:25,696 DEBUG player_1: [1 1 1 1 0 0 0 0 1 0 0]
2025-06-29 12:50:25,717 DEBUG player_0: [1 1 1 1 0 0 0 0 0 0 0]
2025-06-29 12:50:25,718 DEBUG player_1: [1 1 1 1 0 0 0 0 1 0 0]
2025-06-29 12:50:25,737 DEBUG player_0: [0 0 0 0 0 0 0 0 1 0 0]
2025-06-29 12:50:25,738 DEBUG player_1: [0 0 0 0 0 0 0 0 1 1 0]
2025-06-29 12:50:25,755 DEBUG player_0: [1 1 1 1 0 0 0 0 1 0 0]
2025-06-29 12:50:25,756 DEBUG player_1: [1 1 1 1 0 0 0 0 0 0 0]
2025-06-29 12:50:25,767 DEBUG player_0: [0 0 0 0 0 0 0 0 1 0 0]
2025-06-29 12:50:25,769 DEBUG player_1: [0 0 0 0 0 0 0 0 1 0 0]
2025-06-29 12:50:25,797 DEBUG player_0: [0 0 0 0 0 0 0 0 1 0 0]
2025-06-29 12:50:25,798 DEBUG player_1: [0 0 0 0 0 0 0 0 0 0 0]
2025-06-29 12:50:25,806 DEBUG player_0: [1 1 1 1 0 0 0 0 0 0 0]
2025-06-29 12:50:25,807 DEBUG player_1: [1 1 1 1 0 0 0 0 1 0 0]
2025-06-29 12:50:25,828 DEBUG player_0: [1 1 1 1 0 0 0 0 0 0 0]
2025-06-29 12:50:25,829 DEBUG player_1: [1 1 1 1 0 0 0 0 1 0 0]
2025-06-29 12:50:25,846 DEBUG player_0: [0 0 0 1 0 0 0 0 0 0 0]
2025-06-29 12:50:25,846 DEBUG player_1: [1 1 1 1 0 0 0 0 1 0 0]
2025-06-29 12:50:25,874 DEBUG player_0: [0 0 0 0 0 0 0 0 1 1 0]
2025-06-29 12:50:25,874 DEBUG player_1: [0 0 0 0 0 0 0 0 0 0 0]
2025-06-29 12:50:25,879 DEBUG player_0: [1 1 1 1 0 0 0 0 1 0 0]
2025-06-29 12:50:25,880 DEBUG player_1: [1 1 1 1 0 0 0 0 0 0 0]
2025-06-29 12:50:25,906 DEBUG player_0: [1 1 1 1 0 0 0 0 0 0 0]
2025-06-29 12:50:25,907 DEBUG player_1: [1 1 1 1 0 0 0 0 0 0 0]
2025-06-29 12:50:25,915 DEBUG player_0: [1 1 1 1 0 0 0 0 0 0 0]
2025-06-29 12:50:25,917 DEBUG player_1: [1 1 1 1 0 0 0 0 1 0 0]
2025-06-29 12:50:25,961 DEBUG player_0: [1 1 1 1 0 0 0 0 1 0 0]
2025-06-29 12:50:25,961 DEBUG player_1: [1 1 1 1 0 0 0 0 1 0 0]
2025-06-29 12:50:25,996 DEBUG player_0: [1 1 1 1 0 0 0 0 1 0 0]
2025-06-29 12:50:26,002 DEBUG player_0: [1 1 1 1 0 0 0 0 1 0 0]
2025-06-29 12:50:26,002 DEBUG player_1: [1 1 1 1 0 0 0 0 0 0 0]
2025-06-29 12:50:26,003 DEBUG player_1: [1 0 0 0 0 0 0 0 0 0 0]
2025-06-29 12:50:26,022 DEBUG player_0: [1 1 1 1 0 0 0 0 0 0 0]
2025-06-29 12:50:26,029 DEBUG player_0: [1 1 1 1 0 0 0 0 0 0 0]
2025-06-29 12:50:26,030 DEBUG player_1: [1 1 1 1 0 0 0 0 0 0 0]
2025-06-29 12:50:26,030 DEBUG player_1: [1 1 1 1 0 0 0 0 1 0 0]
2025-06-29 12:50:26,071 DEBUG player_0: [0 0 0 1 0 0 0 0 0 0 0]
2025-06-29 12:50:26,071 DEBUG player_1: [1 1 1 1 0 0 0 0 1 0 0]
2025-06-29 12:50:26,076 DEBUG player_0: [0 0 0 0 0 0 0 0 1 0 0]
2025-06-29 12:50:26,077 DEBUG player_1: [0 0 0 0 0 0 0 0 1 0 0]
2025-06-29 12:50:26,119 DEBUG player_0: [1 1 1 1 0 0 0 0 1 0 0]
2025-06-29 12:50:26,120 DEBUG player_1: [1 1 1 1 0 0 0 0 0 0 0]
2025-06-29 12:50:26,124 DEBUG player_0: [1 1 1 1 0 0 0 0 1 0 0]
2025-06-29 12:50:26,125 DEBUG player_1: [1 1 1 1 0 0 0 0 0 0 0]
2025-06-29 12:50:26,183 DEBUG player_0: [1 1 1 1 0 0 0 0 1 0 0]
2025-06-29 12:50:26,184 DEBUG player_1: [1 1 1 1 0 0 0 0 1 0 0]
2025-06-29 12:50:26,188 DEBUG player_0: [1 1 1 1 0 0 0 0 0 0 0]
2025-06-29 12:50:26,189 DEBUG player_1: [1 1 1 1 0 0 0 0 1 0 0]
2025-06-29 12:50:26,238 DEBUG player_0: [1 1 1 1 0 0 0 0 1 0 0]
2025-06-29 12:50:26,238 DEBUG player_1: [1 1 1 1 0 0 0 0 0 0 0]
2025-06-29 12:50:26,281 DEBUG player_0: [0 0 0 0 0 0 0 0 1 0 0]
2025-06-29 12:50:26,282 DEBUG player_1: [0 0 0 0 0 0 0 0 0 0 0]
2025-06-29 12:50:26,304 DEBUG player_0: [0 0 0 1 0 0 0 0 0 0 0]
2025-06-29 12:50:26,309 DEBUG player_0: [1 1 1 1 0 0 0 0 0 0 0]
2025-06-29 12:50:26,309 DEBUG player_1: [1 1 1 1 0 0 0 0 1 0 0]
2025-06-29 12:50:26,310 DEBUG player_1: [1 1 1 1 0 0 0 0 1 0 0]
2025-06-29 12:50:26,350 DEBUG player_0: [1 1 1 1 0 0 0 0 1 0 0]
2025-06-29 12:50:26,350 DEBUG player_1: [1 1 1 1 0 0 0 0 0 0 0]
2025-06-29 12:50:26,391 DEBUG player_0: [1 1 1 1 0 0 0 0 0 0 0]
2025-06-29 12:50:26,392 DEBUG player_1: [1 1 1 1 0 0 0 0 0 0 0]
2025-06-29 12:50:26,425 DEBUG player_0: [1 1 1 1 0 0 0 0 0 0 0]
2025-06-29 12:50:26,426 DEBUG player_1: [1 1 1 1 0 0 0 0 1 0 0]
2025-06-29 12:50:26,502 DEBUG player_0: [1 1 1 1 0 0 0 0 0 0 0]
2025-06-29 12:50:26,502 DEBUG player_1: [1 1 1 1 0 0 0 0 0 0 0]
2025-06-29 12:50:26,538 DEBUG player_0: [1 1 1 1 0 0 0 0 0 0 0]
2025-06-29 12:50:26,539 DEBUG player_1: [1 1 1 1 0 0 0 0 1 0 0]
2025-06-29 12:50:26,565 DEBUG player_0: [0 0 0 0 0 0 0 0 0 0 0]
2025-06-29 12:50:26,566 DEBUG player_1: [0 0 0 0 0 0 0 0 1 0 0]
2025-06-29 12:50:26,614 DEBUG player_0: [1 1 1 1 0 0 0 0 0 0 0]
2025-06-29 12:50:26,614 DEBUG player_1: [1 1 1 1 0 0 0 0 0 0 0]
2025-06-29 12:50:26,651 DEBUG player_0: [0 0 0 0 0 0 0 0 1 0 0]
2025-06-29 12:50:26,651 DEBUG player_1: [0 0 0 0 0 0 0 0 0 0 0]
2025-06-29 12:50:26,676 DEBUG player_0: [1 1 1 1 0 0 0 0 0 0 0]
2025-06-29 12:50:26,677 DEBUG player_1: [1 1 1 1 0 0 0 0 1 0 0]
2025-06-29 12:50:26,728 DEBUG player_0: [1 1 1 1 0 0 0 0 0 0 0]
2025-06-29 12:50:26,729 DEBUG player_1: [1 1 1 1 0 0 0 0 0 0 0]
2025-06-29 12:50:26,762 DEBUG player_0: [1 1 1 1 0 0 0 0 0 0 0]
2025-06-29 12:50:26,763 DEBUG player_1: [1 1 1 1 0 0 0 0 0 0 0]
2025-06-29 12:50:26,788 DEBUG player_0: [1 1 1 1 0 0 0 0 0 0 0]
2025-06-29 12:50:26,789 DEBUG player_1: [1 1 1 1 0 0 0 0 1 0 0]
2025-06-29 12:50:26,829 DEBUG player_0: [0 0 0 0 0 0 0 0 1 0 0]
2025-06-29 12:50:26,829 DEBUG player_1: [0 0 0 0 0 0 0 0 1 0 0]
2025-06-29 12:50:26,869 DEBUG player_0: [0 0 0 0 0 0 0 0 1 0 0]
2025-06-29 12:50:26,870 DEBUG player_1: [0 0 0 0 0 0 0 0 0 0 0]
2025-06-29 12:50:26,874 DEBUG player_0: [1 1 1 1 0 0 0 0 0 0 0]
2025-06-29 12:50:26,875 DEBUG player_1: [1 1 1 1 0 0 0 0 0 0 0]
2025-06-29 12:50:26,899 DEBUG player_0: [1 1 1 1 0 0 0 0 0 0 0]
2025-06-29 12:50:26,900 DEBUG player_1: [1 1 1 1 0 0 0 0 1 0 0]
2025-06-29 12:50:26,939 DEBUG player_0: [1 1 1 1 0 0 0 0 0 0 0]
2025-06-29 12:50:26,939 DEBUG player_1: [1 1 1 1 0 0 0 0 1 0 0]
2025-06-29 12:50:26,986 DEBUG player_0: [1 1 1 1 0 0 0 0 0 0 0]
2025-06-29 12:50:26,987 DEBUG player_1: [1 1 1 1 0 0 0 0 0 0 0]
2025-06-29 12:50:26,992 DEBUG player_0: [1 0 0 0 0 0 0 0 0 0 0]
2025-06-29 12:50:26,992 DEBUG player_1: [1 1 1 1 0 0 0 0 0 0 0]
2025-06-29 12:50:27,010 DEBUG player_0: [1 1 1 1 0 0 0 0 0 0 0]
2025-06-29 12:50:27,011 DEBUG player_1: [1 1 1 1 0 0 0 0 1 0 0]
2025-06-29 12:50:27,056 DEBUG player_0: [0 0 0 0 0 0 0 0 0 0 0]
2025-06-29 12:50:27,057 DEBUG player_1: [0 0 0 0 0 0 0 0 1 0 0]
2025-06-29 12:50:27,103 DEBUG player_0: [1 1 1 1 0 0 0 0 0 0 0]
2025-06-29 12:50:27,104 DEBUG player_1: [1 1 1 1 0 0 0 0 0 0 0]
2025-06-29 12:50:27,109 DEBUG player_0: [1 1 1 1 0 0 0 0 0 0 0]
2025-06-29 12:50:27,110 DEBUG player_1: [1 1 1 1 0 0 0 0 0 0 0]
2025-06-29 12:50:27,165 DEBUG player_0: [1 1 1 1 0 0 0 0 0 0 0]
2025-06-29 12:50:27,165 DEBUG player_1: [1 1 1 1 0 0 0 0 0 0 0]
2025-06-29 12:50:27,223 DEBUG player_0: [1 1 1 1 0 0 0 0 0 0 0]
2025-06-29 12:50:27,224 DEBUG player_1: [1 1 1 1 0 0 0 0 0 0 0]
2025-06-29 12:50:27,229 DEBUG player_0: [1 0 0 0 0 0 0 0 0 0 0]
2025-06-29 12:50:27,230 DEBUG player_1: [1 1 1 1 0 0 0 0 0 0 0]
2025-06-29 12:50:27,351 DEBUG player_0: [1 1 1 1 0 0 0 0 0 0 0]
2025-06-29 12:50:27,352 DEBUG player_1: [1 1 1 1 0 0 0 0 0 0 0]
2025-06-29 12:50:27,466 DEBUG player_0: [0 0 0 0 0 0 0 0 0 0 0]
2025-06-29 12:50:27,475 DEBUG player_0: [1 1 1 1 0 0 0 0 0 0 0]
2025-06-29 12:50:27,475 DEBUG player_1: [0 0 0 0 0 0 0 0 1 0 0]
2025-06-29 12:50:27,476 DEBUG player_1: [1 1 1 1 0 0 0 0 0 0 0]
2025-06-29 12:50:27,534 DEBUG player_0: [0 0 0 0 0 0 0 0 0 0 0]
2025-06-29 12:50:27,535 DEBUG player_1: [0 0 0 0 0 0 0 0 1 0 0]
2025-06-29 12:50:27,593 DEBUG player_0: [1 1 1 1 0 0 0 0 0 0 0]
2025-06-29 12:50:27,600 DEBUG player_0: [1 1 1 1 0 0 0 0 0 0 0]
2025-06-29 12:50:27,601 DEBUG player_1: [1 1 1 1 0 0 0 0 0 0 0]
2025-06-29 12:50:27,601 DEBUG player_1: [1 1 1 1 0 0 0 0 0 0 0]
2025-06-29 12:50:27,646 DEBUG player_0: [1 1 1 1 0 0 0 0 0 0 0]
2025-06-29 12:50:27,646 DEBUG player_1: [1 1 1 1 0 0 0 0 1 0 0]
2025-06-29 12:50:27,738 DEBUG player_0: [1 1 1 1 0 0 0 0 0 0 0]
2025-06-29 12:50:27,739 DEBUG player_1: [1 1 1 1 0 0 0 0 0 0 0]
2025-06-29 12:50:27,763 DEBUG player_0: [1 1 1 1 0 0 0 0 0 0 0]
2025-06-29 12:50:27,763 DEBUG player_1: [1 1 1 1 0 0 0 0 1 0 0]
2025-06-29 12:50:27,855 DEBUG player_0: [1 1 1 1 0 0 0 0 0 0 0]
2025-06-29 12:50:27,856 DEBUG player_1: [1 1 1 1 0 0 0 0 0 0 0]
2025-06-29 12:50:27,983 DEBUG player_0: [1 1 1 1 0 0 0 0 0 0 0]
2025-06-29 12:50:27,984 DEBUG player_1: [1 1 1 1 0 0 0 0 0 0 0]
2025-06-29 12:50:28,105 DEBUG player_0: [1 1 1 1 0 0 0 0 0 0 0]
2025-06-29 12:50:28,106 DEBUG player_1: [1 1 1 1 0 0 0 0 0 0 0]
2025-06-29 12:50:28,226 DEBUG player_0: [1 0 0 0 0 0 0 0 0 0 0]
2025-06-29 12:50:28,227 DEBUG player_1: [1 1 1 1 0 0 0 0 0 0 0]
2025-06-29 12:50:28,304 DEBUG player_0: [0 0 0 0 0 0 0 0 0 0 0]
2025-06-29 12:50:28,304 DEBUG player_1: [0 0 0 0 0 0 0 0 1 0 0]
2025-06-29 12:50:28,418 DEBUG player_0: [1 1 1 1 0 0 0 0 0 0 0]
2025-06-29 12:50:28,418 DEBUG player_1: [1 1 1 1 0 0 0 0 0 0 0]
2025-06-29 12:50:28,442 DEBUG player_0: [1 1 1 1 1 1 1 1 1 1 0]
