2025-07-08 15:39:31,793 INFO Run parameters: {'log_level': 'INFO', 'config': '/Users/takagikouichi/Documents/GitHub/Maple/config/train_config.yml', 'episodes': 1, 'save': 'model_debug.pt', 'tensorboard': False, 'ppo_epochs': 4, 'clip': None, 'gae_lambda': None, 'value_coef': None, 'entropy_coef': None, 'gamma': None, 'parallel': 8, 'algo': 'ppo', 'checkpoint_interval': 500, 'checkpoint_dir': 'checkpoints', 'reward': 'composite', 'reward_config': '/Users/takagikouichi/Documents/GitHub/Maple/config/reward.yaml', 'opponent': 'random', 'opponent_mix': 'max:7,self:3', 'team': 'random', 'teams_dir': None, 'load_model': None}
2025-07-08 15:39:31,816 INFO Using random team mode with teams from: /Users/takagikouichi/Documents/GitHub/Maple/config/teams
2025-07-08 15:39:31,816 INFO Using opponent mix: [('max', 0.7), ('self', 0.3)]
2025-07-08 15:39:31,944 INFO Loading teams from /Users/takagikouichi/Documents/GitHub/Maple/config/teams
2025-07-08 15:39:31,945 INFO Successfully loaded 3 teams
2025-07-08 15:39:32,862 INFO Loading teams from /Users/takagikouichi/Documents/GitHub/Maple/config/teams
2025-07-08 15:39:32,862 INFO Successfully loaded 3 teams
2025-07-08 15:39:32,902 INFO Loading teams from /Users/takagikouichi/Documents/GitHub/Maple/config/teams
2025-07-08 15:39:32,902 INFO Successfully loaded 3 teams
2025-07-08 15:39:32,942 INFO Loading teams from /Users/takagikouichi/Documents/GitHub/Maple/config/teams
2025-07-08 15:39:32,942 INFO Successfully loaded 3 teams
2025-07-08 15:39:33,058 INFO Loading teams from /Users/takagikouichi/Documents/GitHub/Maple/config/teams
2025-07-08 15:39:33,058 INFO Successfully loaded 3 teams
2025-07-08 15:39:33,099 INFO Loading teams from /Users/takagikouichi/Documents/GitHub/Maple/config/teams
2025-07-08 15:39:33,099 INFO Successfully loaded 3 teams
2025-07-08 15:39:33,140 INFO Loading teams from /Users/takagikouichi/Documents/GitHub/Maple/config/teams
2025-07-08 15:39:33,140 INFO Successfully loaded 3 teams
2025-07-08 15:39:33,182 INFO Loading teams from /Users/takagikouichi/Documents/GitHub/Maple/config/teams
2025-07-08 15:39:33,182 INFO Successfully loaded 3 teams
2025-07-08 15:39:33,223 INFO Loading teams from /Users/takagikouichi/Documents/GitHub/Maple/config/teams
2025-07-08 15:39:33,223 INFO Successfully loaded 3 teams
2025-07-08 15:39:33,224 INFO Selecting team for player_0...
2025-07-08 15:39:33,225 INFO Selected random team starting with: Corviknight
2025-07-08 15:39:33,225 INFO Selecting team for player_1...
2025-07-08 15:39:33,225 INFO Selected random team starting with: Corviknight
2025-07-08 15:39:33,225 INFO Selecting team for player_0...
2025-07-08 15:39:33,225 INFO Selecting team for player_0...
2025-07-08 15:39:33,225 INFO Selecting team for player_0...
2025-07-08 15:39:33,226 INFO Selected random team starting with: Corviknight
2025-07-08 15:39:33,226 INFO Selecting team for player_1...
2025-07-08 15:39:33,226 INFO Selecting team for player_0...
2025-07-08 15:39:33,226 INFO Selecting team for player_0...
2025-07-08 15:39:33,226 INFO Selected random team starting with: Corviknight
2025-07-08 15:39:33,226 INFO Selected random team starting with: Corviknight
2025-07-08 15:39:33,225 INFO Selecting team for player_0...
2025-07-08 15:39:33,225 INFO Selecting team for player_0...
2025-07-08 15:39:33,226 INFO Selected random team starting with: Corviknight
2025-07-08 15:39:33,227 INFO Selected random team starting with: Corviknight
2025-07-08 15:39:33,227 INFO Selected random team starting with: Corviknight
2025-07-08 15:39:33,227 INFO Selecting team for player_1...
2025-07-08 15:39:33,227 INFO Selecting team for player_1...
2025-07-08 15:39:33,227 INFO Selected random team starting with: Corviknight
2025-07-08 15:39:33,227 INFO Selecting team for player_1...
2025-07-08 15:39:33,227 INFO Selecting team for player_1...
2025-07-08 15:39:33,227 INFO Selected random team starting with: Corviknight
2025-07-08 15:39:33,227 INFO Selecting team for player_1...
2025-07-08 15:39:33,227 INFO Selected random team starting with: Corviknight
2025-07-08 15:39:33,227 INFO Selected random team starting with: Corviknight
2025-07-08 15:39:33,227 INFO Selected random team starting with: Corviknight
2025-07-08 15:39:33,227 INFO Selected random team starting with: Corviknight
2025-07-08 15:39:33,227 INFO Selected random team starting with: Corviknight
2025-07-08 15:39:33,228 INFO Selecting team for player_1...
2025-07-08 15:39:33,228 INFO Selected random team starting with: Corviknight
2025-07-08 15:39:34,519 DEBUG player_0: [1 1 1 1 1 1 1 1 1 1 0]
2025-07-08 15:39:34,529 DEBUG player_0: [1 1 1 1 1 1 1 1 1 1 0]
2025-07-08 15:39:34,532 DEBUG player_0: [1 1 1 1 1 1 1 1 1 1 0]
2025-07-08 15:39:34,535 DEBUG player_0: [1 1 1 1 1 1 1 1 1 1 0]
2025-07-08 15:39:34,539 DEBUG player_0: [1 1 1 1 1 1 1 1 1 1 0]
2025-07-08 15:39:34,542 DEBUG player_0: [1 1 1 1 1 1 1 1 1 1 0]
2025-07-08 15:39:34,545 DEBUG player_0: [1 1 1 1 1 1 1 1 1 1 0]
2025-07-08 15:39:34,549 DEBUG player_0: [1 1 1 1 1 1 1 1 1 1 0]
2025-07-08 15:39:34,554 DEBUG player_1: [1 1 1 1 1 1 1 1 1 1 0]
2025-07-08 15:39:34,555 DEBUG player_1: [1 1 1 1 1 1 1 1 1 1 0]
2025-07-08 15:39:34,555 DEBUG player_1: [1 1 1 1 1 1 1 1 1 1 0]
2025-07-08 15:39:34,556 DEBUG player_1: [1 1 1 1 1 1 1 1 1 1 0]
2025-07-08 15:39:34,556 DEBUG player_0: [1 1 1 1 1 1 1 1 1 1 0]
2025-07-08 15:39:34,556 DEBUG player_1: [1 1 1 1 1 1 1 1 1 1 0]
2025-07-08 15:39:34,556 DEBUG player_1: [1 1 1 1 1 1 1 1 1 1 0]
2025-07-08 15:39:34,558 DEBUG RLAgent: chosen action = 2
2025-07-08 15:39:34,559 DEBUG RLAgent: chosen action = 2
2025-07-08 15:39:34,559 DEBUG RLAgent: chosen action = 2
2025-07-08 15:39:34,585 DEBUG player_0: [0 0 1 0 0 0 1 0 1 1 0]
2025-07-08 15:39:34,590 DEBUG player_0: [1 1 1 1 1 1 1 1 1 1 0]
2025-07-08 15:39:34,593 DEBUG player_0: [1 1 1 1 1 1 1 1 1 1 0]
2025-07-08 15:39:34,598 DEBUG player_0: [1 1 1 1 1 1 1 1 1 1 0]
2025-07-08 15:39:34,601 DEBUG player_0: [1 1 1 1 1 1 1 1 1 1 0]
2025-07-08 15:39:34,602 DEBUG player_1: [0 0 1 0 0 0 1 0 1 1 0]
2025-07-08 15:39:34,602 DEBUG player_1: [0 0 1 0 0 0 1 0 1 1 0]
2025-07-08 15:39:34,603 DEBUG player_1: [1 1 1 1 1 1 1 1 1 1 0]
2025-07-08 15:39:34,603 DEBUG player_1: [1 1 1 1 1 1 1 1 1 1 0]
2025-07-08 15:39:34,603 DEBUG player_1: [1 1 1 1 1 1 1 1 1 1 0]
2025-07-08 15:39:34,603 DEBUG player_1: [1 1 1 1 1 1 1 1 1 1 0]
2025-07-08 15:39:34,604 DEBUG RLAgent: chosen action = 2
2025-07-08 15:39:34,605 DEBUG RLAgent: chosen action = 5
2025-07-08 15:39:34,605 DEBUG RLAgent: chosen action = 2
2025-07-08 15:39:34,670 DEBUG player_0: [1 1 1 1 1 1 1 1 1 1 0]
2025-07-08 15:39:34,681 DEBUG player_0: [1 1 1 1 1 1 1 1 1 1 0]
2025-07-08 15:39:34,685 DEBUG player_0: [1 1 1 1 1 1 1 1 1 1 0]
2025-07-08 15:39:34,694 DEBUG player_0: [1 1 1 1 1 1 1 1 1 1 0]
2025-07-08 15:39:34,714 DEBUG player_0: [1 1 1 1 1 1 1 1 1 1 0]
2025-07-08 15:39:34,718 DEBUG player_0: [1 1 1 1 1 1 1 1 1 1 0]
2025-07-08 15:39:34,724 DEBUG player_0: [0 1 0 0 0 0 0 0 0 0 0]
2025-07-08 15:39:34,727 DEBUG player_0: [0 0 1 0 0 0 1 0 1 1 0]
2025-07-08 15:39:34,731 DEBUG player_0: [1 1 1 1 1 1 1 1 1 1 0]
2025-07-08 15:39:34,732 DEBUG player_1: [1 1 1 1 1 1 1 1 1 1 0]
2025-07-08 15:39:34,733 DEBUG player_1: [1 1 1 1 1 1 1 1 1 1 0]
2025-07-08 15:39:34,733 DEBUG player_1: [0 0 1 0 0 0 1 0 1 1 0]
2025-07-08 15:39:34,733 DEBUG player_1: [0 0 1 0 0 0 1 0 1 1 0]
2025-07-08 15:39:34,734 DEBUG RLAgent: chosen action = 2
2025-07-08 15:39:34,737 DEBUG player_0: [1 1 1 1 1 1 1 1 1 1 0]
2025-07-08 15:39:34,738 DEBUG RLAgent: chosen action = 2
2025-07-08 15:39:34,746 DEBUG player_0: [0 0 1 0 0 0 1 0 1 1 0]
2025-07-08 15:39:34,747 DEBUG player_1: [0 0 1 0 0 0 1 0 1 1 0]
2025-07-08 15:39:34,747 DEBUG player_1: [0 0 1 0 0 0 1 0 1 1 0]
2025-07-08 15:39:34,747 DEBUG RLAgent: chosen action = 2
2025-07-08 15:39:34,795 DEBUG player_0: [1 1 1 1 1 1 1 1 1 1 0]
2025-07-08 15:39:34,803 DEBUG player_0: [1 1 1 1 1 1 1 1 1 1 0]
2025-07-08 15:39:34,845 DEBUG player_0: [1 1 1 1 0 0 0 0 1 1 0]
2025-07-08 15:39:34,846 DEBUG player_1: [1 1 1 1 1 1 1 1 1 1 0]
2025-07-08 15:39:34,846 DEBUG player_1: [1 1 1 1 1 1 1 1 1 1 0]
2025-07-08 15:39:34,850 DEBUG player_0: [1 1 1 1 1 1 1 1 1 1 0]
2025-07-08 15:39:34,851 DEBUG RLAgent: chosen action = 2
2025-07-08 15:39:34,856 DEBUG player_0: [0 0 1 0 0 0 1 0 1 1 0]
2025-07-08 15:39:34,857 DEBUG player_1: [0 0 1 0 0 0 1 0 1 1 0]
2025-07-08 15:39:34,857 DEBUG player_1: [0 0 1 0 0 0 1 0 1 1 0]
2025-07-08 15:39:34,858 DEBUG RLAgent: chosen action = 2
2025-07-08 15:39:34,862 DEBUG player_0: [1 1 1 1 0 0 0 0 1 1 0]
2025-07-08 15:39:34,866 DEBUG player_0: [1 1 1 1 1 1 1 1 1 1 0]
2025-07-08 15:39:34,867 DEBUG player_1: [1 1 1 1 1 1 1 1 1 1 0]
2025-07-08 15:39:34,867 DEBUG player_1: [1 1 1 1 1 1 1 1 1 1 0]
2025-07-08 15:39:34,867 DEBUG RLAgent: chosen action = 2
2025-07-08 15:39:34,875 DEBUG player_0: [1 1 1 1 1 1 1 1 1 1 0]
2025-07-08 15:39:34,880 DEBUG player_0: [1 1 1 1 0 0 0 0 1 1 0]
2025-07-08 15:39:34,881 DEBUG player_1: [1 1 1 1 1 1 1 1 1 1 0]
2025-07-08 15:39:34,881 DEBUG player_1: [1 1 1 1 1 1 1 1 1 1 0]
2025-07-08 15:39:34,881 DEBUG RLAgent: chosen action = 2
2025-07-08 15:39:34,885 DEBUG player_0: [1 1 1 1 1 1 1 1 1 1 0]
2025-07-08 15:39:34,890 DEBUG player_0: [1 1 1 1 0 0 0 0 1 1 0]
2025-07-08 15:39:34,891 DEBUG player_1: [1 1 1 1 1 1 1 1 1 1 0]
2025-07-08 15:39:34,891 DEBUG player_1: [1 1 1 1 1 1 1 1 1 1 0]
2025-07-08 15:39:34,893 DEBUG RLAgent: chosen action = 2
2025-07-08 15:39:34,897 DEBUG player_0: [1 1 0 1 1 1 0 1 1 1 0]
2025-07-08 15:39:34,902 DEBUG player_0: [1 1 1 1 0 0 0 0 1 1 0]
2025-07-08 15:39:34,902 DEBUG player_1: [1 1 1 1 1 1 1 1 1 1 0]
2025-07-08 15:39:34,903 DEBUG player_1: [1 1 1 1 1 1 1 1 1 1 0]
2025-07-08 15:39:34,903 DEBUG RLAgent: chosen action = 2
2025-07-08 15:39:34,907 DEBUG player_0: [1 1 0 1 0 0 0 0 1 1 0]
2025-07-08 15:39:34,913 DEBUG player_0: [1 1 1 1 1 1 1 1 1 1 0]
2025-07-08 15:39:34,917 DEBUG player_0: [1 1 1 1 0 0 0 0 1 1 0]
2025-07-08 15:39:34,918 DEBUG player_1: [1 1 0 1 1 1 0 1 1 1 0]
2025-07-08 15:39:34,918 DEBUG player_1: [1 1 0 1 1 1 0 1 1 1 0]
2025-07-08 15:39:34,919 DEBUG RLAgent: chosen action = 5
2025-07-08 15:39:34,924 DEBUG player_0: [1 1 0 1 0 0 0 0 1 1 0]
2025-07-08 15:39:34,930 DEBUG player_0: [1 1 1 1 1 1 1 1 1 1 0]
2025-07-08 15:39:34,934 DEBUG player_0: [1 1 1 1 0 0 0 0 1 1 0]
2025-07-08 15:39:34,935 DEBUG player_1: [1 1 0 1 0 0 0 0 1 1 0]
2025-07-08 15:39:34,935 DEBUG player_1: [1 1 0 1 0 0 0 0 1 1 0]
2025-07-08 15:39:34,936 DEBUG RLAgent: chosen action = 0
2025-07-08 15:39:34,940 DEBUG player_0: [1 1 1 1 0 0 0 0 1 1 0]
2025-07-08 15:39:34,946 DEBUG player_0: [1 1 1 1 1 1 1 1 1 1 0]
2025-07-08 15:39:34,954 DEBUG player_0: [1 1 1 1 1 1 1 1 1 1 0]
2025-07-08 15:39:35,140 DEBUG player_0: [0 0 0 0 0 0 0 0 1 1 0]
2025-07-08 15:39:35,190 DEBUG player_0: [0 0 0 0 0 0 0 0 1 1 0]
2025-07-08 15:39:35,251 DEBUG player_0: [1 1 1 1 1 1 1 1 1 0 0]
2025-07-08 15:39:35,256 DEBUG player_0: [0 0 0 0 0 0 0 0 1 1 0]
2025-07-08 15:39:35,256 DEBUG player_1: [1 1 1 1 0 0 0 0 1 1 0]
2025-07-08 15:39:35,257 DEBUG player_1: [1 1 1 1 0 0 0 0 1 1 0]
2025-07-08 15:39:35,257 DEBUG RLAgent: chosen action = 2
2025-07-08 15:39:35,299 DEBUG player_0: [1 1 1 1 1 1 1 1 1 0 0]
2025-07-08 15:39:35,314 DEBUG player_0: [0 0 0 0 0 0 0 0 1 1 0]
2025-07-08 15:39:35,365 DEBUG player_0: [1 1 1 1 1 1 1 1 1 1 0]
2025-07-08 15:39:35,374 DEBUG player_0: [1 1 1 1 1 1 1 1 1 1 0]
2025-07-08 15:39:35,382 DEBUG player_0: [0 0 0 0 0 0 0 0 1 1 0]
2025-07-08 15:39:35,406 DEBUG player_0: [1 1 1 1 1 1 1 1 1 0 0]
2025-07-08 15:39:35,421 DEBUG player_0: [1 1 1 1 1 1 1 1 1 0 0]
2025-07-08 15:39:35,456 DEBUG player_0: [0 0 0 0 0 0 0 0 1 1 0]
2025-07-08 15:39:35,461 DEBUG player_0: [0 0 0 0 0 0 0 0 1 1 0]
2025-07-08 15:39:35,466 DEBUG player_0: [0 0 0 0 0 0 0 0 1 1 0]
2025-07-08 15:39:35,471 DEBUG player_0: [1 1 1 1 0 0 0 0 1 0 0]
2025-07-08 15:39:35,472 DEBUG player_1: [1 1 0 1 0 0 0 0 1 1 0]
2025-07-08 15:39:35,473 DEBUG player_1: [1 1 0 1 0 0 0 0 1 1 0]
2025-07-08 15:39:35,473 DEBUG RLAgent: chosen action = 0
2025-07-08 15:39:35,477 DEBUG player_0: [1 1 0 1 0 0 0 0 1 1 0]
2025-07-08 15:39:35,481 DEBUG player_0: [1 1 1 1 1 1 1 1 1 0 0]
2025-07-08 15:39:35,487 DEBUG player_0: [1 1 1 1 0 0 0 0 1 0 0]
2025-07-08 15:39:35,487 DEBUG player_1: [1 1 0 1 0 0 0 0 1 1 0]
2025-07-08 15:39:35,488 DEBUG player_1: [1 1 0 1 0 0 0 0 1 1 0]
2025-07-08 15:39:35,492 DEBUG player_0: [1 1 1 1 1 1 1 1 1 0 0]
2025-07-08 15:39:35,493 DEBUG RLAgent: chosen action = 0
2025-07-08 15:39:35,497 DEBUG player_0: [1 1 0 1 0 0 0 0 1 1 0]
2025-07-08 15:39:35,500 DEBUG player_0: [1 1 1 1 0 0 0 0 1 0 0]
2025-07-08 15:39:35,501 DEBUG player_1: [0 0 1 0 0 0 1 0 1 1 0]
2025-07-08 15:39:35,501 DEBUG player_1: [0 0 1 0 0 0 1 0 1 1 0]
2025-07-08 15:39:35,501 DEBUG RLAgent: chosen action = 2
2025-07-08 15:39:35,507 DEBUG player_0: [1 1 1 1 0 0 0 0 1 0 0]
2025-07-08 15:39:35,508 DEBUG player_1: [1 1 0 1 0 0 0 0 1 1 0]
2025-07-08 15:39:35,508 DEBUG player_1: [1 1 0 1 0 0 0 0 1 1 0]
2025-07-08 15:39:35,508 DEBUG RLAgent: chosen action = 0
2025-07-08 15:39:35,513 DEBUG player_0: [1 1 1 1 1 1 1 1 1 0 0]
2025-07-08 15:39:35,520 DEBUG player_0: [1 1 1 1 0 0 0 0 1 0 0]
2025-07-08 15:39:35,525 DEBUG player_0: [1 1 1 1 0 0 0 0 1 0 0]
2025-07-08 15:39:35,530 DEBUG player_0: [1 1 1 1 1 1 1 1 1 0 0]
2025-07-08 15:39:35,535 DEBUG player_0: [1 1 1 1 0 0 0 0 1 0 0]
2025-07-08 15:39:35,540 DEBUG player_0: [1 1 1 1 1 1 1 1 1 0 0]
2025-07-08 15:39:35,544 DEBUG player_0: [1 1 1 1 0 0 0 0 1 0 0]
2025-07-08 15:39:35,549 DEBUG player_0: [1 1 1 1 1 1 1 1 1 0 0]
2025-07-08 15:39:35,555 DEBUG player_0: [1 1 1 1 1 1 1 1 1 0 0]
2025-07-08 15:39:35,777 DEBUG player_0: [0 0 0 0 0 0 0 0 1 0 0]
2025-07-08 15:39:35,778 DEBUG player_1: [0 0 0 0 0 0 0 0 1 1 0]
2025-07-08 15:39:35,778 DEBUG player_1: [0 0 0 0 0 0 0 0 1 1 0]
2025-07-08 15:39:35,778 DEBUG RLAgent: chosen action = 9
2025-07-08 15:39:35,895 DEBUG player_0: [1 1 1 1 1 1 1 1 1 0 0]
2025-07-08 15:39:35,904 DEBUG player_0: [0 0 0 0 0 0 0 0 1 1 0]
2025-07-08 15:39:35,905 DEBUG player_1: [1 1 1 1 0 0 0 0 1 0 0]
2025-07-08 15:39:35,905 DEBUG player_1: [1 1 1 1 0 0 0 0 1 0 0]
2025-07-08 15:39:35,906 DEBUG RLAgent: chosen action = 2
2025-07-08 15:39:36,029 DEBUG player_0: [0 0 0 0 0 0 0 0 1 0 0]
2025-07-08 15:39:36,034 DEBUG player_0: [0 0 0 0 0 0 0 0 1 0 0]
2025-07-08 15:39:36,039 DEBUG player_0: [0 0 0 0 0 0 0 0 1 1 0]
2025-07-08 15:39:36,044 DEBUG player_0: [0 0 0 0 0 0 0 0 1 0 0]
2025-07-08 15:39:36,050 DEBUG player_0: [1 1 1 1 1 1 1 1 1 0 0]
2025-07-08 15:39:36,052 DEBUG player_1: [0 0 0 0 0 0 0 0 1 1 0]
2025-07-08 15:39:36,052 DEBUG player_1: [0 0 0 0 0 0 0 0 1 1 0]
2025-07-08 15:39:36,053 DEBUG RLAgent: chosen action = 9
2025-07-08 15:39:36,064 DEBUG player_0: [1 1 0 1 0 0 0 0 1 1 0]
2025-07-08 15:39:36,069 DEBUG player_0: [1 1 1 1 0 0 0 0 1 0 0]
2025-07-08 15:39:36,076 DEBUG player_0: [1 1 1 1 0 0 0 0 0 0 0]
2025-07-08 15:39:36,082 DEBUG player_0: [0 0 0 0 0 0 0 0 1 0 0]
2025-07-08 15:39:36,084 DEBUG player_1: [1 1 0 1 0 0 0 0 1 1 0]
2025-07-08 15:39:36,084 DEBUG player_1: [1 1 0 1 0 0 0 0 1 1 0]
2025-07-08 15:39:36,089 DEBUG player_0: [0 0 0 0 0 0 0 0 1 0 0]
2025-07-08 15:39:36,096 DEBUG player_0: [1 1 1 1 1 1 1 1 1 0 0]
2025-07-08 15:39:36,097 DEBUG RLAgent: chosen action = 0
2025-07-08 15:39:36,098 DEBUG player_1: [1 1 1 1 1 1 1 1 1 0 0]
2025-07-08 15:39:36,099 DEBUG player_1: [1 1 1 1 1 1 1 1 1 0 0]
2025-07-08 15:39:36,101 DEBUG RLAgent: chosen action = 4
2025-07-08 15:39:36,105 DEBUG player_0: [1 1 1 1 1 1 1 1 0 0 0]
2025-07-08 15:39:36,205 DEBUG player_0: [1 1 1 1 0 0 0 0 1 0 0]
2025-07-08 15:39:36,213 DEBUG player_0: [1 1 1 1 0 0 0 0 1 0 0]
2025-07-08 15:39:36,217 DEBUG player_0: [0 0 1 0 0 0 0 0 0 0 0]
2025-07-08 15:39:36,217 DEBUG player_1: [1 1 1 1 0 0 0 0 1 0 0]
2025-07-08 15:39:36,221 DEBUG player_0: [1 1 1 1 0 0 0 0 1 0 0]
2025-07-08 15:39:36,221 DEBUG player_1: [1 1 1 1 0 0 0 0 1 0 0]
2025-07-08 15:39:36,223 DEBUG RLAgent: chosen action = 2
2025-07-08 15:39:36,333 DEBUG player_0: [0 0 1 0 0 0 1 0 0 0 0]
2025-07-08 15:39:36,337 DEBUG player_0: [1 1 0 1 0 0 0 0 1 0 0]
2025-07-08 15:39:36,347 DEBUG player_0: [0 0 1 0 0 0 0 0 0 0 0]
2025-07-08 15:39:36,440 DEBUG player_0: [0 0 0 0 0 0 0 0 1 0 0]
2025-07-08 15:39:36,440 DEBUG player_1: [0 0 0 0 0 0 0 0 1 0 0]
2025-07-08 15:39:36,441 DEBUG player_1: [0 0 0 0 0 0 0 0 1 0 0]
2025-07-08 15:39:36,441 DEBUG RLAgent: chosen action = 8
2025-07-08 15:39:36,447 DEBUG player_0: [1 1 0 1 0 0 0 0 1 0 0]
2025-07-08 15:39:36,454 DEBUG player_0: [1 1 1 1 1 1 1 1 1 0 0]
2025-07-08 15:39:36,454 DEBUG player_1: [1 1 1 1 0 0 0 0 0 0 0]
2025-07-08 15:39:36,455 DEBUG player_1: [1 1 1 1 0 0 0 0 0 0 0]
2025-07-08 15:39:36,459 DEBUG player_0: [0 0 1 0 0 0 1 0 0 0 0]
2025-07-08 15:39:36,460 DEBUG RLAgent: chosen action = 2
2025-07-08 15:39:36,464 DEBUG player_0: [1 1 0 1 0 0 0 0 1 0 0]
2025-07-08 15:39:36,571 DEBUG player_0: [1 1 1 1 1 1 1 1 1 0 0]
2025-07-08 15:39:36,572 DEBUG player_1: [1 1 1 1 0 0 0 0 0 0 0]
2025-07-08 15:39:36,572 DEBUG player_1: [1 1 1 1 0 0 0 0 0 0 0]
2025-07-08 15:39:36,573 DEBUG RLAgent: chosen action = 2
2025-07-08 15:39:36,576 DEBUG player_0: [0 0 1 0 0 0 0 0 0 0 0]
2025-07-08 15:39:36,584 DEBUG player_0: [1 1 1 1 1 1 1 1 1 0 0]
2025-07-08 15:39:36,584 DEBUG player_1: [1 1 1 1 0 0 0 0 0 0 0]
2025-07-08 15:39:36,584 DEBUG player_1: [1 1 1 1 0 0 0 0 0 0 0]
2025-07-08 15:39:36,585 DEBUG RLAgent: chosen action = 2
2025-07-08 15:39:36,595 DEBUG player_0: [0 0 0 0 0 0 0 0 1 0 0]
2025-07-08 15:39:36,601 DEBUG player_0: [1 1 1 1 0 0 0 0 1 0 0]
2025-07-08 15:39:36,610 DEBUG player_0: [0 0 0 0 0 0 0 0 1 1 0]
2025-07-08 15:39:36,614 DEBUG player_0: [0 0 0 0 0 0 0 0 1 0 0]
2025-07-08 15:39:36,621 DEBUG player_0: [0 0 0 0 0 0 0 0 0 0 0]
2025-07-08 15:39:36,624 DEBUG player_1: [0 0 0 0 0 0 0 0 1 1 0]
2025-07-08 15:39:36,624 DEBUG player_1: [0 0 0 0 0 0 0 0 1 1 0]
2025-07-08 15:39:36,624 DEBUG RLAgent: chosen action = 9
2025-07-08 15:39:36,631 DEBUG player_0: [1 1 1 1 0 0 0 0 0 0 0]
2025-07-08 15:39:36,631 DEBUG player_1: [1 1 1 1 0 0 0 0 1 0 0]
2025-07-08 15:39:36,631 DEBUG player_1: [1 1 1 1 0 0 0 0 1 0 0]
2025-07-08 15:39:36,632 DEBUG RLAgent: chosen action = 2
2025-07-08 15:39:36,710 DEBUG player_0: [1 1 1 1 0 0 0 0 1 0 0]
2025-07-08 15:39:36,718 DEBUG player_0: [1 1 1 1 0 0 0 0 1 0 0]
2025-07-08 15:39:36,724 DEBUG player_0: [1 1 1 1 0 0 0 0 1 0 0]
2025-07-08 15:39:36,728 DEBUG player_0: [1 1 1 1 0 0 0 0 1 0 0]
2025-07-08 15:39:36,740 DEBUG player_0: [1 1 1 1 0 0 0 0 0 0 0]
2025-07-08 15:39:36,740 DEBUG player_1: [0 0 1 0 0 0 0 0 1 0 0]
2025-07-08 15:39:36,740 DEBUG player_1: [0 0 1 0 0 0 0 0 1 0 0]
2025-07-08 15:39:36,741 DEBUG RLAgent: chosen action = 2
2025-07-08 15:39:36,744 DEBUG player_0: [0 0 0 0 0 0 0 0 1 0 0]
2025-07-08 15:39:36,745 DEBUG player_1: [0 0 0 0 0 0 0 0 1 0 0]
2025-07-08 15:39:36,745 DEBUG player_1: [0 0 0 0 0 0 0 0 1 0 0]
2025-07-08 15:39:36,745 DEBUG RLAgent: chosen action = 8
2025-07-08 15:39:36,752 DEBUG player_0: [1 1 1 1 0 0 0 0 1 0 0]
2025-07-08 15:39:36,752 DEBUG player_1: [1 1 1 1 0 0 0 0 0 0 0]
2025-07-08 15:39:36,752 DEBUG player_1: [1 1 1 1 0 0 0 0 0 0 0]
2025-07-08 15:39:36,752 DEBUG RLAgent: chosen action = 2
2025-07-08 15:39:36,759 DEBUG player_0: [1 1 1 1 0 0 0 0 1 0 0]
2025-07-08 15:39:36,759 DEBUG player_1: [1 1 1 1 0 0 0 0 0 0 0]
2025-07-08 15:39:36,759 DEBUG player_1: [1 1 1 1 0 0 0 0 0 0 0]
2025-07-08 15:39:36,759 DEBUG RLAgent: chosen action = 2
2025-07-08 15:39:36,836 DEBUG player_0: [1 1 1 1 0 0 0 0 1 0 0]
2025-07-08 15:39:36,843 DEBUG player_0: [1 1 1 1 0 0 0 0 1 0 0]
2025-07-08 15:39:36,850 DEBUG player_0: [1 1 1 1 0 0 0 0 1 0 0]
2025-07-08 15:39:36,854 DEBUG player_0: [1 1 1 1 0 0 0 0 0 0 0]
2025-07-08 15:39:36,856 DEBUG player_1: [0 0 1 0 0 0 0 0 1 0 0]
2025-07-08 15:39:36,856 DEBUG player_1: [0 0 1 0 0 0 0 0 1 0 0]
2025-07-08 15:39:36,856 DEBUG RLAgent: chosen action = 2
2025-07-08 15:39:36,861 DEBUG player_0: [1 1 1 1 0 0 0 0 1 0 0]
2025-07-08 15:39:36,867 DEBUG player_0: [1 1 1 1 0 0 0 0 1 0 0]
2025-07-08 15:39:36,868 DEBUG player_1: [1 1 1 1 0 0 0 0 0 0 0]
2025-07-08 15:39:36,868 DEBUG player_1: [1 1 1 1 0 0 0 0 0 0 0]
2025-07-08 15:39:36,872 DEBUG player_0: [1 1 1 1 0 0 0 0 0 0 0]
2025-07-08 15:39:36,873 DEBUG player_1: [0 0 1 0 0 0 0 0 1 0 0]
2025-07-08 15:39:36,873 DEBUG player_1: [0 0 1 0 0 0 0 0 1 0 0]
2025-07-08 15:39:36,873 DEBUG RLAgent: chosen action = 2
2025-07-08 15:39:36,874 DEBUG RLAgent: chosen action = 2
2025-07-08 15:39:36,982 DEBUG player_0: [1 1 1 1 0 0 0 0 1 0 0]
2025-07-08 15:39:36,982 DEBUG player_1: [1 1 1 1 0 0 0 0 0 0 0]
2025-07-08 15:39:36,987 DEBUG player_0: [0 0 0 0 0 0 0 0 1 0 0]
2025-07-08 15:39:36,987 DEBUG player_1: [1 1 1 1 0 0 0 0 0 0 0]
2025-07-08 15:39:36,988 DEBUG RLAgent: chosen action = 2
2025-07-08 15:39:36,996 DEBUG player_0: [1 1 1 1 0 0 0 0 1 0 0]
2025-07-08 15:39:36,996 DEBUG player_1: [1 1 1 1 0 0 0 0 0 0 0]
2025-07-08 15:39:36,997 DEBUG player_1: [1 1 1 1 0 0 0 0 0 0 0]
2025-07-08 15:39:36,997 DEBUG RLAgent: chosen action = 2
2025-07-08 15:39:37,093 DEBUG player_0: [0 0 0 0 0 0 0 0 0 0 0]
2025-07-08 15:39:37,099 DEBUG player_0: [1 1 0 1 0 0 0 0 1 0 0]
2025-07-08 15:39:37,105 DEBUG player_0: [0 0 1 0 0 0 1 0 0 0 0]
2025-07-08 15:39:37,138 DEBUG player_0: [0 0 0 0 0 0 0 0 1 1 0]
2025-07-08 15:39:37,214 DEBUG player_0: [0 0 1 0 0 0 0 0 0 0 0]
2025-07-08 15:39:37,223 DEBUG player_0: [0 0 1 0 0 0 1 0 0 0 0]
2025-07-08 15:39:37,246 DEBUG player_0: [0 0 0 0 0 0 0 0 1 0 0]
2025-07-08 15:39:37,251 DEBUG player_0: [1 1 0 1 0 0 0 0 1 0 0]
2025-07-08 15:39:37,260 DEBUG player_0: [1 1 0 1 0 0 0 0 1 0 0]
2025-07-08 15:39:37,330 DEBUG player_0: [0 0 1 0 0 0 0 0 0 0 0]
2025-07-08 15:39:37,362 DEBUG player_0: [1 1 1 1 0 0 0 0 0 0 0]
2025-07-08 15:39:37,371 DEBUG player_0: [1 1 1 1 0 0 0 0 0 0 0]
2025-07-08 15:39:37,386 DEBUG player_0: [0 0 0 0 0 0 0 0 1 0 0]
2025-07-08 15:39:37,483 DEBUG player_0: [1 1 1 1 0 0 0 0 0 0 0]
2025-07-08 15:39:37,493 DEBUG player_0: [1 1 1 1 0 0 0 0 1 0 0]
2025-07-08 15:39:37,594 DEBUG player_0: [1 1 1 1 0 0 0 0 0 0 0]
2025-07-08 15:39:37,603 DEBUG player_0: [1 1 1 1 0 0 0 0 1 0 0]
2025-07-08 15:39:37,610 DEBUG player_0: [1 1 1 1 0 0 0 0 1 0 0]
2025-07-08 15:39:37,617 DEBUG player_0: [1 1 0 1 0 0 0 0 1 0 0]
2025-07-08 15:39:37,622 DEBUG player_0: [0 0 0 0 0 0 0 0 1 0 0]
2025-07-08 15:39:37,704 DEBUG player_0: [1 1 1 1 0 0 0 0 0 0 0]
2025-07-08 15:39:37,729 DEBUG player_0: [1 1 1 1 0 0 0 0 0 0 0]
2025-07-08 15:39:37,735 DEBUG player_0: [1 1 0 1 0 0 0 0 1 0 0]
2025-07-08 15:39:37,775 DEBUG player_0: [0 0 0 0 0 0 0 0 1 0 0]
2025-07-08 15:39:37,813 DEBUG player_0: [1 1 1 1 0 0 0 0 0 0 0]
2025-07-08 15:39:37,849 DEBUG player_0: [0 0 0 0 0 0 0 0 0 0 0]
2025-07-08 15:39:37,884 DEBUG player_0: [1 1 1 1 0 0 0 0 0 0 0]
2025-07-08 15:39:37,921 DEBUG player_0: [1 1 1 1 0 0 0 0 0 0 0]
2025-07-08 15:39:37,928 DEBUG player_0: [1 1 1 1 0 0 0 0 0 0 0]
2025-07-08 15:39:37,933 DEBUG player_0: [1 1 1 1 0 0 0 0 0 0 0]
2025-07-08 15:39:37,956 DEBUG player_0: [0 0 1 0 0 0 1 0 0 0 0]
2025-07-08 15:39:37,962 DEBUG player_0: [0 0 1 0 0 0 0 0 0 0 0]
2025-07-08 15:39:37,968 DEBUG player_0: [0 0 1 0 0 0 1 0 0 0 0]
2025-07-08 15:39:37,975 DEBUG player_0: [0 0 1 0 0 0 0 0 0 0 0]
2025-07-08 15:39:38,028 INFO Loading teams from /Users/takagikouichi/Documents/GitHub/Maple/config/teams
2025-07-08 15:39:38,028 INFO Successfully loaded 3 teams
2025-07-08 15:39:38,058 INFO Episode 1 epoch 1 loss 29.1022
2025-07-08 15:39:38,060 INFO Episode 1 epoch 2 loss 26.3053
2025-07-08 15:39:38,060 INFO Episode 1 epoch 3 loss 26.2990
2025-07-08 15:39:38,061 INFO Episode 1 epoch 4 loss 26.1797
2025-07-08 15:39:38,062 INFO Episode 1 reward 54.29 time/episode: 5.240 opponents: max, max, self, self, self, max, max, max
2025-07-08 15:39:38,062 INFO Episode 1 reward breakdown: fail_immune: -0.440, knockout: 11.000, pokemon_count: 25.000, switch_penalty: 0.000, turn_penalty: -1.270, win_loss: 20.000
2025-07-08 15:39:38,062 INFO Opponent usage statistics:
2025-07-08 15:39:38,062 INFO   max: 5 episodes (62.5%)
2025-07-08 15:39:38,062 INFO   self: 3 episodes (37.5%)
2025-07-08 15:39:38,099 INFO Loading teams from /Users/takagikouichi/Documents/GitHub/Maple/config/teams
2025-07-08 15:39:38,099 INFO Successfully loaded 3 teams
2025-07-08 15:39:38,101 DEBUG player_0: [1 1 1 1 1 1 1 1 1 1 0]
2025-07-08 15:39:38,101 INFO Initial probs: [1.971e-04 3.970e-05 9.799e-01 2.075e-05 2.207e-04 1.953e-02 6.614e-06
 7.347e-06 1.046e-06 5.902e-05 0.000e+00]
2025-07-08 15:39:38,101 INFO Updated probs: [2.269e-06 8.867e-06 7.076e-01 3.316e-08 3.850e-04 2.920e-01 8.008e-09
 2.820e-08 6.428e-08 8.534e-06 0.000e+00]
2025-07-08 15:39:38,102 INFO Prob change: [-1.948e-04 -3.084e-05 -2.724e-01 -2.072e-05  1.643e-04  2.725e-01
 -6.606e-06 -7.318e-06 -9.818e-07 -5.049e-05  0.000e+00]
2025-07-08 15:39:38,105 INFO Model saved to model_debug.pt
