2025-07-04 09:04:59,856 DEBUG player_0: [1 1 1 1 1 1 1 1 1 1 0]
2025-07-04 09:04:59,870 DEBUG player_1: [1 1 1 1 1 1 1 1 1 1 0]
2025-07-04 09:04:59,889 DEBUG player_0: [1 1 1 1 1 1 1 1 1 1 0]
2025-07-04 09:04:59,894 DEBUG player_0: [1 1 1 1 1 1 1 1 1 1 0]
2025-07-04 09:04:59,895 DEBUG player_0: [1 1 1 1 1 1 1 1 1 1 0]
2025-07-04 09:04:59,895 DEBUG player_1: [1 1 1 1 1 1 1 1 1 1 0]
2025-07-04 09:04:59,895 DEBUG player_1: [1 1 1 1 1 1 1 1 1 1 0]
2025-07-04 09:04:59,901 DEBUG player_0: [1 1 1 1 1 1 1 1 1 1 0]
2025-07-04 09:04:59,906 DEBUG player_0: [1 1 1 1 1 1 1 1 1 1 0]
2025-07-04 09:04:59,911 DEBUG player_0: [1 1 1 1 1 1 1 1 1 1 0]
2025-07-04 09:04:59,916 DEBUG player_0: [1 1 1 1 1 1 1 1 1 1 0]
2025-07-04 09:04:59,921 DEBUG player_0: [1 1 1 1 1 1 1 1 1 1 0]
2025-07-04 09:04:59,923 DEBUG player_1: [1 1 1 1 1 1 1 1 1 1 0]
2025-07-04 09:04:59,923 DEBUG player_1: [1 1 1 1 1 1 1 1 1 1 0]
2025-07-04 09:04:59,924 DEBUG player_1: [1 1 1 1 1 1 1 1 1 1 0]
2025-07-04 09:04:59,924 DEBUG player_1: [1 1 1 1 1 1 1 1 1 1 0]
2025-07-04 09:04:59,924 DEBUG player_1: [1 1 1 1 1 1 1 1 1 1 0]
2025-07-04 09:04:59,981 DEBUG player_0: [1 1 1 1 0 0 0 0 1 1 0]
2025-07-04 09:04:59,982 DEBUG player_1: [1 1 1 1 0 0 0 0 1 1 0]
2025-07-04 09:05:00,035 DEBUG player_0: [1 1 1 1 0 0 0 0 1 1 0]
2025-07-04 09:05:00,035 DEBUG player_1: [1 1 1 1 0 0 0 0 1 1 0]
2025-07-04 09:05:00,041 DEBUG player_0: [1 1 1 1 0 0 0 0 1 1 0]
2025-07-04 09:05:00,047 DEBUG player_0: [1 1 1 1 0 0 0 0 1 1 0]
2025-07-04 09:05:00,053 DEBUG player_0: [1 1 1 1 0 0 0 0 1 1 0]
2025-07-04 09:05:00,058 DEBUG player_0: [1 1 1 1 0 0 0 0 1 1 0]
2025-07-04 09:05:00,058 DEBUG player_1: [1 1 1 1 1 1 1 1 1 1 0]
2025-07-04 09:05:00,064 DEBUG player_0: [1 1 1 1 0 0 0 0 1 1 0]
2025-07-04 09:05:00,064 DEBUG player_1: [1 1 1 1 0 0 0 0 1 1 0]
2025-07-04 09:05:00,070 DEBUG player_0: [1 1 1 1 0 0 0 0 1 1 0]
2025-07-04 09:05:00,072 DEBUG player_1: [1 1 1 1 0 0 0 0 1 1 0]
2025-07-04 09:05:00,072 DEBUG player_1: [1 1 1 1 1 1 1 1 1 1 0]
2025-07-04 09:05:00,072 DEBUG player_1: [1 1 1 1 0 0 0 0 1 1 0]
2025-07-04 09:05:00,073 DEBUG player_1: [1 1 1 1 0 0 0 0 1 1 0]
2025-07-04 09:05:00,090 DEBUG player_0: [1 1 1 1 0 0 0 0 1 1 0]
2025-07-04 09:05:00,090 DEBUG player_1: [1 0 0 0 0 0 0 0 0 0 0]
2025-07-04 09:05:00,183 DEBUG player_0: [1 1 1 1 0 0 0 0 1 1 0]
2025-07-04 09:05:00,184 DEBUG player_1: [1 1 1 1 0 0 0 0 1 1 0]
2025-07-04 09:05:00,190 DEBUG player_0: [1 0 0 0 0 0 0 0 0 0 0]
2025-07-04 09:05:00,196 DEBUG player_0: [1 0 0 0 0 0 0 0 0 0 0]
2025-07-04 09:05:00,202 DEBUG player_0: [1 1 1 1 0 0 0 0 1 1 0]
2025-07-04 09:05:00,202 DEBUG player_1: [1 1 1 1 0 0 0 0 1 1 0]
2025-07-04 09:05:00,203 DEBUG player_1: [1 1 1 1 0 0 0 0 1 1 0]
2025-07-04 09:05:00,203 DEBUG player_1: [1 1 1 1 0 0 0 0 1 1 0]
2025-07-04 09:05:00,217 DEBUG player_0: [0 0 0 0 0 0 0 0 1 1 0]
2025-07-04 09:05:00,217 DEBUG player_1: [0 0 0 0 0 0 0 0 1 1 0]
2025-07-04 09:05:00,313 DEBUG player_0: [1 1 1 1 0 0 0 0 1 1 0]
2025-07-04 09:05:00,314 DEBUG player_1: [1 0 0 0 0 0 0 0 0 0 0]
2025-07-04 09:05:00,319 DEBUG player_0: [1 1 1 1 0 0 0 0 1 1 0]
2025-07-04 09:05:00,325 DEBUG player_0: [1 1 1 1 0 0 0 0 1 1 0]
2025-07-04 09:05:00,331 DEBUG player_0: [1 1 1 1 0 0 0 0 1 0 0]
2025-07-04 09:05:00,332 DEBUG player_1: [1 1 1 1 0 0 0 0 1 1 0]
2025-07-04 09:05:00,332 DEBUG player_1: [1 1 1 1 0 0 0 0 1 1 0]
2025-07-04 09:05:00,333 DEBUG player_1: [1 1 1 1 0 0 0 0 1 0 0]
2025-07-04 09:05:00,441 DEBUG player_0: [1 1 1 1 0 0 0 0 1 1 0]
2025-07-04 09:05:00,442 DEBUG player_1: [1 1 1 1 0 0 0 0 1 1 0]
2025-07-04 09:05:00,448 DEBUG player_0: [1 1 1 1 0 0 0 0 1 0 0]
2025-07-04 09:05:00,453 DEBUG player_0: [1 0 0 0 0 0 0 0 0 0 0]
2025-07-04 09:05:00,454 DEBUG player_1: [1 1 1 1 0 0 0 0 1 1 0]
2025-07-04 09:05:00,454 DEBUG player_1: [1 1 1 1 0 0 0 0 1 0 0]
2025-07-04 09:05:00,563 DEBUG player_0: [1 1 1 1 0 0 0 0 1 1 0]
2025-07-04 09:05:00,569 DEBUG player_0: [1 1 1 1 0 0 0 0 1 0 0]
2025-07-04 09:05:00,569 DEBUG player_1: [1 0 0 0 0 0 0 0 0 0 0]
2025-07-04 09:05:00,569 DEBUG player_1: [1 1 1 1 0 0 0 0 1 0 0]
2025-07-04 09:05:00,593 DEBUG player_0: [0 0 0 0 0 0 0 0 1 1 0]
2025-07-04 09:05:00,599 DEBUG player_0: [0 0 0 0 0 0 0 0 1 1 0]
2025-07-04 09:05:00,605 DEBUG player_0: [0 0 0 0 0 0 0 0 1 1 0]
2025-07-04 09:05:00,606 DEBUG player_1: [0 0 0 0 0 0 0 0 1 1 0]
2025-07-04 09:05:00,612 DEBUG player_0: [0 0 0 0 0 0 0 0 1 1 0]
2025-07-04 09:05:00,612 DEBUG player_1: [0 0 0 0 0 0 0 0 1 1 0]
2025-07-04 09:05:00,612 DEBUG player_1: [0 0 0 0 0 0 0 0 1 1 0]
2025-07-04 09:05:00,614 DEBUG player_1: [0 0 0 0 0 0 0 0 1 1 0]
2025-07-04 09:05:00,680 DEBUG player_0: [1 1 1 1 0 0 0 0 1 0 0]
2025-07-04 09:05:00,690 DEBUG player_1: [1 1 1 1 0 0 0 0 1 0 0]
2025-07-04 09:05:00,721 DEBUG player_0: [1 1 1 1 0 0 0 0 1 0 0]
2025-07-04 09:05:00,722 DEBUG player_1: [1 1 1 1 0 0 0 0 1 1 0]
2025-07-04 09:05:00,728 DEBUG player_0: [1 1 1 1 0 0 0 0 1 1 0]
2025-07-04 09:05:00,733 DEBUG player_0: [1 1 1 1 0 0 0 0 1 1 0]
2025-07-04 09:05:00,739 DEBUG player_0: [1 1 1 1 0 0 0 0 1 0 0]
2025-07-04 09:05:00,740 DEBUG player_1: [1 1 1 1 0 0 0 0 1 0 0]
2025-07-04 09:05:00,740 DEBUG player_1: [1 1 1 1 0 0 0 0 1 0 0]
2025-07-04 09:05:00,741 DEBUG player_1: [1 1 1 1 0 0 0 0 1 1 0]
2025-07-04 09:05:00,801 DEBUG player_0: [1 1 1 1 0 0 0 0 1 0 0]
2025-07-04 09:05:00,805 DEBUG player_1: [1 1 1 1 0 0 0 0 1 0 0]
2025-07-04 09:05:00,850 DEBUG player_0: [1 1 1 1 0 0 0 0 1 0 0]
2025-07-04 09:05:00,851 DEBUG player_1: [1 1 1 1 0 0 0 0 1 1 0]
2025-07-04 09:05:00,856 DEBUG player_0: [1 1 1 1 0 0 0 0 1 1 0]
2025-07-04 09:05:00,862 DEBUG player_0: [1 1 1 1 0 0 0 0 1 1 0]
2025-07-04 09:05:00,868 DEBUG player_0: [0 0 0 0 0 0 0 0 1 1 0]
2025-07-04 09:05:00,869 DEBUG player_1: [0 0 0 0 0 0 0 0 1 1 0]
2025-07-04 09:05:00,869 DEBUG player_1: [1 1 1 1 0 0 0 0 1 0 0]
2025-07-04 09:05:00,869 DEBUG player_1: [0 0 1 0 0 0 0 0 0 0 0]
2025-07-04 09:05:00,914 DEBUG player_0: [1 1 1 1 0 0 0 0 1 0 0]
2025-07-04 09:05:00,915 DEBUG player_1: [1 1 1 1 0 0 0 0 1 0 0]
2025-07-04 09:05:00,975 DEBUG player_0: [0 0 0 0 0 0 0 0 1 1 0]
2025-07-04 09:05:00,976 DEBUG player_1: [0 0 0 0 0 0 0 0 1 1 0]
2025-07-04 09:05:00,981 DEBUG player_0: [1 1 1 1 0 0 0 0 1 0 0]
2025-07-04 09:05:00,982 DEBUG player_1: [1 1 1 1 0 0 0 0 1 1 0]
2025-07-04 09:05:01,024 DEBUG player_0: [1 1 1 1 0 0 0 0 1 0 0]
2025-07-04 09:05:01,025 DEBUG player_1: [1 1 1 1 0 0 0 0 1 0 0]
2025-07-04 09:05:01,091 DEBUG player_0: [1 1 1 1 0 0 0 0 1 0 0]
2025-07-04 09:05:01,097 DEBUG player_0: [0 0 0 0 0 0 0 0 1 1 0]
2025-07-04 09:05:01,104 DEBUG player_0: [1 1 1 1 0 0 0 0 1 0 0]
2025-07-04 09:05:01,104 DEBUG player_1: [1 1 1 1 0 0 0 0 1 1 0]
2025-07-04 09:05:01,108 DEBUG player_1: [0 0 0 0 0 0 0 0 1 1 0]
2025-07-04 09:05:01,109 DEBUG player_1: [1 1 1 1 0 0 0 0 1 1 0]
2025-07-04 09:05:01,134 DEBUG player_0: [1 1 1 1 0 0 0 0 1 0 0]
2025-07-04 09:05:01,135 DEBUG player_1: [1 1 1 1 0 0 0 0 1 0 0]
2025-07-04 09:05:01,217 DEBUG player_0: [1 1 1 1 0 0 0 0 1 1 0]
2025-07-04 09:05:01,218 DEBUG player_1: [1 1 1 1 0 0 0 0 1 0 0]
2025-07-04 09:05:01,225 DEBUG player_0: [1 1 1 1 0 0 0 0 1 0 0]
2025-07-04 09:05:01,225 DEBUG player_1: [1 1 1 1 0 0 0 0 1 1 0]
2025-07-04 09:05:01,242 DEBUG player_0: [1 1 1 1 0 0 0 0 1 0 0]
2025-07-04 09:05:01,243 DEBUG player_1: [1 1 1 1 0 0 0 0 1 0 0]
2025-07-04 09:05:01,264 DEBUG player_0: [0 0 0 0 0 0 0 0 1 0 0]
2025-07-04 09:05:01,264 DEBUG player_1: [0 0 0 0 0 0 0 0 1 1 0]
2025-07-04 09:05:01,336 DEBUG player_0: [1 1 1 1 0 0 0 0 1 0 0]
2025-07-04 09:05:01,340 DEBUG player_1: [1 1 1 1 0 0 0 0 1 1 0]
2025-07-04 09:05:01,350 DEBUG player_0: [1 1 1 1 0 0 0 0 1 0 0]
2025-07-04 09:05:01,355 DEBUG player_1: [1 1 1 1 0 0 0 0 1 0 0]
2025-07-04 09:05:01,399 DEBUG player_0: [0 0 0 0 0 0 0 0 1 1 0]
2025-07-04 09:05:01,394 DEBUG player_0: [0 0 0 0 0 0 0 0 1 1 0]
2025-07-04 09:05:01,407 DEBUG player_0: [0 0 0 0 0 0 0 0 1 0 0]
2025-07-04 09:05:01,407 DEBUG player_1: [0 0 0 0 0 0 0 0 1 0 0]
2025-07-04 09:05:01,407 DEBUG player_1: [0 0 0 0 0 0 0 0 1 0 0]
2025-07-04 09:05:01,408 DEBUG player_1: [0 0 0 0 0 0 0 0 1 1 0]
2025-07-04 09:05:01,473 DEBUG player_0: [1 1 1 1 0 0 0 0 1 0 0]
2025-07-04 09:05:01,475 DEBUG player_1: [1 1 1 1 0 0 0 0 1 0 0]
2025-07-04 09:05:01,517 DEBUG player_0: [1 1 1 1 0 0 0 0 1 0 0]
2025-07-04 09:05:01,517 DEBUG player_1: [0 0 1 0 0 0 0 0 1 0 0]
2025-07-04 09:05:01,523 DEBUG player_0: [1 1 1 1 0 0 0 0 1 0 0]
2025-07-04 09:05:01,530 DEBUG player_0: [1 1 1 1 0 0 0 0 1 0 0]
2025-07-04 09:05:01,531 DEBUG player_1: [1 1 1 1 0 0 0 0 1 0 0]
2025-07-04 09:05:01,531 DEBUG player_1: [1 1 1 1 0 0 0 0 1 0 0]
2025-07-04 09:05:01,587 DEBUG player_0: [1 1 1 1 0 0 0 0 1 0 0]
2025-07-04 09:05:01,588 DEBUG player_1: [1 1 1 1 0 0 0 0 1 0 0]
2025-07-04 09:05:01,632 DEBUG player_0: [0 0 0 0 0 0 0 0 1 0 0]
2025-07-04 09:05:01,632 DEBUG player_1: [0 0 0 0 0 0 0 0 1 1 0]
2025-07-04 09:05:01,639 DEBUG player_0: [1 1 1 1 0 0 0 0 1 0 0]
2025-07-04 09:05:01,640 DEBUG player_1: [0 0 1 0 0 0 0 0 0 0 0]
2025-07-04 09:05:01,698 DEBUG player_0: [1 1 1 1 0 0 0 0 1 0 0]
2025-07-04 09:05:01,698 DEBUG player_1: [1 1 1 1 0 0 0 0 1 0 0]
2025-07-04 09:05:01,749 DEBUG player_0: [0 0 0 0 0 0 0 0 1 1 0]
2025-07-04 09:05:01,754 DEBUG player_0: [1 1 1 1 0 0 0 0 1 0 0]
2025-07-04 09:05:01,760 DEBUG player_0: [1 1 1 1 0 0 0 0 1 0 0]
2025-07-04 09:05:01,760 DEBUG player_1: [1 1 1 1 0 0 0 0 1 0 0]
2025-07-04 09:05:01,761 DEBUG player_1: [0 0 0 0 0 0 0 0 1 0 0]
2025-07-04 09:05:01,761 DEBUG player_1: [0 0 1 0 0 0 0 0 1 0 0]
2025-07-04 09:05:01,785 DEBUG player_0: [0 0 0 0 0 0 0 0 1 0 0]
2025-07-04 09:05:01,786 DEBUG player_1: [0 0 0 0 0 0 0 0 1 1 0]
2025-07-04 09:05:01,808 DEBUG player_0: [0 1 1 1 0 0 0 0 1 0 0]
2025-07-04 09:05:01,808 DEBUG player_1: [1 1 1 1 0 0 0 0 1 0 0]
2025-07-04 09:05:01,865 DEBUG player_0: [0 0 0 0 0 0 0 0 1 0 0]
2025-07-04 09:05:01,865 DEBUG player_1: [0 0 0 0 0 0 0 0 1 1 0]
2025-07-04 09:05:01,872 DEBUG player_0: [1 1 1 1 0 0 0 0 1 0 0]
2025-07-04 09:05:01,873 DEBUG player_1: [1 1 1 1 0 0 0 0 1 0 0]
2025-07-04 09:05:01,879 DEBUG player_0: [1 1 1 1 0 0 0 0 1 0 0]
2025-07-04 09:05:01,880 DEBUG player_1: [0 0 1 0 0 0 0 0 0 0 0]
2025-07-04 09:05:01,894 DEBUG player_0: [1 1 1 1 0 0 0 0 1 0 0]
2025-07-04 09:05:01,894 DEBUG player_1: [1 1 1 1 0 0 0 0 1 0 0]
2025-07-04 09:05:01,917 DEBUG player_0: [0 1 1 1 0 0 0 0 1 0 0]
2025-07-04 09:05:01,918 DEBUG player_1: [1 1 1 1 0 0 0 0 1 0 0]
2025-07-04 09:05:01,979 DEBUG player_0: [1 1 1 1 0 0 0 0 0 0 0]
2025-07-04 09:05:01,979 DEBUG player_1: [1 1 1 1 0 0 0 0 1 1 0]
2025-07-04 09:05:01,987 DEBUG player_0: [1 1 1 1 0 0 0 0 1 0 0]
2025-07-04 09:05:01,988 DEBUG player_1: [1 1 1 1 0 0 0 0 1 0 0]
2025-07-04 09:05:01,993 DEBUG player_0: [1 1 1 1 0 0 0 0 1 0 0]
2025-07-04 09:05:01,994 DEBUG player_1: [0 0 1 0 0 0 0 0 1 0 0]
2025-07-04 09:05:02,002 DEBUG player_0: [1 0 0 0 0 0 0 0 0 0 0]
2025-07-04 09:05:02,002 DEBUG player_1: [1 1 1 1 0 0 0 0 1 0 0]
2025-07-04 09:05:02,026 DEBUG player_0: [0 1 1 1 0 0 0 0 1 0 0]
2025-07-04 09:05:02,026 DEBUG player_1: [1 1 1 1 0 0 0 0 1 0 0]
2025-07-04 09:05:02,051 DEBUG player_0: [0 0 0 0 0 0 0 0 1 0 0]
2025-07-04 09:05:02,051 DEBUG player_1: [0 0 0 0 0 0 0 0 1 0 0]
2025-07-04 09:05:02,057 DEBUG player_0: [0 0 0 0 0 0 0 0 1 0 0]
2025-07-04 09:05:02,057 DEBUG player_1: [0 0 0 0 0 0 0 0 1 0 0]
2025-07-04 09:05:02,088 DEBUG player_0: [1 1 1 1 0 0 0 0 0 0 0]
2025-07-04 09:05:02,088 DEBUG player_1: [1 1 1 1 0 0 0 0 1 1 0]
2025-07-04 09:05:02,102 DEBUG player_0: [1 1 1 1 0 0 0 0 1 0 0]
2025-07-04 09:05:02,102 DEBUG player_1: [0 0 1 0 0 0 0 0 0 0 0]
2025-07-04 09:05:02,110 DEBUG player_0: [1 1 1 1 0 0 0 0 1 0 0]
2025-07-04 09:05:02,110 DEBUG player_1: [1 1 1 1 0 0 0 0 1 0 0]
2025-07-04 09:05:02,135 DEBUG player_0: [0 1 1 1 0 0 0 0 1 0 0]
2025-07-04 09:05:02,135 DEBUG player_1: [1 1 1 1 0 0 0 0 1 0 0]
2025-07-04 09:05:02,165 DEBUG player_0: [1 1 1 1 0 0 0 0 1 0 0]
2025-07-04 09:05:02,171 DEBUG player_0: [1 1 1 1 0 0 0 0 0 0 0]
2025-07-04 09:05:02,172 DEBUG player_1: [1 1 1 1 0 0 0 0 0 0 0]
2025-07-04 09:05:02,172 DEBUG player_1: [1 1 1 1 0 0 0 0 1 0 0]
2025-07-04 09:05:02,197 DEBUG player_0: [1 1 1 1 0 0 0 0 0 0 0]
2025-07-04 09:05:02,197 DEBUG player_1: [1 1 1 1 0 0 0 0 1 1 0]
2025-07-04 09:05:02,217 DEBUG player_0: [1 0 0 0 0 0 0 0 0 0 0]
2025-07-04 09:05:02,218 DEBUG player_1: [1 1 1 1 0 0 0 0 1 0 0]
2025-07-04 09:05:02,244 DEBUG player_0: [0 1 1 1 0 0 0 0 1 0 0]
2025-07-04 09:05:02,244 DEBUG player_1: [1 1 1 1 0 0 0 0 1 0 0]
2025-07-04 09:05:02,278 DEBUG player_0: [0 0 0 0 0 0 0 0 1 1 0]
2025-07-04 09:05:02,279 DEBUG player_1: [0 0 0 0 0 0 0 0 1 0 0]
2025-07-04 09:05:02,284 DEBUG player_0: [1 0 0 0 0 0 0 0 0 0 0]
2025-07-04 09:05:02,290 DEBUG player_0: [1 1 1 1 0 0 0 0 1 0 0]
2025-07-04 09:05:02,291 DEBUG player_1: [1 0 0 0 0 0 0 0 0 0 0]
2025-07-04 09:05:02,292 DEBUG player_1: [1 1 1 1 0 0 0 0 1 0 0]
2025-07-04 09:05:02,305 DEBUG player_0: [1 1 1 1 0 0 0 0 0 0 0]
2025-07-04 09:05:02,306 DEBUG player_1: [1 1 1 1 0 0 0 0 1 1 0]
2025-07-04 09:05:02,327 DEBUG player_0: [1 1 1 1 0 0 0 0 1 0 0]
2025-07-04 09:05:02,327 DEBUG player_1: [1 1 1 1 0 0 0 0 1 0 0]
2025-07-04 09:05:02,353 DEBUG player_0: [0 1 1 1 0 0 0 0 1 0 0]
2025-07-04 09:05:02,354 DEBUG player_1: [0 1 1 1 0 0 0 0 1 0 0]
2025-07-04 09:05:02,397 DEBUG player_0: [1 1 1 1 0 0 0 0 1 0 0]
2025-07-04 09:05:02,398 DEBUG player_1: [1 1 1 1 0 0 0 0 1 0 0]
2025-07-04 09:05:02,403 DEBUG player_0: [1 1 1 1 0 0 0 0 1 0 0]
2025-07-04 09:05:02,408 DEBUG player_0: [1 0 0 0 0 0 0 0 0 0 0]
2025-07-04 09:05:02,408 DEBUG player_1: [1 0 0 0 0 0 0 0 0 0 0]
2025-07-04 09:05:02,409 DEBUG player_1: [1 1 1 1 0 0 0 0 1 0 0]
2025-07-04 09:05:02,436 DEBUG player_0: [1 0 0 0 0 0 0 0 0 0 0]
2025-07-04 09:05:02,437 DEBUG player_1: [1 1 1 1 0 0 0 0 1 0 0]
2025-07-04 09:05:02,461 DEBUG player_0: [0 1 1 1 0 0 0 0 1 0 0]
2025-07-04 09:05:02,461 DEBUG player_1: [0 1 1 1 0 0 0 0 1 0 0]
2025-07-04 09:05:02,510 DEBUG player_0: [0 0 0 0 0 0 0 0 1 0 0]
2025-07-04 09:05:02,510 DEBUG player_1: [0 0 0 0 0 0 0 0 1 0 0]
2025-07-04 09:05:02,516 DEBUG player_0: [1 1 1 1 0 0 0 0 1 0 0]
2025-07-04 09:05:02,517 DEBUG player_1: [1 1 1 1 0 0 0 0 1 0 0]
2025-07-04 09:05:02,523 DEBUG player_0: [1 1 1 1 0 0 0 0 1 0 0]
2025-07-04 09:05:02,529 DEBUG player_0: [1 0 0 0 0 0 0 0 0 0 0]
2025-07-04 09:05:02,529 DEBUG player_1: [1 1 1 1 0 0 0 0 1 0 0]
2025-07-04 09:05:02,529 DEBUG player_1: [1 0 0 0 0 0 0 0 0 0 0]
2025-07-04 09:05:02,545 DEBUG player_0: [1 1 1 1 0 0 0 0 1 0 0]
2025-07-04 09:05:02,545 DEBUG player_1: [1 1 1 1 0 0 0 0 1 0 0]
2025-07-04 09:05:02,569 DEBUG player_0: [0 1 1 1 0 0 0 0 1 0 0]
2025-07-04 09:05:02,570 DEBUG player_1: [0 1 1 1 0 0 0 0 1 0 0]
2025-07-04 09:05:02,623 DEBUG player_0: [1 1 1 1 0 0 0 0 0 0 0]
2025-07-04 09:05:02,628 DEBUG player_0: [0 0 0 0 0 0 0 0 1 0 0]
2025-07-04 09:05:02,628 DEBUG player_1: [1 1 1 1 0 0 0 0 1 0 0]
2025-07-04 09:05:02,629 DEBUG player_1: [0 0 0 0 0 0 0 0 1 0 0]
2025-07-04 09:05:02,638 DEBUG player_0: [1 1 1 1 0 0 0 0 1 0 0]
2025-07-04 09:05:02,643 DEBUG player_0: [1 0 0 0 0 0 0 0 0 0 0]
2025-07-04 09:05:02,644 DEBUG player_1: [1 1 1 1 0 0 0 0 1 0 0]
2025-07-04 09:05:02,644 DEBUG player_1: [1 1 1 1 0 0 0 0 1 0 0]
2025-07-04 09:05:02,649 DEBUG player_0: [1 1 1 1 0 0 0 0 1 0 0]
2025-07-04 09:05:02,650 DEBUG player_1: [1 0 0 0 0 0 0 0 0 0 0]
2025-07-04 09:05:02,655 DEBUG player_0: [1 1 1 1 0 0 0 0 1 0 0]
2025-07-04 09:05:02,656 DEBUG player_1: [1 1 1 1 0 0 0 0 1 0 0]
2025-07-04 09:05:02,726 DEBUG player_0: [0 1 1 1 0 0 0 0 1 0 0]
2025-07-04 09:05:02,726 DEBUG player_1: [0 1 1 1 0 0 0 0 1 0 0]
2025-07-04 09:05:02,737 DEBUG player_0: [1 1 1 1 0 0 0 0 0 0 0]
2025-07-04 09:05:02,738 DEBUG player_1: [0 0 1 0 0 0 0 0 1 0 0]
2025-07-04 09:05:02,743 DEBUG player_0: [1 1 1 1 0 0 0 0 0 0 0]
2025-07-04 09:05:02,744 DEBUG player_1: [1 1 1 1 0 0 0 0 1 0 0]
2025-07-04 09:05:02,765 DEBUG player_0: [1 1 1 1 0 0 0 0 1 0 0]
2025-07-04 09:05:02,766 DEBUG player_1: [1 1 1 1 0 0 0 0 1 0 0]
2025-07-04 09:05:02,825 DEBUG player_0: [1 0 0 0 0 0 0 0 0 0 0]
2025-07-04 09:05:02,830 DEBUG player_0: [1 1 1 1 0 0 0 0 1 0 0]
2025-07-04 09:05:02,830 DEBUG player_1: [1 1 1 1 0 0 0 0 1 0 0]
2025-07-04 09:05:02,831 DEBUG player_1: [1 0 0 0 0 0 0 0 0 0 0]
2025-07-04 09:05:02,835 DEBUG player_0: [1 1 1 1 0 0 0 0 1 0 0]
2025-07-04 09:05:02,842 DEBUG player_0: [0 1 1 1 0 0 0 0 1 0 0]
2025-07-04 09:05:02,843 DEBUG player_1: [1 1 1 1 0 0 0 0 1 0 0]
2025-07-04 09:05:02,843 DEBUG player_1: [0 1 1 1 0 0 0 0 1 0 0]
2025-07-04 09:05:02,851 DEBUG player_0: [1 0 0 0 0 0 0 0 0 0 0]
2025-07-04 09:05:02,851 DEBUG player_1: [0 0 1 0 0 0 0 0 0 0 0]
2025-07-04 09:05:02,858 DEBUG player_0: [1 1 1 1 0 0 0 0 0 0 0]
2025-07-04 09:05:02,858 DEBUG player_1: [1 1 1 1 0 0 0 0 1 0 0]
2025-07-04 09:05:02,874 DEBUG player_0: [1 1 1 1 0 0 0 0 1 0 0]
2025-07-04 09:05:02,875 DEBUG player_1: [1 1 1 1 0 0 0 0 1 0 0]
2025-07-04 09:05:02,880 DEBUG player_0: [0 0 0 0 0 0 0 0 0 0 0]
2025-07-04 09:05:02,882 DEBUG player_1: [0 0 0 0 0 0 0 0 1 1 0]
2025-07-04 09:05:02,888 DEBUG player_0: [0 0 0 0 0 0 0 0 1 0 0]
2025-07-04 09:05:02,889 DEBUG player_1: [0 0 0 0 0 0 0 0 1 0 0]
2025-07-04 09:05:02,958 DEBUG player_0: [0 1 1 1 0 0 0 0 1 0 0]
2025-07-04 09:05:02,958 DEBUG player_1: [0 1 1 1 0 0 0 0 1 0 0]
2025-07-04 09:05:02,966 DEBUG player_0: [1 1 1 1 0 0 0 0 0 0 0]
2025-07-04 09:05:02,966 DEBUG player_1: [0 0 1 0 0 0 0 0 1 0 0]
2025-07-04 09:05:02,972 DEBUG player_0: [1 1 1 1 0 0 0 0 0 0 0]
2025-07-04 09:05:02,972 DEBUG player_1: [1 1 1 1 0 0 0 0 1 0 0]
2025-07-04 09:05:02,995 DEBUG player_0: [1 1 1 1 0 0 0 0 0 0 0]
2025-07-04 09:05:02,995 DEBUG player_1: [1 1 1 1 0 0 0 0 1 0 0]
2025-07-04 09:05:03,001 DEBUG player_0: [1 1 1 1 0 0 0 0 0 0 0]
2025-07-04 09:05:03,001 DEBUG player_1: [1 1 1 1 0 0 0 0 0 0 0]
2025-07-04 09:05:03,066 DEBUG player_0: [0 1 1 1 0 0 0 0 1 0 0]
2025-07-04 09:05:03,067 DEBUG player_1: [0 1 1 1 0 0 0 0 1 0 0]
2025-07-04 09:05:03,080 DEBUG player_0: [1 0 0 0 0 0 0 0 0 0 0]
2025-07-04 09:05:03,080 DEBUG player_1: [0 0 1 0 0 0 0 0 0 0 0]
2025-07-04 09:05:03,085 DEBUG player_0: [1 1 1 1 0 0 0 0 0 0 0]
2025-07-04 09:05:03,085 DEBUG player_1: [1 1 1 1 0 0 0 0 1 0 0]
2025-07-04 09:05:03,114 DEBUG player_0: [1 0 0 0 0 0 0 0 0 0 0]
2025-07-04 09:05:03,114 DEBUG player_1: [1 0 0 0 0 0 0 0 0 0 0]
2025-07-04 09:05:03,175 DEBUG player_0: [0 1 1 1 0 0 0 0 1 0 0]
2025-07-04 09:05:03,176 DEBUG player_1: [0 1 1 1 0 0 0 0 1 0 0]
2025-07-04 09:05:03,195 DEBUG player_0: [1 1 1 1 0 0 0 0 0 0 0]
2025-07-04 09:05:03,195 DEBUG player_1: [1 1 1 1 0 0 0 0 1 0 0]
2025-07-04 09:05:03,222 DEBUG player_0: [1 1 1 1 0 0 0 0 0 0 0]
2025-07-04 09:05:03,223 DEBUG player_1: [1 0 0 0 0 0 0 0 0 0 0]
2025-07-04 09:05:03,285 DEBUG player_0: [0 1 1 1 0 0 0 0 1 0 0]
2025-07-04 09:05:03,286 DEBUG player_1: [0 1 1 1 0 0 0 0 1 0 0]
2025-07-04 09:05:03,304 DEBUG player_0: [1 1 1 1 0 0 0 0 0 0 0]
2025-07-04 09:05:03,304 DEBUG player_1: [1 1 1 1 0 0 0 0 1 0 0]
2025-07-04 09:05:03,331 DEBUG player_0: [1 0 0 0 0 0 0 0 0 0 0]
2025-07-04 09:05:03,332 DEBUG player_1: [1 0 0 0 0 0 0 0 0 0 0]
2025-07-04 09:05:03,362 DEBUG player_0: [0 0 0 0 0 0 0 0 1 0 0]
2025-07-04 09:05:03,367 DEBUG player_0: [0 0 0 0 0 0 0 0 0 0 0]
2025-07-04 09:05:03,368 DEBUG player_1: [0 0 0 0 0 0 0 0 1 0 0]
2025-07-04 09:05:03,368 DEBUG player_1: [0 0 0 0 0 0 0 0 0 0 0]
2025-07-04 09:05:03,373 DEBUG player_0: [0 0 0 0 0 0 0 0 1 0 0]
2025-07-04 09:05:03,374 DEBUG player_1: [0 0 0 0 0 0 0 0 1 0 0]
2025-07-04 09:05:03,396 DEBUG player_0: [0 1 1 1 0 0 0 0 1 0 0]
2025-07-04 09:05:03,396 DEBUG player_1: [0 1 1 1 0 0 0 0 1 0 0]
2025-07-04 09:05:03,413 DEBUG player_0: [1 1 1 1 0 0 0 0 0 0 0]
2025-07-04 09:05:03,413 DEBUG player_1: [1 1 1 1 0 0 0 0 1 0 0]
2025-07-04 09:05:03,441 DEBUG player_0: [1 1 1 1 0 0 0 0 0 0 0]
2025-07-04 09:05:03,441 DEBUG player_1: [1 0 0 0 0 0 0 0 0 0 0]
2025-07-04 09:05:03,482 DEBUG player_0: [1 0 0 0 0 0 0 0 0 0 0]
2025-07-04 09:05:03,487 DEBUG player_0: [1 1 1 1 0 0 0 0 0 0 0]
2025-07-04 09:05:03,487 DEBUG player_1: [1 1 1 1 0 0 0 0 0 0 0]
2025-07-04 09:05:03,493 DEBUG player_0: [1 1 1 1 0 0 0 0 0 0 0]
2025-07-04 09:05:03,493 DEBUG player_1: [1 0 0 0 0 0 0 0 0 0 0]
2025-07-04 09:05:03,493 DEBUG player_1: [1 1 1 1 0 0 0 0 1 0 0]
2025-07-04 09:05:03,504 DEBUG player_0: [0 1 1 1 0 0 0 0 1 0 0]
2025-07-04 09:05:03,504 DEBUG player_1: [0 1 1 1 0 0 0 0 1 0 0]
2025-07-04 09:05:03,522 DEBUG player_0: [1 1 1 1 0 0 0 0 0 0 0]
2025-07-04 09:05:03,523 DEBUG player_1: [1 1 1 1 0 0 0 0 1 0 0]
2025-07-04 09:05:03,550 DEBUG player_0: [1 0 0 0 0 0 0 0 0 0 0]
2025-07-04 09:05:03,550 DEBUG player_1: [1 0 0 0 0 0 0 0 0 0 0]
2025-07-04 09:05:03,603 DEBUG player_0: [1 0 0 0 0 0 0 0 0 0 0]
2025-07-04 09:05:03,609 DEBUG player_0: [0 0 0 0 0 0 0 0 0 0 0]
2025-07-04 09:05:03,614 DEBUG player_0: [1 0 0 0 0 0 0 0 0 0 0]
2025-07-04 09:05:03,615 DEBUG player_1: [1 0 0 0 0 0 0 0 0 0 0]
2025-07-04 09:05:03,621 DEBUG player_0: [0 1 1 1 0 0 0 0 1 0 0]
2025-07-04 09:05:03,621 DEBUG player_1: [0 0 0 0 0 0 0 0 1 0 0]
2025-07-04 09:05:03,621 DEBUG player_1: [1 0 0 0 0 0 0 0 0 0 0]
2025-07-04 09:05:03,622 DEBUG player_1: [0 1 1 1 0 0 0 0 1 0 0]
2025-07-04 09:05:03,631 DEBUG player_0: [1 1 1 1 0 0 0 0 0 0 0]
2025-07-04 09:05:03,637 DEBUG player_1: [1 1 1 1 0 0 0 0 1 0 0]
2025-07-04 09:05:03,659 DEBUG player_0: [1 1 1 1 0 0 0 0 0 0 0]
2025-07-04 09:05:03,659 DEBUG player_1: [1 0 0 0 0 0 0 0 0 0 0]
2025-07-04 09:05:03,731 DEBUG player_0: [1 1 1 1 0 0 0 0 0 0 0]
2025-07-04 09:05:03,732 DEBUG player_1: [1 1 1 1 0 0 0 0 0 0 0]
2025-07-04 09:05:03,744 DEBUG player_0: [0 1 1 1 0 0 0 0 1 0 0]
2025-07-04 09:05:03,749 DEBUG player_0: [1 0 0 0 0 0 0 0 0 0 0]
2025-07-04 09:05:03,755 DEBUG player_0: [1 1 1 1 0 0 0 0 0 0 0]
2025-07-04 09:05:03,755 DEBUG player_1: [1 1 1 1 0 0 0 0 0 0 0]
2025-07-04 09:05:03,756 DEBUG player_1: [1 1 1 1 0 0 0 0 1 0 0]
2025-07-04 09:05:03,756 DEBUG player_1: [0 1 1 1 0 0 0 0 1 0 0]
2025-07-04 09:05:03,767 DEBUG player_0: [1 1 1 1 0 0 0 0 0 0 0]
2025-07-04 09:05:03,767 DEBUG player_1: [1 0 0 0 0 0 0 0 0 0 0]
2025-07-04 09:05:03,841 DEBUG player_0: [1 0 0 0 0 0 0 0 0 0 0]
2025-07-04 09:05:03,842 DEBUG player_1: [1 1 1 1 0 0 0 0 0 0 0]
2025-07-04 09:05:03,865 DEBUG player_0: [1 0 0 0 0 0 0 0 0 0 0]
2025-07-04 09:05:03,866 DEBUG player_1: [1 1 1 1 0 0 0 0 0 0 0]
2025-07-04 09:05:03,871 DEBUG player_0: [0 1 1 1 0 0 0 0 1 0 0]
2025-07-04 09:05:03,877 DEBUG player_0: [1 1 1 1 0 0 0 0 0 0 0]
2025-07-04 09:05:03,878 DEBUG player_1: [0 1 1 1 0 0 0 0 1 0 0]
2025-07-04 09:05:03,884 DEBUG player_0: [1 0 0 0 0 0 0 0 0 0 0]
2025-07-04 09:05:03,885 DEBUG player_1: [1 1 1 1 0 0 0 0 1 0 0]
2025-07-04 09:05:03,886 DEBUG player_1: [1 0 0 0 0 0 0 0 0 0 0]
2025-07-04 09:05:03,951 DEBUG player_0: [1 1 1 1 0 0 0 0 0 0 0]
2025-07-04 09:05:03,952 DEBUG player_1: [1 1 1 1 0 0 0 0 0 0 0]
2025-07-04 09:05:03,992 DEBUG player_0: [1 0 0 0 0 0 0 0 0 0 0]
2025-07-04 09:05:03,993 DEBUG player_1: [1 0 0 0 0 0 0 0 0 0 0]
2025-07-04 09:05:03,998 DEBUG player_0: [0 1 1 1 0 0 0 0 1 0 0]
2025-07-04 09:05:04,003 DEBUG player_0: [1 1 1 1 0 0 0 0 0 0 0]
2025-07-04 09:05:04,004 DEBUG player_1: [0 1 1 1 0 0 0 0 1 0 0]
2025-07-04 09:05:04,005 DEBUG player_1: [0 1 1 1 0 0 0 0 1 0 0]
2025-07-04 09:05:04,020 DEBUG player_0: [0 0 0 0 0 0 0 0 0 0 0]
2025-07-04 09:05:04,020 DEBUG player_1: [0 0 0 0 0 0 0 0 1 0 0]
2025-07-04 09:05:04,061 DEBUG player_0: [1 0 0 0 0 0 0 0 0 0 0]
2025-07-04 09:05:04,061 DEBUG player_1: [1 1 1 1 0 0 0 0 0 0 0]
2025-07-04 09:05:04,120 DEBUG player_0: [1 1 1 1 0 0 0 0 0 0 0]
2025-07-04 09:05:04,125 DEBUG player_0: [0 1 1 1 0 0 0 0 1 0 0]
2025-07-04 09:05:04,126 DEBUG player_1: [0 1 1 1 0 0 0 0 1 0 0]
2025-07-04 09:05:04,126 DEBUG player_1: [0 1 1 1 0 0 0 0 1 0 0]
2025-07-04 09:05:04,131 DEBUG player_0: [1 0 0 0 0 0 0 0 0 0 0]
2025-07-04 09:05:04,132 DEBUG player_1: [1 1 1 1 0 0 0 0 0 0 0]
2025-07-04 09:05:04,170 DEBUG player_0: [1 1 1 1 0 0 0 0 0 0 0]
2025-07-04 09:05:04,171 DEBUG player_1: [1 1 1 1 0 0 0 0 0 0 0]
2025-07-04 09:05:04,240 DEBUG player_0: [0 1 1 1 0 0 0 0 1 0 0]
2025-07-04 09:05:04,245 DEBUG player_0: [0 1 1 1 0 0 0 0 0 0 0]
2025-07-04 09:05:04,246 DEBUG player_1: [0 1 1 1 0 0 0 0 1 0 0]
2025-07-04 09:05:04,246 DEBUG player_1: [0 1 1 1 0 0 0 0 1 0 0]
2025-07-04 09:05:04,252 DEBUG player_0: [1 0 0 0 0 0 0 0 0 0 0]
2025-07-04 09:05:04,252 DEBUG player_1: [1 1 1 1 0 0 0 0 0 0 0]
2025-07-04 09:05:04,280 DEBUG player_0: [1 0 0 0 0 0 0 0 0 0 0]
2025-07-04 09:05:04,280 DEBUG player_1: [1 1 1 1 0 0 0 0 0 0 0]
2025-07-04 09:05:04,362 DEBUG player_0: [0 1 1 1 0 0 0 0 0 0 0]
2025-07-04 09:05:04,368 DEBUG player_0: [0 1 1 1 0 0 0 0 1 0 0]
2025-07-04 09:05:04,368 DEBUG player_1: [0 1 1 1 0 0 0 0 1 0 0]
2025-07-04 09:05:04,373 DEBUG player_0: [1 0 0 0 0 0 0 0 0 0 0]
2025-07-04 09:05:04,374 DEBUG player_1: [1 1 1 1 0 0 0 0 0 0 0]
2025-07-04 09:05:04,374 DEBUG player_1: [0 1 1 1 0 0 0 0 1 0 0]
2025-07-04 09:05:04,388 DEBUG player_0: [1 1 1 1 0 0 0 0 0 0 0]
2025-07-04 09:05:04,389 DEBUG player_1: [1 1 1 1 0 0 0 0 0 0 0]
2025-07-04 09:05:04,483 DEBUG player_0: [0 1 1 1 0 0 0 0 0 0 0]
2025-07-04 09:05:04,484 DEBUG player_1: [0 1 1 1 0 0 0 0 1 0 0]
2025-07-04 09:05:04,489 DEBUG player_0: [0 1 1 1 0 0 0 0 1 0 0]
2025-07-04 09:05:04,494 DEBUG player_0: [1 0 0 0 0 0 0 0 0 0 0]
2025-07-04 09:05:04,495 DEBUG player_1: [1 0 0 0 0 0 0 0 0 0 0]
2025-07-04 09:05:04,495 DEBUG player_1: [0 1 1 1 0 0 0 0 1 0 0]
2025-07-04 09:05:04,500 DEBUG player_0: [1 0 0 0 0 0 0 0 0 0 0]
2025-07-04 09:05:04,502 DEBUG player_1: [1 1 1 1 0 0 0 0 0 0 0]
2025-07-04 09:05:04,608 DEBUG player_0: [0 1 1 1 0 0 0 0 0 0 0]
2025-07-04 09:05:04,609 DEBUG player_1: [0 1 1 1 0 0 0 0 1 0 0]
2025-07-04 09:05:04,614 DEBUG player_0: [1 0 0 0 0 0 0 0 0 0 0]
2025-07-04 09:05:04,620 DEBUG player_0: [1 1 1 1 0 0 0 0 0 0 0]
2025-07-04 09:05:04,626 DEBUG player_0: [0 1 1 1 0 0 0 0 1 0 0]
2025-07-04 09:05:04,627 DEBUG player_1: [1 1 1 1 0 0 0 0 0 0 0]
2025-07-04 09:05:04,627 DEBUG player_1: [1 1 1 1 0 0 0 0 0 0 0]
2025-07-04 09:05:04,627 DEBUG player_1: [0 1 1 1 0 0 0 0 1 0 0]
2025-07-04 09:05:04,736 DEBUG player_0: [0 1 1 1 0 0 0 0 0 0 0]
2025-07-04 09:05:04,737 DEBUG player_1: [0 1 1 1 0 0 0 0 1 0 0]
2025-07-04 09:05:04,742 DEBUG player_0: [1 0 0 0 0 0 0 0 0 0 0]
2025-07-04 09:05:04,746 DEBUG player_0: [1 1 1 1 0 0 0 0 0 0 0]
2025-07-04 09:05:04,751 DEBUG player_0: [0 1 1 1 0 0 0 0 1 0 0]
2025-07-04 09:05:04,752 DEBUG player_1: [1 1 1 1 0 0 0 0 0 0 0]
2025-07-04 09:05:04,752 DEBUG player_1: [1 0 0 0 0 0 0 0 0 0 0]
2025-07-04 09:05:04,753 DEBUG player_1: [0 1 1 1 0 0 0 0 1 0 0]
2025-07-04 09:05:04,862 DEBUG player_0: [0 1 1 1 0 0 0 0 0 0 0]
2025-07-04 09:05:04,863 DEBUG player_1: [0 1 1 1 0 0 0 0 1 0 0]
2025-07-04 09:05:04,868 DEBUG player_0: [0 1 1 1 0 0 0 0 1 0 0]
2025-07-04 09:05:04,873 DEBUG player_0: [1 1 1 1 0 0 0 0 0 0 0]
2025-07-04 09:05:04,878 DEBUG player_0: [1 0 0 0 0 0 0 0 0 0 0]
2025-07-04 09:05:04,879 DEBUG player_1: [0 1 1 1 0 0 0 0 1 0 0]
2025-07-04 09:05:04,880 DEBUG player_1: [1 1 1 1 0 0 0 0 0 0 0]
2025-07-04 09:05:04,880 DEBUG player_1: [1 1 1 1 0 0 0 0 0 0 0]
2025-07-04 09:05:04,987 DEBUG player_0: [0 1 1 1 0 0 0 0 0 0 0]
2025-07-04 09:05:04,988 DEBUG player_1: [0 1 1 1 0 0 0 0 1 0 0]
2025-07-04 09:05:04,993 DEBUG player_0: [1 0 0 0 0 0 0 0 0 0 0]
2025-07-04 09:05:05,008 DEBUG player_0: [1 0 0 0 0 0 0 0 0 0 0]
2025-07-04 09:05:05,009 DEBUG player_0: [0 1 0 1 0 0 0 0 1 0 0]
2025-07-04 09:05:05,010 DEBUG player_1: [1 1 1 1 0 0 0 0 0 0 0]
2025-07-04 09:05:05,010 DEBUG player_1: [1 0 0 0 0 0 0 0 0 0 0]
2025-07-04 09:05:05,010 DEBUG player_1: [0 1 0 1 0 0 0 0 1 0 0]
2025-07-04 09:05:05,119 DEBUG player_0: [0 1 1 1 0 0 0 0 0 0 0]
2025-07-04 09:05:05,120 DEBUG player_1: [0 1 1 1 0 0 0 0 1 0 0]
2025-07-04 09:05:05,125 DEBUG player_0: [1 1 1 1 0 0 0 0 0 0 0]
2025-07-04 09:05:05,130 DEBUG player_0: [1 1 1 1 0 0 0 0 1 0 0]
2025-07-04 09:05:05,131 DEBUG player_1: [1 1 1 1 0 0 0 0 0 0 0]
2025-07-04 09:05:05,132 DEBUG player_1: [1 1 1 1 0 0 0 0 1 0 0]
2025-07-04 09:05:05,241 DEBUG player_0: [0 1 1 1 0 0 0 0 0 0 0]
2025-07-04 09:05:05,245 DEBUG player_0: [1 0 0 0 0 0 0 0 0 0 0]
2025-07-04 09:05:05,246 DEBUG player_1: [0 1 1 1 0 0 0 0 1 0 0]
2025-07-04 09:05:05,246 DEBUG player_1: [1 1 1 1 0 0 0 0 0 0 0]
2025-07-04 09:05:05,358 DEBUG player_0: [0 1 1 1 0 0 0 0 0 0 0]
2025-07-04 09:05:05,363 DEBUG player_0: [1 1 1 1 0 0 0 0 0 0 0]
2025-07-04 09:05:05,363 DEBUG player_1: [0 1 1 1 0 0 0 0 1 0 0]
2025-07-04 09:05:05,363 DEBUG player_1: [1 1 1 1 0 0 0 0 0 0 0]
2025-07-04 09:05:05,483 DEBUG player_0: [1 0 0 0 0 0 0 0 0 0 0]
2025-07-04 09:05:05,485 DEBUG player_0: [0 1 1 1 0 0 0 0 0 0 0]
2025-07-04 09:05:05,486 DEBUG player_1: [0 1 1 1 0 0 0 0 1 0 0]
2025-07-04 09:05:05,486 DEBUG player_1: [1 1 1 1 0 0 0 0 0 0 0]
2025-07-04 09:05:05,608 DEBUG player_0: [0 1 1 1 0 0 0 0 0 0 0]
2025-07-04 09:05:05,609 DEBUG player_0: [1 1 1 1 0 0 0 0 0 0 0]
2025-07-04 09:05:05,610 DEBUG player_1: [1 1 1 1 0 0 0 0 0 0 0]
2025-07-04 09:05:05,610 DEBUG player_1: [0 1 1 1 0 0 0 0 1 0 0]
2025-07-04 09:05:05,665 DEBUG player_0: [0 0 0 0 0 0 0 0 1 0 0]
2025-07-04 09:05:05,665 DEBUG player_1: [0 0 0 0 0 0 0 0 1 0 0]
2025-07-04 09:05:05,719 DEBUG player_0: [0 1 1 1 0 0 0 0 0 0 0]
2025-07-04 09:05:05,724 DEBUG player_0: [1 0 0 0 0 0 0 0 0 0 0]
2025-07-04 09:05:05,724 DEBUG player_1: [1 1 1 1 0 0 0 0 0 0 0]
2025-07-04 09:05:05,724 DEBUG player_1: [0 1 1 1 0 0 0 0 1 0 0]
2025-07-04 09:05:05,774 DEBUG player_0: [1 0 0 0 0 0 0 0 0 0 0]
2025-07-04 09:05:05,774 DEBUG player_1: [0 1 0 1 0 0 0 0 1 0 0]
2025-07-04 09:05:05,833 DEBUG player_0: [1 1 1 1 0 0 0 0 0 0 0]
2025-07-04 09:05:05,839 DEBUG player_0: [0 1 1 1 0 0 0 0 0 0 0]
2025-07-04 09:05:05,839 DEBUG player_1: [1 1 1 1 0 0 0 0 0 0 0]
2025-07-04 09:05:05,839 DEBUG player_1: [0 1 1 1 0 0 0 0 1 0 0]
2025-07-04 09:05:05,884 DEBUG player_0: [1 1 1 1 0 0 0 0 1 0 0]
2025-07-04 09:05:05,884 DEBUG player_1: [1 1 1 1 0 0 0 0 1 0 0]
2025-07-04 09:05:05,954 DEBUG player_0: [1 0 0 0 0 0 0 0 0 0 0]
2025-07-04 09:05:05,959 DEBUG player_0: [0 1 1 1 0 0 0 0 0 0 0]
2025-07-04 09:05:05,960 DEBUG player_1: [0 1 1 1 0 0 0 0 1 0 0]
2025-07-04 09:05:05,960 DEBUG player_1: [1 1 1 1 0 0 0 0 0 0 0]
2025-07-04 09:05:06,073 DEBUG player_0: [1 1 1 1 0 0 0 0 0 0 0]
2025-07-04 09:05:06,078 DEBUG player_0: [0 1 1 1 0 0 0 0 0 0 0]
2025-07-04 09:05:06,078 DEBUG player_1: [1 1 1 1 0 0 0 0 0 0 0]
2025-07-04 09:05:06,079 DEBUG player_1: [0 1 1 1 0 0 0 0 1 0 0]
2025-07-04 09:05:06,191 DEBUG player_0: [1 1 1 1 0 0 0 0 0 0 0]
2025-07-04 09:05:06,196 DEBUG player_0: [0 1 1 1 0 0 0 0 0 0 0]
2025-07-04 09:05:06,196 DEBUG player_1: [0 1 1 1 0 0 0 0 1 0 0]
2025-07-04 09:05:06,196 DEBUG player_1: [1 1 1 1 0 0 0 0 0 0 0]
2025-07-04 09:05:06,311 DEBUG player_0: [0 1 1 1 0 0 0 0 0 0 0]
2025-07-04 09:05:06,315 DEBUG player_0: [1 0 0 0 0 0 0 0 0 0 0]
2025-07-04 09:05:06,316 DEBUG player_1: [1 1 1 1 0 0 0 0 0 0 0]
2025-07-04 09:05:06,316 DEBUG player_1: [0 1 1 1 0 0 0 0 1 0 0]
2025-07-04 09:05:06,409 DEBUG player_0: [0 0 0 0 0 0 0 0 1 0 0]
2025-07-04 09:05:06,409 DEBUG player_1: [0 0 0 0 0 0 0 0 1 0 0]
2025-07-04 09:05:06,427 DEBUG player_0: [1 1 1 1 0 0 0 0 0 0 0]
2025-07-04 09:05:06,433 DEBUG player_0: [0 1 1 1 0 0 0 0 0 0 0]
2025-07-04 09:05:06,433 DEBUG player_1: [0 1 1 1 0 0 0 0 1 0 0]
2025-07-04 09:05:06,433 DEBUG player_1: [1 1 1 1 0 0 0 0 0 0 0]
2025-07-04 09:05:06,518 DEBUG player_0: [1 0 0 0 0 0 0 0 0 0 0]
2025-07-04 09:05:06,519 DEBUG player_1: [0 1 0 1 0 0 0 0 1 0 0]
2025-07-04 09:05:06,543 DEBUG player_0: [1 0 0 0 0 0 0 0 0 0 0]
2025-07-04 09:05:06,548 DEBUG player_0: [0 1 1 1 0 0 0 0 0 0 0]
2025-07-04 09:05:06,549 DEBUG player_1: [0 1 1 1 0 0 0 0 1 0 0]
2025-07-04 09:05:06,549 DEBUG player_1: [1 1 1 1 0 0 0 0 0 0 0]
2025-07-04 09:05:06,628 DEBUG player_0: [1 1 1 1 0 0 0 0 1 0 0]
2025-07-04 09:05:06,628 DEBUG player_1: [1 1 1 1 0 0 0 0 1 0 0]
2025-07-04 09:05:06,658 DEBUG player_0: [0 1 1 1 0 0 0 0 0 0 0]
2025-07-04 09:05:06,664 DEBUG player_0: [1 1 1 1 0 0 0 0 0 0 0]
2025-07-04 09:05:06,665 DEBUG player_1: [0 1 1 1 0 0 0 0 1 0 0]
2025-07-04 09:05:06,665 DEBUG player_1: [1 1 1 1 0 0 0 0 0 0 0]
2025-07-04 09:05:06,774 DEBUG player_0: [1 0 0 0 0 0 0 0 0 0 0]
2025-07-04 09:05:06,779 DEBUG player_0: [0 1 1 1 0 0 0 0 0 0 0]
2025-07-04 09:05:06,780 DEBUG player_1: [0 1 1 1 0 0 0 0 0 0 0]
2025-07-04 09:05:06,780 DEBUG player_1: [0 1 1 1 0 0 0 0 1 0 0]
2025-07-04 09:05:06,893 DEBUG player_0: [1 1 1 1 0 0 0 0 0 0 0]
2025-07-04 09:05:06,899 DEBUG player_0: [0 1 1 1 0 0 0 0 0 0 0]
2025-07-04 09:05:06,899 DEBUG player_1: [0 1 1 1 0 0 0 0 0 0 0]
2025-07-04 09:05:06,899 DEBUG player_1: [0 1 1 1 0 0 0 0 1 0 0]
2025-07-04 09:05:07,021 DEBUG player_0: [0 1 1 1 0 0 0 0 0 0 0]
2025-07-04 09:05:07,025 DEBUG player_0: [1 0 0 0 0 0 0 0 0 0 0]
2025-07-04 09:05:07,025 DEBUG player_1: [0 1 1 1 0 0 0 0 1 0 0]
2025-07-04 09:05:07,026 DEBUG player_1: [0 1 1 1 0 0 0 0 0 0 0]
2025-07-04 09:05:07,142 DEBUG player_0: [1 1 1 1 0 0 0 0 0 0 0]
2025-07-04 09:05:07,144 DEBUG player_0: [0 1 1 1 0 0 0 0 0 0 0]
2025-07-04 09:05:07,145 DEBUG player_1: [0 1 1 1 0 0 0 0 1 0 0]
2025-07-04 09:05:07,145 DEBUG player_1: [0 1 1 1 0 0 0 0 0 0 0]
2025-07-04 09:05:07,154 DEBUG player_0: [0 0 0 0 0 0 0 0 1 0 0]
2025-07-04 09:05:07,155 DEBUG player_1: [0 0 0 0 0 0 0 0 1 0 0]
2025-07-04 09:05:07,262 DEBUG player_0: [0 1 1 1 0 0 0 0 0 0 0]
2025-07-04 09:05:07,263 DEBUG player_0: [1 0 0 0 0 0 0 0 0 0 0]
2025-07-04 09:05:07,263 DEBUG player_1: [0 1 1 1 0 0 0 0 0 0 0]
2025-07-04 09:05:07,264 DEBUG player_1: [0 1 1 1 0 0 0 0 1 0 0]
2025-07-04 09:05:07,269 DEBUG player_0: [1 0 0 0 0 0 0 0 0 0 0]
2025-07-04 09:05:07,269 DEBUG player_1: [0 1 0 1 0 0 0 0 1 0 0]
2025-07-04 09:05:07,381 DEBUG player_0: [0 1 1 1 0 0 0 0 0 0 0]
2025-07-04 09:05:07,382 DEBUG player_1: [0 1 1 1 0 0 0 0 0 0 0]
2025-07-04 09:05:07,387 DEBUG player_0: [0 1 0 1 0 0 0 0 0 0 0]
2025-07-04 09:05:07,392 DEBUG player_0: [1 1 1 1 0 0 0 0 1 0 0]
2025-07-04 09:05:07,393 DEBUG player_1: [1 1 1 1 0 0 0 0 1 0 0]
2025-07-04 09:05:07,393 DEBUG player_1: [0 1 0 1 0 0 0 0 1 0 0]
2025-07-04 09:05:07,505 DEBUG player_0: [0 1 1 1 0 0 0 0 0 0 0]
2025-07-04 09:05:07,506 DEBUG player_1: [0 1 1 1 0 0 0 0 0 0 0]
2025-07-04 09:05:07,511 DEBUG player_0: [0 1 0 1 0 0 0 0 0 0 0]
2025-07-04 09:05:07,511 DEBUG player_1: [1 1 1 1 0 0 0 0 1 0 0]
2025-07-04 09:05:07,623 DEBUG player_0: [0 1 1 1 0 0 0 0 0 0 0]
2025-07-04 09:05:07,628 DEBUG player_0: [0 1 0 1 0 0 0 0 0 0 0]
2025-07-04 09:05:07,629 DEBUG player_1: [0 1 1 1 0 0 0 0 0 0 0]
2025-07-04 09:05:07,629 DEBUG player_1: [1 0 0 0 0 0 0 0 0 0 0]
2025-07-04 09:05:07,740 DEBUG player_0: [0 1 1 1 0 0 0 0 0 0 0]
2025-07-04 09:05:07,741 DEBUG player_1: [0 1 1 1 0 0 0 0 0 0 0]
2025-07-04 09:05:07,749 DEBUG player_0: [0 1 0 1 0 0 0 0 0 0 0]
2025-07-04 09:05:07,749 DEBUG player_1: [1 1 1 1 0 0 0 0 1 0 0]
2025-07-04 09:05:07,861 DEBUG player_0: [0 1 1 1 0 0 0 0 0 0 0]
2025-07-04 09:05:07,869 DEBUG player_0: [0 1 0 1 0 0 0 0 0 0 0]
2025-07-04 09:05:07,870 DEBUG player_1: [0 1 1 1 0 0 0 0 0 0 0]
2025-07-04 09:05:07,870 DEBUG player_1: [1 1 1 1 0 0 0 0 1 0 0]
2025-07-04 09:05:07,927 DEBUG player_0: [0 0 0 0 0 0 0 0 1 0 0]
2025-07-04 09:05:07,927 DEBUG player_1: [0 0 0 0 0 0 0 0 1 0 0]
2025-07-04 09:05:07,980 DEBUG player_0: [0 1 1 1 0 0 0 0 0 0 0]
2025-07-04 09:05:07,985 DEBUG player_0: [0 1 0 1 0 0 0 0 0 0 0]
2025-07-04 09:05:07,985 DEBUG player_1: [0 1 1 1 0 0 0 0 0 0 0]
2025-07-04 09:05:07,985 DEBUG player_1: [1 1 1 1 0 0 0 0 1 0 0]
2025-07-04 09:05:08,036 DEBUG player_0: [1 0 0 0 0 0 0 0 0 0 0]
2025-07-04 09:05:08,037 DEBUG player_1: [0 1 0 1 0 0 0 0 1 0 0]
2025-07-04 09:05:08,094 DEBUG player_0: [0 1 0 1 0 0 0 0 0 0 0]
2025-07-04 09:05:08,095 DEBUG player_1: [1 0 0 0 0 0 0 0 0 0 0]
2025-07-04 09:05:08,100 DEBUG player_0: [0 1 1 1 0 0 0 0 0 0 0]
2025-07-04 09:05:08,100 DEBUG player_1: [0 1 1 1 0 0 0 0 0 0 0]
2025-07-04 09:05:08,146 DEBUG player_0: [1 1 1 1 0 0 0 0 1 0 0]
2025-07-04 09:05:08,146 DEBUG player_1: [1 1 1 1 0 0 0 0 1 0 0]
2025-07-04 09:05:08,211 DEBUG player_0: [0 1 0 1 0 0 0 0 0 0 0]
2025-07-04 09:05:08,215 DEBUG player_0: [0 1 1 1 0 0 0 0 0 0 0]
2025-07-04 09:05:08,216 DEBUG player_1: [0 1 1 1 0 0 0 0 0 0 0]
2025-07-04 09:05:08,216 DEBUG player_1: [1 1 1 1 0 0 0 0 1 0 0]
2025-07-04 09:05:08,328 DEBUG player_0: [0 1 1 1 0 0 0 0 0 0 0]
2025-07-04 09:05:08,333 DEBUG player_0: [0 1 0 1 0 0 0 0 0 0 0]
2025-07-04 09:05:08,333 DEBUG player_1: [0 1 1 1 0 0 0 0 0 0 0]
2025-07-04 09:05:08,333 DEBUG player_1: [1 0 0 0 0 0 0 0 0 0 0]
2025-07-04 09:05:08,446 DEBUG player_0: [0 1 1 1 0 0 0 0 0 0 0]
2025-07-04 09:05:08,446 DEBUG player_1: [0 1 1 1 0 0 0 0 0 0 0]
2025-07-04 09:05:08,451 DEBUG player_0: [0 1 0 1 0 0 0 0 0 0 0]
2025-07-04 09:05:08,451 DEBUG player_1: [1 1 1 1 0 0 0 0 1 0 0]
2025-07-04 09:05:08,563 DEBUG player_0: [0 1 1 1 0 0 0 0 0 0 0]
2025-07-04 09:05:08,569 DEBUG player_0: [0 1 0 1 0 0 0 0 0 0 0]
2025-07-04 09:05:08,570 DEBUG player_1: [1 0 0 0 0 0 0 0 0 0 0]
2025-07-04 09:05:08,570 DEBUG player_1: [0 1 1 1 0 0 0 0 0 0 0]
2025-07-04 09:05:08,675 DEBUG player_0: [0 0 0 0 0 0 0 0 1 0 0]
2025-07-04 09:05:08,676 DEBUG player_1: [0 0 0 0 0 0 0 0 1 0 0]
2025-07-04 09:05:08,681 DEBUG player_0: [0 1 1 1 0 0 0 0 0 0 0]
2025-07-04 09:05:08,686 DEBUG player_0: [0 1 0 1 0 0 0 0 0 0 0]
2025-07-04 09:05:08,687 DEBUG player_1: [0 1 1 1 0 0 0 0 0 0 0]
2025-07-04 09:05:08,687 DEBUG player_1: [1 1 1 1 0 0 0 0 1 0 0]
2025-07-04 09:05:08,802 DEBUG player_0: [1 0 0 0 0 0 0 0 0 0 0]
2025-07-04 09:05:08,807 DEBUG player_0: [0 1 1 1 0 0 0 0 0 0 0]
2025-07-04 09:05:08,811 DEBUG player_0: [0 1 0 1 0 0 0 0 0 0 0]
2025-07-04 09:05:08,812 DEBUG player_1: [1 0 0 0 0 0 0 0 0 0 0]
2025-07-04 09:05:08,812 DEBUG player_1: [0 1 1 1 0 0 0 0 0 0 0]
2025-07-04 09:05:08,812 DEBUG player_1: [0 1 0 1 0 0 0 0 1 0 0]
2025-07-04 09:05:08,927 DEBUG player_0: [0 1 0 1 0 0 0 0 0 0 0]
2025-07-04 09:05:08,928 DEBUG player_1: [1 1 1 1 0 0 0 0 1 0 0]
2025-07-04 09:05:08,933 DEBUG player_0: [0 1 1 1 0 0 0 0 0 0 0]
2025-07-04 09:05:08,938 DEBUG player_0: [1 1 1 1 0 0 0 0 1 0 0]
2025-07-04 09:05:08,939 DEBUG player_1: [1 1 1 1 0 0 0 0 1 0 0]
2025-07-04 09:05:08,939 DEBUG player_1: [0 1 1 1 0 0 0 0 0 0 0]
2025-07-04 09:05:09,050 DEBUG player_0: [0 1 0 1 0 0 0 0 0 0 0]
2025-07-04 09:05:09,055 DEBUG player_0: [0 1 1 1 0 0 0 0 0 0 0]
2025-07-04 09:05:09,055 DEBUG player_1: [1 0 0 0 0 0 0 0 0 0 0]
2025-07-04 09:05:09,056 DEBUG player_1: [0 1 1 1 0 0 0 0 0 0 0]
2025-07-04 09:05:09,169 DEBUG player_0: [0 1 1 1 0 0 0 0 0 0 0]
2025-07-04 09:05:09,169 DEBUG player_1: [0 1 1 1 0 0 0 0 0 0 0]
2025-07-04 09:05:09,284 DEBUG player_0: [0 1 1 1 0 0 0 0 0 0 0]
2025-07-04 09:05:09,285 DEBUG player_1: [0 1 1 1 0 0 0 0 0 0 0]
2025-07-04 09:05:09,397 DEBUG player_0: [0 1 1 1 0 0 0 0 0 0 0]
2025-07-04 09:05:09,397 DEBUG player_1: [0 1 1 1 0 0 0 0 0 0 0]
2025-07-04 09:05:09,468 DEBUG player_0: [0 0 0 0 0 0 0 0 1 0 0]
2025-07-04 09:05:09,469 DEBUG player_1: [0 0 0 0 0 0 0 0 1 0 0]
2025-07-04 09:05:09,510 DEBUG player_0: [0 1 1 1 0 0 0 0 0 0 0]
2025-07-04 09:05:09,510 DEBUG player_1: [0 1 0 1 0 0 0 0 0 0 0]
2025-07-04 09:05:09,586 DEBUG player_0: [0 0 0 0 0 0 0 0 0 0 0]
2025-07-04 09:05:09,586 DEBUG player_1: [0 0 0 0 0 0 0 0 1 0 0]
2025-07-04 09:05:09,591 DEBUG player_0: [1 0 0 0 0 0 0 0 0 0 0]
2025-07-04 09:05:09,593 DEBUG player_1: [0 1 0 1 0 0 0 0 1 0 0]
2025-07-04 09:05:09,618 DEBUG player_0: [0 1 1 1 0 0 0 0 0 0 0]
2025-07-04 09:05:09,619 DEBUG player_1: [0 1 0 1 0 0 0 0 0 0 0]
2025-07-04 09:05:09,707 DEBUG player_0: [0 1 0 1 0 0 0 0 0 0 0]
2025-07-04 09:05:09,712 DEBUG player_0: [1 1 1 1 0 0 0 0 1 0 0]
2025-07-04 09:05:09,712 DEBUG player_1: [0 1 0 1 0 0 0 0 0 0 0]
2025-07-04 09:05:09,712 DEBUG player_1: [1 1 1 1 0 0 0 0 1 0 0]
2025-07-04 09:05:09,826 DEBUG player_0: [0 1 0 1 0 0 0 0 0 0 0]
2025-07-04 09:05:09,826 DEBUG player_1: [0 1 0 1 0 0 0 0 0 0 0]
2025-07-04 09:05:09,939 DEBUG player_0: [0 1 0 1 0 0 0 0 0 0 0]
2025-07-04 09:05:09,940 DEBUG player_1: [0 1 0 1 0 0 0 0 0 0 0]
2025-07-04 09:05:10,053 DEBUG player_0: [0 1 0 1 0 0 0 0 0 0 0]
2025-07-04 09:05:10,054 DEBUG player_1: [0 1 0 1 0 0 0 0 0 0 0]
2025-07-04 09:05:10,166 DEBUG player_0: [0 1 0 1 0 0 0 0 0 0 0]
2025-07-04 09:05:10,166 DEBUG player_1: [0 1 0 1 0 0 0 0 0 0 0]
2025-07-04 09:05:10,246 DEBUG player_0: [0 0 0 0 0 0 0 0 1 0 0]
2025-07-04 09:05:10,247 DEBUG player_1: [0 0 0 0 0 0 0 0 1 0 0]
2025-07-04 09:05:10,275 DEBUG player_0: [0 1 0 1 0 0 0 0 0 0 0]
2025-07-04 09:05:10,275 DEBUG player_1: [0 1 0 1 0 0 0 0 0 0 0]
2025-07-04 09:05:10,368 DEBUG player_0: [1 0 0 0 0 0 0 0 0 0 0]
2025-07-04 09:05:10,368 DEBUG player_1: [0 1 0 1 0 0 0 0 1 0 0]
2025-07-04 09:05:10,384 DEBUG player_0: [0 1 0 1 0 0 0 0 0 0 0]
2025-07-04 09:05:10,384 DEBUG player_1: [0 1 0 1 0 0 0 0 0 0 0]
2025-07-04 09:05:10,496 DEBUG player_0: [0 1 0 1 0 0 0 0 0 0 0]
2025-07-04 09:05:10,497 DEBUG player_1: [0 1 0 1 0 0 0 0 0 0 0]
2025-07-04 09:05:10,611 DEBUG player_0: [0 1 0 1 0 0 0 0 0 0 0]
2025-07-04 09:05:10,611 DEBUG player_1: [0 1 0 1 0 0 0 0 0 0 0]
2025-07-04 09:05:10,724 DEBUG player_0: [0 1 0 1 0 0 0 0 0 0 0]
2025-07-04 09:05:10,725 DEBUG player_1: [0 1 0 1 0 0 0 0 0 0 0]
2025-07-04 09:05:10,839 DEBUG player_0: [0 1 0 1 0 0 0 0 0 0 0]
2025-07-04 09:05:10,839 DEBUG player_1: [0 1 0 1 0 0 0 0 0 0 0]
2025-07-04 09:05:10,898 DEBUG player_0: [0 0 0 0 0 0 0 0 1 0 0]
2025-07-04 09:05:10,899 DEBUG player_1: [0 0 0 0 0 0 0 0 1 0 0]
2025-07-04 09:05:10,950 DEBUG player_0: [0 1 0 1 0 0 0 0 0 0 0]
2025-07-04 09:05:10,951 DEBUG player_1: [0 1 0 1 0 0 0 0 0 0 0]
2025-07-04 09:05:11,020 DEBUG player_0: [0 1 0 1 0 0 0 0 0 0 0]
2025-07-04 09:05:11,021 DEBUG player_1: [0 1 0 1 0 0 0 0 1 0 0]
2025-07-04 09:05:11,064 DEBUG player_0: [0 1 0 1 0 0 0 0 0 0 0]
2025-07-04 09:05:11,065 DEBUG player_1: [0 1 0 1 0 0 0 0 0 0 0]
2025-07-04 09:05:11,178 DEBUG player_0: [0 1 0 1 0 0 0 0 0 0 0]
2025-07-04 09:05:11,179 DEBUG player_1: [0 1 0 1 0 0 0 0 0 0 0]
2025-07-04 09:05:11,292 DEBUG player_0: [0 0 0 1 0 0 0 0 0 0 0]
2025-07-04 09:05:11,293 DEBUG player_1: [0 1 0 0 0 0 0 0 0 0 0]
2025-07-04 09:05:11,405 DEBUG player_0: [0 0 0 1 0 0 0 0 0 0 0]
2025-07-04 09:05:11,405 DEBUG player_1: [0 1 0 0 0 0 0 0 0 0 0]
2025-07-04 09:05:11,517 DEBUG player_0: [0 0 0 1 0 0 0 0 0 0 0]
2025-07-04 09:05:11,517 DEBUG player_1: [0 1 0 0 0 0 0 0 0 0 0]
2025-07-04 09:05:11,541 DEBUG player_0: [0 0 0 0 0 0 0 0 0 0 0]
2025-07-04 09:05:11,542 DEBUG player_1: [0 0 0 0 0 0 0 0 1 0 0]
2025-07-04 09:05:11,633 DEBUG player_0: [0 0 0 0 0 0 0 0 0 0 1]
2025-07-04 09:05:11,634 DEBUG player_1: [0 1 0 0 0 0 0 0 0 0 0]
2025-07-04 09:05:11,649 DEBUG player_0: [0 1 0 1 0 0 0 0 0 0 0]
2025-07-04 09:05:11,649 DEBUG player_1: [0 1 0 1 0 0 0 0 0 0 0]
2025-07-04 09:05:11,750 DEBUG player_0: [0 0 0 0 0 0 0 0 0 0 1]
2025-07-04 09:05:11,751 DEBUG player_1: [0 1 0 0 0 0 0 0 0 0 0]
2025-07-04 09:05:11,757 DEBUG player_0: [0 1 0 1 0 0 0 0 0 0 0]
2025-07-04 09:05:11,758 DEBUG player_1: [0 1 0 1 0 0 0 0 0 0 0]
2025-07-04 09:05:11,887 DEBUG player_0: [0 0 0 0 0 0 0 0 0 0 1]
2025-07-04 09:05:11,887 DEBUG player_1: [0 1 0 0 0 0 0 0 0 0 0]
2025-07-04 09:05:11,893 DEBUG player_0: [0 1 0 1 0 0 0 0 0 0 0]
2025-07-04 09:05:11,893 DEBUG player_1: [0 1 0 1 0 0 0 0 0 0 0]
2025-07-04 09:05:12,018 DEBUG player_0: [0 1 0 1 0 0 0 0 0 0 0]
2025-07-04 09:05:12,019 DEBUG player_1: [0 1 0 1 0 0 0 0 0 0 0]
2025-07-04 09:05:12,135 DEBUG player_0: [0 1 0 1 0 0 0 0 0 0 0]
2025-07-04 09:05:12,136 DEBUG player_1: [0 1 0 1 0 0 0 0 0 0 0]
2025-07-04 09:05:12,249 DEBUG player_0: [0 1 0 1 0 0 0 0 0 0 0]
2025-07-04 09:05:12,249 DEBUG player_1: [0 1 0 1 0 0 0 0 0 0 0]
2025-07-04 09:05:12,362 DEBUG player_0: [0 1 0 1 0 0 0 0 0 0 0]
2025-07-04 09:05:12,362 DEBUG player_1: [0 1 0 1 0 0 0 0 0 0 0]
2025-07-04 09:05:12,474 DEBUG player_0: [0 1 0 0 0 0 0 0 0 0 0]
2025-07-04 09:05:12,475 DEBUG player_1: [0 1 0 1 0 0 0 0 0 0 0]
2025-07-04 09:05:12,587 DEBUG player_0: [0 1 0 0 0 0 0 0 0 0 0]
2025-07-04 09:05:12,587 DEBUG player_1: [0 1 0 1 0 0 0 0 0 0 0]
2025-07-04 09:05:12,701 DEBUG player_0: [0 1 0 0 0 0 0 0 0 0 0]
2025-07-04 09:05:12,701 DEBUG player_1: [0 1 0 1 0 0 0 0 0 0 0]
2025-07-04 09:05:12,813 DEBUG player_0: [0 1 0 0 0 0 0 0 0 0 0]
2025-07-04 09:05:12,813 DEBUG player_1: [0 1 0 1 0 0 0 0 0 0 0]
2025-07-04 09:05:12,927 DEBUG player_0: [0 1 0 0 0 0 0 0 0 0 0]
2025-07-04 09:05:12,928 DEBUG player_1: [0 1 0 1 0 0 0 0 0 0 0]
2025-07-04 09:05:13,043 DEBUG player_0: [0 1 0 0 0 0 0 0 0 0 0]
2025-07-04 09:05:13,044 DEBUG player_1: [0 1 0 1 0 0 0 0 0 0 0]
2025-07-04 09:05:13,157 DEBUG player_0: [0 1 0 0 0 0 0 0 0 0 0]
2025-07-04 09:05:13,157 DEBUG player_1: [0 1 0 1 0 0 0 0 0 0 0]
2025-07-04 09:05:13,271 DEBUG player_0: [0 1 0 0 0 0 0 0 0 0 0]
2025-07-04 09:05:13,271 DEBUG player_1: [0 1 0 1 0 0 0 0 0 0 0]
2025-07-04 09:05:13,383 DEBUG player_0: [0 1 0 0 0 0 0 0 0 0 0]
2025-07-04 09:05:13,383 DEBUG player_1: [0 1 0 1 0 0 0 0 0 0 0]
2025-07-04 09:05:13,497 DEBUG player_0: [0 1 0 0 0 0 0 0 0 0 0]
2025-07-04 09:05:13,498 DEBUG player_1: [0 1 0 1 0 0 0 0 0 0 0]
2025-07-04 09:05:13,611 DEBUG player_0: [0 1 0 0 0 0 0 0 0 0 0]
2025-07-04 09:05:13,611 DEBUG player_1: [0 1 0 1 0 0 0 0 0 0 0]
2025-07-04 09:05:13,725 DEBUG player_0: [0 1 0 0 0 0 0 0 0 0 0]
2025-07-04 09:05:13,726 DEBUG player_1: [0 1 0 1 0 0 0 0 0 0 0]
2025-07-04 09:05:13,839 DEBUG player_0: [0 1 0 0 0 0 0 0 0 0 0]
2025-07-04 09:05:13,840 DEBUG player_1: [0 0 0 1 0 0 0 0 0 0 0]
2025-07-04 09:05:13,952 DEBUG player_0: [0 1 0 0 0 0 0 0 0 0 0]
2025-07-04 09:05:13,953 DEBUG player_1: [0 0 0 1 0 0 0 0 0 0 0]
2025-07-04 09:05:14,066 DEBUG player_0: [0 1 0 0 0 0 0 0 0 0 0]
2025-07-04 09:05:14,066 DEBUG player_1: [0 0 0 0 0 0 0 0 0 0 1]
2025-07-04 09:05:14,181 DEBUG player_0: [0 1 0 0 0 0 0 0 0 0 0]
2025-07-04 09:05:14,181 DEBUG player_1: [0 0 0 0 0 0 0 0 0 0 1]
2025-07-04 09:05:14,294 DEBUG player_0: [0 1 0 0 0 0 0 0 0 0 0]
2025-07-04 09:05:14,295 DEBUG player_1: [0 0 0 0 0 0 0 0 0 0 1]
2025-07-04 09:05:14,338 DEBUG player_0: [1 1 1 1 1 1 1 1 1 1 0]
