2025-06-24 13:39:23,744 INFO Run parameters: {'log_level': 'DEBUG', 'config': '/Users/takagikouichi/Documents/GitHub/Maple/config/train_config.yml', 'episodes': 20, 'save': 'model2.pt', 'tensorboard': False, 'ppo_epochs': 4, 'clip': None, 'gae_lambda': None, 'value_coef': None, 'entropy_coef': None, 'gamma': None, 'parallel': 1}
2025-06-24 13:39:24,613 DEBUG environment reset: cleared action queues and mappings
2025-06-24 13:39:24,620 DEBUG = connection is CONNECTING
2025-06-24 13:39:24,621 DEBUG > GET /showdown/websocket HTTP/1.1
2025-06-24 13:39:24,621 DEBUG > Host: localhost:8000
2025-06-24 13:39:24,621 DEBUG > Upgrade: websocket
2025-06-24 13:39:24,621 DEBUG > Connection: Upgrade
2025-06-24 13:39:24,621 DEBUG > Sec-WebSocket-Key: DrClayJn5chyijn4kzBM6w==
2025-06-24 13:39:24,621 DEBUG > Sec-WebSocket-Version: 13
2025-06-24 13:39:24,621 DEBUG > Sec-WebSocket-Extensions: permessage-deflate; client_max_window_bits
2025-06-24 13:39:24,621 DEBUG > User-Agent: Python/3.12 websockets/15.0.1
2025-06-24 13:39:24,621 DEBUG = connection is CONNECTING
2025-06-24 13:39:24,621 DEBUG > GET /showdown/websocket HTTP/1.1
2025-06-24 13:39:24,621 DEBUG > Host: localhost:8000
2025-06-24 13:39:24,621 DEBUG > Upgrade: websocket
2025-06-24 13:39:24,621 DEBUG > Connection: Upgrade
2025-06-24 13:39:24,621 DEBUG > Sec-WebSocket-Key: 8H5sKpRu0DdOXRf+a8BERw==
2025-06-24 13:39:24,621 DEBUG > Sec-WebSocket-Version: 13
2025-06-24 13:39:24,621 DEBUG > Sec-WebSocket-Extensions: permessage-deflate; client_max_window_bits
2025-06-24 13:39:24,621 DEBUG > User-Agent: Python/3.12 websockets/15.0.1
2025-06-24 13:39:24,622 DEBUG < HTTP/1.1 101 Switching Protocols
2025-06-24 13:39:24,622 DEBUG < Upgrade: websocket
2025-06-24 13:39:24,622 DEBUG < Connection: Upgrade
2025-06-24 13:39:24,622 DEBUG < Sec-WebSocket-Accept: LyD4zMhUoYr0h8c9W2GWdzDJ2i4=
2025-06-24 13:39:24,622 DEBUG = connection is OPEN
2025-06-24 13:39:24,623 DEBUG < HTTP/1.1 101 Switching Protocols
2025-06-24 13:39:24,623 DEBUG < Upgrade: websocket
2025-06-24 13:39:24,623 DEBUG < Connection: Upgrade
2025-06-24 13:39:24,623 DEBUG < Sec-WebSocket-Accept: JvN+oeaT+yDQm/hM66K3ISSaY58=
2025-06-24 13:39:24,623 DEBUG = connection is OPEN
2025-06-24 13:39:24,624 DEBUG < TEXT '|updateuser| Guest 5|0|101|{"blockChallenges":f...c|[Gen 1] Custom Game,c' [8022 bytes]
2025-06-24 13:39:24,625 DEBUG < TEXT '|challstr|4|bce019c9504ce0a027226b00319ec220280...bf2458ace6db85d9c7aba96' [268 bytes]
2025-06-24 13:39:24,625 DEBUG < TEXT '|updateuser| Guest 6|0|1|{"blockChallenges":fal...c|[Gen 1] Custom Game,c' [8020 bytes]
2025-06-24 13:39:24,625 DEBUG < TEXT '|challstr|4|1bda92a2be300ac28ebfcac3f37ad3efa19...28bffa8d54bb387cf5ca68f' [268 bytes]
2025-06-24 13:39:24,626 DEBUG > TEXT '|/trn EnvPlayer 1,0,' [20 bytes]
2025-06-24 13:39:24,626 DEBUG > TEXT '|/trn EnvPlayer 2,0,' [20 bytes]
2025-06-24 13:39:24,627 DEBUG < TEXT '|updatesearch|{"searching":[],"games":null}' [43 bytes]
2025-06-24 13:39:24,627 DEBUG < TEXT '|updateuser| EnvPlayer 1|1|1|{"blockChallenges"...:false,"language":null}' [352 bytes]
2025-06-24 13:39:24,628 DEBUG < TEXT '|updatesearch|{"searching":[],"games":{"battle-... 9] BSS Reg I Battle"}}' [93 bytes]
2025-06-24 13:39:24,629 DEBUG < TEXT '>battle-gen9bssregi-7560\n|init|battle\n|title|...yer|p1|EnvPlayer 1|1|\n' [10426 bytes]
2025-06-24 13:39:24,629 DEBUG < TEXT '>battle-gen9bssregi-7560\n|request|{"active":[{...lized":""}]},"rqid":72}' [1610 bytes]
2025-06-24 13:39:24,631 DEBUG < TEXT '>battle-gen9bssregi-7560\n|player|p1|EnvPlayer 1|1|\n|j|☆EnvPlayer 2' [68 bytes]
2025-06-24 13:39:24,631 DEBUG < TEXT '|updatesearch|{"searching":[],"games":null}' [43 bytes]
2025-06-24 13:39:24,631 DEBUG < TEXT '|updateuser| EnvPlayer 2|1|169|{"blockChallenge...:false,"language":null}' [354 bytes]
2025-06-24 13:39:24,631 DEBUG < TEXT '|updatesearch|{"searching":[],"games":{"battle-... 9] BSS Reg I Battle"}}' [93 bytes]
2025-06-24 13:39:24,631 DEBUG < TEXT '>battle-gen9bssregi-7560\n|init|battle\n|title|...r|p2|EnvPlayer 2|169|\n' [10480 bytes]
2025-06-24 13:39:24,631 DEBUG < TEXT '>battle-gen9bssregi-7560\n|request|{"active":[{...lized":""}]},"rqid":73}' [1603 bytes]
2025-06-24 13:39:24,673 DEBUG > TEXT '|/utm Corviknight||flameorb|pressure|bodypress,...,252,,252|||||,,,,,Dark' [631 bytes]
2025-06-24 13:39:24,673 DEBUG > TEXT '|/challenge envplayer1, gen9bssregi' [35 bytes]
2025-06-24 13:39:24,673 DEBUG > TEXT '|/utm Corviknight||flameorb|pressure|bodypress,...,252,,252|||||,,,,,Dark' [631 bytes]
2025-06-24 13:39:24,673 DEBUG > TEXT '|/challenge envplayer2, gen9bssregi' [35 bytes]
2025-06-24 13:39:24,682 DEBUG < TEXT '|pm| EnvPlayer 2| EnvPlayer 1|/challenge gen9bssregi|gen9bssregi|||' [67 bytes]
2025-06-24 13:39:24,682 DEBUG < TEXT '|pm| EnvPlayer 2| EnvPlayer 1|/log EnvPlayer 2 wants to battle!' [63 bytes]
2025-06-24 13:39:24,683 DEBUG < TEXT '|pm| EnvPlayer 2| EnvPlayer 1|/challenge gen9bssregi|gen9bssregi|||' [67 bytes]
2025-06-24 13:39:24,683 DEBUG < TEXT '|pm| EnvPlayer 2| EnvPlayer 1|/log EnvPlayer 2 wants to battle!' [63 bytes]
2025-06-24 13:39:24,683 DEBUG < TEXT '|pm| EnvPlayer 1| EnvPlayer 2|/challenge' [40 bytes]
2025-06-24 13:39:24,683 DEBUG < TEXT '|updatesearch|{"searching":[],"games":{"battle-... 9] BSS Reg I Battle"}}' [93 bytes]
2025-06-24 13:39:24,683 DEBUG < TEXT '|pm| EnvPlayer 1| EnvPlayer 2|/challenge' [40 bytes]
2025-06-24 13:39:24,683 DEBUG < TEXT '|updatesearch|{"searching":[],"games":{"battle-... 9] BSS Reg I Battle"}}' [93 bytes]
2025-06-24 13:39:24,683 DEBUG < TEXT '|updatesearch|{"searching":[],"games":{"battle-... 9] BSS Reg I Battle"}}' [146 bytes]
2025-06-24 13:39:24,683 DEBUG < TEXT '|updatesearch|{"searching":[],"games":{"battle-... 9] BSS Reg I Battle"}}' [146 bytes]
2025-06-24 13:39:24,683 DEBUG < TEXT '>battle-gen9bssregi-7561\n|init|battle\n|title|...er 1\n|j|☆EnvPlayer 2\n' [91 bytes]
2025-06-24 13:39:24,683 DEBUG < TEXT '>battle-gen9bssregi-7561\n|j|☆EnvPlayer 1' [42 bytes]
2025-06-24 13:39:24,684 DEBUG < TEXT '|updatesearch|{"searching":[],"games":{"battle-... 9] BSS Reg I Battle"}}' [146 bytes]
2025-06-24 13:39:24,684 DEBUG < TEXT '|updatesearch|{"searching":[],"games":{"battle-... 9] BSS Reg I Battle"}}' [146 bytes]
2025-06-24 13:39:24,684 DEBUG < TEXT '>battle-gen9bssregi-7561\n|init|battle\n|title|...er 2\n|j|☆EnvPlayer 1\n' [109 bytes]
2025-06-24 13:39:24,684 DEBUG > TEXT '|/utm Corviknight||flameorb|pressure|bodypress,...,252,,252|||||,,,,,Dark' [631 bytes]
2025-06-24 13:39:24,684 DEBUG > TEXT '|/accept envplayer2' [19 bytes]
2025-06-24 13:39:24,686 DEBUG < TEXT '|popup|envplayer2 is not challenging you. Maybe...ed before you accepted?' [83 bytes]
2025-06-24 13:39:24,687 DEBUG < TEXT '>battle-gen9bssregi-7561\n|t:|1750739964\n|gametype|singles' [57 bytes]
2025-06-24 13:39:24,687 DEBUG < TEXT '>battle-gen9bssregi-7561\n|t:|1750739964\n|gametype|singles' [57 bytes]
2025-06-24 13:39:24,687 DEBUG < TEXT '>battle-gen9bssregi-7561\n|player|p1|EnvPlayer 2|169|' [52 bytes]
2025-06-24 13:39:24,687 DEBUG < TEXT '>battle-gen9bssregi-7561\n|player|p1|EnvPlayer 2|169|' [52 bytes]
2025-06-24 13:39:24,688 DEBUG < TEXT '>battle-gen9bssregi-7561\n|player|p2|EnvPlayer ...L50, F|\n|teampreview|3' [554 bytes]
2025-06-24 13:39:24,689 DEBUG < TEXT '>battle-gen9bssregi-7561\n|player|p2|EnvPlayer ...L50, F|\n|teampreview|3' [554 bytes]
2025-06-24 13:39:24,689 DEBUG < TEXT '>battle-gen9bssregi-7561\n|request|{"teamPrevie...llized":""}]},"rqid":2}' [2376 bytes]
2025-06-24 13:39:24,689 DEBUG < TEXT '>battle-gen9bssregi-7561\n|request|{"teamPrevie...llized":""}]},"rqid":3}' [2376 bytes]
2025-06-24 13:39:24,772 DEBUG [DBG] player_0 send team preview request for battle-gen9bssregi-7560
2025-06-24 13:39:24,772 DEBUG [DBG] player_0 waiting team preview action (qsize=0)
2025-06-24 13:39:24,772 DEBUG [DBG] player_1 send team preview request for battle-gen9bssregi-7560
2025-06-24 13:39:24,773 DEBUG [DBG] player_1 waiting team preview action (qsize=0)
2025-06-24 13:39:24,779 DEBUG [DBG] player_0 team preview message /team 236 (EnvPlayer 1)
2025-06-24 13:39:24,779 DEBUG [DBG] player_0 send message '/team 236' to battle battle-gen9bssregi-7560
2025-06-24 13:39:24,780 DEBUG > TEXT 'battle-gen9bssregi-7560|/team 236' [33 bytes]
2025-06-24 13:39:24,780 DEBUG [DBG] player_0 queue battle -> battle-gen9bssregi-7560
2025-06-24 13:39:24,780 DEBUG [DBG] player_0 waiting action (qsize=0)
2025-06-24 13:39:24,780 DEBUG [DBG] player_1 team preview message /team 156 (EnvPlayer 2)
2025-06-24 13:39:24,780 DEBUG [DBG] player_1 send message '/team 156' to battle battle-gen9bssregi-7560
2025-06-24 13:39:24,780 DEBUG > TEXT 'battle-gen9bssregi-7560|/team 156' [33 bytes]
2025-06-24 13:39:24,781 DEBUG [DBG] player_1 queue battle -> battle-gen9bssregi-7560
2025-06-24 13:39:24,781 DEBUG [DBG] player_1 waiting action (qsize=0)
2025-06-24 13:39:24,781 DEBUG [DBG] race_get start qsize=1 events=[False, False]
2025-06-24 13:39:24,781 DEBUG [DBG] race_get done result=<poke_env.environment.battle.Battle object at 0x124be7880> qsize=0
2025-06-24 13:39:24,781 DEBUG available mask for player_0: [1 1 1 1 0 0 0 0 0 0]
2025-06-24 13:39:24,782 DEBUG < TEXT '>battle-gen9bssregi-7560\n|player|p2|EnvPlayer 2|169|' [52 bytes]
2025-06-24 13:39:24,782 DEBUG available mapping for player_0: {0: ('move', 0), 1: ('move', 1), 2: ('move', 2), 3: ('move', 3)}
2025-06-24 13:39:24,782 DEBUG < TEXT ">battle-gen9bssregi-7560\n|error|[Invalid choic...in a Team Preview phase" [114 bytes]
2025-06-24 13:39:24,782 DEBUG [DBG] race_get start qsize=1 events=[False, False]
2025-06-24 13:39:24,783 DEBUG < TEXT '>battle-gen9bssregi-7560\n|player|p2|EnvPlayer 2|169|' [52 bytes]
2025-06-24 13:39:24,783 DEBUG < TEXT ">battle-gen9bssregi-7560\n|error|[Invalid choic...in a Team Preview phase" [114 bytes]
2025-06-24 13:39:24,784 DEBUG [DBG] race_get done result=<poke_env.environment.battle.Battle object at 0x1258443f0> qsize=0
2025-06-24 13:39:24,784 DEBUG available mask for player_1: [1 1 1 1 0 0 0 0 0 0]
2025-06-24 13:39:24,784 DEBUG available mapping for player_1: {0: ('move', 0), 1: ('move', 1), 2: ('move', 2), 3: ('move', 3), 8: ('switch', 0)}
2025-06-24 13:39:24,807 DEBUG received action 2 for player_0
2025-06-24 13:39:24,807 DEBUG current mapping for player_0: {0: ('move', 0), 1: ('move', 1), 2: ('move', 2), 3: ('move', 3)}
2025-06-24 13:39:24,807 DEBUG [DBG] player_0 action received /choose move hypervoice
2025-06-24 13:39:24,807 DEBUG [DBG] player_0 direct order /choose move hypervoice
2025-06-24 13:39:24,807 DEBUG [DBG] player_0 send message '/choose move hypervoice' to battle battle-gen9bssregi-7560
2025-06-24 13:39:24,807 DEBUG > TEXT 'battle-gen9bssregi-7560|/choose move hypervoice' [47 bytes]
2025-06-24 13:39:24,808 DEBUG [DBG] player_0 queue battle -> battle-gen9bssregi-7560
2025-06-24 13:39:24,808 DEBUG [DBG] player_0 waiting action (qsize=0)
2025-06-24 13:39:24,808 DEBUG received action 0 for player_1
2025-06-24 13:39:24,808 DEBUG current mapping for player_1: {0: ('move', 0), 1: ('move', 1), 2: ('move', 2), 3: ('move', 3), 8: ('switch', 0)}
2025-06-24 13:39:24,808 DEBUG [DBG] player_1 action received /choose move earthquake
2025-06-24 13:39:24,808 DEBUG [DBG] player_1 direct order /choose move earthquake
2025-06-24 13:39:24,808 DEBUG [DBG] player_1 send message '/choose move earthquake' to battle battle-gen9bssregi-7560
2025-06-24 13:39:24,808 DEBUG > TEXT 'battle-gen9bssregi-7560|/choose move earthquake' [47 bytes]
2025-06-24 13:39:24,808 DEBUG [DBG] player_1 queue battle -> battle-gen9bssregi-7560
2025-06-24 13:39:24,808 DEBUG [DBG] player_1 waiting action (qsize=0)
2025-06-24 13:39:24,808 DEBUG [DBG] race_get start qsize=1 events=[False, False]
2025-06-24 13:39:24,809 DEBUG [DBG] race_get done result=<poke_env.environment.battle.Battle object at 0x124be7880> qsize=0
2025-06-24 13:39:24,809 DEBUG available mask for player_0: [1 1 1 1 0 0 0 0 0 0]
2025-06-24 13:39:24,809 DEBUG available mapping for player_0: {0: ('move', 0), 1: ('move', 1), 2: ('move', 2), 3: ('move', 3)}
2025-06-24 13:39:24,809 DEBUG [DBG] race_get start qsize=1 events=[False, False]
2025-06-24 13:39:24,809 DEBUG [DBG] race_get done result=<poke_env.environment.battle.Battle object at 0x1258443f0> qsize=0
2025-06-24 13:39:24,809 DEBUG available mask for player_1: [1 1 1 1 0 0 0 0 0 0]
2025-06-24 13:39:24,809 DEBUG available mapping for player_1: {0: ('move', 0), 1: ('move', 1), 2: ('move', 2), 3: ('move', 3), 8: ('switch', 0)}
2025-06-24 13:39:24,814 DEBUG received action 3 for player_0
2025-06-24 13:39:24,814 DEBUG current mapping for player_0: {0: ('move', 0), 1: ('move', 1), 2: ('move', 2), 3: ('move', 3)}
2025-06-24 13:39:24,814 DEBUG [DBG] player_0 action received /choose move seismictoss
2025-06-24 13:39:24,814 DEBUG [DBG] player_0 direct order /choose move seismictoss
2025-06-24 13:39:24,814 DEBUG [DBG] player_0 send message '/choose move seismictoss' to battle battle-gen9bssregi-7560
2025-06-24 13:39:24,814 DEBUG > TEXT 'battle-gen9bssregi-7560|/choose move seismictoss' [48 bytes]
2025-06-24 13:39:24,814 DEBUG [DBG] player_0 queue battle -> battle-gen9bssregi-7560
2025-06-24 13:39:24,814 DEBUG [DBG] player_0 waiting action (qsize=0)
2025-06-24 13:39:24,814 DEBUG received action 1 for player_1
2025-06-24 13:39:24,814 DEBUG current mapping for player_1: {0: ('move', 0), 1: ('move', 1), 2: ('move', 2), 3: ('move', 3), 8: ('switch', 0)}
2025-06-24 13:39:24,814 DEBUG [DBG] player_1 action received /choose move facade
2025-06-24 13:39:24,814 DEBUG [DBG] player_1 direct order /choose move facade
2025-06-24 13:39:24,815 DEBUG [DBG] player_1 send message '/choose move facade' to battle battle-gen9bssregi-7560
2025-06-24 13:39:24,815 DEBUG > TEXT 'battle-gen9bssregi-7560|/choose move facade' [43 bytes]
2025-06-24 13:39:24,815 DEBUG [DBG] player_1 queue battle -> battle-gen9bssregi-7560
2025-06-24 13:39:24,815 DEBUG [DBG] player_1 waiting action (qsize=0)
2025-06-24 13:39:24,815 DEBUG [DBG] race_get start qsize=1 events=[False, False]
2025-06-24 13:39:24,815 DEBUG [DBG] race_get done result=<poke_env.environment.battle.Battle object at 0x124be7880> qsize=0
2025-06-24 13:39:24,815 DEBUG available mask for player_0: [1 1 1 1 0 0 0 0 0 0]
2025-06-24 13:39:24,815 DEBUG available mapping for player_0: {0: ('move', 0), 1: ('move', 1), 2: ('move', 2), 3: ('move', 3)}
2025-06-24 13:39:24,815 DEBUG [DBG] race_get start qsize=1 events=[False, False]
2025-06-24 13:39:24,816 DEBUG [DBG] race_get done result=<poke_env.environment.battle.Battle object at 0x1258443f0> qsize=0
2025-06-24 13:39:24,816 DEBUG available mask for player_1: [1 1 1 1 0 0 0 0 0 0]
2025-06-24 13:39:24,816 DEBUG available mapping for player_1: {0: ('move', 0), 1: ('move', 1), 2: ('move', 2), 3: ('move', 3), 8: ('switch', 0)}
2025-06-24 13:39:24,820 DEBUG < TEXT '>battle-gen9bssregi-7560\n|error|[Invalid choic...urn has already started' [124 bytes]
2025-06-24 13:39:24,820 DEBUG < TEXT '>battle-gen9bssregi-7560\n|\n|t:|1750739964\n|m...vers\n|upkeep\n|turn|33' [259 bytes]
2025-06-24 13:39:24,820 DEBUG < TEXT '>battle-gen9bssregi-7560\n|request|{"active":[{...lized":""}]},"rqid":74}' [1610 bytes]
2025-06-24 13:39:24,820 DEBUG < TEXT '>battle-gen9bssregi-7560\n|error|[Invalid choic...urn has already started' [124 bytes]
2025-06-24 13:39:24,820 DEBUG < TEXT '>battle-gen9bssregi-7560\n|\n|t:|1750739964\n|m...vers\n|upkeep\n|turn|33' [260 bytes]
2025-06-24 13:39:24,820 DEBUG < TEXT '>battle-gen9bssregi-7560\n|request|{"active":[{...lized":""}]},"rqid":75}' [1603 bytes]
2025-06-24 13:39:24,821 DEBUG [DBG] player_0 queue battle -> battle-gen9bssregi-7560
2025-06-24 13:39:24,821 DEBUG [DBG] player_0 waiting action (qsize=0)
2025-06-24 13:39:24,821 DEBUG [DBG] player_1 queue battle -> battle-gen9bssregi-7560
2025-06-24 13:39:24,821 DEBUG [DBG] player_1 waiting action (qsize=0)
2025-06-24 13:39:24,821 DEBUG received action 3 for player_0
2025-06-24 13:39:24,821 DEBUG current mapping for player_0: {0: ('move', 0), 1: ('move', 1), 2: ('move', 2), 3: ('move', 3)}
2025-06-24 13:39:24,821 DEBUG [DBG] player_0 action received /choose move seismictoss
2025-06-24 13:39:24,821 DEBUG [DBG] player_0 direct order /choose move seismictoss
2025-06-24 13:39:24,822 DEBUG [DBG] player_0 send message '/choose move seismictoss' to battle battle-gen9bssregi-7560
2025-06-24 13:39:24,822 DEBUG > TEXT 'battle-gen9bssregi-7560|/choose move seismictoss' [48 bytes]
2025-06-24 13:39:24,822 DEBUG [DBG] player_0 queue battle -> battle-gen9bssregi-7560
2025-06-24 13:39:24,822 DEBUG [DBG] player_0 waiting action (qsize=0)
2025-06-24 13:39:24,822 DEBUG received action 3 for player_1
2025-06-24 13:39:24,822 DEBUG current mapping for player_1: {0: ('move', 0), 1: ('move', 1), 2: ('move', 2), 3: ('move', 3), 8: ('switch', 0)}
2025-06-24 13:39:24,822 DEBUG [DBG] player_1 action received /choose move whirlwind
2025-06-24 13:39:24,822 DEBUG [DBG] player_1 direct order /choose move whirlwind
2025-06-24 13:39:24,822 DEBUG [DBG] player_1 send message '/choose move whirlwind' to battle battle-gen9bssregi-7560
2025-06-24 13:39:24,822 DEBUG > TEXT 'battle-gen9bssregi-7560|/choose move whirlwind' [46 bytes]
2025-06-24 13:39:24,822 DEBUG [DBG] player_1 queue battle -> battle-gen9bssregi-7560
2025-06-24 13:39:24,822 DEBUG [DBG] player_1 waiting action (qsize=0)
2025-06-24 13:39:24,822 DEBUG [DBG] race_get start qsize=2 events=[False, False]
2025-06-24 13:39:24,823 DEBUG [DBG] race_get done result=<poke_env.environment.battle.Battle object at 0x124be7880> qsize=1
2025-06-24 13:39:24,823 DEBUG available mask for player_0: [1 1 1 1 0 0 0 0 1 0]
2025-06-24 13:39:24,823 DEBUG available mapping for player_0: {0: ('move', 0), 1: ('move', 1), 2: ('move', 2), 3: ('move', 3), 8: ('switch', 0)}
2025-06-24 13:39:24,823 DEBUG [DBG] race_get start qsize=2 events=[False, False]
2025-06-24 13:39:24,823 DEBUG [DBG] race_get done result=<poke_env.environment.battle.Battle object at 0x1258443f0> qsize=1
2025-06-24 13:39:24,823 DEBUG available mask for player_1: [1 1 1 1 0 0 0 0 0 0]
2025-06-24 13:39:24,824 DEBUG available mapping for player_1: {0: ('move', 0), 1: ('move', 1), 2: ('move', 2), 3: ('move', 3), 8: ('switch', 0)}
2025-06-24 13:39:24,827 DEBUG < TEXT '>battle-gen9bssregi-7560\n|\n|t:|1750739964\n|m...vers\n|upkeep\n|turn|34' [243 bytes]
2025-06-24 13:39:24,827 DEBUG < TEXT '>battle-gen9bssregi-7560\n|request|{"active":[{...lized":""}]},"rqid":76}' [1610 bytes]
2025-06-24 13:39:24,827 DEBUG < TEXT '>battle-gen9bssregi-7560\n|\n|t:|1750739964\n|m...vers\n|upkeep\n|turn|34' [245 bytes]
2025-06-24 13:39:24,827 DEBUG < TEXT '>battle-gen9bssregi-7560\n|request|{"active":[{...lized":""}]},"rqid":77}' [1603 bytes]
2025-06-24 13:39:24,828 DEBUG [DBG] player_0 queue battle -> battle-gen9bssregi-7560
2025-06-24 13:39:24,828 DEBUG [DBG] player_0 waiting action (qsize=0)
2025-06-24 13:39:24,828 DEBUG [DBG] player_1 queue battle -> battle-gen9bssregi-7560
2025-06-24 13:39:24,828 DEBUG [DBG] player_1 waiting action (qsize=0)
2025-06-24 13:39:24,828 DEBUG received action 3 for player_0
2025-06-24 13:39:24,828 DEBUG current mapping for player_0: {0: ('move', 0), 1: ('move', 1), 2: ('move', 2), 3: ('move', 3), 8: ('switch', 0)}
2025-06-24 13:39:24,829 DEBUG [DBG] player_0 action received /choose move seismictoss
2025-06-24 13:39:24,829 DEBUG [DBG] player_0 direct order /choose move seismictoss
2025-06-24 13:39:24,829 DEBUG [DBG] player_0 send message '/choose move seismictoss' to battle battle-gen9bssregi-7560
2025-06-24 13:39:24,829 DEBUG > TEXT 'battle-gen9bssregi-7560|/choose move seismictoss' [48 bytes]
2025-06-24 13:39:24,829 DEBUG received action 0 for player_1
2025-06-24 13:39:24,829 DEBUG current mapping for player_1: {0: ('move', 0), 1: ('move', 1), 2: ('move', 2), 3: ('move', 3), 8: ('switch', 0)}
2025-06-24 13:39:24,829 DEBUG [DBG] player_1 action received /choose move earthquake
2025-06-24 13:39:24,829 DEBUG [DBG] player_1 direct order /choose move earthquake
2025-06-24 13:39:24,829 DEBUG [DBG] player_1 send message '/choose move earthquake' to battle battle-gen9bssregi-7560
2025-06-24 13:39:24,829 DEBUG > TEXT 'battle-gen9bssregi-7560|/choose move earthquake' [47 bytes]
2025-06-24 13:39:24,829 DEBUG [DBG] race_get start qsize=2 events=[False, False]
2025-06-24 13:39:24,829 DEBUG [DBG] race_get done result=<poke_env.environment.battle.Battle object at 0x124be7880> qsize=1
2025-06-24 13:39:24,829 DEBUG available mask for player_0: [1 1 1 1 0 0 0 0 1 0]
2025-06-24 13:39:24,830 DEBUG available mapping for player_0: {0: ('move', 0), 1: ('move', 1), 2: ('move', 2), 3: ('move', 3), 8: ('switch', 0)}
2025-06-24 13:39:24,830 DEBUG [DBG] race_get start qsize=2 events=[False, False]
2025-06-24 13:39:24,830 DEBUG [DBG] race_get done result=<poke_env.environment.battle.Battle object at 0x1258443f0> qsize=1
2025-06-24 13:39:24,830 DEBUG available mask for player_1: [1 1 1 1 0 0 0 0 0 0]
2025-06-24 13:39:24,830 DEBUG available mapping for player_1: {0: ('move', 0), 1: ('move', 1), 2: ('move', 2), 3: ('move', 3), 8: ('switch', 0)}
2025-06-24 13:39:24,834 DEBUG received action 1 for player_0
2025-06-24 13:39:24,834 DEBUG current mapping for player_0: {0: ('move', 0), 1: ('move', 1), 2: ('move', 2), 3: ('move', 3), 8: ('switch', 0)}
2025-06-24 13:39:24,834 DEBUG [DBG] player_0 action received /choose move counter
2025-06-24 13:39:24,834 DEBUG [DBG] player_0 direct order /choose move counter
2025-06-24 13:39:24,834 DEBUG [DBG] player_0 send message '/choose move counter' to battle battle-gen9bssregi-7560
2025-06-24 13:39:24,834 DEBUG > TEXT 'battle-gen9bssregi-7560|/choose move counter' [44 bytes]
2025-06-24 13:39:24,834 DEBUG [DBG] player_0 queue battle -> battle-gen9bssregi-7560
2025-06-24 13:39:24,834 DEBUG [DBG] player_0 waiting action (qsize=0)
2025-06-24 13:39:24,834 DEBUG received action 0 for player_1
2025-06-24 13:39:24,834 DEBUG current mapping for player_1: {0: ('move', 0), 1: ('move', 1), 2: ('move', 2), 3: ('move', 3), 8: ('switch', 0)}
2025-06-24 13:39:24,835 DEBUG [DBG] player_1 action received /choose move earthquake
2025-06-24 13:39:24,835 DEBUG [DBG] player_1 direct order /choose move earthquake
2025-06-24 13:39:24,835 DEBUG [DBG] player_1 send message '/choose move earthquake' to battle battle-gen9bssregi-7560
2025-06-24 13:39:24,835 DEBUG > TEXT 'battle-gen9bssregi-7560|/choose move earthquake' [47 bytes]
2025-06-24 13:39:24,835 DEBUG [DBG] player_1 queue battle -> battle-gen9bssregi-7560
2025-06-24 13:39:24,835 DEBUG [DBG] player_1 waiting action (qsize=0)
2025-06-24 13:39:24,835 DEBUG [DBG] race_get start qsize=2 events=[False, False]
2025-06-24 13:39:24,835 DEBUG [DBG] race_get done result=<poke_env.environment.battle.Battle object at 0x124be7880> qsize=1
2025-06-24 13:39:24,835 DEBUG available mask for player_0: [1 1 1 1 0 0 0 0 1 0]
2025-06-24 13:39:24,835 DEBUG available mapping for player_0: {0: ('move', 0), 1: ('move', 1), 2: ('move', 2), 3: ('move', 3), 8: ('switch', 0)}
2025-06-24 13:39:24,835 DEBUG [DBG] race_get start qsize=2 events=[False, False]
2025-06-24 13:39:24,835 DEBUG [DBG] race_get done result=<poke_env.environment.battle.Battle object at 0x1258443f0> qsize=1
2025-06-24 13:39:24,835 DEBUG available mask for player_1: [1 1 1 1 0 0 0 0 0 0]
2025-06-24 13:39:24,836 DEBUG available mapping for player_1: {0: ('move', 0), 1: ('move', 1), 2: ('move', 2), 3: ('move', 3), 8: ('switch', 0)}
2025-06-24 13:39:24,839 DEBUG < TEXT '>battle-gen9bssregi-7560\n|error|[Invalid choic...urn has already started' [124 bytes]
2025-06-24 13:39:24,839 DEBUG < TEXT '>battle-gen9bssregi-7560\n|\n|t:|1750739964\n|m...vers\n|upkeep\n|turn|35' [259 bytes]
2025-06-24 13:39:24,839 DEBUG < TEXT '>battle-gen9bssregi-7560\n|request|{"active":[{...lized":""}]},"rqid":78}' [1609 bytes]
2025-06-24 13:39:24,840 DEBUG < TEXT '>battle-gen9bssregi-7560\n|error|[Invalid choic...urn has already started' [124 bytes]
2025-06-24 13:39:24,840 DEBUG < TEXT '>battle-gen9bssregi-7560\n|\n|t:|1750739964\n|m...vers\n|upkeep\n|turn|35' [260 bytes]
2025-06-24 13:39:24,840 DEBUG < TEXT '>battle-gen9bssregi-7560\n|request|{"active":[{...lized":""}]},"rqid":79}' [1603 bytes]
2025-06-24 13:39:24,840 DEBUG [DBG] player_0 queue battle -> battle-gen9bssregi-7560
2025-06-24 13:39:24,840 DEBUG [DBG] player_0 waiting action (qsize=0)
2025-06-24 13:39:24,841 DEBUG [DBG] player_1 queue battle -> battle-gen9bssregi-7560
2025-06-24 13:39:24,841 DEBUG [DBG] player_1 waiting action (qsize=0)
2025-06-24 13:39:24,841 DEBUG received action 2 for player_0
2025-06-24 13:39:24,841 DEBUG current mapping for player_0: {0: ('move', 0), 1: ('move', 1), 2: ('move', 2), 3: ('move', 3), 8: ('switch', 0)}
2025-06-24 13:39:24,841 DEBUG [DBG] player_0 action received /choose move hypervoice
2025-06-24 13:39:24,841 DEBUG [DBG] player_0 direct order /choose move hypervoice
2025-06-24 13:39:24,841 DEBUG [DBG] player_0 send message '/choose move hypervoice' to battle battle-gen9bssregi-7560
2025-06-24 13:39:24,841 DEBUG > TEXT 'battle-gen9bssregi-7560|/choose move hypervoice' [47 bytes]
2025-06-24 13:39:24,841 DEBUG received action 3 for player_1
2025-06-24 13:39:24,841 DEBUG current mapping for player_1: {0: ('move', 0), 1: ('move', 1), 2: ('move', 2), 3: ('move', 3), 8: ('switch', 0)}
2025-06-24 13:39:24,841 DEBUG [DBG] player_1 action received /choose move whirlwind
2025-06-24 13:39:24,841 DEBUG [DBG] player_1 direct order /choose move whirlwind
2025-06-24 13:39:24,841 DEBUG [DBG] player_1 send message '/choose move whirlwind' to battle battle-gen9bssregi-7560
2025-06-24 13:39:24,841 DEBUG > TEXT 'battle-gen9bssregi-7560|/choose move whirlwind' [46 bytes]
2025-06-24 13:39:24,842 DEBUG [DBG] race_get start qsize=2 events=[False, False]
2025-06-24 13:39:24,842 DEBUG [DBG] race_get done result=<poke_env.environment.battle.Battle object at 0x124be7880> qsize=1
2025-06-24 13:39:24,842 DEBUG available mask for player_0: [1 1 1 1 0 0 0 0 1 0]
2025-06-24 13:39:24,842 DEBUG available mapping for player_0: {0: ('move', 0), 1: ('move', 1), 2: ('move', 2), 3: ('move', 3), 8: ('switch', 0)}
2025-06-24 13:39:24,842 DEBUG [DBG] race_get start qsize=2 events=[False, False]
2025-06-24 13:39:24,842 DEBUG [DBG] race_get done result=<poke_env.environment.battle.Battle object at 0x1258443f0> qsize=1
2025-06-24 13:39:24,842 DEBUG available mask for player_1: [1 1 1 1 0 0 0 0 0 0]
2025-06-24 13:39:24,842 DEBUG available mapping for player_1: {0: ('move', 0), 1: ('move', 1), 2: ('move', 2), 3: ('move', 3), 8: ('switch', 0)}
2025-06-24 13:39:24,846 DEBUG received action 1 for player_0
2025-06-24 13:39:24,846 DEBUG current mapping for player_0: {0: ('move', 0), 1: ('move', 1), 2: ('move', 2), 3: ('move', 3), 8: ('switch', 0)}
2025-06-24 13:39:24,847 DEBUG [DBG] player_0 action received /choose move counter
2025-06-24 13:39:24,847 DEBUG [DBG] player_0 direct order /choose move counter
2025-06-24 13:39:24,847 DEBUG [DBG] player_0 send message '/choose move counter' to battle battle-gen9bssregi-7560
2025-06-24 13:39:24,847 DEBUG > TEXT 'battle-gen9bssregi-7560|/choose move counter' [44 bytes]
2025-06-24 13:39:24,847 DEBUG [DBG] player_0 queue battle -> battle-gen9bssregi-7560
2025-06-24 13:39:24,847 DEBUG [DBG] player_0 waiting action (qsize=0)
2025-06-24 13:39:24,847 DEBUG received action 2 for player_1
2025-06-24 13:39:24,847 DEBUG current mapping for player_1: {0: ('move', 0), 1: ('move', 1), 2: ('move', 2), 3: ('move', 3), 8: ('switch', 0)}
2025-06-24 13:39:24,847 DEBUG [DBG] player_1 action received /choose move lashout
2025-06-24 13:39:24,847 DEBUG [DBG] player_1 direct order /choose move lashout
2025-06-24 13:39:24,847 DEBUG [DBG] player_1 send message '/choose move lashout' to battle battle-gen9bssregi-7560
2025-06-24 13:39:24,847 DEBUG > TEXT 'battle-gen9bssregi-7560|/choose move lashout' [44 bytes]
2025-06-24 13:39:24,847 DEBUG [DBG] player_1 queue battle -> battle-gen9bssregi-7560
2025-06-24 13:39:24,847 DEBUG [DBG] player_1 waiting action (qsize=0)
2025-06-24 13:39:24,847 DEBUG [DBG] race_get start qsize=2 events=[False, False]
2025-06-24 13:39:24,848 DEBUG [DBG] race_get done result=<poke_env.environment.battle.Battle object at 0x124be7880> qsize=1
2025-06-24 13:39:24,848 DEBUG available mask for player_0: [1 1 1 1 0 0 0 0 1 0]
2025-06-24 13:39:24,848 DEBUG < TEXT '>battle-gen9bssregi-7560\n|\n|t:|1750739964\n|m...vers\n|upkeep\n|turn|36' [242 bytes]
2025-06-24 13:39:24,848 DEBUG available mapping for player_0: {0: ('move', 0), 1: ('move', 1), 2: ('move', 2), 3: ('move', 3), 8: ('switch', 0)}
2025-06-24 13:39:24,848 DEBUG [DBG] race_get start qsize=2 events=[False, False]
2025-06-24 13:39:24,848 DEBUG < TEXT '>battle-gen9bssregi-7560\n|request|{"active":[{...lized":""}]},"rqid":80}' [1609 bytes]
2025-06-24 13:39:24,848 DEBUG < TEXT '>battle-gen9bssregi-7560\n|\n|t:|1750739964\n|m...vers\n|upkeep\n|turn|36' [244 bytes]
2025-06-24 13:39:24,848 DEBUG [DBG] player_0 queue battle -> battle-gen9bssregi-7560
2025-06-24 13:39:24,848 DEBUG [DBG] player_0 waiting action (qsize=0)
2025-06-24 13:39:24,849 DEBUG [DBG] player_1 queue battle -> battle-gen9bssregi-7560
2025-06-24 13:39:24,849 DEBUG [DBG] player_1 waiting action (qsize=0)
2025-06-24 13:39:24,849 DEBUG [DBG] race_get done result=<poke_env.environment.battle.Battle object at 0x1258443f0> qsize=2
2025-06-24 13:39:24,849 DEBUG available mask for player_1: [1 1 1 1 0 0 0 0 0 0]
2025-06-24 13:39:24,849 DEBUG < TEXT '>battle-gen9bssregi-7560\n|request|{"active":[{...lized":""}]},"rqid":81}' [1603 bytes]
2025-06-24 13:39:24,849 DEBUG available mapping for player_1: {0: ('move', 0), 1: ('move', 1), 2: ('move', 2), 3: ('move', 3), 8: ('switch', 0)}
2025-06-24 13:39:24,853 DEBUG received action 9 for player_0
2025-06-24 13:39:24,853 DEBUG current mapping for player_0: {0: ('move', 0), 1: ('move', 1), 2: ('move', 2), 3: ('move', 3), 8: ('switch', 0)}
2025-06-24 13:39:24,853 ERROR Invalid or unavailable action index: 9 for EnvPlayer 1 at turn 36 in battle-gen9bssregi-7560. Available: {0: ('move', 0), 1: ('move', 1), 2: ('move', 2), 3: ('move', 3), 8: ('switch', 0)}
2025-06-24 13:39:24,854 DEBUG < TEXT '>battle-gen9bssregi-7560\n|\n|t:|1750739964\n|m...na\n|\n|win|EnvPlayer 2' [152 bytes]
2025-06-24 13:39:24,855 DEBUG < TEXT '>battle-gen9bssregi-7560\n|\n|t:|1750739964\n|m...na\n|\n|win|EnvPlayer 2' [152 bytes]
2025-06-24 13:39:24,855 DEBUG [DBG] player_0 finished battle battle-gen9bssregi-7560
2025-06-24 13:39:24,855 DEBUG [DBG] player_1 finished battle battle-gen9bssregi-7560
2025-06-24 13:39:24,856 DEBUG < TEXT '|updatesearch|{"searching":[],"games":{"battle-... 9] BSS Reg I Battle"}}' [93 bytes]
2025-06-24 13:39:24,856 DEBUG < TEXT '|updatesearch|{"searching":[],"games":{"battle-... 9] BSS Reg I Battle"}}' [93 bytes]
