2025-06-30 10:39:53,776 DEBUG player_0: [1 1 1 1 1 1 1 1 1 1 0]
2025-06-30 10:39:53,798 DEBUG player_0: [1 1 1 1 1 1 1 1 1 1 0]
2025-06-30 10:39:53,799 DEBUG player_1: [1 1 1 1 1 1 1 1 1 1 0]
2025-06-30 10:39:53,920 DEBUG player_0: [1 0 0 0 0 0 0 0 0 0 0]
2025-06-30 10:39:53,921 DEBUG player_1: [1 1 1 1 1 1 1 1 1 1 0]
2025-06-30 10:39:54,041 DEBUG player_0: [1 1 1 1 1 1 1 1 1 1 0]
2025-06-30 10:39:54,041 DEBUG player_1: [1 1 1 1 1 1 1 1 1 1 0]
2025-06-30 10:39:54,155 DEBUG player_0: [1 0 0 0 0 0 0 0 0 0 0]
2025-06-30 10:39:54,156 DEBUG player_1: [1 1 1 1 1 1 1 1 1 1 0]
2025-06-30 10:39:54,270 DEBUG player_0: [1 1 1 1 1 1 1 1 1 1 0]
2025-06-30 10:39:54,271 DEBUG player_1: [1 1 1 1 1 1 1 1 1 1 0]
2025-06-30 10:39:54,370 DEBUG player_0: [1 1 1 1 0 0 0 0 1 1 0]
2025-06-30 10:39:54,371 DEBUG player_1: [1 1 1 1 1 1 1 1 1 1 0]
2025-06-30 10:39:54,482 DEBUG player_0: [1 0 0 0 0 0 0 0 0 0 0]
2025-06-30 10:39:54,483 DEBUG player_1: [1 1 1 1 1 1 1 1 1 1 0]
2025-06-30 10:39:55,007 DEBUG player_0: [0 0 0 0 0 0 0 0 1 1 0]
2025-06-30 10:39:55,008 DEBUG player_1: [0 0 0 0 0 0 0 0 1 1 0]
2025-06-30 10:39:55,119 DEBUG player_0: [1 1 1 1 0 0 0 0 1 1 0]
2025-06-30 10:39:55,120 DEBUG player_1: [1 1 1 1 1 1 1 1 1 0 0]
2025-06-30 10:39:55,232 DEBUG player_0: [1 0 0 0 0 0 0 0 0 0 0]
2025-06-30 10:39:55,232 DEBUG player_1: [1 1 1 1 1 1 1 1 1 0 0]
2025-06-30 10:39:55,347 DEBUG player_0: [1 1 1 1 0 0 0 0 1 1 0]
2025-06-30 10:39:55,348 DEBUG player_1: [1 1 1 1 0 0 0 0 1 0 0]
2025-06-30 10:39:55,460 DEBUG player_0: [1 0 0 0 0 0 0 0 0 0 0]
2025-06-30 10:39:55,461 DEBUG player_1: [1 1 1 1 0 0 0 0 1 0 0]
2025-06-30 10:39:55,985 DEBUG player_0: [0 0 0 0 0 0 0 0 1 1 0]
2025-06-30 10:39:55,986 DEBUG player_1: [0 0 0 0 0 0 0 0 1 0 0]
2025-06-30 10:39:56,097 DEBUG player_0: [1 1 1 1 0 0 0 0 1 0 0]
2025-06-30 10:39:56,097 DEBUG player_1: [1 1 1 1 0 0 0 0 1 0 0]
2025-06-30 10:39:56,622 DEBUG player_0: [0 0 0 0 0 0 0 0 1 0 0]
2025-06-30 10:39:56,623 DEBUG player_1: [0 0 0 0 0 0 0 0 1 0 0]
2025-06-30 10:39:56,734 DEBUG player_0: [1 1 1 1 0 0 0 0 1 0 0]
2025-06-30 10:39:56,735 DEBUG player_1: [1 1 1 1 0 0 0 0 0 0 0]
2025-06-30 10:39:56,848 DEBUG player_0: [1 1 1 1 0 0 0 0 1 0 0]
2025-06-30 10:39:56,848 DEBUG player_1: [1 1 1 1 0 0 0 0 0 0 0]
2025-06-30 10:39:56,961 DEBUG player_0: [1 1 1 1 0 0 0 0 1 0 0]
2025-06-30 10:39:56,962 DEBUG player_1: [1 1 1 1 0 0 0 0 0 0 0]
2025-06-30 10:39:57,058 DEBUG player_0: [1 1 1 1 0 0 0 0 1 0 0]
2025-06-30 10:39:57,059 DEBUG player_1: [1 0 0 0 0 0 0 0 0 0 0]
2025-06-30 10:39:57,174 DEBUG player_0: [1 1 1 1 0 0 0 0 1 0 0]
2025-06-30 10:39:57,175 DEBUG player_1: [1 1 1 1 0 0 0 0 0 0 0]
2025-06-30 10:39:57,286 DEBUG player_0: [1 1 1 1 0 0 0 0 1 0 0]
2025-06-30 10:39:57,287 DEBUG player_1: [1 0 0 0 0 0 0 0 0 0 0]
2025-06-30 10:39:57,339 DEBUG player_0: [1 1 1 1 1 1 1 1 1 1 0]
