2025-07-04 09:05:36,734 DEBUG player_0: [1 1 1 1 1 1 1 1 1 1 0]
2025-07-04 09:05:36,735 DEBUG player_1: [1 1 1 1 1 1 1 1 1 1 0]
2025-07-04 09:05:36,771 DEBUG player_0: [1 1 1 1 1 1 1 1 1 1 0]
2025-07-04 09:05:36,778 DEBUG player_0: [1 1 1 1 1 1 1 1 1 1 0]
2025-07-04 09:05:36,784 DEBUG player_0: [1 1 1 1 1 1 1 1 1 1 0]
2025-07-04 09:05:36,789 DEBUG player_0: [1 1 1 1 1 1 1 1 1 1 0]
2025-07-04 09:05:36,795 DEBUG player_0: [1 1 1 1 1 1 1 1 1 1 0]
2025-07-04 09:05:36,800 DEBUG player_0: [1 1 1 1 1 1 1 1 1 1 0]
2025-07-04 09:05:36,806 DEBUG player_0: [1 1 1 1 1 1 1 1 1 1 0]
2025-07-04 09:05:36,806 DEBUG player_1: [1 1 1 1 1 1 1 1 1 1 0]
2025-07-04 09:05:36,807 DEBUG player_1: [1 1 1 1 1 1 1 1 1 1 0]
2025-07-04 09:05:36,808 DEBUG player_1: [1 1 1 1 1 1 1 1 1 1 0]
2025-07-04 09:05:36,808 DEBUG player_1: [1 1 1 1 1 1 1 1 1 1 0]
2025-07-04 09:05:36,809 DEBUG player_1: [1 1 1 1 1 1 1 1 1 1 0]
2025-07-04 09:05:36,809 DEBUG player_0: [1 1 1 1 1 1 1 1 1 1 0]
2025-07-04 09:05:36,810 DEBUG player_1: [1 1 1 1 1 1 1 1 1 1 0]
2025-07-04 09:05:36,812 DEBUG player_1: [1 1 1 1 1 1 1 1 1 1 0]
2025-07-04 09:05:36,844 DEBUG player_0: [1 1 1 1 0 0 0 0 1 1 0]
2025-07-04 09:05:36,845 DEBUG player_1: [1 1 1 1 0 0 0 0 1 1 0]
2025-07-04 09:05:36,927 DEBUG player_0: [1 0 0 0 0 0 0 0 0 0 0]
2025-07-04 09:05:36,929 DEBUG player_1: [1 1 1 1 0 0 0 0 1 1 0]
2025-07-04 09:05:36,943 DEBUG player_0: [1 1 1 1 1 1 1 1 1 1 0]
2025-07-04 09:05:36,943 DEBUG player_0: [0 0 0 1 0 0 0 0 1 1 0]
2025-07-04 09:05:36,948 DEBUG player_0: [1 1 1 1 1 1 1 1 1 1 0]
2025-07-04 09:05:36,953 DEBUG player_0: [1 1 1 1 0 0 0 0 1 1 0]
2025-07-04 09:05:36,959 DEBUG player_0: [1 1 1 1 1 1 1 1 1 1 0]
2025-07-04 09:05:36,961 DEBUG player_1: [1 1 1 1 1 1 1 1 1 1 0]
2025-07-04 09:05:36,967 DEBUG player_0: [1 1 1 1 0 0 0 0 1 1 0]
2025-07-04 09:05:36,967 DEBUG player_1: [1 1 1 0 1 1 1 0 1 1 0]
2025-07-04 09:05:36,967 DEBUG player_1: [1 0 0 0 0 0 0 0 0 0 0]
2025-07-04 09:05:36,968 DEBUG player_1: [1 0 0 0 0 0 0 0 0 0 0]
2025-07-04 09:05:36,970 DEBUG player_1: [1 0 0 0 0 0 0 0 0 0 0]
2025-07-04 09:05:36,971 DEBUG player_1: [1 1 1 1 0 0 0 0 1 1 0]
2025-07-04 09:05:37,075 DEBUG player_0: [1 1 0 1 0 0 0 0 1 1 0]
2025-07-04 09:05:37,076 DEBUG player_1: [1 1 1 1 0 0 0 0 1 1 0]
2025-07-04 09:05:37,081 DEBUG player_0: [1 1 1 1 0 0 0 0 1 1 0]
2025-07-04 09:05:37,082 DEBUG player_1: [1 1 1 1 0 0 0 0 1 1 0]
2025-07-04 09:05:37,087 DEBUG player_0: [1 1 1 1 0 0 0 0 1 1 0]
2025-07-04 09:05:37,094 DEBUG player_0: [1 0 0 0 0 0 0 0 0 0 0]
2025-07-04 09:05:37,094 DEBUG player_1: [1 1 1 1 0 0 0 0 1 1 0]
2025-07-04 09:05:37,099 DEBUG player_0: [1 1 1 1 0 0 0 0 1 1 0]
2025-07-04 09:05:37,105 DEBUG player_0: [1 1 1 1 0 0 0 0 1 1 0]
2025-07-04 09:05:37,106 DEBUG player_1: [1 1 1 1 0 0 0 0 1 1 0]
2025-07-04 09:05:37,106 DEBUG player_1: [1 1 1 1 0 0 0 0 1 1 0]
2025-07-04 09:05:37,107 DEBUG player_1: [1 1 1 1 0 0 0 0 1 1 0]
2025-07-04 09:05:37,195 DEBUG player_0: [1 1 1 1 0 0 0 0 1 1 0]
2025-07-04 09:05:37,195 DEBUG player_1: [1 1 1 1 0 0 0 0 1 1 0]
2025-07-04 09:05:37,216 DEBUG player_0: [1 1 1 1 0 0 0 0 1 1 0]
2025-07-04 09:05:37,221 DEBUG player_0: [1 1 1 1 0 0 0 0 1 1 0]
2025-07-04 09:05:37,222 DEBUG player_1: [1 1 0 1 0 0 0 0 1 1 0]
2025-07-04 09:05:37,222 DEBUG player_1: [1 1 1 1 0 0 0 0 1 1 0]
2025-07-04 09:05:37,227 DEBUG player_0: [1 1 1 1 0 0 0 0 1 1 0]
2025-07-04 09:05:37,232 DEBUG player_0: [1 1 1 1 0 0 0 0 1 1 0]
2025-07-04 09:05:37,237 DEBUG player_0: [1 1 1 1 0 0 0 0 1 1 0]
2025-07-04 09:05:37,239 DEBUG player_1: [1 1 1 1 0 0 0 0 1 1 0]
2025-07-04 09:05:37,239 DEBUG player_1: [1 1 1 1 0 0 0 0 1 1 0]
2025-07-04 09:05:37,239 DEBUG player_1: [1 1 1 1 0 0 0 0 1 1 0]
2025-07-04 09:05:37,304 DEBUG player_0: [1 1 0 1 0 0 0 0 1 1 0]
2025-07-04 09:05:37,305 DEBUG player_1: [1 1 1 1 0 0 0 0 1 1 0]
2025-07-04 09:05:37,347 DEBUG player_0: [0 0 0 0 0 0 0 0 1 1 0]
2025-07-04 09:05:37,353 DEBUG player_0: [1 1 1 1 0 0 0 0 1 1 0]
2025-07-04 09:05:37,359 DEBUG player_0: [1 1 1 1 0 0 0 0 1 1 0]
2025-07-04 09:05:37,364 DEBUG player_0: [1 1 1 1 0 0 0 0 1 1 0]
2025-07-04 09:05:37,369 DEBUG player_0: [1 1 1 1 0 0 0 0 1 1 0]
2025-07-04 09:05:37,369 DEBUG player_1: [1 1 1 1 0 0 0 0 1 1 0]
2025-07-04 09:05:37,369 DEBUG player_1: [0 0 0 0 0 0 0 0 1 1 0]
2025-07-04 09:05:37,370 DEBUG player_1: [1 1 1 1 0 0 0 0 1 1 0]
2025-07-04 09:05:37,370 DEBUG player_1: [1 1 1 1 0 0 0 0 1 1 0]
2025-07-04 09:05:37,371 DEBUG player_1: [1 1 1 1 0 0 0 0 1 1 0]
2025-07-04 09:05:37,415 DEBUG player_0: [1 1 0 1 0 0 0 0 1 1 0]
2025-07-04 09:05:37,415 DEBUG player_1: [1 1 1 1 0 0 0 0 1 1 0]
2025-07-04 09:05:37,482 DEBUG player_0: [1 1 1 1 0 0 0 0 1 1 0]
2025-07-04 09:05:37,489 DEBUG player_0: [1 1 1 1 0 0 0 0 1 1 0]
2025-07-04 09:05:37,495 DEBUG player_0: [1 1 1 1 0 0 0 0 1 1 0]
2025-07-04 09:05:37,501 DEBUG player_0: [1 1 1 1 0 0 0 0 1 1 0]
2025-07-04 09:05:37,507 DEBUG player_0: [1 1 1 1 0 0 0 0 1 1 0]
2025-07-04 09:05:37,513 DEBUG player_0: [0 0 0 0 0 0 0 0 1 1 0]
2025-07-04 09:05:37,514 DEBUG player_1: [1 1 1 1 0 0 0 0 1 1 0]
2025-07-04 09:05:37,514 DEBUG player_1: [1 1 1 1 0 0 0 0 1 1 0]
2025-07-04 09:05:37,514 DEBUG player_1: [1 1 1 1 0 0 0 0 1 1 0]
2025-07-04 09:05:37,514 DEBUG player_1: [1 1 1 1 0 0 0 0 1 1 0]
2025-07-04 09:05:37,515 DEBUG player_1: [1 1 1 1 0 0 0 0 1 1 0]
2025-07-04 09:05:37,515 DEBUG player_1: [0 0 0 0 0 0 0 0 1 1 0]
2025-07-04 09:05:37,634 DEBUG player_0: [1 1 1 1 0 0 0 0 1 1 0]
2025-07-04 09:05:37,635 DEBUG player_0: [1 1 1 1 1 1 1 1 1 1 0]
2025-07-04 09:05:37,641 DEBUG player_0: [1 1 1 1 0 0 0 0 1 1 0]
2025-07-04 09:05:37,646 DEBUG player_0: [1 1 1 1 0 0 0 0 1 1 0]
2025-07-04 09:05:37,651 DEBUG player_0: [1 1 1 1 0 0 0 0 1 1 0]
2025-07-04 09:05:37,656 DEBUG player_0: [1 1 1 1 0 0 0 0 1 1 0]
2025-07-04 09:05:37,657 DEBUG player_1: [1 1 1 1 0 0 0 0 1 1 0]
2025-07-04 09:05:37,657 DEBUG player_1: [1 1 1 1 0 0 0 0 1 1 0]
2025-07-04 09:05:37,658 DEBUG player_1: [1 1 1 1 0 0 0 0 1 1 0]
2025-07-04 09:05:37,658 DEBUG player_1: [1 1 1 1 0 0 0 0 1 1 0]
2025-07-04 09:05:37,658 DEBUG player_1: [1 1 1 1 0 0 0 0 1 1 0]
2025-07-04 09:05:37,660 DEBUG player_1: [1 1 1 1 0 0 0 0 1 1 0]
2025-07-04 09:05:37,764 DEBUG player_0: [0 0 0 0 0 0 0 0 1 1 0]
2025-07-04 09:05:37,764 DEBUG player_1: [0 0 0 0 0 0 0 0 1 1 0]
2025-07-04 09:05:37,770 DEBUG player_0: [1 1 1 1 0 0 0 0 1 1 0]
2025-07-04 09:05:37,777 DEBUG player_0: [1 1 1 1 1 1 1 1 1 1 0]
2025-07-04 09:05:37,783 DEBUG player_0: [1 1 1 1 0 0 0 0 1 1 0]
2025-07-04 09:05:37,783 DEBUG player_1: [1 1 1 1 0 0 0 0 1 1 0]
2025-07-04 09:05:37,788 DEBUG player_0: [1 1 1 1 0 0 0 0 1 1 0]
2025-07-04 09:05:37,793 DEBUG player_0: [1 1 1 1 0 0 0 0 1 1 0]
2025-07-04 09:05:37,797 DEBUG player_0: [1 1 1 1 0 0 0 0 1 1 0]
2025-07-04 09:05:37,799 DEBUG player_1: [1 1 1 1 0 0 0 0 1 1 0]
2025-07-04 09:05:37,799 DEBUG player_1: [1 1 1 1 0 0 0 0 1 1 0]
2025-07-04 09:05:37,799 DEBUG player_1: [1 1 1 1 0 0 0 0 1 1 0]
2025-07-04 09:05:37,800 DEBUG player_1: [1 1 1 1 0 0 0 0 1 1 0]
2025-07-04 09:05:37,801 DEBUG player_1: [1 1 1 1 0 0 0 0 1 1 0]
2025-07-04 09:05:37,878 DEBUG player_0: [1 1 1 1 0 0 0 0 1 0 0]
2025-07-04 09:05:37,879 DEBUG player_1: [1 1 0 1 0 0 0 0 1 1 0]
2025-07-04 09:05:37,911 DEBUG player_0: [1 1 1 1 0 0 0 0 1 1 0]
2025-07-04 09:05:37,912 DEBUG player_1: [1 1 1 1 0 0 0 0 1 1 0]
2025-07-04 09:05:37,917 DEBUG player_0: [1 1 1 1 0 0 0 0 1 1 0]
2025-07-04 09:05:37,922 DEBUG player_0: [1 0 0 0 0 0 0 0 0 0 0]
2025-07-04 09:05:37,923 DEBUG player_1: [1 1 1 1 0 0 0 0 1 1 0]
2025-07-04 09:05:37,923 DEBUG player_1: [1 1 1 1 0 0 0 0 1 1 0]
2025-07-04 09:05:37,934 DEBUG player_0: [0 0 0 0 0 0 0 0 1 1 0]
2025-07-04 09:05:37,934 DEBUG player_1: [0 0 0 0 0 0 0 0 1 1 0]
2025-07-04 09:05:37,989 DEBUG player_0: [1 1 1 1 0 0 0 0 1 0 0]
2025-07-04 09:05:37,989 DEBUG player_1: [1 1 0 1 0 0 0 0 1 1 0]
2025-07-04 09:05:38,031 DEBUG player_0: [1 1 1 1 0 0 0 0 1 1 0]
2025-07-04 09:05:38,032 DEBUG player_1: [1 1 1 1 0 0 0 0 1 1 0]
2025-07-04 09:05:38,038 DEBUG player_0: [1 1 1 1 0 0 0 0 1 1 0]
2025-07-04 09:05:38,043 DEBUG player_0: [1 1 1 1 0 0 0 0 1 1 0]
2025-07-04 09:05:38,044 DEBUG player_1: [1 1 1 1 0 0 0 0 1 1 0]
2025-07-04 09:05:38,044 DEBUG player_1: [1 0 0 0 0 0 0 0 1 1 0]
2025-07-04 09:05:38,050 DEBUG player_0: [1 1 1 1 0 0 0 0 1 1 0]
2025-07-04 09:05:38,051 DEBUG player_1: [1 1 1 1 0 0 0 0 1 1 0]
2025-07-04 09:05:38,100 DEBUG player_0: [1 1 1 1 0 0 0 0 1 0 0]
2025-07-04 09:05:38,100 DEBUG player_1: [1 1 1 1 0 0 0 0 1 1 0]
2025-07-04 09:05:38,161 DEBUG player_0: [1 1 1 1 0 0 0 0 1 1 0]
2025-07-04 09:05:38,161 DEBUG player_1: [1 1 1 1 0 0 0 0 1 1 0]
2025-07-04 09:05:38,167 DEBUG player_0: [1 1 0 1 0 0 0 0 1 1 0]
2025-07-04 09:05:38,167 DEBUG player_1: [1 1 1 1 0 0 0 0 1 1 0]
2025-07-04 09:05:38,276 DEBUG player_0: [1 1 1 1 0 0 0 0 1 1 0]
2025-07-04 09:05:38,277 DEBUG player_1: [1 1 1 1 0 0 0 0 1 1 0]
2025-07-04 09:05:38,325 DEBUG player_0: [0 0 0 0 0 0 0 0 1 1 0]
2025-07-04 09:05:38,341 DEBUG player_0: [0 0 0 0 0 0 0 0 1 1 0]
2025-07-04 09:05:38,341 DEBUG player_0: [0 0 0 0 0 0 0 0 1 1 0]
2025-07-04 09:05:38,342 DEBUG player_1: [0 0 0 0 0 0 0 0 1 1 0]
2025-07-04 09:05:38,342 DEBUG player_1: [0 0 0 0 0 0 0 0 1 1 0]
2025-07-04 09:05:38,342 DEBUG player_1: [0 0 0 0 0 0 0 0 1 1 0]
2025-07-04 09:05:38,386 DEBUG player_0: [0 0 1 0 0 0 0 0 0 0 0]
2025-07-04 09:05:38,387 DEBUG player_1: [1 1 1 1 0 0 0 0 1 1 0]
2025-07-04 09:05:38,451 DEBUG player_0: [1 1 1 1 0 0 0 0 1 0 0]
2025-07-04 09:05:38,452 DEBUG player_1: [1 1 1 1 0 0 0 0 1 1 0]
2025-07-04 09:05:38,457 DEBUG player_0: [1 1 1 1 0 0 0 0 1 1 0]
2025-07-04 09:05:38,463 DEBUG player_0: [1 1 1 1 0 0 0 0 1 1 0]
2025-07-04 09:05:38,463 DEBUG player_1: [1 1 1 1 0 0 0 0 1 0 0]
2025-07-04 09:05:38,464 DEBUG player_1: [1 1 1 1 0 0 0 0 1 0 0]
2025-07-04 09:05:38,570 DEBUG player_0: [0 0 0 0 0 0 0 0 1 1 0]
2025-07-04 09:05:38,576 DEBUG player_0: [0 0 0 0 0 0 0 0 1 1 0]
2025-07-04 09:05:38,582 DEBUG player_0: [1 1 1 1 0 0 0 0 1 1 0]
2025-07-04 09:05:38,588 DEBUG player_0: [1 1 1 1 0 0 0 0 1 1 0]
2025-07-04 09:05:38,593 DEBUG player_0: [1 1 1 1 0 0 0 0 1 0 0]
2025-07-04 09:05:38,593 DEBUG player_1: [0 0 0 0 0 0 0 0 1 1 0]
2025-07-04 09:05:38,594 DEBUG player_1: [0 0 0 0 0 0 0 0 1 1 0]
2025-07-04 09:05:38,595 DEBUG player_1: [1 1 1 1 0 0 0 0 1 1 0]
2025-07-04 09:05:38,595 DEBUG player_1: [1 1 1 1 0 0 0 0 1 0 0]
2025-07-04 09:05:38,595 DEBUG player_1: [1 1 1 1 0 0 0 0 1 0 0]
2025-07-04 09:05:38,622 DEBUG player_0: [0 0 0 0 0 0 0 0 1 0 0]
2025-07-04 09:05:38,622 DEBUG player_1: [0 0 0 0 0 0 0 0 1 1 0]
2025-07-04 09:05:38,701 DEBUG player_0: [0 0 0 0 0 0 0 0 1 1 0]
2025-07-04 09:05:38,702 DEBUG player_1: [0 0 0 0 0 0 0 0 1 1 0]
2025-07-04 09:05:38,708 DEBUG player_0: [1 1 1 1 0 0 0 0 1 1 0]
2025-07-04 09:05:38,713 DEBUG player_0: [1 1 1 1 0 0 0 0 1 1 0]
2025-07-04 09:05:38,720 DEBUG player_0: [1 1 1 1 0 0 0 0 1 1 0]
2025-07-04 09:05:38,725 DEBUG player_0: [1 0 0 1 0 0 0 0 1 1 0]
2025-07-04 09:05:38,725 DEBUG player_1: [1 1 1 1 0 0 0 0 1 0 0]
2025-07-04 09:05:38,726 DEBUG player_1: [1 1 1 1 0 0 0 0 1 1 0]
2025-07-04 09:05:38,727 DEBUG player_1: [1 1 1 1 0 0 0 0 1 0 0]
2025-07-04 09:05:38,732 DEBUG player_0: [1 1 1 1 0 0 0 0 1 0 0]
2025-07-04 09:05:38,732 DEBUG player_1: [1 1 1 1 0 0 0 0 1 0 0]
2025-07-04 09:05:38,734 DEBUG player_1: [1 1 1 1 0 0 0 0 1 0 0]
2025-07-04 09:05:38,840 DEBUG player_0: [1 1 1 1 0 0 0 0 1 1 0]
2025-07-04 09:05:38,846 DEBUG player_0: [1 1 1 1 0 0 0 0 1 1 0]
2025-07-04 09:05:38,846 DEBUG player_1: [1 1 1 1 0 0 0 0 1 0 0]
2025-07-04 09:05:38,852 DEBUG player_0: [1 1 1 1 0 0 0 0 1 1 0]
2025-07-04 09:05:38,853 DEBUG player_1: [1 1 1 1 0 0 0 0 1 0 0]
2025-07-04 09:05:38,854 DEBUG player_1: [1 1 1 1 0 0 0 0 1 0 0]
2025-07-04 09:05:38,859 DEBUG player_0: [1 1 1 1 0 0 0 0 1 0 0]
2025-07-04 09:05:38,860 DEBUG player_1: [1 1 1 1 0 0 0 0 1 0 0]
2025-07-04 09:05:38,910 DEBUG player_0: [0 0 0 0 0 0 0 0 1 1 0]
2025-07-04 09:05:38,910 DEBUG player_1: [0 0 0 0 0 0 0 0 1 1 0]
2025-07-04 09:05:38,969 DEBUG player_0: [1 1 1 1 0 0 0 0 1 1 0]
2025-07-04 09:05:38,970 DEBUG player_1: [1 1 1 1 0 0 0 0 1 0 0]
2025-07-04 09:05:38,976 DEBUG player_0: [1 1 1 1 0 0 0 0 1 1 0]
2025-07-04 09:05:38,981 DEBUG player_0: [0 0 1 0 0 0 0 0 0 0 0]
2025-07-04 09:05:38,982 DEBUG player_1: [1 1 1 1 0 0 0 0 1 0 0]
2025-07-04 09:05:38,982 DEBUG player_1: [1 1 1 1 0 0 0 0 1 0 0]
2025-07-04 09:05:39,032 DEBUG player_0: [0 0 1 0 0 0 0 0 1 1 0]
2025-07-04 09:05:39,032 DEBUG player_1: [1 1 1 1 0 0 0 0 1 0 0]
2025-07-04 09:05:39,093 DEBUG player_0: [0 0 1 0 0 0 0 0 1 1 0]
2025-07-04 09:05:39,094 DEBUG player_1: [1 1 1 1 0 0 0 0 1 0 0]
2025-07-04 09:05:39,100 DEBUG player_0: [1 1 1 1 0 0 0 0 1 1 0]
2025-07-04 09:05:39,101 DEBUG player_1: [1 1 1 1 0 0 0 0 1 0 0]
2025-07-04 09:05:39,120 DEBUG player_0: [0 0 0 0 0 0 0 0 1 0 0]
2025-07-04 09:05:39,120 DEBUG player_1: [0 0 0 0 0 0 0 0 1 1 0]
2025-07-04 09:05:39,140 DEBUG player_0: [0 0 1 0 0 0 0 0 0 0 0]
2025-07-04 09:05:39,140 DEBUG player_1: [1 1 1 1 0 0 0 0 1 0 0]
2025-07-04 09:05:39,209 DEBUG player_0: [1 0 0 1 0 0 0 0 1 1 0]
2025-07-04 09:05:39,209 DEBUG player_1: [1 1 1 1 0 0 0 0 1 0 0]
2025-07-04 09:05:39,215 DEBUG player_0: [1 1 1 1 0 0 0 0 1 1 0]
2025-07-04 09:05:39,216 DEBUG player_1: [1 1 1 1 0 0 0 0 1 0 0]
2025-07-04 09:05:39,228 DEBUG player_0: [1 1 1 1 0 0 0 0 0 0 0]
2025-07-04 09:05:39,229 DEBUG player_1: [1 1 1 1 0 0 0 0 1 1 0]
2025-07-04 09:05:39,249 DEBUG player_0: [0 0 1 0 0 0 0 0 1 1 0]
2025-07-04 09:05:39,249 DEBUG player_1: [0 0 1 0 0 0 0 0 0 0 0]
2025-07-04 09:05:39,258 DEBUG player_0: [0 0 0 0 0 0 0 0 1 1 0]
2025-07-04 09:05:39,263 DEBUG player_0: [0 0 0 0 0 0 0 0 1 1 0]
2025-07-04 09:05:39,264 DEBUG player_1: [0 0 0 0 0 0 0 0 1 1 0]
2025-07-04 09:05:39,264 DEBUG player_1: [0 0 0 0 0 0 0 0 1 0 0]
2025-07-04 09:05:39,325 DEBUG player_0: [1 0 1 1 0 0 0 0 1 1 0]
2025-07-04 09:05:39,325 DEBUG player_1: [1 1 1 1 0 0 0 0 1 0 0]
2025-07-04 09:05:39,331 DEBUG player_0: [1 1 1 1 0 0 0 0 1 1 0]
2025-07-04 09:05:39,331 DEBUG player_1: [1 1 1 1 0 0 0 0 1 0 0]
2025-07-04 09:05:39,338 DEBUG player_0: [1 1 1 1 0 0 0 0 0 0 0]
2025-07-04 09:05:39,338 DEBUG player_1: [1 0 1 1 0 0 0 0 1 1 0]
2025-07-04 09:05:39,358 DEBUG player_0: [1 1 1 1 0 0 0 0 1 1 0]
2025-07-04 09:05:39,359 DEBUG player_1: [0 0 1 0 0 0 0 0 1 0 0]
2025-07-04 09:05:39,394 DEBUG player_0: [0 0 0 0 0 0 0 0 1 0 0]
2025-07-04 09:05:39,395 DEBUG player_1: [0 0 0 0 0 0 0 0 1 0 0]
2025-07-04 09:05:39,446 DEBUG player_0: [1 1 1 1 0 0 0 0 1 1 0]
2025-07-04 09:05:39,447 DEBUG player_1: [1 1 1 1 0 0 0 0 1 0 0]
2025-07-04 09:05:39,452 DEBUG player_0: [1 1 1 1 0 0 0 0 0 0 0]
2025-07-04 09:05:39,452 DEBUG player_1: [1 0 1 1 0 0 0 0 1 1 0]
2025-07-04 09:05:39,468 DEBUG player_0: [1 1 1 1 0 0 0 0 1 1 0]
2025-07-04 09:05:39,468 DEBUG player_1: [0 0 1 0 0 0 0 0 0 0 0]
2025-07-04 09:05:39,502 DEBUG player_0: [0 0 0 0 0 0 0 0 1 1 0]
2025-07-04 09:05:39,503 DEBUG player_1: [0 0 0 0 0 0 0 0 1 0 0]
2025-07-04 09:05:39,508 DEBUG player_0: [1 1 1 1 0 0 0 0 0 0 0]
2025-07-04 09:05:39,508 DEBUG player_1: [1 1 1 1 0 0 0 0 1 0 0]
2025-07-04 09:05:39,599 DEBUG player_0: [1 1 1 1 0 0 0 0 0 0 0]
2025-07-04 09:05:39,599 DEBUG player_1: [0 0 1 1 0 0 0 0 1 1 0]
2025-07-04 09:05:39,617 DEBUG player_0: [1 1 1 1 0 0 0 0 1 0 0]
2025-07-04 09:05:39,617 DEBUG player_1: [1 1 1 1 0 0 0 0 1 0 0]
2025-07-04 09:05:39,708 DEBUG player_0: [1 1 1 1 0 0 0 0 0 0 0]
2025-07-04 09:05:39,709 DEBUG player_1: [1 1 1 1 0 0 0 0 1 1 0]
2025-07-04 09:05:39,726 DEBUG player_0: [1 1 1 1 0 0 0 0 1 0 0]
2025-07-04 09:05:39,726 DEBUG player_1: [1 1 0 1 0 0 0 0 1 0 0]
2025-07-04 09:05:39,819 DEBUG player_0: [1 1 1 1 0 0 0 0 0 0 0]
2025-07-04 09:05:39,819 DEBUG player_1: [1 1 1 1 0 0 0 0 1 1 0]
2025-07-04 09:05:39,834 DEBUG player_0: [1 1 1 1 0 0 0 0 1 0 0]
2025-07-04 09:05:39,835 DEBUG player_1: [1 1 1 1 0 0 0 0 1 0 0]
2025-07-04 09:05:39,853 DEBUG player_0: [0 0 0 0 0 0 0 0 1 1 0]
2025-07-04 09:05:39,854 DEBUG player_1: [0 0 0 0 0 0 0 0 1 0 0]
2025-07-04 09:05:39,860 DEBUG player_0: [0 0 0 0 0 0 0 0 1 1 0]
2025-07-04 09:05:39,861 DEBUG player_1: [0 0 0 0 0 0 0 0 1 1 0]
2025-07-04 09:05:39,906 DEBUG player_0: [0 0 0 0 0 0 0 0 1 1 0]
2025-07-04 09:05:39,906 DEBUG player_1: [0 0 0 0 0 0 0 0 1 0 0]
2025-07-04 09:05:39,928 DEBUG player_0: [1 1 1 1 0 0 0 0 0 0 0]
2025-07-04 09:05:39,929 DEBUG player_1: [0 0 1 1 0 0 0 0 1 1 0]
2025-07-04 09:05:39,943 DEBUG player_0: [1 1 1 1 0 0 0 0 1 0 0]
2025-07-04 09:05:39,944 DEBUG player_1: [1 1 1 1 0 0 0 0 1 0 0]
2025-07-04 09:05:39,969 DEBUG player_0: [1 1 1 1 0 0 0 0 1 0 0]
2025-07-04 09:05:39,975 DEBUG player_0: [1 1 1 1 0 0 0 0 1 1 0]
2025-07-04 09:05:39,976 DEBUG player_1: [1 1 1 1 0 0 0 0 1 0 0]
2025-07-04 09:05:39,976 DEBUG player_1: [1 1 1 1 0 0 0 0 1 0 0]
2025-07-04 09:05:40,006 DEBUG player_0: [0 0 0 0 0 0 0 0 1 1 0]
2025-07-04 09:05:40,007 DEBUG player_1: [0 0 0 0 0 0 0 0 1 0 0]
2025-07-04 09:05:40,014 DEBUG player_0: [1 1 1 1 0 0 0 0 1 0 0]
2025-07-04 09:05:40,015 DEBUG player_1: [1 1 1 1 0 0 0 0 1 0 0]
2025-07-04 09:05:40,038 DEBUG player_0: [1 1 1 1 0 0 0 0 0 0 0]
2025-07-04 09:05:40,038 DEBUG player_1: [0 0 1 1 0 0 0 0 1 1 0]
2025-07-04 09:05:40,052 DEBUG player_0: [1 1 1 1 0 0 0 0 1 0 0]
2025-07-04 09:05:40,057 DEBUG player_0: [0 0 0 0 0 0 0 0 1 1 0]
2025-07-04 09:05:40,057 DEBUG player_1: [0 0 0 0 0 0 0 0 1 0 0]
2025-07-04 09:05:40,058 DEBUG player_1: [1 1 1 1 0 0 0 0 1 0 0]
2025-07-04 09:05:40,086 DEBUG player_0: [1 1 1 1 0 0 0 0 1 0 0]
2025-07-04 09:05:40,092 DEBUG player_0: [1 1 1 1 0 0 0 0 1 1 0]
2025-07-04 09:05:40,092 DEBUG player_1: [1 1 1 1 0 0 0 0 1 0 0]
2025-07-04 09:05:40,092 DEBUG player_1: [1 1 1 1 0 0 0 0 1 0 0]
2025-07-04 09:05:40,108 DEBUG player_0: [0 0 0 0 0 0 0 0 0 0 0]
2025-07-04 09:05:40,108 DEBUG player_1: [0 0 0 0 0 0 0 0 1 0 0]
2025-07-04 09:05:40,120 DEBUG player_0: [1 1 1 1 0 0 0 0 1 0 0]
2025-07-04 09:05:40,121 DEBUG player_1: [1 1 1 1 0 0 0 0 1 0 0]
2025-07-04 09:05:40,147 DEBUG player_0: [1 1 1 1 0 0 0 0 0 0 0]
2025-07-04 09:05:40,148 DEBUG player_1: [1 1 1 1 0 0 0 0 1 1 0]
2025-07-04 09:05:40,168 DEBUG player_0: [1 1 1 1 0 0 0 0 1 1 0]
2025-07-04 09:05:40,173 DEBUG player_0: [1 1 1 1 0 0 0 0 1 0 0]
2025-07-04 09:05:40,173 DEBUG player_1: [1 1 1 1 0 0 0 0 1 0 0]
2025-07-04 09:05:40,173 DEBUG player_1: [0 0 1 0 0 0 0 0 1 0 0]
2025-07-04 09:05:40,203 DEBUG player_0: [1 1 1 1 0 0 0 0 1 1 0]
2025-07-04 09:05:40,208 DEBUG player_0: [1 1 1 1 0 0 0 0 1 0 0]
2025-07-04 09:05:40,209 DEBUG player_1: [1 1 1 1 0 0 0 0 1 0 0]
2025-07-04 09:05:40,209 DEBUG player_1: [1 1 1 1 0 0 0 0 1 0 0]
2025-07-04 09:05:40,216 DEBUG player_0: [1 1 1 1 0 0 0 0 0 0 0]
2025-07-04 09:05:40,217 DEBUG player_1: [1 1 1 1 0 0 0 0 0 0 0]
2025-07-04 09:05:40,229 DEBUG player_0: [1 1 1 1 0 0 0 0 1 0 0]
2025-07-04 09:05:40,230 DEBUG player_1: [1 1 1 1 0 0 0 0 1 0 0]
2025-07-04 09:05:40,257 DEBUG player_0: [1 1 1 1 0 0 0 0 0 0 0]
2025-07-04 09:05:40,257 DEBUG player_1: [1 1 1 1 0 0 0 0 1 1 0]
2025-07-04 09:05:40,282 DEBUG player_0: [1 1 1 1 0 0 0 0 1 0 0]
2025-07-04 09:05:40,282 DEBUG player_1: [1 1 1 1 0 0 0 0 1 0 0]
2025-07-04 09:05:40,287 DEBUG player_0: [1 1 1 1 0 0 0 0 1 1 0]
2025-07-04 09:05:40,288 DEBUG player_1: [1 1 1 1 0 0 0 0 1 0 0]
2025-07-04 09:05:40,324 DEBUG player_0: [1 1 1 1 0 0 0 0 1 1 0]
2025-07-04 09:05:40,329 DEBUG player_0: [1 1 1 1 0 0 0 0 1 0 0]
2025-07-04 09:05:40,330 DEBUG player_1: [1 1 1 1 0 0 0 0 1 0 0]
2025-07-04 09:05:40,335 DEBUG player_0: [1 1 1 1 0 0 0 0 0 0 0]
2025-07-04 09:05:40,335 DEBUG player_1: [1 1 1 1 0 0 0 0 1 0 0]
2025-07-04 09:05:40,336 DEBUG player_1: [0 1 0 0 0 0 0 0 0 0 0]
2025-07-04 09:05:40,342 DEBUG player_0: [1 1 1 1 0 0 0 0 1 0 0]
2025-07-04 09:05:40,344 DEBUG player_1: [1 1 1 1 0 0 0 0 1 0 0]
2025-07-04 09:05:40,366 DEBUG player_0: [1 1 1 1 0 0 0 0 0 0 0]
2025-07-04 09:05:40,367 DEBUG player_1: [1 1 1 1 0 0 0 0 1 1 0]
2025-07-04 09:05:40,397 DEBUG player_0: [1 1 1 1 0 0 0 0 1 0 0]
2025-07-04 09:05:40,398 DEBUG player_1: [1 1 1 1 0 0 0 0 1 0 0]
2025-07-04 09:05:40,453 DEBUG player_0: [1 1 1 1 0 0 0 0 1 0 0]
2025-07-04 09:05:40,454 DEBUG player_1: [1 1 1 1 0 0 0 0 1 0 0]
2025-07-04 09:05:40,460 DEBUG player_0: [1 1 1 1 0 0 0 0 1 0 0]
2025-07-04 09:05:40,461 DEBUG player_1: [1 1 1 1 0 0 0 0 1 0 0]
2025-07-04 09:05:40,475 DEBUG player_0: [1 1 1 1 0 0 0 0 0 0 0]
2025-07-04 09:05:40,476 DEBUG player_1: [1 1 1 1 0 0 0 0 1 1 0]
2025-07-04 09:05:40,506 DEBUG player_0: [1 1 1 1 0 0 0 0 1 0 0]
2025-07-04 09:05:40,507 DEBUG player_1: [1 1 1 1 0 0 0 0 1 0 0]
2025-07-04 09:05:40,538 DEBUG player_0: [0 0 0 0 0 0 0 0 1 0 0]
2025-07-04 09:05:40,538 DEBUG player_1: [0 0 0 0 0 0 0 0 1 0 0]
2025-07-04 09:05:40,568 DEBUG player_0: [1 1 1 1 0 0 0 0 1 0 0]
2025-07-04 09:05:40,568 DEBUG player_1: [1 1 1 1 0 0 0 0 1 0 0]
2025-07-04 09:05:40,585 DEBUG player_0: [1 1 1 1 0 0 0 0 0 0 0]
2025-07-04 09:05:40,586 DEBUG player_1: [1 1 1 1 0 0 0 0 1 1 0]
2025-07-04 09:05:40,616 DEBUG player_0: [1 1 1 1 0 0 0 0 1 0 0]
2025-07-04 09:05:40,617 DEBUG player_1: [1 1 1 1 0 0 0 0 1 0 0]
2025-07-04 09:05:40,649 DEBUG player_0: [1 1 1 1 0 0 0 0 1 0 0]
2025-07-04 09:05:40,649 DEBUG player_1: [1 1 1 1 0 0 0 0 1 0 0]
2025-07-04 09:05:40,677 DEBUG player_0: [1 1 1 1 0 0 0 0 1 0 0]
2025-07-04 09:05:40,678 DEBUG player_1: [0 0 1 0 0 0 0 0 0 0 0]
2025-07-04 09:05:40,727 DEBUG player_0: [1 0 0 0 0 0 0 0 0 0 0]
2025-07-04 09:05:40,728 DEBUG player_1: [1 1 1 1 0 0 0 0 1 0 0]
2025-07-04 09:05:40,759 DEBUG player_0: [1 1 1 1 0 0 0 0 1 0 0]
2025-07-04 09:05:40,759 DEBUG player_1: [1 1 1 1 0 0 0 0 1 0 0]
2025-07-04 09:05:40,807 DEBUG player_0: [0 0 0 0 0 0 0 0 1 1 0]
2025-07-04 09:05:40,808 DEBUG player_1: [0 0 0 0 0 0 0 0 1 0 0]
2025-07-04 09:05:40,838 DEBUG player_0: [1 1 1 1 0 0 0 0 1 0 0]
2025-07-04 09:05:40,838 DEBUG player_1: [1 1 1 1 0 0 0 0 1 0 0]
2025-07-04 09:05:40,858 DEBUG player_0: [0 0 0 0 0 0 0 0 1 1 0]
2025-07-04 09:05:40,858 DEBUG player_1: [0 0 0 0 0 0 0 0 1 0 0]
2025-07-04 09:05:40,868 DEBUG player_0: [1 1 1 1 0 0 0 0 1 0 0]
2025-07-04 09:05:40,868 DEBUG player_1: [1 1 1 1 0 0 0 0 1 0 0]
2025-07-04 09:05:40,917 DEBUG player_0: [1 1 1 1 0 0 0 0 1 1 0]
2025-07-04 09:05:40,917 DEBUG player_1: [1 1 1 1 0 0 0 0 1 0 0]
2025-07-04 09:05:40,947 DEBUG player_0: [1 1 1 1 0 0 0 0 1 0 0]
2025-07-04 09:05:40,947 DEBUG player_1: [1 1 1 1 0 0 0 0 1 0 0]
2025-07-04 09:05:40,966 DEBUG player_0: [1 1 1 1 0 0 0 0 1 1 0]
2025-07-04 09:05:40,967 DEBUG player_1: [1 1 1 1 0 0 0 0 0 0 0]
2025-07-04 09:05:40,976 DEBUG player_0: [1 1 1 1 0 0 0 0 1 0 0]
2025-07-04 09:05:40,977 DEBUG player_1: [1 1 1 1 0 0 0 0 1 0 0]
2025-07-04 09:05:40,982 DEBUG player_0: [0 0 0 0 0 0 0 0 1 0 0]
2025-07-04 09:05:40,982 DEBUG player_1: [0 0 0 0 0 0 0 0 1 0 0]
2025-07-04 09:05:41,027 DEBUG player_0: [1 1 1 1 0 0 0 0 1 1 0]
2025-07-04 09:05:41,028 DEBUG player_1: [1 1 1 1 0 0 0 0 1 0 0]
2025-07-04 09:05:41,056 DEBUG player_0: [1 1 1 1 0 0 0 0 1 0 0]
2025-07-04 09:05:41,057 DEBUG player_1: [1 1 1 1 0 0 0 0 1 0 0]
2025-07-04 09:05:41,076 DEBUG player_0: [1 1 1 1 0 0 0 0 1 1 0]
2025-07-04 09:05:41,077 DEBUG player_1: [1 0 0 0 0 0 0 0 0 0 0]
2025-07-04 09:05:41,089 DEBUG player_0: [0 0 1 0 0 0 0 0 0 0 0]
2025-07-04 09:05:41,090 DEBUG player_1: [1 1 1 1 0 0 0 0 1 0 0]
2025-07-04 09:05:41,098 DEBUG player_0: [1 1 1 1 0 0 0 0 1 0 0]
2025-07-04 09:05:41,102 DEBUG player_1: [1 1 1 1 0 0 0 0 0 0 0]
2025-07-04 09:05:41,165 DEBUG player_0: [1 1 1 1 0 0 0 0 1 0 0]
2025-07-04 09:05:41,166 DEBUG player_1: [1 1 1 1 0 0 0 0 1 0 0]
2025-07-04 09:05:41,186 DEBUG player_0: [1 1 1 1 0 0 0 0 1 1 0]
2025-07-04 09:05:41,186 DEBUG player_1: [1 1 1 1 0 0 0 0 0 0 0]
2025-07-04 09:05:41,195 DEBUG player_0: [0 0 0 0 0 0 0 0 1 0 0]
2025-07-04 09:05:41,195 DEBUG player_1: [0 0 0 0 0 0 0 0 1 0 0]
2025-07-04 09:05:41,211 DEBUG player_0: [1 1 1 1 0 0 0 0 1 0 0]
2025-07-04 09:05:41,216 DEBUG player_0: [0 0 1 0 0 0 0 0 1 0 0]
2025-07-04 09:05:41,216 DEBUG player_1: [1 1 1 1 0 0 0 0 0 0 0]
2025-07-04 09:05:41,216 DEBUG player_1: [1 1 1 1 0 0 0 0 1 0 0]
2025-07-04 09:05:41,303 DEBUG player_0: [1 1 1 1 0 0 0 0 0 0 0]
2025-07-04 09:05:41,303 DEBUG player_1: [0 0 1 0 0 0 0 0 1 0 0]
2025-07-04 09:05:41,325 DEBUG player_0: [1 1 1 1 0 0 0 0 1 0 0]
2025-07-04 09:05:41,325 DEBUG player_1: [1 1 1 1 0 0 0 0 0 0 0]
2025-07-04 09:05:41,330 DEBUG player_0: [0 0 1 0 0 0 0 0 0 0 0]
2025-07-04 09:05:41,331 DEBUG player_1: [1 1 1 1 0 0 0 0 1 0 0]
2025-07-04 09:05:41,412 DEBUG player_0: [1 1 1 1 0 0 0 0 0 0 0]
2025-07-04 09:05:41,412 DEBUG player_1: [0 0 1 0 0 0 0 0 0 0 0]
2025-07-04 09:05:41,439 DEBUG player_0: [1 1 1 1 0 0 0 0 1 0 0]
2025-07-04 09:05:41,440 DEBUG player_1: [1 1 1 1 0 0 0 0 0 0 0]
2025-07-04 09:05:41,445 DEBUG player_0: [0 0 1 0 0 0 0 0 1 0 0]
2025-07-04 09:05:41,446 DEBUG player_1: [1 1 1 1 0 0 0 0 1 0 0]
2025-07-04 09:05:41,521 DEBUG player_0: [1 1 1 1 0 0 0 0 0 0 0]
2025-07-04 09:05:41,522 DEBUG player_1: [0 0 1 0 0 0 0 0 1 0 0]
2025-07-04 09:05:41,547 DEBUG player_0: [0 0 0 0 0 0 0 0 1 1 0]
2025-07-04 09:05:41,547 DEBUG player_1: [0 0 0 0 0 0 0 0 1 0 0]
2025-07-04 09:05:41,553 DEBUG player_0: [1 1 1 1 0 0 0 0 1 0 0]
2025-07-04 09:05:41,554 DEBUG player_1: [1 1 1 1 0 0 0 0 0 0 0]
2025-07-04 09:05:41,560 DEBUG player_0: [0 0 1 0 0 0 0 0 0 0 0]
2025-07-04 09:05:41,560 DEBUG player_1: [1 1 1 1 0 0 0 0 1 0 0]
2025-07-04 09:05:41,660 DEBUG player_0: [1 1 1 1 0 0 0 0 1 1 0]
2025-07-04 09:05:41,661 DEBUG player_1: [1 1 1 1 0 0 0 0 1 0 0]
2025-07-04 09:05:41,671 DEBUG player_0: [1 1 1 1 0 0 0 0 1 0 0]
2025-07-04 09:05:41,671 DEBUG player_1: [1 1 1 1 0 0 0 0 0 0 0]
2025-07-04 09:05:41,689 DEBUG player_0: [0 0 0 0 0 0 0 0 1 0 0]
2025-07-04 09:05:41,690 DEBUG player_1: [0 0 0 0 0 0 0 0 1 0 0]
2025-07-04 09:05:41,699 DEBUG player_0: [0 0 0 0 0 0 0 0 1 1 0]
2025-07-04 09:05:41,700 DEBUG player_1: [0 0 0 0 0 0 0 0 0 0 0]
2025-07-04 09:05:41,779 DEBUG player_0: [1 1 1 1 0 0 0 0 1 0 0]
2025-07-04 09:05:41,780 DEBUG player_1: [1 1 1 1 0 0 0 0 0 0 0]
2025-07-04 09:05:41,797 DEBUG player_0: [1 1 1 1 0 0 0 0 0 0 0]
2025-07-04 09:05:41,798 DEBUG player_1: [1 1 1 1 0 0 0 0 1 0 0]
2025-07-04 09:05:41,888 DEBUG player_0: [1 1 1 1 0 0 0 0 1 0 0]
2025-07-04 09:05:41,888 DEBUG player_1: [1 1 1 1 0 0 0 0 0 0 0]
2025-07-04 09:05:41,906 DEBUG player_0: [1 0 0 0 0 0 0 0 0 0 0]
2025-07-04 09:05:41,906 DEBUG player_1: [1 1 1 1 0 0 0 0 1 0 0]
2025-07-04 09:05:42,088 DEBUG player_0: [0 0 0 0 0 0 0 0 1 0 0]
2025-07-04 09:05:42,089 DEBUG player_1: [0 0 0 0 0 0 0 0 1 0 0]
2025-07-04 09:05:42,191 DEBUG player_0: [0 0 0 0 0 0 0 0 1 1 0]
2025-07-04 09:05:42,191 DEBUG player_1: [0 0 0 0 0 0 0 0 1 0 0]
2025-07-04 09:05:42,197 DEBUG player_0: [1 1 1 1 0 0 0 0 0 0 0]
2025-07-04 09:05:42,197 DEBUG player_1: [1 1 1 1 0 0 0 0 1 0 0]
2025-07-04 09:05:42,223 DEBUG player_0: [0 0 0 0 0 0 0 0 1 1 0]
2025-07-04 09:05:42,224 DEBUG player_1: [0 0 0 0 0 0 0 0 0 0 0]
2025-07-04 09:05:42,311 DEBUG player_0: [1 1 1 1 0 0 0 0 1 1 0]
2025-07-04 09:05:42,312 DEBUG player_1: [1 1 1 1 0 0 0 0 1 0 0]
2025-07-04 09:05:42,317 DEBUG player_0: [1 1 1 1 0 0 0 0 0 0 0]
2025-07-04 09:05:42,317 DEBUG player_1: [1 1 1 1 0 0 0 0 1 0 0]
2025-07-04 09:05:42,331 DEBUG player_0: [1 1 1 1 0 0 0 0 1 0 0]
2025-07-04 09:05:42,332 DEBUG player_1: [1 1 1 1 0 0 0 0 0 0 0]
2025-07-04 09:05:42,407 DEBUG player_0: [0 0 0 0 0 0 0 0 1 0 0]
2025-07-04 09:05:42,407 DEBUG player_1: [0 0 0 0 0 0 0 0 0 0 0]
2025-07-04 09:05:42,426 DEBUG player_0: [1 1 1 1 0 0 0 0 1 1 0]
2025-07-04 09:05:42,431 DEBUG player_0: [1 1 1 1 0 0 0 0 0 0 0]
2025-07-04 09:05:42,432 DEBUG player_1: [1 1 1 1 0 0 0 0 1 0 0]
2025-07-04 09:05:42,432 DEBUG player_1: [1 1 1 1 0 0 0 0 1 0 0]
2025-07-04 09:05:42,441 DEBUG player_0: [0 0 0 1 0 0 0 0 1 0 0]
2025-07-04 09:05:42,442 DEBUG player_1: [1 0 0 0 0 0 0 0 0 0 0]
2025-07-04 09:05:42,516 DEBUG player_0: [1 1 1 1 0 0 0 0 0 0 0]
2025-07-04 09:05:42,516 DEBUG player_1: [1 1 1 1 0 0 0 0 0 0 0]
2025-07-04 09:05:42,541 DEBUG player_0: [1 0 0 0 0 0 0 0 1 1 0]
2025-07-04 09:05:42,541 DEBUG player_1: [0 0 1 0 0 0 0 0 0 0 0]
2025-07-04 09:05:42,546 DEBUG player_0: [1 1 1 1 0 0 0 0 0 0 0]
2025-07-04 09:05:42,547 DEBUG player_1: [1 1 1 1 0 0 0 0 1 0 0]
2025-07-04 09:05:42,625 DEBUG player_0: [1 1 1 1 0 0 0 0 0 0 0]
2025-07-04 09:05:42,625 DEBUG player_1: [1 1 1 1 0 0 0 0 0 0 0]
2025-07-04 09:05:42,655 DEBUG player_0: [1 0 0 0 0 0 0 0 1 1 0]
2025-07-04 09:05:42,660 DEBUG player_0: [1 1 1 1 0 0 0 0 0 0 0]
2025-07-04 09:05:42,661 DEBUG player_1: [0 0 1 0 0 0 0 0 1 0 0]
2025-07-04 09:05:42,661 DEBUG player_1: [1 1 1 1 0 0 0 0 1 0 0]
2025-07-04 09:05:42,734 DEBUG player_0: [1 1 1 1 0 0 0 0 0 0 0]
2025-07-04 09:05:42,735 DEBUG player_1: [1 1 1 1 0 0 0 0 0 0 0]
2025-07-04 09:05:42,777 DEBUG player_0: [1 1 1 1 0 0 0 0 0 0 0]
2025-07-04 09:05:42,779 DEBUG player_0: [1 1 1 1 0 0 0 0 1 1 0]
2025-07-04 09:05:42,780 DEBUG player_1: [1 1 1 1 0 0 0 0 1 0 0]
2025-07-04 09:05:42,780 DEBUG player_1: [1 1 1 1 0 0 0 0 1 0 0]
2025-07-04 09:05:42,844 DEBUG player_0: [1 1 1 1 0 0 0 0 0 0 0]
2025-07-04 09:05:42,844 DEBUG player_1: [1 1 1 1 0 0 0 0 0 0 0]
2025-07-04 09:05:42,889 DEBUG player_0: [1 1 1 1 0 0 0 0 0 0 0]
2025-07-04 09:05:42,890 DEBUG player_1: [1 1 1 1 0 0 0 0 1 0 0]
2025-07-04 09:05:42,955 DEBUG player_0: [1 1 1 1 0 0 0 0 0 0 0]
2025-07-04 09:05:42,956 DEBUG player_1: [1 1 1 1 0 0 0 0 0 0 0]
2025-07-04 09:05:42,997 DEBUG player_0: [1 1 1 1 0 0 0 0 0 0 0]
2025-07-04 09:05:42,998 DEBUG player_1: [1 1 1 1 0 0 0 0 1 0 0]
2025-07-04 09:05:43,069 DEBUG player_0: [1 1 1 1 0 0 0 0 0 0 0]
2025-07-04 09:05:43,069 DEBUG player_1: [1 1 1 1 0 0 0 0 0 0 0]
2025-07-04 09:05:43,109 DEBUG player_0: [1 1 1 1 0 0 0 0 0 0 0]
2025-07-04 09:05:43,109 DEBUG player_1: [1 1 1 1 0 0 0 0 1 0 0]
2025-07-04 09:05:43,179 DEBUG player_0: [1 1 1 1 0 0 0 0 0 0 0]
2025-07-04 09:05:43,179 DEBUG player_1: [1 1 1 1 0 0 0 0 0 0 0]
2025-07-04 09:05:43,218 DEBUG player_0: [1 1 1 1 0 0 0 0 0 0 0]
2025-07-04 09:05:43,218 DEBUG player_1: [1 1 1 1 0 0 0 0 1 0 0]
2025-07-04 09:05:43,291 DEBUG player_0: [1 1 1 1 0 0 0 0 0 0 0]
2025-07-04 09:05:43,291 DEBUG player_1: [0 1 1 1 0 0 0 0 0 0 0]
2025-07-04 09:05:43,302 DEBUG player_0: [0 0 0 0 0 0 0 0 1 1 0]
2025-07-04 09:05:43,303 DEBUG player_1: [0 0 0 0 0 0 0 0 1 0 0]
2025-07-04 09:05:43,328 DEBUG player_0: [1 1 1 1 0 0 0 0 0 0 0]
2025-07-04 09:05:43,328 DEBUG player_1: [1 1 1 1 0 0 0 0 1 0 0]
2025-07-04 09:05:43,400 DEBUG player_0: [1 1 1 1 0 0 0 0 0 0 0]
2025-07-04 09:05:43,400 DEBUG player_1: [0 1 1 1 0 0 0 0 0 0 0]
2025-07-04 09:05:43,413 DEBUG player_0: [1 1 1 1 0 0 0 0 1 1 0]
2025-07-04 09:05:43,413 DEBUG player_1: [1 1 1 1 0 0 0 0 0 0 0]
2025-07-04 09:05:43,438 DEBUG player_0: [0 1 1 1 0 0 0 0 0 0 0]
2025-07-04 09:05:43,438 DEBUG player_1: [1 1 1 1 0 0 0 0 1 0 0]
2025-07-04 09:05:43,509 DEBUG player_0: [1 1 1 1 0 0 0 0 0 0 0]
2025-07-04 09:05:43,509 DEBUG player_1: [0 1 1 1 0 0 0 0 0 0 0]
2025-07-04 09:05:43,548 DEBUG player_0: [0 0 0 1 0 0 0 0 0 0 0]
2025-07-04 09:05:43,548 DEBUG player_1: [1 1 1 1 0 0 0 0 1 0 0]
2025-07-04 09:05:43,622 DEBUG player_0: [1 1 1 1 0 0 0 0 0 0 0]
2025-07-04 09:05:43,622 DEBUG player_1: [0 1 1 1 0 0 0 0 0 0 0]
2025-07-04 09:05:43,657 DEBUG player_0: [0 0 0 1 0 0 0 0 0 0 0]
2025-07-04 09:05:43,658 DEBUG player_1: [1 1 1 1 0 0 0 0 1 0 0]
2025-07-04 09:05:43,735 DEBUG player_0: [1 1 1 1 0 0 0 0 0 0 0]
2025-07-04 09:05:43,736 DEBUG player_1: [0 1 1 1 0 0 0 0 0 0 0]
2025-07-04 09:05:43,767 DEBUG player_0: [0 1 1 1 0 0 0 0 0 0 0]
2025-07-04 09:05:43,767 DEBUG player_1: [1 1 1 1 0 0 0 0 1 0 0]
2025-07-04 09:05:43,849 DEBUG player_0: [1 1 1 1 0 0 0 0 0 0 0]
2025-07-04 09:05:43,850 DEBUG player_1: [0 1 1 1 0 0 0 0 0 0 0]
2025-07-04 09:05:43,877 DEBUG player_0: [0 1 1 1 0 0 0 0 0 0 0]
2025-07-04 09:05:43,877 DEBUG player_1: [1 1 1 1 0 0 0 0 1 0 0]
2025-07-04 09:05:43,937 DEBUG player_0: [0 0 0 0 0 0 0 0 1 1 0]
2025-07-04 09:05:43,938 DEBUG player_1: [0 0 0 0 0 0 0 0 0 0 0]
2025-07-04 09:05:43,959 DEBUG player_0: [1 1 1 1 0 0 0 0 0 0 0]
2025-07-04 09:05:43,959 DEBUG player_1: [0 1 1 1 0 0 0 0 0 0 0]
2025-07-04 09:05:43,985 DEBUG player_0: [0 0 0 1 0 0 0 0 0 0 0]
2025-07-04 09:05:43,986 DEBUG player_1: [1 1 1 1 0 0 0 0 1 0 0]
2025-07-04 09:05:44,054 DEBUG player_0: [1 1 1 1 0 0 0 0 1 0 0]
2025-07-04 09:05:44,054 DEBUG player_1: [1 1 1 1 0 0 0 0 0 0 0]
2025-07-04 09:05:44,067 DEBUG player_0: [1 1 1 1 0 0 0 0 0 0 0]
2025-07-04 09:05:44,067 DEBUG player_1: [0 1 1 1 0 0 0 0 0 0 0]
2025-07-04 09:05:44,096 DEBUG player_0: [0 0 0 1 0 0 0 0 0 0 0]
2025-07-04 09:05:44,096 DEBUG player_1: [1 1 1 1 0 0 0 0 1 0 0]
2025-07-04 09:05:44,182 DEBUG player_0: [1 1 1 1 0 0 0 0 0 0 0]
2025-07-04 09:05:44,183 DEBUG player_1: [0 1 1 1 0 0 0 0 0 0 0]
2025-07-04 09:05:44,206 DEBUG player_0: [0 1 1 0 0 0 0 0 0 0 0]
2025-07-04 09:05:44,206 DEBUG player_1: [1 1 1 1 0 0 0 0 1 0 0]
2025-07-04 09:05:44,296 DEBUG player_0: [1 1 1 1 0 0 0 0 0 0 0]
2025-07-04 09:05:44,297 DEBUG player_1: [0 1 1 1 0 0 0 0 0 0 0]
2025-07-04 09:05:44,314 DEBUG player_0: [0 1 1 0 0 0 0 0 0 0 0]
2025-07-04 09:05:44,315 DEBUG player_1: [1 1 1 1 0 0 0 0 1 0 0]
2025-07-04 09:05:44,411 DEBUG player_0: [1 1 1 1 0 0 0 0 0 0 0]
2025-07-04 09:05:44,411 DEBUG player_1: [0 1 1 1 0 0 0 0 0 0 0]
2025-07-04 09:05:44,422 DEBUG player_0: [0 1 1 0 0 0 0 0 0 0 0]
2025-07-04 09:05:44,423 DEBUG player_1: [1 1 1 1 0 0 0 0 1 0 0]
2025-07-04 09:05:44,527 DEBUG player_0: [1 1 1 1 0 0 0 0 0 0 0]
2025-07-04 09:05:44,527 DEBUG player_1: [0 1 1 1 0 0 0 0 0 0 0]
2025-07-04 09:05:44,532 DEBUG player_0: [0 1 1 0 0 0 0 0 0 0 0]
2025-07-04 09:05:44,533 DEBUG player_1: [1 1 1 1 0 0 0 0 1 0 0]
2025-07-04 09:05:44,583 DEBUG player_0: [0 0 0 0 0 0 0 0 1 0 0]
2025-07-04 09:05:44,584 DEBUG player_1: [0 0 0 0 0 0 0 0 0 0 0]
2025-07-04 09:05:44,655 DEBUG player_0: [1 1 1 1 0 0 0 0 0 0 0]
2025-07-04 09:05:44,656 DEBUG player_0: [0 1 1 0 0 0 0 0 0 0 0]
2025-07-04 09:05:44,657 DEBUG player_1: [1 1 1 1 0 0 0 0 1 0 0]
2025-07-04 09:05:44,657 DEBUG player_1: [0 1 1 1 0 0 0 0 0 0 0]
2025-07-04 09:05:44,693 DEBUG player_0: [1 1 1 1 0 0 0 0 1 0 0]
2025-07-04 09:05:44,693 DEBUG player_1: [1 1 1 1 0 0 0 0 0 0 0]
2025-07-04 09:05:44,771 DEBUG player_0: [0 1 1 0 0 0 0 0 0 0 0]
2025-07-04 09:05:44,776 DEBUG player_0: [1 1 1 1 0 0 0 0 0 0 0]
2025-07-04 09:05:44,777 DEBUG player_1: [1 1 1 1 0 0 0 0 1 0 0]
2025-07-04 09:05:44,777 DEBUG player_1: [0 1 1 1 0 0 0 0 0 0 0]
2025-07-04 09:05:44,806 DEBUG player_0: [1 1 1 1 0 0 0 0 1 0 0]
2025-07-04 09:05:44,806 DEBUG player_1: [1 1 1 1 0 0 0 0 0 0 0]
2025-07-04 09:05:44,886 DEBUG player_0: [1 1 1 1 0 0 0 0 0 0 0]
2025-07-04 09:05:44,891 DEBUG player_0: [0 1 1 0 0 0 0 0 0 0 0]
2025-07-04 09:05:44,892 DEBUG player_1: [0 1 1 1 0 0 0 0 0 0 0]
2025-07-04 09:05:44,892 DEBUG player_1: [1 1 1 1 0 0 0 0 1 0 0]
2025-07-04 09:05:45,015 DEBUG player_0: [1 1 1 1 0 0 0 0 0 0 0]
2025-07-04 09:05:45,017 DEBUG player_0: [0 1 1 0 0 0 0 0 0 0 0]
2025-07-04 09:05:45,018 DEBUG player_1: [0 1 1 1 0 0 0 0 0 0 0]
2025-07-04 09:05:45,018 DEBUG player_1: [1 1 1 1 0 0 0 0 1 0 0]
2025-07-04 09:05:45,131 DEBUG player_0: [0 1 1 0 0 0 0 0 0 0 0]
2025-07-04 09:05:45,136 DEBUG player_0: [1 1 1 1 0 0 0 0 0 0 0]
2025-07-04 09:05:45,136 DEBUG player_1: [1 1 1 0 0 0 0 0 1 0 0]
2025-07-04 09:05:45,136 DEBUG player_1: [0 1 1 1 0 0 0 0 0 0 0]
2025-07-04 09:05:45,255 DEBUG player_0: [1 1 1 1 0 0 0 0 0 0 0]
2025-07-04 09:05:45,260 DEBUG player_0: [0 1 1 0 0 0 0 0 0 0 0]
2025-07-04 09:05:45,260 DEBUG player_1: [0 1 1 1 0 0 0 0 0 0 0]
2025-07-04 09:05:45,261 DEBUG player_1: [1 1 1 0 0 0 0 0 1 0 0]
2025-07-04 09:05:45,373 DEBUG player_0: [1 1 1 1 0 0 0 0 0 0 0]
2025-07-04 09:05:45,378 DEBUG player_0: [0 1 1 0 0 0 0 0 0 0 0]
2025-07-04 09:05:45,378 DEBUG player_1: [0 1 1 1 0 0 0 0 0 0 0]
2025-07-04 09:05:45,378 DEBUG player_1: [1 1 1 0 0 0 0 0 1 0 0]
2025-07-04 09:05:45,494 DEBUG player_0: [0 1 1 1 0 0 0 0 0 0 0]
2025-07-04 09:05:45,499 DEBUG player_0: [0 1 1 0 0 0 0 0 0 0 0]
2025-07-04 09:05:45,500 DEBUG player_1: [0 1 1 1 0 0 0 0 0 0 0]
2025-07-04 09:05:45,500 DEBUG player_1: [1 1 1 1 0 0 0 0 1 0 0]
2025-07-04 09:05:45,616 DEBUG player_0: [0 1 1 0 0 0 0 0 0 0 0]
2025-07-04 09:05:45,617 DEBUG player_0: [0 1 1 1 0 0 0 0 0 0 0]
2025-07-04 09:05:45,618 DEBUG player_1: [0 1 1 1 0 0 0 0 0 0 0]
2025-07-04 09:05:45,618 DEBUG player_1: [1 1 1 1 0 0 0 0 1 0 0]
2025-07-04 09:05:45,730 DEBUG player_0: [0 1 1 0 0 0 0 0 0 0 0]
2025-07-04 09:05:45,737 DEBUG player_0: [0 1 1 1 0 0 0 0 0 0 0]
2025-07-04 09:05:45,737 DEBUG player_1: [0 1 1 1 0 0 0 0 0 0 0]
2025-07-04 09:05:45,738 DEBUG player_1: [1 1 1 0 0 0 0 0 1 0 0]
2025-07-04 09:05:45,854 DEBUG player_0: [0 1 1 1 0 0 0 0 0 0 0]
2025-07-04 09:05:45,855 DEBUG player_0: [0 1 1 0 0 0 0 0 0 0 0]
2025-07-04 09:05:45,856 DEBUG player_1: [1 1 1 1 0 0 0 0 1 0 0]
2025-07-04 09:05:45,856 DEBUG player_1: [0 1 1 1 0 0 0 0 0 0 0]
2025-07-04 09:05:45,972 DEBUG player_0: [0 1 1 1 0 0 0 0 0 0 0]
2025-07-04 09:05:45,973 DEBUG player_0: [0 1 0 0 0 0 0 0 0 0 0]
2025-07-04 09:05:45,974 DEBUG player_1: [0 1 1 1 0 0 0 0 0 0 0]
2025-07-04 09:05:45,974 DEBUG player_1: [1 1 1 1 0 0 0 0 1 0 0]
2025-07-04 09:05:46,088 DEBUG player_0: [0 1 1 1 0 0 0 0 0 0 0]
2025-07-04 09:05:46,093 DEBUG player_0: [0 1 0 0 0 0 0 0 0 0 0]
2025-07-04 09:05:46,094 DEBUG player_1: [1 1 1 0 0 0 0 0 1 0 0]
2025-07-04 09:05:46,094 DEBUG player_1: [0 1 1 1 0 0 0 0 0 0 0]
2025-07-04 09:05:46,206 DEBUG player_0: [0 1 1 1 0 0 0 0 0 0 0]
2025-07-04 09:05:46,211 DEBUG player_0: [0 0 0 0 0 0 0 0 0 0 1]
2025-07-04 09:05:46,212 DEBUG player_1: [0 1 1 1 0 0 0 0 0 0 0]
2025-07-04 09:05:46,212 DEBUG player_1: [1 1 1 0 0 0 0 0 1 0 0]
2025-07-04 09:05:46,329 DEBUG player_0: [0 1 1 1 0 0 0 0 0 0 0]
2025-07-04 09:05:46,330 DEBUG player_1: [0 1 1 1 0 0 0 0 0 0 0]
2025-07-04 09:05:46,335 DEBUG player_0: [0 0 0 0 0 0 0 0 0 0 1]
2025-07-04 09:05:46,335 DEBUG player_1: [1 1 1 0 0 0 0 0 1 0 0]
2025-07-04 09:05:46,447 DEBUG player_0: [0 1 1 1 0 0 0 0 0 0 0]
2025-07-04 09:05:46,452 DEBUG player_0: [0 1 0 0 0 0 0 0 0 0 0]
2025-07-04 09:05:46,452 DEBUG player_1: [0 1 1 1 0 0 0 0 0 0 0]
2025-07-04 09:05:46,453 DEBUG player_1: [1 1 1 1 0 0 0 0 1 0 0]
2025-07-04 09:05:46,569 DEBUG player_0: [0 1 1 1 0 0 0 0 0 0 0]
2025-07-04 09:05:46,573 DEBUG player_0: [0 1 0 0 0 0 0 0 0 0 0]
2025-07-04 09:05:46,574 DEBUG player_1: [0 1 0 1 0 0 0 0 0 0 0]
2025-07-04 09:05:46,574 DEBUG player_1: [1 1 1 0 0 0 0 0 1 0 0]
2025-07-04 09:05:46,691 DEBUG player_0: [0 1 0 0 0 0 0 0 0 0 0]
2025-07-04 09:05:46,692 DEBUG player_0: [0 1 1 1 0 0 0 0 0 0 0]
2025-07-04 09:05:46,693 DEBUG player_1: [0 1 0 1 0 0 0 0 0 0 0]
2025-07-04 09:05:46,693 DEBUG player_1: [1 1 1 1 0 0 0 0 1 0 0]
2025-07-04 09:05:46,808 DEBUG player_0: [0 1 0 0 0 0 0 0 0 0 0]
2025-07-04 09:05:46,811 DEBUG player_0: [0 1 1 1 0 0 0 0 0 0 0]
2025-07-04 09:05:46,811 DEBUG player_1: [1 1 1 0 0 0 0 0 1 0 0]
2025-07-04 09:05:46,811 DEBUG player_1: [0 1 0 1 0 0 0 0 0 0 0]
2025-07-04 09:05:46,925 DEBUG player_0: [0 1 1 1 0 0 0 0 0 0 0]
2025-07-04 09:05:46,925 DEBUG player_1: [0 1 0 1 0 0 0 0 0 0 0]
2025-07-04 09:05:47,038 DEBUG player_0: [0 1 1 1 0 0 0 0 0 0 0]
2025-07-04 09:05:47,039 DEBUG player_1: [0 1 0 1 0 0 0 0 0 0 0]
2025-07-04 09:05:47,152 DEBUG player_0: [0 1 1 1 0 0 0 0 0 0 0]
2025-07-04 09:05:47,152 DEBUG player_1: [0 1 0 1 0 0 0 0 0 0 0]
2025-07-04 09:05:47,264 DEBUG player_0: [0 1 1 1 0 0 0 0 0 0 0]
2025-07-04 09:05:47,264 DEBUG player_1: [0 1 0 1 0 0 0 0 0 0 0]
2025-07-04 09:05:47,340 DEBUG player_0: [0 0 0 0 0 0 0 0 0 0 0]
2025-07-04 09:05:47,341 DEBUG player_1: [0 0 0 0 0 0 0 0 1 0 0]
2025-07-04 09:05:47,380 DEBUG player_0: [0 1 1 1 0 0 0 0 0 0 0]
2025-07-04 09:05:47,380 DEBUG player_1: [0 1 0 1 0 0 0 0 0 0 0]
2025-07-04 09:05:47,452 DEBUG player_0: [0 1 0 0 0 0 0 0 0 0 0]
2025-07-04 09:05:47,453 DEBUG player_1: [1 1 1 1 0 0 0 0 0 0 0]
2025-07-04 09:05:47,489 DEBUG player_0: [0 1 1 1 0 0 0 0 0 0 0]
2025-07-04 09:05:47,490 DEBUG player_1: [0 1 0 1 0 0 0 0 0 0 0]
2025-07-04 09:05:47,562 DEBUG player_0: [0 1 0 0 0 0 0 0 0 0 0]
2025-07-04 09:05:47,563 DEBUG player_1: [1 1 1 1 0 0 0 0 0 0 0]
2025-07-04 09:05:47,601 DEBUG player_0: [0 1 1 1 0 0 0 0 0 0 0]
2025-07-04 09:05:47,602 DEBUG player_1: [0 1 0 1 0 0 0 0 0 0 0]
2025-07-04 09:05:47,671 DEBUG player_0: [0 1 0 0 0 0 0 0 0 0 0]
2025-07-04 09:05:47,671 DEBUG player_1: [1 1 1 1 0 0 0 0 0 0 0]
2025-07-04 09:05:47,713 DEBUG player_0: [0 1 1 1 0 0 0 0 0 0 0]
2025-07-04 09:05:47,714 DEBUG player_1: [0 1 0 1 0 0 0 0 0 0 0]
2025-07-04 09:05:47,780 DEBUG player_0: [0 1 0 0 0 0 0 0 0 0 0]
2025-07-04 09:05:47,781 DEBUG player_1: [1 1 1 1 0 0 0 0 0 0 0]
2025-07-04 09:05:47,822 DEBUG player_0: [0 1 1 1 0 0 0 0 0 0 0]
2025-07-04 09:05:47,823 DEBUG player_1: [0 1 0 1 0 0 0 0 0 0 0]
2025-07-04 09:05:47,894 DEBUG player_0: [0 1 0 0 0 0 0 0 0 0 0]
2025-07-04 09:05:47,894 DEBUG player_1: [1 1 1 1 0 0 0 0 0 0 0]
2025-07-04 09:05:47,935 DEBUG player_0: [0 1 0 1 0 0 0 0 0 0 0]
2025-07-04 09:05:47,936 DEBUG player_1: [0 1 0 1 0 0 0 0 0 0 0]
2025-07-04 09:05:48,007 DEBUG player_0: [0 1 0 0 0 0 0 0 0 0 0]
2025-07-04 09:05:48,007 DEBUG player_1: [1 1 1 1 0 0 0 0 0 0 0]
2025-07-04 09:05:48,046 DEBUG player_0: [0 1 0 1 0 0 0 0 0 0 0]
2025-07-04 09:05:48,047 DEBUG player_1: [0 1 0 1 0 0 0 0 0 0 0]
2025-07-04 09:05:48,119 DEBUG player_0: [0 1 0 0 0 0 0 0 0 0 0]
2025-07-04 09:05:48,119 DEBUG player_1: [1 1 1 1 0 0 0 0 0 0 0]
2025-07-04 09:05:48,158 DEBUG player_0: [0 1 0 1 0 0 0 0 0 0 0]
2025-07-04 09:05:48,158 DEBUG player_1: [0 1 0 1 0 0 0 0 0 0 0]
2025-07-04 09:05:48,233 DEBUG player_0: [0 1 0 0 0 0 0 0 0 0 0]
2025-07-04 09:05:48,233 DEBUG player_1: [1 1 1 1 0 0 0 0 0 0 0]
2025-07-04 09:05:48,272 DEBUG player_0: [0 1 0 1 0 0 0 0 0 0 0]
2025-07-04 09:05:48,273 DEBUG player_1: [0 1 0 1 0 0 0 0 0 0 0]
2025-07-04 09:05:48,345 DEBUG player_0: [0 1 0 0 0 0 0 0 0 0 0]
2025-07-04 09:05:48,346 DEBUG player_1: [1 1 1 1 0 0 0 0 0 0 0]
2025-07-04 09:05:48,387 DEBUG player_0: [0 1 0 1 0 0 0 0 0 0 0]
2025-07-04 09:05:48,387 DEBUG player_1: [0 1 0 1 0 0 0 0 0 0 0]
2025-07-04 09:05:48,459 DEBUG player_0: [0 1 0 0 0 0 0 0 0 0 0]
2025-07-04 09:05:48,460 DEBUG player_1: [1 1 1 1 0 0 0 0 0 0 0]
2025-07-04 09:05:48,500 DEBUG player_0: [0 1 0 1 0 0 0 0 0 0 0]
2025-07-04 09:05:48,501 DEBUG player_1: [0 1 0 1 0 0 0 0 0 0 0]
2025-07-04 09:05:48,572 DEBUG player_0: [0 1 0 0 0 0 0 0 0 0 0]
2025-07-04 09:05:48,572 DEBUG player_1: [1 1 1 1 0 0 0 0 0 0 0]
2025-07-04 09:05:48,613 DEBUG player_0: [0 1 0 1 0 0 0 0 0 0 0]
2025-07-04 09:05:48,613 DEBUG player_1: [0 1 0 1 0 0 0 0 0 0 0]
2025-07-04 09:05:48,686 DEBUG player_0: [0 1 0 0 0 0 0 0 0 0 0]
2025-07-04 09:05:48,687 DEBUG player_1: [1 1 1 1 0 0 0 0 0 0 0]
2025-07-04 09:05:48,727 DEBUG player_0: [0 1 0 1 0 0 0 0 0 0 0]
2025-07-04 09:05:48,727 DEBUG player_1: [0 1 0 1 0 0 0 0 0 0 0]
2025-07-04 09:05:48,799 DEBUG player_0: [0 0 0 0 0 0 0 0 0 0 1]
2025-07-04 09:05:48,799 DEBUG player_1: [1 1 1 1 0 0 0 0 0 0 0]
2025-07-04 09:05:48,842 DEBUG player_0: [0 1 0 1 0 0 0 0 0 0 0]
2025-07-04 09:05:48,843 DEBUG player_1: [0 0 0 1 0 0 0 0 0 0 0]
2025-07-04 09:05:48,913 DEBUG player_0: [0 0 0 0 0 0 0 0 0 0 1]
2025-07-04 09:05:48,913 DEBUG player_1: [1 1 1 1 0 0 0 0 0 0 0]
2025-07-04 09:05:48,962 DEBUG player_0: [0 0 0 1 0 0 0 0 0 0 0]
2025-07-04 09:05:48,962 DEBUG player_1: [0 0 0 1 0 0 0 0 0 0 0]
2025-07-04 09:05:49,021 DEBUG player_0: [0 0 0 0 0 0 0 0 0 0 1]
2025-07-04 09:05:49,022 DEBUG player_1: [1 1 1 1 0 0 0 0 0 0 0]
2025-07-04 09:05:49,073 DEBUG player_0: [0 0 0 1 0 0 0 0 0 0 0]
2025-07-04 09:05:49,074 DEBUG player_1: [0 0 0 1 0 0 0 0 0 0 0]
2025-07-04 09:05:49,134 DEBUG player_0: [0 0 0 0 0 0 0 0 0 0 1]
2025-07-04 09:05:49,135 DEBUG player_1: [1 1 1 1 0 0 0 0 0 0 0]
2025-07-04 09:05:49,182 DEBUG player_0: [0 0 0 1 0 0 0 0 0 0 0]
2025-07-04 09:05:49,183 DEBUG player_1: [0 0 0 1 0 0 0 0 0 0 0]
2025-07-04 09:05:49,249 DEBUG player_0: [0 0 0 0 0 0 0 0 0 0 1]
2025-07-04 09:05:49,249 DEBUG player_1: [0 1 1 1 0 0 0 0 0 0 0]
2025-07-04 09:05:49,295 DEBUG player_0: [0 0 0 1 0 0 0 0 0 0 0]
2025-07-04 09:05:49,295 DEBUG player_1: [0 0 0 1 0 0 0 0 0 0 0]
2025-07-04 09:05:49,363 DEBUG player_0: [0 0 0 0 0 0 0 0 0 0 1]
2025-07-04 09:05:49,364 DEBUG player_1: [0 1 1 1 0 0 0 0 0 0 0]
2025-07-04 09:05:49,405 DEBUG player_0: [0 0 0 1 0 0 0 0 0 0 0]
2025-07-04 09:05:49,405 DEBUG player_1: [0 0 0 0 0 0 0 0 0 0 1]
2025-07-04 09:05:49,518 DEBUG player_0: [0 0 0 1 0 0 0 0 0 0 0]
2025-07-04 09:05:49,519 DEBUG player_1: [0 0 0 0 0 0 0 0 0 0 1]
2025-07-04 09:05:49,824 DEBUG player_0: [1 1 1 1 1 1 1 1 1 1 0]
2025-07-04 09:05:49,829 DEBUG player_0: [1 1 1 1 1 1 1 1 1 1 0]
2025-07-04 09:05:49,834 DEBUG player_0: [1 1 1 1 1 1 1 1 1 1 0]
2025-07-04 09:05:49,840 DEBUG player_0: [1 1 1 1 1 1 1 1 1 1 0]
2025-07-04 09:05:49,846 DEBUG player_0: [1 1 1 1 1 1 1 1 1 1 0]
2025-07-04 09:05:49,851 DEBUG player_0: [1 1 1 1 1 1 1 1 1 1 0]
2025-07-04 09:05:49,852 DEBUG player_1: [1 1 1 1 1 1 1 1 1 1 0]
2025-07-04 09:05:49,857 DEBUG player_0: [1 1 1 1 1 1 1 1 1 1 0]
2025-07-04 09:05:49,862 DEBUG player_0: [1 1 1 1 1 1 1 1 1 1 0]
2025-07-04 09:05:49,862 DEBUG player_1: [1 1 1 1 1 1 1 1 1 1 0]
2025-07-04 09:05:49,862 DEBUG player_1: [1 1 1 1 1 1 1 1 1 1 0]
2025-07-04 09:05:49,863 DEBUG player_1: [1 1 1 1 1 1 1 1 1 1 0]
2025-07-04 09:05:49,863 DEBUG player_1: [1 1 1 1 1 1 1 1 1 1 0]
2025-07-04 09:05:49,864 DEBUG player_1: [1 1 1 1 1 1 1 1 1 1 0]
2025-07-04 09:05:49,864 DEBUG player_1: [1 1 1 1 1 1 1 1 1 1 0]
2025-07-04 09:05:49,865 DEBUG player_1: [1 1 1 1 1 1 1 1 1 1 0]
2025-07-04 09:05:49,976 DEBUG player_0: [1 1 1 1 1 1 1 1 1 1 0]
2025-07-04 09:05:49,976 DEBUG player_1: [1 1 1 1 1 1 1 1 1 1 0]
2025-07-04 09:05:49,990 DEBUG player_0: [1 1 1 1 1 1 1 1 1 1 0]
2025-07-04 09:05:49,996 DEBUG player_0: [1 0 0 1 1 0 0 1 1 1 0]
2025-07-04 09:05:50,002 DEBUG player_0: [1 1 1 1 1 1 1 1 1 1 0]
2025-07-04 09:05:50,007 DEBUG player_0: [1 1 1 1 1 1 1 1 1 1 0]
2025-07-04 09:05:50,001 DEBUG player_0: [1 0 0 1 1 0 0 1 1 1 0]
2025-07-04 09:05:50,012 DEBUG player_0: [1 1 1 1 1 1 1 1 1 1 0]
2025-07-04 09:05:50,017 DEBUG player_0: [1 1 1 1 1 1 1 1 1 1 0]
2025-07-04 09:05:50,019 DEBUG player_1: [1 1 1 1 1 1 1 1 1 1 0]
2025-07-04 09:05:50,019 DEBUG player_1: [1 1 1 1 1 1 1 1 1 1 0]
2025-07-04 09:05:50,019 DEBUG player_1: [0 0 1 0 0 0 0 0 0 0 0]
2025-07-04 09:05:50,020 DEBUG player_1: [1 1 1 1 1 1 1 1 1 1 0]
2025-07-04 09:05:50,020 DEBUG player_1: [1 1 1 1 1 1 1 1 1 1 0]
2025-07-04 09:05:50,020 DEBUG player_1: [1 1 1 1 1 1 1 1 1 1 0]
2025-07-04 09:05:50,020 DEBUG player_1: [1 1 1 1 1 1 1 1 1 1 0]
2025-07-04 09:05:50,128 DEBUG player_0: [0 0 1 0 0 0 0 0 0 0 0]
2025-07-04 09:05:50,129 DEBUG player_1: [1 1 1 1 1 1 1 1 1 1 0]
2025-07-04 09:05:50,134 DEBUG player_0: [1 1 1 1 1 1 1 1 1 1 0]
2025-07-04 09:05:50,141 DEBUG player_0: [1 0 0 1 1 0 0 1 1 1 0]
2025-07-04 09:05:50,147 DEBUG player_0: [1 1 1 1 1 1 1 1 1 1 0]
2025-07-04 09:05:50,148 DEBUG player_1: [1 1 1 1 1 1 1 1 1 1 0]
2025-07-04 09:05:50,153 DEBUG player_0: [1 1 1 1 1 1 1 1 1 1 0]
2025-07-04 09:05:50,158 DEBUG player_0: [1 1 1 1 1 1 1 1 1 1 0]
2025-07-04 09:05:50,163 DEBUG player_0: [1 0 0 1 1 0 0 1 1 1 0]
2025-07-04 09:05:50,163 DEBUG player_1: [1 1 1 1 1 1 1 1 1 1 0]
2025-07-04 09:05:50,168 DEBUG player_0: [1 1 1 1 1 1 1 1 1 1 0]
2025-07-04 09:05:50,169 DEBUG player_1: [0 0 1 0 0 0 1 0 1 1 0]
2025-07-04 09:05:50,170 DEBUG player_1: [1 1 1 1 1 1 1 1 1 1 0]
2025-07-04 09:05:50,171 DEBUG player_1: [1 1 1 1 1 1 1 1 1 1 0]
2025-07-04 09:05:50,171 DEBUG player_1: [1 1 1 1 1 1 1 1 1 1 0]
2025-07-04 09:05:50,172 DEBUG player_1: [0 0 1 0 0 0 0 0 0 0 0]
2025-07-04 09:05:50,279 DEBUG player_0: [0 0 1 0 0 0 1 0 1 1 0]
2025-07-04 09:05:50,292 DEBUG player_0: [1 1 1 1 1 1 1 1 1 1 0]
2025-07-04 09:05:50,293 DEBUG player_0: [1 1 1 1 1 1 1 1 1 1 0]
2025-07-04 09:05:50,299 DEBUG player_0: [1 1 1 1 1 1 1 1 1 1 0]
2025-07-04 09:05:50,299 DEBUG player_1: [1 1 1 1 1 1 1 1 1 1 0]
2025-07-04 09:05:50,305 DEBUG player_0: [1 0 1 1 1 0 1 1 1 1 0]
2025-07-04 09:05:50,312 DEBUG player_1: [1 1 1 1 1 1 1 1 1 1 0]
2025-07-04 09:05:50,319 DEBUG player_0: [1 1 1 1 1 1 1 1 1 1 0]
2025-07-04 09:05:50,326 DEBUG player_0: [1 1 1 1 1 1 1 1 1 1 0]
2025-07-04 09:05:50,328 DEBUG player_0: [1 1 1 1 1 1 1 1 1 1 0]
2025-07-04 09:05:50,329 DEBUG player_1: [1 1 1 1 1 1 1 1 1 1 0]
2025-07-04 09:05:50,330 DEBUG player_1: [1 1 1 1 1 1 1 1 1 1 0]
2025-07-04 09:05:50,330 DEBUG player_1: [0 0 1 0 0 0 0 0 0 0 0]
2025-07-04 09:05:50,331 DEBUG player_1: [1 1 1 1 1 1 1 1 1 1 0]
2025-07-04 09:05:50,332 DEBUG player_1: [1 1 1 1 1 1 1 1 1 1 0]
2025-07-04 09:05:50,332 DEBUG player_1: [0 0 1 0 0 0 1 0 1 1 0]
2025-07-04 09:05:50,441 DEBUG player_0: [0 0 1 0 0 0 0 0 0 0 0]
2025-07-04 09:05:50,442 DEBUG player_1: [1 1 1 1 1 1 1 1 1 1 0]
2025-07-04 09:05:50,447 DEBUG player_0: [1 1 1 1 1 1 1 1 1 1 0]
2025-07-04 09:05:50,453 DEBUG player_0: [1 0 1 1 1 0 1 1 1 1 0]
2025-07-04 09:05:50,458 DEBUG player_0: [1 0 0 1 1 0 0 1 1 1 0]
2025-07-04 09:05:50,463 DEBUG player_0: [1 1 1 1 1 1 1 1 1 1 0]
2025-07-04 09:05:50,464 DEBUG player_1: [1 1 1 1 1 1 1 1 1 1 0]
2025-07-04 09:05:50,470 DEBUG player_0: [1 1 1 1 1 1 1 1 1 1 0]
2025-07-04 09:05:50,475 DEBUG player_0: [1 1 1 1 1 1 1 1 1 1 0]
2025-07-04 09:05:50,475 DEBUG player_1: [1 1 1 1 1 1 1 1 1 1 0]
2025-07-04 09:05:50,481 DEBUG player_0: [1 1 1 1 1 1 1 1 1 1 0]
2025-07-04 09:05:50,481 DEBUG player_1: [1 1 1 1 1 1 1 1 1 1 0]
2025-07-04 09:05:50,482 DEBUG player_1: [1 1 1 1 1 1 1 1 1 1 0]
2025-07-04 09:05:50,483 DEBUG player_1: [1 1 1 1 1 1 1 1 1 1 0]
2025-07-04 09:05:50,484 DEBUG player_1: [0 0 1 0 0 0 1 0 1 1 0]
2025-07-04 09:05:50,484 DEBUG player_1: [0 0 1 0 0 0 0 0 0 0 0]
2025-07-04 09:05:50,591 DEBUG player_0: [0 0 1 0 0 0 1 0 1 1 0]
2025-07-04 09:05:50,592 DEBUG player_1: [1 1 1 1 1 1 1 1 1 1 0]
2025-07-04 09:05:50,604 DEBUG player_0: [1 1 1 1 1 1 1 1 1 1 0]
2025-07-04 09:05:50,609 DEBUG player_0: [1 1 1 1 1 1 1 1 1 1 0]
2025-07-04 09:05:50,610 DEBUG player_0: [1 0 0 1 1 0 0 1 1 1 0]
2025-07-04 09:05:50,610 DEBUG player_1: [1 1 1 1 1 1 1 1 1 1 0]
2025-07-04 09:05:50,615 DEBUG player_0: [1 1 1 1 1 1 1 1 1 1 0]
2025-07-04 09:05:50,617 DEBUG player_1: [1 1 1 1 1 1 1 1 1 1 0]
2025-07-04 09:05:50,621 DEBUG player_0: [1 1 1 1 1 1 1 1 1 1 0]
2025-07-04 09:05:50,622 DEBUG player_1: [1 1 1 1 1 1 1 1 1 1 0]
2025-07-04 09:05:50,622 DEBUG player_1: [0 0 1 0 0 0 0 0 0 0 0]
2025-07-04 09:05:50,623 DEBUG player_1: [0 0 1 0 0 0 1 0 1 1 0]
2025-07-04 09:05:50,732 DEBUG player_0: [1 1 1 1 1 1 1 1 1 1 0]
2025-07-04 09:05:50,732 DEBUG player_1: [1 1 1 1 1 1 1 1 1 1 0]
2025-07-04 09:05:50,738 DEBUG player_0: [1 1 1 1 1 1 1 1 1 1 0]
2025-07-04 09:05:50,743 DEBUG player_0: [1 1 1 1 1 1 1 1 1 1 0]
2025-07-04 09:05:50,744 DEBUG player_1: [0 0 1 0 0 0 0 0 0 0 0]
2025-07-04 09:05:50,744 DEBUG player_1: [0 0 1 0 0 0 1 0 1 1 0]
2025-07-04 09:05:50,852 DEBUG player_0: [1 1 1 1 1 1 1 1 1 1 0]
2025-07-04 09:05:50,852 DEBUG player_1: [1 1 1 1 1 1 1 1 1 1 0]
2025-07-04 09:05:50,858 DEBUG player_0: [1 1 1 1 1 1 1 1 1 1 0]
2025-07-04 09:05:50,858 DEBUG player_1: [0 0 1 0 0 0 0 0 0 0 0]
2025-07-04 09:05:50,966 DEBUG player_0: [1 1 1 1 1 1 1 1 1 1 0]
2025-07-04 09:05:50,967 DEBUG player_1: [1 1 1 1 1 1 1 1 1 1 0]
2025-07-04 09:05:50,972 DEBUG player_0: [1 1 1 1 1 1 1 1 1 1 0]
2025-07-04 09:05:50,972 DEBUG player_1: [0 0 1 0 0 0 1 0 1 1 0]
2025-07-04 09:05:51,022 DEBUG player_0: [0 0 0 0 0 0 0 0 1 1 0]
2025-07-04 09:05:51,023 DEBUG player_1: [0 0 0 0 0 0 0 0 1 1 0]
2025-07-04 09:05:51,028 DEBUG player_0: [0 0 0 0 0 0 0 0 1 1 0]
2025-07-04 09:05:51,028 DEBUG player_1: [0 0 0 0 0 0 0 0 1 1 0]
2025-07-04 09:05:51,081 DEBUG player_0: [1 1 1 1 1 1 1 1 1 1 0]
2025-07-04 09:05:51,089 DEBUG player_0: [1 1 0 1 1 1 0 1 1 1 0]
2025-07-04 09:05:51,090 DEBUG player_1: [0 0 1 0 0 0 0 0 0 0 0]
2025-07-04 09:05:51,090 DEBUG player_1: [1 1 1 1 1 1 1 1 1 1 0]
2025-07-04 09:05:51,136 DEBUG player_0: [1 1 1 1 1 1 1 1 1 0 0]
2025-07-04 09:05:51,141 DEBUG player_0: [1 1 1 1 1 1 1 1 1 1 0]
2025-07-04 09:05:51,141 DEBUG player_1: [1 1 1 1 1 1 1 1 1 1 0]
2025-07-04 09:05:51,149 DEBUG player_0: [0 0 0 0 0 0 0 0 1 1 0]
2025-07-04 09:05:51,150 DEBUG player_1: [1 1 1 1 1 1 1 1 1 0 0]
2025-07-04 09:05:51,155 DEBUG player_0: [0 0 0 0 0 0 0 0 1 1 0]
2025-07-04 09:05:51,160 DEBUG player_0: [0 0 0 0 0 0 0 0 1 1 0]
2025-07-04 09:05:51,161 DEBUG player_1: [0 0 0 0 0 0 0 0 1 1 0]
2025-07-04 09:05:51,162 DEBUG player_1: [0 0 0 0 0 0 0 0 1 1 0]
2025-07-04 09:05:51,162 DEBUG player_1: [0 0 0 0 0 0 0 0 1 1 0]
2025-07-04 09:05:51,199 DEBUG player_0: [1 1 1 1 1 1 1 1 1 1 0]
2025-07-04 09:05:51,204 DEBUG player_0: [1 1 1 1 1 1 1 1 1 1 0]
2025-07-04 09:05:51,204 DEBUG player_1: [1 1 1 1 1 1 1 1 1 1 0]
2025-07-04 09:05:51,204 DEBUG player_1: [0 0 1 0 0 0 1 0 1 1 0]
2025-07-04 09:05:51,267 DEBUG player_0: [0 0 0 0 0 0 0 0 1 1 0]
2025-07-04 09:05:51,267 DEBUG player_1: [0 0 0 0 0 0 0 0 1 1 0]
2025-07-04 09:05:51,273 DEBUG player_0: [1 1 1 1 1 1 1 1 1 1 0]
2025-07-04 09:05:51,277 DEBUG player_0: [1 1 1 1 1 1 1 1 1 1 0]
2025-07-04 09:05:51,283 DEBUG player_0: [1 1 0 1 1 1 0 1 1 0 0]
2025-07-04 09:05:51,288 DEBUG player_0: [1 1 1 1 1 1 1 1 1 1 0]
2025-07-04 09:05:51,294 DEBUG player_0: [1 1 1 1 1 1 1 1 1 1 0]
2025-07-04 09:05:51,294 DEBUG player_1: [1 1 1 1 1 1 1 1 1 1 0]
2025-07-04 09:05:51,295 DEBUG player_1: [0 0 1 0 0 0 0 0 0 0 0]
2025-07-04 09:05:51,296 DEBUG player_1: [1 1 1 1 1 1 1 1 1 0 0]
2025-07-04 09:05:51,296 DEBUG player_1: [1 1 1 1 1 1 1 1 1 0 0]
2025-07-04 09:05:51,297 DEBUG player_1: [1 1 1 1 1 1 1 1 1 1 0]
2025-07-04 09:05:51,313 DEBUG player_0: [1 1 1 1 1 1 1 1 1 1 0]
2025-07-04 09:05:51,313 DEBUG player_1: [0 0 1 0 0 0 0 0 0 0 0]
2025-07-04 09:05:51,319 DEBUG player_0: [1 0 0 1 1 0 0 1 1 1 0]
2025-07-04 09:05:51,319 DEBUG player_1: [1 1 1 1 1 1 1 1 1 1 0]
2025-07-04 09:05:51,401 DEBUG player_0: [1 1 1 1 1 1 1 1 1 0 0]
2025-07-04 09:05:51,402 DEBUG player_1: [0 0 1 0 0 0 1 0 1 1 0]
2025-07-04 09:05:51,407 DEBUG player_0: [1 1 1 1 1 1 1 1 1 1 0]
2025-07-04 09:05:51,413 DEBUG player_0: [1 1 1 1 1 1 1 1 1 1 0]
2025-07-04 09:05:51,414 DEBUG player_1: [1 0 0 0 0 0 0 0 0 0 0]
2025-07-04 09:05:51,414 DEBUG player_1: [0 0 1 0 0 0 1 0 1 0 0]
2025-07-04 09:05:51,425 DEBUG player_0: [1 1 0 1 1 1 0 1 1 0 0]
2025-07-04 09:05:51,431 DEBUG player_0: [1 1 1 1 1 1 1 1 1 1 0]
2025-07-04 09:05:51,420 DEBUG player_0: [1 1 1 1 1 1 1 1 1 1 0]
2025-07-04 09:05:51,433 DEBUG player_1: [1 1 1 1 1 1 1 1 1 1 0]
2025-07-04 09:05:51,438 DEBUG player_0: [1 0 0 1 1 0 0 1 1 1 0]
2025-07-04 09:05:51,444 DEBUG player_0: [1 1 1 0 1 1 1 0 1 1 0]
2025-07-04 09:05:51,444 DEBUG player_1: [1 1 1 1 1 1 1 1 1 0 0]
2025-07-04 09:05:51,446 DEBUG player_1: [0 0 1 0 0 0 1 0 1 1 0]
2025-07-04 09:05:51,446 DEBUG player_1: [1 1 1 1 1 1 1 1 1 1 0]
2025-07-04 09:05:51,447 DEBUG player_1: [1 1 1 1 1 1 1 1 1 1 0]
2025-07-04 09:05:51,538 DEBUG player_0: [1 1 1 1 1 1 1 1 1 0 0]
2025-07-04 09:05:51,539 DEBUG player_1: [0 0 1 0 0 0 0 0 0 0 0]
2025-07-04 09:05:51,551 DEBUG player_0: [1 1 1 1 1 1 1 1 1 1 0]
2025-07-04 09:05:51,552 DEBUG player_1: [1 1 0 1 1 1 0 1 1 0 0]
2025-07-04 09:05:51,558 DEBUG player_0: [1 1 1 1 1 1 1 1 1 1 0]
2025-07-04 09:05:51,563 DEBUG player_0: [1 1 1 1 1 1 1 1 1 1 0]
2025-07-04 09:05:51,569 DEBUG player_0: [1 0 0 1 1 0 0 1 1 1 0]
2025-07-04 09:05:51,575 DEBUG player_0: [1 1 1 1 1 1 1 1 1 1 0]
2025-07-04 09:05:51,580 DEBUG player_0: [1 1 0 1 1 1 0 1 1 0 0]
2025-07-04 09:05:51,580 DEBUG player_1: [1 1 1 1 1 1 1 1 1 1 0]
2025-07-04 09:05:51,586 DEBUG player_0: [1 1 1 0 1 1 1 0 1 1 0]
2025-07-04 09:05:51,586 DEBUG player_1: [0 0 1 0 0 0 0 0 0 0 0]
2025-07-04 09:05:51,586 DEBUG player_1: [1 1 1 1 1 1 1 1 1 1 0]
2025-07-04 09:05:51,586 DEBUG player_1: [1 1 1 1 1 1 1 1 1 0 0]
2025-07-04 09:05:51,588 DEBUG player_1: [1 1 1 0 1 1 1 0 1 1 0]
2025-07-04 09:05:51,589 DEBUG player_1: [0 0 1 0 0 0 0 0 0 0 0]
2025-07-04 09:05:51,648 DEBUG player_0: [1 1 1 1 1 1 1 1 1 0 0]
2025-07-04 09:05:51,648 DEBUG player_1: [0 0 1 0 0 0 1 0 1 1 0]
2025-07-04 09:05:51,692 DEBUG player_0: [1 1 1 1 1 1 1 1 1 1 0]
2025-07-04 09:05:51,692 DEBUG player_1: [1 1 0 1 1 1 0 1 1 0 0]
2025-07-04 09:05:51,698 DEBUG player_0: [1 1 1 1 1 1 1 1 1 1 0]
2025-07-04 09:05:51,698 DEBUG player_1: [1 1 1 1 1 1 1 1 1 1 0]
2025-07-04 09:05:51,704 DEBUG player_0: [1 0 0 1 1 0 0 1 1 1 0]
2025-07-04 09:05:51,709 DEBUG player_0: [1 1 1 0 1 1 1 0 1 1 0]
2025-07-04 09:05:51,714 DEBUG player_0: [1 1 0 1 1 1 0 1 1 1 0]
2025-07-04 09:05:51,719 DEBUG player_0: [1 1 1 1 1 1 1 1 1 0 0]
2025-07-04 09:05:51,721 DEBUG player_1: [1 1 1 0 1 1 1 0 1 1 0]
2025-07-04 09:05:51,721 DEBUG player_1: [0 0 1 0 0 0 1 0 1 1 0]
2025-07-04 09:05:51,722 DEBUG player_1: [1 1 1 1 1 1 1 1 1 0 0]
2025-07-04 09:05:51,722 DEBUG player_1: [1 1 1 1 1 1 1 1 1 1 0]
2025-07-04 09:05:51,756 DEBUG player_0: [1 1 1 1 1 1 1 1 1 0 0]
2025-07-04 09:05:51,756 DEBUG player_1: [0 0 1 0 0 0 0 0 0 0 0]
2025-07-04 09:05:51,826 DEBUG player_0: [1 1 1 1 1 1 1 1 1 1 0]
2025-07-04 09:05:51,827 DEBUG player_1: [1 1 0 1 1 1 0 1 1 0 0]
2025-07-04 09:05:51,832 DEBUG player_0: [1 1 1 1 1 1 1 1 1 1 0]
2025-07-04 09:05:51,838 DEBUG player_0: [1 1 1 1 1 1 1 1 1 1 0]
2025-07-04 09:05:51,843 DEBUG player_0: [1 1 0 1 1 1 0 1 1 1 0]
2025-07-04 09:05:51,849 DEBUG player_0: [1 1 1 1 1 1 1 1 1 0 0]
2025-07-04 09:05:51,854 DEBUG player_0: [1 1 1 1 1 1 1 1 1 1 0]
2025-07-04 09:05:51,855 DEBUG player_1: [1 1 1 1 1 1 1 1 1 1 0]
2025-07-04 09:05:51,855 DEBUG player_1: [1 1 1 1 1 1 1 1 1 0 0]
2025-07-04 09:05:51,856 DEBUG player_1: [1 1 1 0 1 1 1 0 1 1 0]
2025-07-04 09:05:51,857 DEBUG player_1: [1 1 1 1 1 1 1 1 1 1 0]
2025-07-04 09:05:51,857 DEBUG player_1: [0 0 1 0 0 0 0 0 0 0 0]
2025-07-04 09:05:51,865 DEBUG player_0: [1 1 1 1 1 1 1 1 1 0 0]
2025-07-04 09:05:51,867 DEBUG player_1: [0 0 1 0 0 0 1 0 1 1 0]
2025-07-04 09:05:51,961 DEBUG player_0: [1 1 1 1 1 1 1 1 1 1 0]
2025-07-04 09:05:51,962 DEBUG player_1: [1 1 1 1 1 1 1 1 1 0 0]
2025-07-04 09:05:51,972 DEBUG player_0: [1 1 1 1 1 1 1 1 1 1 0]
2025-07-04 09:05:51,973 DEBUG player_1: [1 1 1 1 1 1 1 1 1 1 0]
2025-07-04 09:05:51,978 DEBUG player_0: [1 1 0 1 1 1 0 1 1 1 0]
2025-07-04 09:05:51,983 DEBUG player_0: [1 1 1 1 1 1 1 1 1 1 0]
2025-07-04 09:05:51,988 DEBUG player_0: [1 1 1 1 1 1 1 1 1 0 0]
2025-07-04 09:05:51,994 DEBUG player_0: [1 1 1 1 1 1 1 1 1 0 0]
2025-07-04 09:05:52,000 DEBUG player_0: [1 1 1 1 1 1 1 1 1 1 0]
2025-07-04 09:05:52,001 DEBUG player_1: [1 1 1 1 1 1 1 1 1 1 0]
2025-07-04 09:05:52,002 DEBUG player_1: [0 0 1 0 0 0 1 0 1 1 0]
2025-07-04 09:05:52,002 DEBUG player_1: [1 1 1 1 1 1 1 1 1 1 0]
2025-07-04 09:05:52,002 DEBUG player_1: [1 1 1 1 1 1 1 1 1 1 0]
2025-07-04 09:05:52,002 DEBUG player_1: [1 1 1 1 1 1 1 1 1 0 0]
2025-07-04 09:05:52,070 DEBUG player_0: [1 1 1 1 1 1 1 1 1 1 0]
2025-07-04 09:05:52,070 DEBUG player_1: [1 1 1 1 1 1 1 1 1 0 0]
2025-07-04 09:05:52,113 DEBUG player_0: [1 1 1 1 1 1 1 1 1 1 0]
2025-07-04 09:05:52,120 DEBUG player_0: [1 1 1 1 1 1 1 1 1 1 0]
2025-07-04 09:05:52,125 DEBUG player_0: [0 0 0 0 0 0 0 0 1 1 0]
2025-07-04 09:05:52,131 DEBUG player_0: [1 1 1 1 1 1 1 1 1 0 0]
2025-07-04 09:05:52,136 DEBUG player_0: [1 1 1 1 1 1 1 1 1 0 0]
2025-07-04 09:05:52,141 DEBUG player_0: [1 1 1 1 1 1 1 1 1 1 0]
2025-07-04 09:05:52,141 DEBUG player_1: [1 1 1 1 1 1 1 1 1 1 0]
2025-07-04 09:05:52,146 DEBUG player_0: [1 1 1 1 1 1 1 1 1 1 0]
2025-07-04 09:05:52,147 DEBUG player_1: [1 1 1 1 1 1 1 1 1 0 0]
2025-07-04 09:05:52,148 DEBUG player_1: [0 0 0 0 0 0 0 0 1 0 0]
2025-07-04 09:05:52,148 DEBUG player_1: [1 1 1 1 1 1 1 1 1 1 0]
2025-07-04 09:05:52,148 DEBUG player_1: [0 0 1 0 0 0 0 0 0 0 0]
2025-07-04 09:05:52,148 DEBUG player_1: [1 1 1 1 1 1 1 1 1 1 0]
2025-07-04 09:05:52,149 DEBUG player_1: [1 1 1 1 1 1 1 1 1 1 0]
2025-07-04 09:05:52,179 DEBUG player_0: [1 1 1 1 1 1 1 1 1 1 0]
2025-07-04 09:05:52,179 DEBUG player_1: [1 1 1 1 1 1 1 1 1 0 0]
2025-07-04 09:05:52,260 DEBUG player_0: [1 1 1 1 1 1 1 1 1 1 0]
2025-07-04 09:05:52,266 DEBUG player_0: [1 1 1 1 1 1 1 1 1 1 0]
2025-07-04 09:05:52,267 DEBUG player_1: [1 1 1 1 1 1 1 1 1 1 0]
2025-07-04 09:05:52,267 DEBUG player_1: [1 1 1 1 1 1 1 1 0 0 0]
2025-07-04 09:05:52,273 DEBUG player_0: [1 1 1 1 1 1 1 1 1 1 0]
2025-07-04 09:05:52,278 DEBUG player_0: [1 1 1 1 1 1 1 1 1 0 0]
2025-07-04 09:05:52,283 DEBUG player_0: [1 1 1 1 1 1 1 1 1 0 0]
2025-07-04 09:05:52,288 DEBUG player_0: [1 1 1 1 1 1 1 1 1 1 0]
2025-07-04 09:05:52,293 DEBUG player_0: [1 1 1 1 1 1 1 1 1 1 0]
2025-07-04 09:05:52,300 DEBUG player_0: [0 0 1 0 0 0 0 0 0 0 0]
2025-07-04 09:05:52,302 DEBUG player_1: [0 0 1 0 0 0 0 0 0 0 0]
2025-07-04 09:05:52,302 DEBUG player_1: [0 0 1 0 0 0 1 0 1 1 0]
2025-07-04 09:05:52,302 DEBUG player_1: [1 1 1 1 1 1 1 1 1 1 0]
2025-07-04 09:05:52,303 DEBUG player_1: [1 1 1 1 1 1 1 1 1 1 0]
2025-07-04 09:05:52,303 DEBUG player_1: [1 1 1 1 1 1 1 1 1 0 0]
2025-07-04 09:05:52,304 DEBUG player_1: [1 1 1 0 1 1 1 0 1 0 0]
2025-07-04 09:05:52,407 DEBUG player_0: [1 1 1 1 1 1 1 1 1 1 0]
2025-07-04 09:05:52,408 DEBUG player_1: [1 1 1 1 1 1 1 1 0 0 0]
2025-07-04 09:05:52,414 DEBUG player_0: [1 1 1 1 1 1 1 1 1 0 0]
2025-07-04 09:05:52,414 DEBUG player_1: [0 0 1 0 0 0 1 0 1 1 0]
2025-07-04 09:05:52,420 DEBUG player_0: [0 0 1 0 0 0 1 0 1 1 0]
2025-07-04 09:05:52,425 DEBUG player_0: [1 1 1 1 1 1 1 1 1 0 0]
2025-07-04 09:05:52,430 DEBUG player_0: [1 1 1 1 1 1 1 1 1 1 0]
2025-07-04 09:05:52,435 DEBUG player_0: [1 1 1 1 1 1 1 1 1 1 0]
2025-07-04 09:05:52,440 DEBUG player_0: [1 1 1 1 1 1 1 1 1 1 0]
2025-07-04 09:05:52,441 DEBUG player_1: [1 1 1 1 1 1 1 1 1 1 0]
2025-07-04 09:05:52,441 DEBUG player_1: [0 0 1 0 0 0 0 0 0 0 0]
2025-07-04 09:05:52,442 DEBUG player_1: [1 1 1 0 1 1 1 0 1 0 0]
2025-07-04 09:05:52,442 DEBUG player_1: [1 1 1 0 1 1 1 0 1 0 0]
2025-07-04 09:05:52,443 DEBUG player_1: [1 1 1 1 1 1 1 1 1 1 0]
2025-07-04 09:05:52,550 DEBUG player_0: [1 1 1 1 1 1 1 1 1 0 0]
2025-07-04 09:05:52,551 DEBUG player_1: [1 1 1 1 1 1 1 1 1 1 0]
2025-07-04 09:05:52,556 DEBUG player_0: [1 1 1 1 1 1 1 1 1 1 0]
2025-07-04 09:05:52,562 DEBUG player_0: [1 1 1 1 1 1 1 1 1 1 0]
2025-07-04 09:05:52,568 DEBUG player_0: [1 1 1 1 1 1 1 1 1 1 0]
2025-07-04 09:05:52,573 DEBUG player_0: [1 0 0 1 1 0 0 1 1 1 0]
2025-07-04 09:05:52,574 DEBUG player_1: [1 1 1 1 1 1 1 1 1 1 0]
2025-07-04 09:05:52,579 DEBUG player_0: [1 1 1 1 1 1 1 1 1 0 0]
2025-07-04 09:05:52,580 DEBUG player_1: [1 1 1 0 1 1 1 0 1 0 0]
2025-07-04 09:05:52,581 DEBUG player_1: [0 0 1 0 0 0 1 0 1 1 0]
2025-07-04 09:05:52,582 DEBUG player_1: [1 1 1 1 1 1 1 1 1 1 0]
2025-07-04 09:05:52,582 DEBUG player_1: [1 1 1 0 1 1 1 0 1 0 0]
2025-07-04 09:05:52,687 DEBUG player_0: [1 1 1 1 1 1 1 1 1 0 0]
2025-07-04 09:05:52,687 DEBUG player_1: [1 1 1 1 1 1 1 1 1 1 0]
2025-07-04 09:05:52,693 DEBUG player_0: [1 1 1 1 1 1 1 1 1 1 0]
2025-07-04 09:05:52,698 DEBUG player_0: [1 1 1 1 1 1 1 1 1 1 0]
2025-07-04 09:05:52,699 DEBUG player_1: [1 1 1 1 1 1 1 1 1 1 0]
2025-07-04 09:05:52,704 DEBUG player_0: [1 1 0 1 1 1 0 1 1 1 0]
2025-07-04 09:05:52,709 DEBUG player_0: [1 1 1 1 1 1 1 1 1 1 0]
2025-07-04 09:05:52,714 DEBUG player_0: [1 1 1 1 1 1 1 1 1 0 0]
2025-07-04 09:05:52,714 DEBUG player_1: [1 1 0 0 1 1 0 0 1 0 0]
2025-07-04 09:05:52,716 DEBUG player_1: [0 0 1 0 0 0 0 0 0 0 0]
2025-07-04 09:05:52,716 DEBUG player_1: [1 1 1 1 1 1 1 1 1 1 0]
2025-07-04 09:05:52,717 DEBUG player_1: [1 1 1 0 1 1 1 0 1 0 0]
2025-07-04 09:05:52,822 DEBUG player_0: [1 1 1 1 1 1 1 1 1 0 0]
2025-07-04 09:05:52,823 DEBUG player_1: [1 1 1 1 1 1 1 1 1 1 0]
2025-07-04 09:05:52,828 DEBUG player_0: [1 1 1 1 1 1 1 1 1 1 0]
2025-07-04 09:05:52,833 DEBUG player_0: [1 1 1 1 1 1 1 1 1 1 0]
2025-07-04 09:05:52,839 DEBUG player_0: [1 1 1 1 1 1 1 1 1 0 0]
2025-07-04 09:05:52,840 DEBUG player_1: [1 1 1 1 1 1 1 1 1 1 0]
2025-07-04 09:05:52,845 DEBUG player_0: [1 1 1 1 1 1 1 1 1 1 0]
2025-07-04 09:05:52,850 DEBUG player_0: [0 0 0 0 0 0 0 0 1 1 0]
2025-07-04 09:05:52,851 DEBUG player_1: [1 1 1 1 1 1 1 1 1 1 0]
2025-07-04 09:05:52,857 DEBUG player_0: [1 0 0 1 1 0 0 1 1 1 0]
2025-07-04 09:05:52,857 DEBUG player_1: [1 1 0 0 1 1 0 0 1 0 0]
2025-07-04 09:05:52,858 DEBUG player_1: [0 0 1 0 0 0 1 0 1 1 0]
2025-07-04 09:05:52,858 DEBUG player_1: [0 0 0 0 0 0 0 0 1 1 0]
2025-07-04 09:05:52,860 DEBUG player_1: [1 1 1 0 1 1 1 0 1 0 0]
2025-07-04 09:05:52,935 DEBUG player_0: [0 0 0 0 0 0 0 0 1 1 0]
2025-07-04 09:05:52,936 DEBUG player_1: [0 0 0 0 0 0 0 0 0 0 0]
2025-07-04 09:05:52,965 DEBUG player_0: [1 1 1 1 1 1 1 1 1 0 0]
2025-07-04 09:05:52,966 DEBUG player_1: [1 1 1 1 1 1 1 1 1 1 0]
2025-07-04 09:05:52,972 DEBUG player_0: [1 1 1 1 1 1 1 1 1 1 0]
2025-07-04 09:05:52,977 DEBUG player_0: [1 1 1 1 1 1 1 1 1 1 0]
2025-07-04 09:05:52,978 DEBUG player_1: [1 1 1 0 1 1 1 0 1 1 0]
2025-07-04 09:05:52,984 DEBUG player_0: [1 0 0 1 1 0 0 1 1 1 0]
2025-07-04 09:05:52,989 DEBUG player_0: [1 1 1 1 1 1 1 1 1 1 0]
2025-07-04 09:05:52,993 DEBUG player_0: [1 1 1 1 1 1 1 1 1 1 0]
2025-07-04 09:05:52,999 DEBUG player_0: [1 1 1 0 1 1 1 0 1 0 0]
2025-07-04 09:05:52,999 DEBUG player_1: [1 1 0 0 1 1 0 0 1 0 0]
2025-07-04 09:05:53,000 DEBUG player_1: [1 1 1 1 1 1 1 1 1 0 0]
2025-07-04 09:05:53,000 DEBUG player_1: [1 1 1 0 1 1 1 0 1 0 0]
2025-07-04 09:05:53,000 DEBUG player_1: [1 1 1 1 1 1 1 1 1 1 0]
2025-07-04 09:05:53,002 DEBUG player_1: [1 1 1 1 1 1 1 1 1 1 0]
2025-07-04 09:05:53,043 DEBUG player_0: [1 1 1 1 1 1 1 1 1 0 0]
2025-07-04 09:05:53,044 DEBUG player_1: [1 1 1 1 1 1 1 1 0 0 0]
2025-07-04 09:05:53,085 DEBUG player_0: [1 1 1 1 1 1 1 1 1 0 0]
2025-07-04 09:05:53,085 DEBUG player_1: [0 0 1 0 0 0 0 0 0 0 0]
2025-07-04 09:05:53,110 DEBUG player_0: [1 1 1 1 1 1 1 1 1 1 0]
2025-07-04 09:05:53,111 DEBUG player_1: [1 1 1 1 1 1 1 1 1 1 0]
2025-07-04 09:05:53,116 DEBUG player_0: [1 1 1 0 1 1 1 0 1 0 0]
2025-07-04 09:05:53,122 DEBUG player_0: [1 1 1 1 1 1 1 1 1 1 0]
2025-07-04 09:05:53,127 DEBUG player_0: [1 1 1 0 1 1 1 0 1 1 0]
2025-07-04 09:05:53,132 DEBUG player_0: [1 1 1 0 1 1 1 0 1 1 0]
2025-07-04 09:05:53,137 DEBUG player_0: [1 1 1 1 1 1 1 1 1 1 0]
2025-07-04 09:05:53,138 DEBUG player_1: [1 1 1 0 1 1 1 0 1 0 0]
2025-07-04 09:05:53,139 DEBUG player_1: [1 1 1 1 1 1 1 1 1 0 0]
2025-07-04 09:05:53,139 DEBUG player_1: [1 1 1 1 1 1 1 1 1 1 0]
2025-07-04 09:05:53,140 DEBUG player_1: [1 1 1 1 1 1 1 1 1 1 0]
2025-07-04 09:05:53,140 DEBUG player_1: [1 1 1 0 1 1 1 0 1 0 0]
2025-07-04 09:05:53,194 DEBUG player_0: [1 1 1 1 1 1 1 1 1 0 0]
2025-07-04 09:05:53,194 DEBUG player_1: [0 0 1 0 0 0 1 0 1 1 0]
2025-07-04 09:05:53,247 DEBUG player_0: [1 1 1 1 1 1 1 1 1 1 0]
2025-07-04 09:05:53,248 DEBUG player_1: [1 1 1 1 1 1 1 1 1 1 0]
2025-07-04 09:05:53,254 DEBUG player_0: [1 0 0 0 1 0 0 0 1 1 0]
2025-07-04 09:05:53,259 DEBUG player_0: [1 1 1 0 1 1 1 0 1 0 0]
2025-07-04 09:05:53,264 DEBUG player_0: [1 1 1 1 1 1 1 1 1 1 0]
2025-07-04 09:05:53,270 DEBUG player_0: [1 1 1 1 1 1 1 1 1 1 0]
2025-07-04 09:05:53,270 DEBUG player_1: [1 1 1 0 1 1 1 0 1 0 0]
2025-07-04 09:05:53,271 DEBUG player_1: [1 1 1 1 1 1 1 1 1 1 0]
2025-07-04 09:05:53,271 DEBUG player_1: [1 1 1 0 1 1 1 0 1 0 0]
2025-07-04 09:05:53,271 DEBUG player_1: [1 1 1 0 1 1 1 0 1 0 0]
2025-07-04 09:05:53,302 DEBUG player_0: [1 1 1 1 1 1 1 1 1 0 0]
2025-07-04 09:05:53,303 DEBUG player_1: [0 0 1 0 0 0 0 0 0 0 0]
2025-07-04 09:05:53,380 DEBUG player_0: [1 1 1 1 1 1 1 1 1 1 0]
2025-07-04 09:05:53,381 DEBUG player_1: [1 1 1 1 1 1 1 1 1 1 0]
2025-07-04 09:05:53,386 DEBUG player_0: [1 1 1 0 1 1 1 0 1 0 0]
2025-07-04 09:05:53,392 DEBUG player_0: [1 1 1 1 1 1 1 1 1 1 0]
2025-07-04 09:05:53,397 DEBUG player_0: [1 1 1 1 1 1 1 1 1 1 0]
2025-07-04 09:05:53,402 DEBUG player_0: [1 1 1 1 1 1 1 1 1 1 0]
2025-07-04 09:05:53,403 DEBUG player_1: [1 1 1 0 1 1 1 0 1 0 0]
2025-07-04 09:05:53,404 DEBUG player_1: [1 1 1 0 1 1 1 0 1 0 0]
2025-07-04 09:05:53,404 DEBUG player_1: [1 1 1 0 1 1 1 0 1 0 0]
2025-07-04 09:05:53,405 DEBUG player_1: [1 1 1 1 1 1 1 1 1 1 0]
2025-07-04 09:05:53,513 DEBUG player_0: [1 1 1 1 1 1 1 1 1 1 0]
2025-07-04 09:05:53,514 DEBUG player_1: [1 1 1 1 1 1 1 1 1 1 0]
2025-07-04 09:05:53,519 DEBUG player_0: [1 1 1 1 1 1 1 1 1 1 0]
2025-07-04 09:05:53,524 DEBUG player_0: [1 0 0 0 1 0 0 0 1 1 0]
2025-07-04 09:05:53,529 DEBUG player_0: [1 1 1 0 1 1 1 0 1 0 0]
2025-07-04 09:05:53,530 DEBUG player_1: [1 1 1 0 1 1 1 0 1 0 0]
2025-07-04 09:05:53,530 DEBUG player_1: [1 1 1 0 1 1 1 0 1 1 0]
2025-07-04 09:05:53,531 DEBUG player_1: [1 1 1 0 1 1 1 0 1 0 0]
2025-07-04 09:05:53,569 DEBUG player_0: [0 0 0 0 0 0 0 0 1 0 0]
2025-07-04 09:05:53,569 DEBUG player_1: [0 0 0 0 0 0 0 0 0 0 0]
2025-07-04 09:05:53,638 DEBUG player_0: [1 1 1 1 1 1 1 1 1 1 0]
2025-07-04 09:05:53,639 DEBUG player_1: [1 1 1 1 1 1 1 1 1 1 0]
2025-07-04 09:05:53,644 DEBUG player_0: [1 1 1 1 1 1 1 1 1 1 0]
2025-07-04 09:05:53,649 DEBUG player_0: [1 1 0 0 1 1 0 0 1 0 0]
2025-07-04 09:05:53,655 DEBUG player_0: [1 1 0 1 1 1 0 1 1 1 0]
2025-07-04 09:05:53,656 DEBUG player_1: [1 0 1 0 1 0 1 0 1 0 0]
2025-07-04 09:05:53,656 DEBUG player_1: [1 1 1 0 1 1 1 0 1 0 0]
2025-07-04 09:05:53,657 DEBUG player_1: [1 1 1 0 1 1 1 0 1 1 0]
2025-07-04 09:05:53,670 DEBUG player_0: [0 0 0 0 0 0 0 0 1 1 0]
2025-07-04 09:05:53,670 DEBUG player_1: [0 0 0 0 0 0 0 0 1 1 0]
2025-07-04 09:05:53,677 DEBUG player_0: [1 1 1 1 1 1 1 1 0 0 0]
2025-07-04 09:05:53,677 DEBUG player_1: [1 1 1 1 1 1 1 1 0 0 0]
2025-07-04 09:05:53,765 DEBUG player_0: [1 1 1 1 1 1 1 1 1 1 0]
2025-07-04 09:05:53,766 DEBUG player_1: [1 1 1 1 1 1 1 1 1 1 0]
2025-07-04 09:05:53,771 DEBUG player_0: [1 1 0 1 1 1 0 1 1 1 0]
2025-07-04 09:05:53,776 DEBUG player_0: [1 0 0 0 1 0 0 0 1 0 0]
2025-07-04 09:05:53,781 DEBUG player_0: [1 1 1 0 1 1 1 0 1 1 0]
2025-07-04 09:05:53,782 DEBUG player_1: [1 1 1 0 1 1 1 0 1 1 0]
2025-07-04 09:05:53,782 DEBUG player_1: [1 1 1 0 1 1 1 0 1 0 0]
2025-07-04 09:05:53,787 DEBUG player_0: [0 0 1 0 0 0 0 0 0 0 0]
2025-07-04 09:05:53,792 DEBUG player_0: [1 1 1 1 1 1 1 1 1 0 0]
2025-07-04 09:05:53,793 DEBUG player_1: [1 0 1 0 1 0 1 0 1 0 0]
2025-07-04 09:05:53,794 DEBUG player_1: [1 1 1 1 1 1 1 1 1 1 0]
2025-07-04 09:05:53,795 DEBUG player_1: [1 1 1 1 1 1 1 1 0 0 0]
2025-07-04 09:05:53,821 DEBUG player_0: [0 0 0 0 0 0 0 0 1 0 0]
2025-07-04 09:05:53,821 DEBUG player_1: [0 0 0 0 0 0 0 0 1 1 0]
2025-07-04 09:05:53,902 DEBUG player_0: [1 1 1 1 1 1 1 1 1 1 0]
2025-07-04 09:05:53,902 DEBUG player_1: [1 1 1 1 1 1 1 1 1 1 0]
2025-07-04 09:05:53,907 DEBUG player_0: [1 0 0 0 1 0 0 0 1 1 0]
2025-07-04 09:05:53,914 DEBUG player_0: [1 0 0 0 0 0 0 0 0 0 0]
2025-07-04 09:05:53,914 DEBUG player_1: [1 1 1 0 1 1 1 0 1 1 0]
2025-07-04 09:05:53,915 DEBUG player_1: [1 1 1 0 1 1 1 0 1 0 0]
2025-07-04 09:05:53,920 DEBUG player_0: [1 1 1 0 1 1 1 0 1 1 0]
2025-07-04 09:05:53,925 DEBUG player_0: [0 0 1 0 0 0 1 0 0 0 0]
2025-07-04 09:05:53,931 DEBUG player_0: [0 0 0 0 0 0 0 0 1 1 0]
2025-07-04 09:05:53,932 DEBUG player_1: [1 1 1 1 1 1 1 1 0 0 0]
2025-07-04 09:05:53,933 DEBUG player_1: [1 0 0 0 1 0 0 0 1 0 0]
2025-07-04 09:05:53,938 DEBUG player_0: [1 1 1 1 1 1 1 1 0 0 0]
2025-07-04 09:05:53,938 DEBUG player_1: [0 0 0 0 0 0 0 0 1 0 0]
2025-07-04 09:05:53,941 DEBUG player_1: [0 0 1 0 0 0 1 0 1 1 0]
2025-07-04 09:05:54,037 DEBUG player_0: [1 1 1 1 1 1 1 1 1 1 0]
2025-07-04 09:05:54,038 DEBUG player_1: [1 1 1 1 1 1 1 1 1 1 0]
2025-07-04 09:05:54,046 DEBUG player_0: [1 0 1 0 1 0 1 0 1 0 0]
2025-07-04 09:05:54,047 DEBUG player_1: [1 1 1 0 1 1 1 0 1 1 0]
2025-07-04 09:05:54,053 DEBUG player_0: [1 1 1 0 0 0 0 0 1 1 0]
2025-07-04 09:05:54,058 DEBUG player_0: [1 1 1 1 1 1 1 1 1 1 0]
2025-07-04 09:05:54,064 DEBUG player_0: [0 1 0 0 0 1 0 0 0 0 0]
2025-07-04 09:05:54,069 DEBUG player_0: [1 1 1 1 1 1 1 1 1 0 0]
2025-07-04 09:05:54,074 DEBUG player_0: [0 0 1 0 0 0 0 0 0 0 0]
2025-07-04 09:05:54,075 DEBUG player_1: [1 1 1 0 1 1 1 0 1 0 0]
2025-07-04 09:05:54,075 DEBUG player_1: [1 0 0 0 0 0 0 0 0 0 0]
2025-07-04 09:05:54,075 DEBUG player_1: [1 1 1 0 1 1 1 0 1 0 0]
2025-07-04 09:05:54,076 DEBUG player_1: [1 1 1 1 1 1 1 1 0 0 0]
2025-07-04 09:05:54,076 DEBUG player_1: [0 0 1 0 0 0 0 0 0 0 0]
2025-07-04 09:05:54,153 DEBUG player_0: [1 1 1 1 1 1 1 1 1 1 0]
2025-07-04 09:05:54,153 DEBUG player_1: [1 1 1 1 1 1 1 1 1 1 0]
2025-07-04 09:05:54,182 DEBUG player_0: [1 0 1 0 1 0 1 0 1 0 0]
2025-07-04 09:05:54,182 DEBUG player_1: [1 1 1 1 1 1 1 1 1 1 0]
2025-07-04 09:05:54,188 DEBUG player_0: [1 1 0 1 1 1 0 1 1 1 0]
2025-07-04 09:05:54,188 DEBUG player_1: [1 1 1 0 1 1 1 0 1 0 0]
2025-07-04 09:05:54,194 DEBUG player_0: [1 0 0 1 1 0 0 1 1 0 0]
2025-07-04 09:05:54,196 DEBUG player_1: [1 1 1 0 1 1 1 0 1 0 0]
2025-07-04 09:05:54,200 DEBUG player_0: [0 1 0 0 0 1 0 0 0 0 0]
2025-07-04 09:05:54,201 DEBUG player_1: [0 0 1 0 0 0 1 0 1 1 0]
2025-07-04 09:05:54,262 DEBUG player_0: [1 1 1 1 1 1 1 1 1 1 0]
2025-07-04 09:05:54,262 DEBUG player_1: [1 1 1 1 1 1 1 1 1 1 0]
2025-07-04 09:05:54,301 DEBUG player_0: [1 0 1 0 1 0 1 0 1 0 0]
2025-07-04 09:05:54,301 DEBUG player_1: [1 1 1 1 1 1 1 1 1 1 0]
2025-07-04 09:05:54,307 DEBUG player_0: [1 0 0 0 1 0 0 0 1 1 0]
2025-07-04 09:05:54,308 DEBUG player_1: [1 1 1 0 1 1 1 0 1 0 0]
2025-07-04 09:05:54,313 DEBUG player_0: [0 1 0 0 0 1 0 0 0 0 0]
2025-07-04 09:05:54,318 DEBUG player_0: [1 0 0 1 1 0 0 1 1 0 0]
2025-07-04 09:05:54,319 DEBUG player_1: [1 1 1 0 1 1 1 0 1 0 0]
2025-07-04 09:05:54,319 DEBUG player_1: [1 1 1 1 1 1 1 1 1 1 0]
2025-07-04 09:05:54,334 DEBUG player_0: [0 0 0 0 0 0 0 0 1 0 0]
2025-07-04 09:05:54,334 DEBUG player_1: [0 0 0 0 0 0 0 0 1 1 0]
2025-07-04 09:05:54,370 DEBUG player_0: [1 1 1 1 1 1 1 1 1 1 0]
2025-07-04 09:05:54,371 DEBUG player_1: [1 1 1 1 1 1 1 1 1 1 0]
2025-07-04 09:05:54,414 DEBUG player_0: [1 0 1 0 1 0 1 0 1 0 0]
2025-07-04 09:05:54,415 DEBUG player_1: [1 1 1 1 1 1 1 1 1 1 0]
2025-07-04 09:05:54,427 DEBUG player_0: [1 1 0 1 1 1 0 1 1 1 0]
2025-07-04 09:05:54,427 DEBUG player_1: [1 1 1 0 1 1 1 0 1 0 0]
2025-07-04 09:05:54,432 DEBUG player_0: [1 1 1 1 1 1 1 1 1 0 0]
2025-07-04 09:05:54,437 DEBUG player_0: [0 1 0 0 0 1 0 0 0 0 0]
2025-07-04 09:05:54,444 DEBUG player_0: [1 1 1 1 1 1 1 1 1 0 0]
2025-07-04 09:05:54,444 DEBUG player_1: [1 1 1 0 1 1 1 0 1 0 0]
2025-07-04 09:05:54,445 DEBUG player_1: [1 1 1 1 1 1 1 1 1 1 0]
2025-07-04 09:05:54,446 DEBUG player_1: [1 1 1 1 1 1 1 1 1 0 0]
2025-07-04 09:05:54,480 DEBUG player_0: [1 1 1 1 1 1 1 1 1 1 0]
2025-07-04 09:05:54,480 DEBUG player_1: [1 1 1 1 1 1 1 1 1 1 0]
2025-07-04 09:05:54,523 DEBUG player_0: [1 0 1 0 1 0 1 0 1 0 0]
2025-07-04 09:05:54,524 DEBUG player_1: [1 1 1 1 1 1 1 1 1 1 0]
2025-07-04 09:05:54,551 DEBUG player_0: [1 0 0 0 1 0 0 0 1 1 0]
2025-07-04 09:05:54,552 DEBUG player_1: [1 1 1 0 1 1 1 0 1 0 0]
2025-07-04 09:05:54,557 DEBUG player_0: [0 1 0 0 0 1 0 0 0 0 0]
2025-07-04 09:05:54,563 DEBUG player_0: [1 1 1 1 1 1 1 1 1 0 0]
2025-07-04 09:05:54,563 DEBUG player_1: [0 0 1 0 0 0 0 0 0 0 0]
2025-07-04 09:05:54,564 DEBUG player_1: [0 0 1 0 0 0 0 0 0 0 0]
2025-07-04 09:05:54,589 DEBUG player_0: [1 1 1 1 1 1 1 1 1 1 0]
2025-07-04 09:05:54,590 DEBUG player_1: [1 1 1 1 1 1 1 1 1 1 0]
2025-07-04 09:05:54,602 DEBUG player_0: [0 0 0 0 0 0 0 0 1 1 0]
2025-07-04 09:05:54,602 DEBUG player_1: [0 0 0 0 0 0 0 0 1 0 0]
2025-07-04 09:05:54,633 DEBUG player_0: [1 0 1 0 1 0 1 0 1 0 0]
2025-07-04 09:05:54,633 DEBUG player_1: [1 1 1 1 1 1 1 1 1 1 0]
2025-07-04 09:05:54,671 DEBUG player_0: [1 1 0 1 1 1 0 1 1 1 0]
2025-07-04 09:05:54,672 DEBUG player_1: [1 1 1 0 1 1 1 0 1 0 0]
2025-07-04 09:05:54,677 DEBUG player_0: [0 1 0 0 0 1 0 0 0 0 0]
2025-07-04 09:05:54,682 DEBUG player_0: [1 1 1 1 1 1 1 1 1 0 0]
2025-07-04 09:05:54,682 DEBUG player_1: [0 0 1 0 0 0 1 0 1 1 0]
2025-07-04 09:05:54,683 DEBUG player_1: [0 0 1 0 0 0 1 0 1 0 0]
2025-07-04 09:05:54,698 DEBUG player_0: [1 1 1 1 1 1 1 1 1 1 0]
2025-07-04 09:05:54,699 DEBUG player_1: [1 1 1 1 1 1 1 1 1 1 0]
2025-07-04 09:05:54,709 DEBUG player_0: [1 1 1 0 0 0 0 0 1 1 0]
2025-07-04 09:05:54,710 DEBUG player_1: [1 1 1 1 1 1 1 1 0 0 0]
2025-07-04 09:05:54,741 DEBUG player_0: [1 0 1 0 1 0 1 0 1 0 0]
2025-07-04 09:05:54,741 DEBUG player_1: [1 1 1 1 1 1 1 1 1 1 0]
2025-07-04 09:05:54,792 DEBUG player_0: [1 1 1 0 1 1 1 0 1 1 0]
2025-07-04 09:05:54,797 DEBUG player_0: [0 1 0 0 0 1 0 0 0 0 0]
2025-07-04 09:05:54,797 DEBUG player_1: [1 1 1 0 1 1 1 0 1 0 0]
2025-07-04 09:05:54,797 DEBUG player_1: [0 0 1 0 0 0 0 0 0 0 0]
2025-07-04 09:05:54,803 DEBUG player_0: [1 1 1 1 1 1 1 1 1 0 0]
2025-07-04 09:05:54,803 DEBUG player_1: [0 0 1 0 0 0 0 0 0 0 0]
2025-07-04 09:05:54,810 DEBUG player_0: [1 1 1 1 1 1 1 1 1 1 0]
2025-07-04 09:05:54,811 DEBUG player_1: [1 1 1 1 1 1 1 1 1 1 0]
2025-07-04 09:05:54,817 DEBUG player_0: [1 1 1 0 0 0 0 0 1 1 0]
2025-07-04 09:05:54,823 DEBUG player_1: [1 1 1 1 1 1 1 1 0 0 0]
2025-07-04 09:05:54,849 DEBUG player_0: [1 0 1 0 1 0 1 0 1 0 0]
2025-07-04 09:05:54,850 DEBUG player_1: [1 1 1 1 1 1 1 1 1 1 0]
2025-07-04 09:05:54,930 DEBUG player_0: [1 1 1 1 1 1 1 1 1 1 0]
2025-07-04 09:05:54,935 DEBUG player_0: [1 1 1 1 1 1 1 1 1 0 0]
2025-07-04 09:05:54,935 DEBUG player_1: [1 1 1 0 1 1 1 0 1 1 0]
2025-07-04 09:05:54,936 DEBUG player_1: [0 0 1 0 0 0 1 0 1 0 0]
2025-07-04 09:05:54,941 DEBUG player_0: [1 1 1 0 0 0 0 0 1 1 0]
2025-07-04 09:05:54,941 DEBUG player_1: [1 1 1 1 1 1 1 1 0 0 0]
2025-07-04 09:05:54,958 DEBUG player_0: [1 0 1 0 1 0 1 0 1 0 0]
2025-07-04 09:05:54,958 DEBUG player_1: [1 1 1 1 1 1 1 1 1 1 0]
2025-07-04 09:05:54,964 DEBUG player_0: [0 0 0 0 0 0 0 0 1 0 0]
2025-07-04 09:05:54,964 DEBUG player_1: [0 0 0 0 0 0 0 0 1 0 0]
2025-07-04 09:05:55,049 DEBUG player_0: [1 1 1 1 1 1 1 1 1 1 0]
2025-07-04 09:05:55,050 DEBUG player_1: [1 1 1 1 1 1 1 1 1 1 0]
2025-07-04 09:05:55,055 DEBUG player_0: [1 1 1 1 1 1 1 1 1 0 0]
2025-07-04 09:05:55,055 DEBUG player_1: [0 0 1 0 0 0 0 0 0 0 0]
2025-07-04 09:05:55,063 DEBUG player_0: [0 0 0 0 0 0 0 0 1 0 0]
2025-07-04 09:05:55,063 DEBUG player_1: [0 0 0 0 0 0 0 0 1 0 0]
2025-07-04 09:05:55,071 DEBUG player_0: [1 0 1 0 1 0 1 0 1 0 0]
2025-07-04 09:05:55,072 DEBUG player_1: [1 1 1 1 1 1 1 1 1 1 0]
2025-07-04 09:05:55,077 DEBUG player_0: [1 1 1 1 1 1 1 1 1 0 0]
2025-07-04 09:05:55,077 DEBUG player_1: [1 1 1 1 1 1 1 1 0 0 0]
2025-07-04 09:05:55,163 DEBUG player_0: [1 1 1 1 1 1 1 1 1 1 0]
2025-07-04 09:05:55,164 DEBUG player_1: [1 1 1 1 1 1 1 1 1 1 0]
2025-07-04 09:05:55,171 DEBUG player_0: [1 1 1 1 1 1 1 1 0 0 0]
2025-07-04 09:05:55,171 DEBUG player_1: [1 1 1 1 1 1 1 1 0 0 0]
2025-07-04 09:05:55,185 DEBUG player_0: [1 0 1 0 1 0 1 0 1 0 0]
2025-07-04 09:05:55,190 DEBUG player_0: [1 1 1 1 1 1 1 1 1 0 0]
2025-07-04 09:05:55,191 DEBUG player_1: [1 1 1 1 1 1 1 1 1 1 0]
2025-07-04 09:05:55,191 DEBUG player_1: [1 1 1 1 1 1 1 1 0 0 0]
2025-07-04 09:05:55,278 DEBUG player_0: [1 1 1 1 1 1 1 1 1 1 0]
2025-07-04 09:05:55,279 DEBUG player_1: [1 1 1 1 1 1 1 1 1 1 0]
2025-07-04 09:05:55,284 DEBUG player_0: [0 0 1 0 0 0 0 0 0 0 0]
2025-07-04 09:05:55,286 DEBUG player_1: [1 1 1 1 1 1 1 1 0 0 0]
2025-07-04 09:05:55,299 DEBUG player_0: [1 0 1 0 1 0 1 0 1 0 0]
2025-07-04 09:05:55,299 DEBUG player_1: [1 1 1 0 1 1 1 0 1 1 0]
2025-07-04 09:05:55,305 DEBUG player_0: [1 1 1 1 1 1 1 1 1 0 0]
2025-07-04 09:05:55,305 DEBUG player_1: [1 1 1 1 1 1 1 1 0 0 0]
2025-07-04 09:05:55,329 DEBUG player_0: [0 0 0 0 0 0 0 0 1 1 0]
2025-07-04 09:05:55,329 DEBUG player_1: [0 0 0 0 0 0 0 0 1 0 0]
2025-07-04 09:05:55,397 DEBUG player_0: [1 1 1 1 1 1 1 1 1 1 0]
2025-07-04 09:05:55,397 DEBUG player_1: [1 1 1 1 1 1 1 1 1 1 0]
2025-07-04 09:05:55,402 DEBUG player_0: [0 0 1 0 0 0 1 0 0 0 0]
2025-07-04 09:05:55,403 DEBUG player_1: [1 1 1 1 1 1 1 1 0 0 0]
2025-07-04 09:05:55,412 DEBUG player_0: [1 0 1 0 1 0 1 0 1 0 0]
2025-07-04 09:05:55,413 DEBUG player_1: [1 1 1 1 1 1 1 1 1 1 0]
2025-07-04 09:05:55,419 DEBUG player_0: [1 1 1 1 1 1 1 1 1 0 0]
2025-07-04 09:05:55,419 DEBUG player_1: [1 1 1 1 1 1 1 1 0 0 0]
2025-07-04 09:05:55,437 DEBUG player_0: [1 1 1 0 1 1 1 0 1 1 0]
2025-07-04 09:05:55,438 DEBUG player_1: [1 1 1 1 1 1 1 1 0 0 0]
2025-07-04 09:05:55,462 DEBUG player_0: [0 0 0 0 0 0 0 0 1 1 0]
2025-07-04 09:05:55,463 DEBUG player_1: [0 0 0 0 0 0 0 0 0 0 0]
2025-07-04 09:05:55,512 DEBUG player_0: [1 1 1 1 1 1 1 1 1 1 0]
2025-07-04 09:05:55,517 DEBUG player_0: [0 0 1 0 0 0 0 0 0 0 0]
2025-07-04 09:05:55,517 DEBUG player_1: [1 1 1 1 1 1 1 1 0 0 0]
2025-07-04 09:05:55,517 DEBUG player_1: [1 1 1 1 1 1 1 1 1 1 0]
2025-07-04 09:05:55,528 DEBUG player_0: [1 0 1 0 1 0 1 0 1 0 0]
2025-07-04 09:05:55,533 DEBUG player_0: [1 1 1 1 1 1 1 1 1 0 0]
2025-07-04 09:05:55,533 DEBUG player_1: [1 1 1 1 1 1 1 1 0 0 0]
2025-07-04 09:05:55,533 DEBUG player_1: [1 1 1 1 1 1 1 1 1 1 0]
2025-07-04 09:05:55,547 DEBUG player_0: [1 1 1 0 1 1 1 0 1 1 0]
2025-07-04 09:05:55,547 DEBUG player_1: [0 0 1 0 0 0 0 0 0 0 0]
2025-07-04 09:05:55,571 DEBUG player_0: [1 1 1 1 0 0 0 0 1 0 0]
2025-07-04 09:05:55,571 DEBUG player_1: [1 1 1 1 1 1 1 1 0 0 0]
2025-07-04 09:05:55,627 DEBUG player_0: [1 1 1 1 1 1 1 1 1 1 0]
2025-07-04 09:05:55,632 DEBUG player_0: [0 0 1 0 0 0 1 0 0 0 0]
2025-07-04 09:05:55,632 DEBUG player_1: [1 1 1 1 1 1 1 1 0 0 0]
2025-07-04 09:05:55,632 DEBUG player_1: [1 1 1 1 1 1 1 1 1 1 0]
2025-07-04 09:05:55,641 DEBUG player_0: [1 0 1 0 1 0 1 0 1 0 0]
2025-07-04 09:05:55,642 DEBUG player_1: [1 1 1 1 1 1 1 1 1 1 0]
2025-07-04 09:05:55,655 DEBUG player_0: [1 1 1 1 1 1 1 1 1 1 0]
2025-07-04 09:05:55,655 DEBUG player_1: [0 0 1 0 0 0 1 0 0 0 0]
2025-07-04 09:05:55,679 DEBUG player_0: [0 0 1 0 0 0 0 0 0 0 0]
2025-07-04 09:05:55,680 DEBUG player_1: [1 1 1 1 1 1 1 1 0 0 0]
2025-07-04 09:05:55,741 DEBUG player_0: [1 1 1 1 1 1 1 1 1 1 0]
2025-07-04 09:05:55,746 DEBUG player_0: [0 0 1 0 0 0 0 0 0 0 0]
2025-07-04 09:05:55,747 DEBUG player_1: [1 1 1 1 1 1 1 1 0 0 0]
2025-07-04 09:05:55,747 DEBUG player_1: [1 1 1 1 1 1 1 1 1 1 0]
2025-07-04 09:05:55,753 DEBUG player_0: [1 0 1 0 1 0 1 0 1 0 0]
2025-07-04 09:05:55,754 DEBUG player_1: [1 1 1 1 1 1 1 1 1 1 0]
2025-07-04 09:05:55,764 DEBUG player_0: [1 1 1 0 1 1 1 0 1 1 0]
2025-07-04 09:05:55,764 DEBUG player_1: [0 0 1 0 0 0 0 0 0 0 0]
2025-07-04 09:05:55,789 DEBUG player_0: [0 0 1 0 0 0 0 0 1 0 0]
2025-07-04 09:05:55,789 DEBUG player_1: [1 1 1 1 1 1 1 1 0 0 0]
2025-07-04 09:05:55,862 DEBUG player_0: [0 0 1 0 0 0 1 0 0 0 0]
2025-07-04 09:05:55,868 DEBUG player_0: [1 1 1 1 1 1 1 1 1 1 0]
2025-07-04 09:05:55,873 DEBUG player_0: [1 0 1 0 1 0 1 0 1 0 0]
2025-07-04 09:05:55,873 DEBUG player_1: [1 1 1 1 1 1 1 1 0 0 0]
2025-07-04 09:05:55,873 DEBUG player_1: [1 1 1 1 1 1 1 1 1 1 0]
2025-07-04 09:05:55,874 DEBUG player_1: [1 1 1 1 1 1 1 1 1 1 0]
2025-07-04 09:05:55,879 DEBUG player_0: [1 1 1 0 1 1 1 0 1 1 0]
2025-07-04 09:05:55,880 DEBUG player_1: [0 0 1 0 0 0 1 0 0 0 0]
2025-07-04 09:05:55,896 DEBUG player_0: [0 0 1 0 0 0 0 0 0 0 0]
2025-07-04 09:05:55,897 DEBUG player_1: [1 1 1 1 1 1 1 1 0 0 0]
2025-07-04 09:05:55,988 DEBUG player_0: [1 1 1 1 1 1 1 1 1 1 0]
2025-07-04 09:05:55,989 DEBUG player_1: [1 1 1 1 1 1 1 1 1 1 0]
2025-07-04 09:05:55,994 DEBUG player_0: [0 0 1 0 0 0 0 0 0 0 0]
2025-07-04 09:05:55,999 DEBUG player_0: [1 0 1 0 1 0 1 0 1 0 0]
2025-07-04 09:05:56,005 DEBUG player_0: [1 1 1 0 1 1 1 0 1 1 0]
2025-07-04 09:05:56,006 DEBUG player_1: [1 1 1 1 1 1 1 1 0 0 0]
2025-07-04 09:05:56,006 DEBUG player_1: [1 1 1 1 1 1 1 1 1 1 0]
2025-07-04 09:05:56,007 DEBUG player_1: [0 0 1 0 0 0 0 0 0 0 0]
2025-07-04 09:05:56,116 DEBUG player_0: [1 1 1 1 1 1 1 1 1 1 0]
2025-07-04 09:05:56,117 DEBUG player_1: [1 1 1 0 1 1 1 0 1 1 0]
2025-07-04 09:05:56,122 DEBUG player_0: [1 0 1 0 1 0 1 0 1 0 0]
2025-07-04 09:05:56,127 DEBUG player_0: [1 1 1 0 1 1 1 0 1 1 0]
2025-07-04 09:05:56,132 DEBUG player_0: [0 0 1 0 0 0 1 0 0 0 0]
2025-07-04 09:05:56,133 DEBUG player_1: [1 1 1 1 1 1 1 1 0 0 0]
2025-07-04 09:05:56,133 DEBUG player_1: [0 0 1 0 0 0 1 0 0 0 0]
2025-07-04 09:05:56,133 DEBUG player_1: [1 1 1 0 1 1 1 0 1 1 0]
2025-07-04 09:05:56,243 DEBUG player_0: [1 1 0 1 1 1 0 1 1 1 0]
2025-07-04 09:05:56,248 DEBUG player_0: [0 0 1 0 0 0 0 0 0 0 0]
2025-07-04 09:05:56,249 DEBUG player_1: [1 1 1 0 1 1 1 0 1 1 0]
2025-07-04 09:05:56,249 DEBUG player_1: [1 1 1 1 1 1 1 1 0 0 0]
2025-07-04 09:05:56,254 DEBUG player_0: [1 1 1 0 1 1 1 0 1 1 0]
2025-07-04 09:05:56,259 DEBUG player_0: [1 0 0 0 1 0 0 0 1 0 0]
2025-07-04 09:05:56,260 DEBUG player_1: [0 0 1 0 0 0 0 0 0 0 0]
2025-07-04 09:05:56,260 DEBUG player_1: [1 1 1 0 1 1 1 0 1 1 0]
2025-07-04 09:05:56,376 DEBUG player_0: [1 1 1 1 1 1 1 1 1 1 0]
2025-07-04 09:05:56,381 DEBUG player_0: [1 0 0 0 0 0 0 0 0 0 0]
2025-07-04 09:05:56,385 DEBUG player_0: [1 1 1 0 1 1 1 0 1 1 0]
2025-07-04 09:05:56,386 DEBUG player_1: [1 1 1 0 1 1 1 0 1 1 0]
2025-07-04 09:05:56,386 DEBUG player_1: [0 0 1 0 0 0 1 0 0 0 0]
2025-07-04 09:05:56,386 DEBUG player_1: [1 1 1 0 1 1 1 0 1 1 0]
2025-07-04 09:05:56,495 DEBUG player_0: [1 1 1 1 1 1 1 1 1 1 0]
2025-07-04 09:05:56,496 DEBUG player_1: [1 1 1 0 1 1 1 0 1 1 0]
2025-07-04 09:05:56,501 DEBUG player_0: [1 0 0 0 1 0 0 0 1 0 0]
2025-07-04 09:05:56,506 DEBUG player_0: [1 1 1 0 1 1 1 0 1 1 0]
2025-07-04 09:05:56,506 DEBUG player_1: [0 0 1 0 0 0 0 0 0 0 0]
2025-07-04 09:05:56,507 DEBUG player_1: [1 1 1 0 1 1 1 0 1 1 0]
2025-07-04 09:05:56,615 DEBUG player_0: [1 0 0 1 1 0 0 1 1 1 0]
2025-07-04 09:05:56,616 DEBUG player_1: [1 1 1 0 1 1 1 0 1 1 0]
2025-07-04 09:05:56,623 DEBUG player_0: [1 0 0 0 0 0 0 0 0 0 0]
2025-07-04 09:05:56,623 DEBUG player_1: [1 1 1 0 0 0 0 0 1 1 0]
2025-07-04 09:05:56,733 DEBUG player_0: [1 0 0 0 1 0 0 0 1 1 0]
2025-07-04 09:05:56,739 DEBUG player_0: [1 0 0 0 1 0 0 0 1 0 0]
2025-07-04 09:05:56,739 DEBUG player_1: [1 1 1 0 1 1 1 0 1 1 0]
2025-07-04 09:05:56,739 DEBUG player_1: [1 1 1 0 0 0 0 0 1 1 0]
2025-07-04 09:05:56,856 DEBUG player_0: [1 1 0 1 1 1 0 1 1 1 0]
2025-07-04 09:05:56,857 DEBUG player_0: [1 0 0 0 0 0 0 0 0 0 0]
2025-07-04 09:05:56,857 DEBUG player_1: [1 1 1 0 1 1 1 0 1 1 0]
2025-07-04 09:05:56,857 DEBUG player_1: [1 1 1 0 0 0 0 0 1 1 0]
2025-07-04 09:05:56,971 DEBUG player_0: [1 1 1 0 1 1 1 0 1 1 0]
2025-07-04 09:05:56,971 DEBUG player_1: [1 1 1 0 1 1 1 0 1 1 0]
2025-07-04 09:05:57,387 DEBUG player_0: [0 0 0 0 0 0 0 0 1 0 0]
2025-07-04 09:05:57,388 DEBUG player_1: [0 0 0 0 0 0 0 0 1 1 0]
2025-07-04 09:05:57,489 DEBUG player_0: [0 0 0 0 0 0 0 0 1 1 0]
2025-07-04 09:05:57,490 DEBUG player_1: [0 0 0 0 0 0 0 0 1 1 0]
2025-07-04 09:05:57,499 DEBUG player_0: [1 0 0 0 1 0 0 0 1 0 0]
2025-07-04 09:05:57,500 DEBUG player_1: [1 1 1 1 0 0 0 0 1 0 0]
2025-07-04 09:05:57,609 DEBUG player_0: [1 1 1 0 1 1 1 0 1 1 0]
2025-07-04 09:05:57,610 DEBUG player_1: [1 1 1 1 1 1 1 1 1 0 0]
2025-07-04 09:05:57,615 DEBUG player_0: [1 0 0 0 0 0 0 0 0 0 0]
2025-07-04 09:05:57,616 DEBUG player_1: [1 1 1 1 0 0 0 0 1 0 0]
2025-07-04 09:05:57,728 DEBUG player_0: [1 1 1 0 1 1 1 0 1 1 0]
2025-07-04 09:05:57,734 DEBUG player_0: [1 0 1 0 1 0 1 0 1 0 0]
2025-07-04 09:05:57,734 DEBUG player_1: [1 1 1 1 1 1 1 1 1 0 0]
2025-07-04 09:05:57,734 DEBUG player_1: [1 1 1 1 0 0 0 0 1 0 0]
2025-07-04 09:05:57,847 DEBUG player_0: [1 0 1 0 1 0 1 0 1 0 0]
2025-07-04 09:05:57,852 DEBUG player_0: [1 1 1 0 1 1 1 0 1 1 0]
2025-07-04 09:05:57,853 DEBUG player_1: [1 1 1 1 0 0 0 0 1 0 0]
2025-07-04 09:05:57,853 DEBUG player_1: [1 1 1 1 1 1 1 1 1 0 0]
2025-07-04 09:05:57,970 DEBUG player_0: [1 1 1 0 1 1 1 0 1 1 0]
2025-07-04 09:05:57,972 DEBUG player_0: [1 0 1 0 1 0 1 0 1 0 0]
2025-07-04 09:05:57,972 DEBUG player_1: [1 1 1 1 1 1 1 1 1 0 0]
2025-07-04 09:05:57,972 DEBUG player_1: [1 1 1 1 0 0 0 0 1 0 0]
2025-07-04 09:05:58,089 DEBUG player_0: [1 0 1 0 1 0 1 0 1 0 0]
2025-07-04 09:05:58,090 DEBUG player_0: [1 1 1 0 1 1 1 0 1 1 0]
2025-07-04 09:05:58,090 DEBUG player_1: [1 1 1 1 1 1 1 1 1 0 0]
2025-07-04 09:05:58,090 DEBUG player_1: [1 1 1 1 0 0 0 0 1 0 0]
2025-07-04 09:05:58,207 DEBUG player_0: [1 0 1 0 1 0 1 0 1 0 0]
2025-07-04 09:05:58,209 DEBUG player_0: [1 1 1 0 1 1 1 0 1 1 0]
2025-07-04 09:05:58,210 DEBUG player_1: [1 1 1 1 0 0 0 0 1 0 0]
2025-07-04 09:05:58,210 DEBUG player_1: [1 1 1 1 1 1 1 1 1 0 0]
2025-07-04 09:05:58,325 DEBUG player_0: [1 0 1 0 1 0 1 0 1 0 0]
2025-07-04 09:05:58,331 DEBUG player_0: [1 1 1 1 1 1 1 1 1 1 0]
2025-07-04 09:05:58,332 DEBUG player_1: [1 1 1 1 1 1 1 1 1 0 0]
2025-07-04 09:05:58,332 DEBUG player_1: [1 1 1 1 0 0 0 0 1 0 0]
2025-07-04 09:05:58,445 DEBUG player_0: [1 1 1 1 1 1 1 1 1 1 0]
2025-07-04 09:05:58,454 DEBUG player_0: [1 0 0 0 1 0 0 0 1 0 0]
2025-07-04 09:05:58,454 DEBUG player_1: [1 1 1 1 1 1 1 1 1 0 0]
2025-07-04 09:05:58,455 DEBUG player_1: [1 1 1 1 0 0 0 0 1 0 0]
2025-07-04 09:05:58,572 DEBUG player_0: [1 0 0 0 0 0 0 0 0 0 0]
2025-07-04 09:05:58,574 DEBUG player_0: [1 1 1 0 1 1 1 0 1 1 0]
2025-07-04 09:05:58,574 DEBUG player_1: [1 1 1 1 0 0 0 0 1 0 0]
2025-07-04 09:05:58,575 DEBUG player_1: [1 1 1 1 1 1 1 1 1 0 0]
2025-07-04 09:05:58,695 DEBUG player_0: [1 1 1 0 1 1 1 0 1 1 0]
2025-07-04 09:05:58,698 DEBUG player_0: [1 0 0 0 1 0 0 0 1 0 0]
2025-07-04 09:05:58,698 DEBUG player_1: [1 1 1 1 0 0 0 0 1 0 0]
2025-07-04 09:05:58,698 DEBUG player_1: [1 1 1 1 1 1 1 1 1 0 0]
2025-07-04 09:05:58,811 DEBUG player_0: [1 0 0 0 0 0 0 0 0 0 0]
2025-07-04 09:05:58,816 DEBUG player_0: [1 1 1 0 1 1 1 0 1 1 0]
2025-07-04 09:05:58,816 DEBUG player_1: [1 1 1 1 1 1 1 1 1 0 0]
2025-07-04 09:05:58,816 DEBUG player_1: [1 1 1 1 0 0 0 0 1 0 0]
2025-07-04 09:05:58,929 DEBUG player_0: [1 1 0 0 1 1 0 0 1 1 0]
2025-07-04 09:05:58,934 DEBUG player_0: [1 0 0 0 1 0 0 0 1 0 0]
2025-07-04 09:05:58,934 DEBUG player_1: [1 1 1 1 1 1 1 1 1 0 0]
2025-07-04 09:05:58,934 DEBUG player_1: [1 1 1 1 0 0 0 0 1 0 0]
2025-07-04 09:05:59,051 DEBUG player_0: [1 1 1 1 1 1 1 1 1 1 0]
2025-07-04 09:05:59,053 DEBUG player_0: [1 0 0 0 0 0 0 0 0 0 0]
2025-07-04 09:05:59,054 DEBUG player_1: [1 1 0 1 1 1 0 1 1 0 0]
2025-07-04 09:05:59,054 DEBUG player_1: [1 1 1 1 0 0 0 0 1 0 0]
2025-07-04 09:05:59,167 DEBUG player_0: [1 1 0 0 1 1 0 0 1 1 0]
2025-07-04 09:05:59,172 DEBUG player_0: [1 0 0 0 1 0 0 0 1 0 0]
2025-07-04 09:05:59,172 DEBUG player_1: [1 1 0 1 1 1 0 1 1 0 0]
2025-07-04 09:05:59,172 DEBUG player_1: [1 1 1 1 0 0 0 0 1 0 0]
2025-07-04 09:05:59,285 DEBUG player_0: [1 0 0 0 0 0 0 0 0 0 0]
2025-07-04 09:05:59,290 DEBUG player_0: [1 1 1 1 1 1 1 1 1 1 0]
2025-07-04 09:05:59,290 DEBUG player_1: [1 1 1 1 0 0 0 0 1 0 0]
2025-07-04 09:05:59,291 DEBUG player_1: [1 1 0 1 1 1 0 1 1 0 0]
2025-07-04 09:05:59,404 DEBUG player_0: [1 1 0 0 1 1 0 0 1 1 0]
2025-07-04 09:05:59,409 DEBUG player_0: [1 0 0 0 1 0 0 0 1 0 0]
2025-07-04 09:05:59,410 DEBUG player_1: [1 1 0 1 1 1 0 1 1 0 0]
2025-07-04 09:05:59,410 DEBUG player_1: [1 1 1 1 0 0 0 0 1 0 0]
2025-07-04 09:05:59,535 DEBUG player_0: [1 0 0 0 0 0 0 0 0 0 0]
2025-07-04 09:05:59,535 DEBUG player_0: [1 1 1 1 1 1 1 1 1 1 0]
2025-07-04 09:05:59,536 DEBUG player_1: [1 1 0 1 1 1 0 1 1 0 0]
2025-07-04 09:05:59,536 DEBUG player_1: [1 1 1 1 0 0 0 0 1 0 0]
2025-07-04 09:05:59,545 DEBUG player_0: [0 0 0 0 0 0 0 0 1 0 0]
2025-07-04 09:05:59,545 DEBUG player_1: [0 0 0 0 0 0 0 0 1 0 0]
2025-07-04 09:05:59,649 DEBUG player_0: [1 1 0 0 1 1 0 0 1 1 0]
2025-07-04 09:05:59,650 DEBUG player_1: [1 1 0 1 1 1 0 1 1 0 0]
2025-07-04 09:05:59,655 DEBUG player_0: [1 1 1 1 1 1 1 1 0 0 0]
2025-07-04 09:05:59,655 DEBUG player_1: [1 1 1 1 0 0 0 0 0 0 0]
2025-07-04 09:05:59,770 DEBUG player_0: [1 1 1 1 1 1 1 1 1 1 0]
2025-07-04 09:05:59,773 DEBUG player_0: [0 0 1 0 0 0 0 0 0 0 0]
2025-07-04 09:05:59,773 DEBUG player_1: [1 1 1 1 0 0 0 0 0 0 0]
2025-07-04 09:05:59,773 DEBUG player_1: [1 1 0 1 1 1 0 1 1 0 0]
2025-07-04 09:05:59,892 DEBUG player_0: [1 1 1 1 1 1 1 1 1 1 0]
2025-07-04 09:05:59,893 DEBUG player_0: [0 0 1 0 0 0 1 0 0 0 0]
2025-07-04 09:05:59,893 DEBUG player_1: [1 1 0 1 1 1 0 1 1 0 0]
2025-07-04 09:05:59,893 DEBUG player_1: [1 1 1 1 0 0 0 0 0 0 0]
2025-07-04 09:06:00,013 DEBUG player_0: [1 1 0 0 1 1 0 0 1 1 0]
2025-07-04 09:06:00,019 DEBUG player_0: [0 0 1 0 0 0 0 0 0 0 0]
2025-07-04 09:06:00,020 DEBUG player_1: [1 1 1 1 0 0 0 0 0 0 0]
2025-07-04 09:06:00,020 DEBUG player_1: [1 1 0 0 1 1 0 0 1 0 0]
2025-07-04 09:06:00,139 DEBUG player_0: [1 1 1 1 1 1 1 1 1 1 0]
2025-07-04 09:06:00,141 DEBUG player_0: [0 0 1 0 0 0 1 0 0 0 0]
2025-07-04 09:06:00,141 DEBUG player_1: [1 1 0 0 1 1 0 0 1 0 0]
2025-07-04 09:06:00,141 DEBUG player_1: [1 1 1 1 0 0 0 0 0 0 0]
2025-07-04 09:06:00,251 DEBUG player_0: [0 0 1 0 0 0 0 0 0 0 0]
2025-07-04 09:06:00,251 DEBUG player_1: [1 1 1 1 0 0 0 0 0 0 0]
2025-07-04 09:06:00,313 DEBUG player_0: [1 1 0 0 1 1 0 0 1 1 0]
2025-07-04 09:06:00,314 DEBUG player_1: [1 1 0 0 1 1 0 0 1 0 0]
2025-07-04 09:06:00,422 DEBUG player_0: [1 1 1 1 1 1 1 1 1 1 0]
2025-07-04 09:06:00,423 DEBUG player_1: [1 1 0 0 1 1 0 0 1 0 0]
2025-07-04 09:06:00,536 DEBUG player_0: [1 1 0 0 1 1 0 0 1 1 0]
2025-07-04 09:06:00,537 DEBUG player_1: [1 1 0 0 1 1 0 0 1 0 0]
2025-07-04 09:06:00,654 DEBUG player_0: [1 1 0 0 1 1 0 0 1 1 0]
2025-07-04 09:06:00,655 DEBUG player_1: [1 1 0 0 1 1 0 0 1 0 0]
2025-07-04 09:06:00,764 DEBUG player_0: [1 1 1 1 1 1 1 1 1 1 0]
2025-07-04 09:06:00,765 DEBUG player_1: [1 0 0 0 1 0 0 0 1 0 0]
2025-07-04 09:06:00,878 DEBUG player_0: [1 1 0 0 1 1 0 0 1 1 0]
2025-07-04 09:06:00,879 DEBUG player_1: [1 0 0 0 1 0 0 0 1 0 0]
2025-07-04 09:06:00,992 DEBUG player_0: [1 1 1 1 1 1 1 1 1 1 0]
2025-07-04 09:06:00,992 DEBUG player_1: [1 1 1 1 1 1 1 1 1 0 0]
2025-07-04 09:06:01,102 DEBUG player_0: [1 1 0 0 1 1 0 0 1 1 0]
2025-07-04 09:06:01,102 DEBUG player_1: [1 1 1 1 1 1 1 1 1 0 0]
2025-07-04 09:06:01,624 DEBUG player_0: [0 0 0 0 0 0 0 0 1 1 0]
2025-07-04 09:06:01,624 DEBUG player_1: [0 0 0 0 0 0 0 0 1 0 0]
2025-07-04 09:06:01,733 DEBUG player_0: [1 1 0 0 1 1 0 0 1 0 0]
2025-07-04 09:06:01,734 DEBUG player_1: [1 1 1 1 1 1 1 1 1 0 0]
2025-07-04 09:06:01,851 DEBUG player_0: [1 1 0 0 1 1 0 0 1 0 0]
2025-07-04 09:06:01,852 DEBUG player_1: [1 1 1 1 1 1 1 1 1 0 0]
2025-07-04 09:06:01,965 DEBUG player_0: [1 1 0 0 1 1 0 0 1 0 0]
2025-07-04 09:06:01,966 DEBUG player_1: [1 1 1 1 1 1 1 1 1 0 0]
2025-07-04 09:06:02,078 DEBUG player_0: [1 1 0 0 1 1 0 0 1 0 0]
2025-07-04 09:06:02,079 DEBUG player_1: [1 1 1 1 1 1 1 1 1 0 0]
2025-07-04 09:06:02,192 DEBUG player_0: [1 1 0 0 1 1 0 0 1 0 0]
2025-07-04 09:06:02,192 DEBUG player_1: [1 1 1 1 1 1 1 1 1 0 0]
2025-07-04 09:06:02,303 DEBUG player_0: [1 1 0 0 1 1 0 0 1 0 0]
2025-07-04 09:06:02,303 DEBUG player_1: [1 1 1 1 1 1 1 1 1 0 0]
2025-07-04 09:06:02,420 DEBUG player_0: [1 1 0 0 1 1 0 0 1 0 0]
2025-07-04 09:06:02,420 DEBUG player_1: [1 1 1 1 1 1 1 1 1 0 0]
2025-07-04 09:06:02,534 DEBUG player_0: [1 1 0 0 1 1 0 0 1 0 0]
2025-07-04 09:06:02,535 DEBUG player_1: [1 1 1 1 1 1 1 1 1 0 0]
2025-07-04 09:06:02,648 DEBUG player_0: [1 1 0 0 1 1 0 0 1 0 0]
2025-07-04 09:06:02,648 DEBUG player_1: [1 1 1 1 1 1 1 1 1 0 0]
2025-07-04 09:06:02,766 DEBUG player_0: [1 1 0 0 1 1 0 0 1 0 0]
2025-07-04 09:06:02,767 DEBUG player_1: [1 1 1 1 1 1 1 1 1 0 0]
2025-07-04 09:06:02,880 DEBUG player_0: [1 0 0 0 1 0 0 0 1 0 0]
2025-07-04 09:06:02,880 DEBUG player_1: [1 1 1 1 1 1 1 1 1 0 0]
2025-07-04 09:06:02,993 DEBUG player_0: [1 0 0 0 1 0 0 0 1 0 0]
2025-07-04 09:06:02,993 DEBUG player_1: [1 1 1 1 1 1 1 1 1 0 0]
2025-07-04 09:06:03,109 DEBUG player_0: [1 0 0 0 1 0 0 0 1 0 0]
2025-07-04 09:06:03,110 DEBUG player_1: [1 1 1 1 1 1 1 1 1 0 0]
2025-07-04 09:06:03,220 DEBUG player_0: [1 0 0 0 1 0 0 0 1 0 0]
2025-07-04 09:06:03,220 DEBUG player_1: [1 1 1 1 1 1 1 1 1 0 0]
2025-07-04 09:06:03,336 DEBUG player_0: [1 0 0 0 1 0 0 0 1 0 0]
2025-07-04 09:06:03,336 DEBUG player_1: [1 1 1 1 1 1 1 1 1 0 0]
2025-07-04 09:06:03,450 DEBUG player_0: [1 0 0 0 1 0 0 0 1 0 0]
2025-07-04 09:06:03,450 DEBUG player_1: [1 1 1 1 1 1 1 1 1 0 0]
2025-07-04 09:06:03,563 DEBUG player_0: [1 0 0 0 1 0 0 0 1 0 0]
2025-07-04 09:06:03,563 DEBUG player_1: [1 1 1 1 1 1 1 1 1 0 0]
2025-07-04 09:06:04,096 DEBUG player_0: [0 0 0 0 0 0 0 0 1 0 0]
2025-07-04 09:06:04,096 DEBUG player_1: [0 0 0 0 0 0 0 0 1 0 0]
2025-07-04 09:06:04,208 DEBUG player_0: [1 0 0 0 1 0 0 0 1 0 0]
2025-07-04 09:06:04,209 DEBUG player_1: [1 0 0 0 1 0 0 0 0 0 0]
2025-07-04 09:06:04,321 DEBUG player_0: [1 0 0 0 1 0 0 0 1 0 0]
2025-07-04 09:06:04,321 DEBUG player_1: [1 0 0 0 1 0 0 0 0 0 0]
2025-07-04 09:06:04,434 DEBUG player_0: [1 0 0 0 1 0 0 0 1 0 0]
2025-07-04 09:06:04,435 DEBUG player_1: [1 0 0 0 1 0 0 0 0 0 0]
2025-07-04 09:06:04,547 DEBUG player_0: [0 0 0 0 0 0 0 0 1 0 1]
2025-07-04 09:06:04,547 DEBUG player_1: [1 0 0 0 1 0 0 0 0 0 0]
2025-07-04 09:06:04,660 DEBUG player_0: [0 0 0 0 0 0 0 0 1 0 1]
2025-07-04 09:06:04,661 DEBUG player_1: [1 0 0 0 1 0 0 0 0 0 0]
2025-07-04 09:06:05,182 DEBUG player_0: [0 0 0 0 0 0 0 0 1 0 0]
2025-07-04 09:06:05,183 DEBUG player_1: [0 0 0 0 0 0 0 0 0 0 0]
2025-07-04 09:06:05,294 DEBUG player_0: [1 1 1 1 1 1 1 1 0 0 0]
2025-07-04 09:06:05,295 DEBUG player_1: [1 0 0 0 1 0 0 0 0 0 0]
2025-07-04 09:06:05,408 DEBUG player_0: [1 1 1 1 1 1 1 1 0 0 0]
2025-07-04 09:06:05,408 DEBUG player_1: [1 0 0 0 1 0 0 0 0 0 0]
2025-07-04 09:06:05,522 DEBUG player_0: [1 1 1 1 1 1 1 1 0 0 0]
2025-07-04 09:06:05,523 DEBUG player_1: [0 0 0 0 0 0 0 0 0 0 1]
2025-07-04 09:06:05,538 DEBUG player_0: [1 1 1 1 1 1 1 1 1 1 0]
