2025-06-29 12:49:18,525 DEBUG player_0: [1 1 1 1 1 1 1 1 1 1 0]
2025-06-29 12:49:18,526 DEBUG player_0: [1 1 1 1 1 1 1 1 1 1 0]
2025-06-29 12:49:18,526 DEBUG player_1: [1 1 1 1 1 1 1 1 1 1 0]
2025-06-29 12:49:18,646 DEBUG player_0: [1 1 1 1 0 0 0 0 1 1 0]
2025-06-29 12:49:18,647 DEBUG player_1: [1 1 1 1 0 0 0 0 1 1 0]
2025-06-29 12:49:18,768 DEBUG player_0: [1 1 1 1 0 0 0 0 1 1 0]
2025-06-29 12:49:18,769 DEBUG player_1: [0 0 0 1 0 0 0 0 0 0 0]
2025-06-29 12:49:18,901 DEBUG player_0: [1 1 1 1 0 0 0 0 1 1 0]
2025-06-29 12:49:18,902 DEBUG player_1: [1 1 1 1 0 0 0 0 1 1 0]
2025-06-29 12:49:19,020 DEBUG player_0: [1 1 1 1 0 0 0 0 1 1 0]
2025-06-29 12:49:19,020 DEBUG player_1: [1 1 1 1 0 0 0 0 1 1 0]
2025-06-29 12:49:19,141 DEBUG player_0: [1 1 1 1 0 0 0 0 1 1 0]
2025-06-29 12:49:19,142 DEBUG player_1: [1 1 1 1 0 0 0 0 1 1 0]
2025-06-29 12:49:19,270 DEBUG player_0: [1 1 1 1 0 0 0 0 1 1 0]
2025-06-29 12:49:19,271 DEBUG player_1: [0 0 0 1 0 0 0 0 0 0 0]
2025-06-29 12:49:19,399 DEBUG player_0: [1 1 1 1 0 0 0 0 1 1 0]
2025-06-29 12:49:19,400 DEBUG player_1: [1 1 1 1 0 0 0 0 1 1 0]
2025-06-29 12:49:19,937 DEBUG player_0: [0 0 0 0 0 0 0 0 1 1 0]
2025-06-29 12:49:19,938 DEBUG player_1: [0 0 0 0 0 0 0 0 1 1 0]
2025-06-29 12:49:20,055 DEBUG player_0: [1 1 1 1 0 0 0 0 1 1 0]
2025-06-29 12:49:20,056 DEBUG player_1: [1 1 1 1 0 0 0 0 1 0 0]
2025-06-29 12:49:20,174 DEBUG player_0: [1 1 1 1 0 0 0 0 1 1 0]
2025-06-29 12:49:20,175 DEBUG player_1: [1 1 1 1 0 0 0 0 1 0 0]
2025-06-29 12:49:20,298 DEBUG player_0: [1 1 1 1 0 0 0 0 1 1 0]
2025-06-29 12:49:20,300 DEBUG player_1: [1 1 1 1 0 0 0 0 1 0 0]
2025-06-29 12:49:20,447 DEBUG player_0: [1 1 1 1 0 0 0 0 1 1 0]
2025-06-29 12:49:20,448 DEBUG player_1: [1 1 1 1 0 0 0 0 1 0 0]
2025-06-29 12:49:20,563 DEBUG player_0: [1 1 1 1 0 0 0 0 1 1 0]
2025-06-29 12:49:20,563 DEBUG player_1: [1 1 1 1 0 0 0 0 1 0 0]
2025-06-29 12:49:20,678 DEBUG player_0: [1 1 1 1 0 0 0 0 1 1 0]
2025-06-29 12:49:20,679 DEBUG player_1: [1 1 1 1 0 0 0 0 1 0 0]
2025-06-29 12:49:20,800 DEBUG player_0: [0 0 0 1 0 0 0 0 0 0 0]
2025-06-29 12:49:20,801 DEBUG player_1: [1 1 1 1 0 0 0 0 1 0 0]
2025-06-29 12:49:20,930 DEBUG player_0: [1 1 1 1 0 0 0 0 1 1 0]
2025-06-29 12:49:20,930 DEBUG player_1: [1 1 1 1 0 0 0 0 1 0 0]
2025-06-29 12:49:21,053 DEBUG player_0: [1 1 1 1 0 0 0 0 1 1 0]
2025-06-29 12:49:21,054 DEBUG player_1: [1 1 1 1 0 0 0 0 1 0 0]
2025-06-29 12:49:21,177 DEBUG player_0: [1 1 1 1 0 0 0 0 1 1 0]
2025-06-29 12:49:21,178 DEBUG player_1: [1 1 1 1 0 0 0 0 1 0 0]
2025-06-29 12:49:21,304 DEBUG player_0: [1 1 1 1 0 0 0 0 1 1 0]
2025-06-29 12:49:21,305 DEBUG player_1: [1 1 1 1 0 0 0 0 1 0 0]
2025-06-29 12:49:21,429 DEBUG player_0: [1 1 1 1 0 0 0 0 1 1 0]
2025-06-29 12:49:21,430 DEBUG player_1: [1 0 0 0 0 0 0 0 0 0 0]
2025-06-29 12:49:21,964 DEBUG player_0: [0 0 0 0 0 0 0 0 1 1 0]
2025-06-29 12:49:21,966 DEBUG player_1: [0 0 0 0 0 0 0 0 1 0 0]
2025-06-29 12:49:22,088 DEBUG player_0: [1 1 1 1 0 0 0 0 1 0 0]
2025-06-29 12:49:22,090 DEBUG player_1: [1 1 1 1 0 0 0 0 1 0 0]
2025-06-29 12:49:22,216 DEBUG player_0: [1 1 1 1 0 0 0 0 1 0 0]
2025-06-29 12:49:22,217 DEBUG player_1: [1 1 1 1 0 0 0 0 1 0 0]
2025-06-29 12:49:22,338 DEBUG player_0: [1 1 1 1 0 0 0 0 1 0 0]
2025-06-29 12:49:22,339 DEBUG player_1: [1 1 1 1 0 0 0 0 1 0 0]
2025-06-29 12:49:22,463 DEBUG player_0: [1 1 1 1 0 0 0 0 1 0 0]
2025-06-29 12:49:22,464 DEBUG player_1: [1 1 1 1 0 0 0 0 1 0 0]
2025-06-29 12:49:22,588 DEBUG player_0: [1 1 1 1 0 0 0 0 1 0 0]
2025-06-29 12:49:22,589 DEBUG player_1: [1 1 1 1 0 0 0 0 1 0 0]
2025-06-29 12:49:22,715 DEBUG player_0: [1 1 1 1 0 0 0 0 1 0 0]
2025-06-29 12:49:22,716 DEBUG player_1: [1 0 0 0 0 0 0 0 0 0 0]
2025-06-29 12:49:22,833 DEBUG player_0: [1 1 1 1 0 0 0 0 1 0 0]
2025-06-29 12:49:22,834 DEBUG player_1: [1 1 1 1 0 0 0 0 1 0 0]
2025-06-29 12:49:22,947 DEBUG player_0: [1 1 1 1 0 0 0 0 1 0 0]
2025-06-29 12:49:22,947 DEBUG player_1: [1 1 1 1 0 0 0 0 1 0 0]
2025-06-29 12:49:23,064 DEBUG player_0: [1 1 1 1 0 0 0 0 1 0 0]
2025-06-29 12:49:23,065 DEBUG player_1: [1 0 0 0 0 0 0 0 0 0 0]
2025-06-29 12:49:23,594 DEBUG player_0: [0 0 0 0 0 0 0 0 1 0 0]
2025-06-29 12:49:23,595 DEBUG player_1: [0 0 0 0 0 0 0 0 1 0 0]
2025-06-29 12:49:23,711 DEBUG player_0: [1 1 1 1 0 0 0 0 0 0 0]
2025-06-29 12:49:23,712 DEBUG player_1: [1 1 1 1 0 0 0 0 1 0 0]
2025-06-29 12:49:23,829 DEBUG player_0: [1 1 1 1 0 0 0 0 0 0 0]
2025-06-29 12:49:23,830 DEBUG player_1: [1 1 1 1 0 0 0 0 1 0 0]
2025-06-29 12:49:23,953 DEBUG player_0: [1 1 1 1 0 0 0 0 0 0 0]
2025-06-29 12:49:23,954 DEBUG player_1: [1 0 0 0 0 0 0 0 0 0 0]
2025-06-29 12:49:24,077 DEBUG player_0: [1 1 1 1 0 0 0 0 0 0 0]
2025-06-29 12:49:24,078 DEBUG player_1: [1 1 1 1 0 0 0 0 1 0 0]
2025-06-29 12:49:24,202 DEBUG player_0: [1 1 1 1 0 0 0 0 0 0 0]
2025-06-29 12:49:24,203 DEBUG player_1: [1 1 1 1 0 0 0 0 1 0 0]
2025-06-29 12:49:24,321 DEBUG player_0: [1 1 1 1 0 0 0 0 0 0 0]
2025-06-29 12:49:24,322 DEBUG player_1: [1 1 1 1 0 0 0 0 1 0 0]
2025-06-29 12:49:24,442 DEBUG player_0: [1 1 1 1 0 0 0 0 0 0 0]
2025-06-29 12:49:24,443 DEBUG player_1: [1 1 1 1 0 0 0 0 1 0 0]
2025-06-29 12:49:24,558 DEBUG player_0: [1 1 1 1 0 0 0 0 0 0 0]
2025-06-29 12:49:24,558 DEBUG player_1: [1 1 1 1 0 0 0 0 1 0 0]
2025-06-29 12:49:24,819 DEBUG player_0: [1 1 1 1 1 1 1 1 1 1 0]
2025-06-29 12:49:24,820 DEBUG player_1: [1 1 1 1 1 1 1 1 1 1 0]
2025-06-29 12:49:24,938 DEBUG player_0: [1 1 1 1 1 1 1 1 1 1 0]
2025-06-29 12:49:24,939 DEBUG player_1: [1 1 1 1 1 1 1 1 1 1 0]
2025-06-29 12:49:25,063 DEBUG player_0: [1 1 1 1 0 0 0 0 1 1 0]
2025-06-29 12:49:25,064 DEBUG player_1: [1 1 1 1 0 0 0 0 1 1 0]
2025-06-29 12:49:25,190 DEBUG player_0: [1 1 1 1 0 0 0 0 1 1 0]
2025-06-29 12:49:25,191 DEBUG player_1: [1 1 1 1 0 0 0 0 1 1 0]
2025-06-29 12:49:25,314 DEBUG player_0: [1 1 1 1 0 0 0 0 1 1 0]
2025-06-29 12:49:25,315 DEBUG player_1: [1 1 1 1 0 0 0 0 1 1 0]
2025-06-29 12:49:25,436 DEBUG player_0: [1 1 1 1 0 0 0 0 1 1 0]
2025-06-29 12:49:25,437 DEBUG player_1: [1 1 1 1 0 0 0 0 1 1 0]
2025-06-29 12:49:25,560 DEBUG player_0: [1 1 1 1 0 0 0 0 1 1 0]
2025-06-29 12:49:25,561 DEBUG player_1: [1 1 1 1 0 0 0 0 1 1 0]
2025-06-29 12:49:25,683 DEBUG player_0: [1 1 1 1 0 0 0 0 1 1 0]
2025-06-29 12:49:25,684 DEBUG player_1: [1 1 1 1 0 0 0 0 1 1 0]
2025-06-29 12:49:25,804 DEBUG player_0: [1 1 1 1 0 0 0 0 1 1 0]
2025-06-29 12:49:25,804 DEBUG player_1: [1 1 1 1 0 0 0 0 1 1 0]
2025-06-29 12:49:25,813 DEBUG player_0: [0 0 0 0 0 0 0 0 1 1 0]
2025-06-29 12:49:25,813 DEBUG player_1: [0 0 0 0 0 0 0 0 1 1 0]
2025-06-29 12:49:25,927 DEBUG player_0: [1 1 1 1 0 0 0 0 1 0 0]
2025-06-29 12:49:25,927 DEBUG player_1: [1 1 1 1 0 0 0 0 1 0 0]
2025-06-29 12:49:26,040 DEBUG player_0: [1 1 1 1 0 0 0 0 1 0 0]
2025-06-29 12:49:26,041 DEBUG player_1: [1 1 1 1 0 0 0 0 1 0 0]
2025-06-29 12:49:26,161 DEBUG player_0: [1 1 1 1 0 0 0 0 1 0 0]
2025-06-29 12:49:26,162 DEBUG player_1: [1 1 1 1 0 0 0 0 1 0 0]
2025-06-29 12:49:26,290 DEBUG player_0: [1 1 1 1 0 0 0 0 1 0 0]
2025-06-29 12:49:26,291 DEBUG player_1: [1 1 1 1 0 0 0 0 1 0 0]
2025-06-29 12:49:26,413 DEBUG player_0: [1 1 1 1 0 0 0 0 1 0 0]
2025-06-29 12:49:26,414 DEBUG player_1: [1 1 1 1 0 0 0 0 1 0 0]
2025-06-29 12:49:26,537 DEBUG player_0: [1 1 1 1 0 0 0 0 1 0 0]
2025-06-29 12:49:26,538 DEBUG player_1: [1 1 1 1 0 0 0 0 1 0 0]
2025-06-29 12:49:26,661 DEBUG player_0: [1 1 1 1 0 0 0 0 1 0 0]
2025-06-29 12:49:26,662 DEBUG player_1: [1 1 1 1 0 0 0 0 1 0 0]
2025-06-29 12:49:26,789 DEBUG player_0: [1 1 1 1 0 0 0 0 1 0 0]
2025-06-29 12:49:26,790 DEBUG player_1: [1 1 1 1 0 0 0 0 1 0 0]
2025-06-29 12:49:27,326 DEBUG player_0: [0 0 0 0 0 0 0 0 1 0 0]
2025-06-29 12:49:27,327 DEBUG player_1: [0 0 0 0 0 0 0 0 1 0 0]
2025-06-29 12:49:27,451 DEBUG player_0: [1 1 1 1 0 0 0 0 1 0 0]
2025-06-29 12:49:27,452 DEBUG player_1: [1 1 1 1 0 0 0 0 0 0 0]
2025-06-29 12:49:27,574 DEBUG player_0: [1 1 1 1 0 0 0 0 1 0 0]
2025-06-29 12:49:27,575 DEBUG player_1: [1 1 1 1 0 0 0 0 0 0 0]
2025-06-29 12:49:27,846 DEBUG player_0: [1 1 1 1 1 1 1 1 1 1 0]
2025-06-29 12:49:27,847 DEBUG player_1: [1 1 1 1 1 1 1 1 1 1 0]
2025-06-29 12:49:27,964 DEBUG player_0: [1 1 1 1 1 1 1 1 1 1 0]
2025-06-29 12:49:27,964 DEBUG player_1: [1 1 1 1 1 1 1 1 1 1 0]
2025-06-29 12:49:28,078 DEBUG player_0: [1 1 1 1 0 0 0 0 1 1 0]
2025-06-29 12:49:28,078 DEBUG player_1: [1 1 1 1 0 0 0 0 1 1 0]
2025-06-29 12:49:28,188 DEBUG player_0: [1 1 1 1 0 0 0 0 1 1 0]
2025-06-29 12:49:28,189 DEBUG player_1: [1 1 1 1 0 0 0 0 1 1 0]
2025-06-29 12:49:28,301 DEBUG player_0: [1 1 1 1 0 0 0 0 1 1 0]
2025-06-29 12:49:28,302 DEBUG player_1: [1 1 1 1 0 0 0 0 1 1 0]
2025-06-29 12:49:28,826 DEBUG player_0: [0 0 0 0 0 0 0 0 1 1 0]
2025-06-29 12:49:28,828 DEBUG player_1: [0 0 0 0 0 0 0 0 1 1 0]
2025-06-29 12:49:28,947 DEBUG player_0: [1 1 1 1 0 0 0 0 1 0 0]
2025-06-29 12:49:28,948 DEBUG player_1: [1 1 1 1 0 0 0 0 1 1 0]
2025-06-29 12:49:29,073 DEBUG player_0: [1 1 1 1 0 0 0 0 1 0 0]
2025-06-29 12:49:29,074 DEBUG player_1: [1 1 1 1 0 0 0 0 1 1 0]
2025-06-29 12:49:29,607 DEBUG player_0: [0 0 0 0 0 0 0 0 1 0 0]
2025-06-29 12:49:29,608 DEBUG player_1: [0 0 0 0 0 0 0 0 1 1 0]
2025-06-29 12:49:29,723 DEBUG player_0: [1 1 1 1 0 0 0 0 1 0 0]
2025-06-29 12:49:29,724 DEBUG player_1: [1 1 1 1 0 0 0 0 1 1 0]
2025-06-29 12:49:29,839 DEBUG player_0: [1 1 1 1 0 0 0 0 1 0 0]
2025-06-29 12:49:29,840 DEBUG player_1: [1 1 1 1 0 0 0 0 1 1 0]
2025-06-29 12:49:29,962 DEBUG player_0: [1 1 1 1 0 0 0 0 1 0 0]
2025-06-29 12:49:29,963 DEBUG player_1: [1 1 1 1 0 0 0 0 1 1 0]
2025-06-29 12:49:30,497 DEBUG player_0: [0 0 0 0 0 0 0 0 1 0 0]
2025-06-29 12:49:30,499 DEBUG player_1: [0 0 0 0 0 0 0 0 1 1 0]
2025-06-29 12:49:30,621 DEBUG player_0: [1 1 1 1 0 0 0 0 1 0 0]
2025-06-29 12:49:30,623 DEBUG player_1: [1 1 1 1 0 0 0 0 1 0 0]
2025-06-29 12:49:30,747 DEBUG player_0: [1 1 1 1 0 0 0 0 1 0 0]
2025-06-29 12:49:30,748 DEBUG player_1: [1 1 1 1 0 0 0 0 1 0 0]
2025-06-29 12:49:30,872 DEBUG player_0: [1 1 1 1 0 0 0 0 1 0 0]
2025-06-29 12:49:30,873 DEBUG player_1: [1 1 1 1 0 0 0 0 1 0 0]
2025-06-29 12:49:31,412 DEBUG player_0: [0 0 0 0 0 0 0 0 1 0 0]
2025-06-29 12:49:31,413 DEBUG player_1: [0 0 0 0 0 0 0 0 1 0 0]
2025-06-29 12:49:31,534 DEBUG player_0: [1 1 1 1 0 0 0 0 1 0 0]
2025-06-29 12:49:31,535 DEBUG player_1: [1 1 1 1 0 0 0 0 0 0 0]
2025-06-29 12:49:31,657 DEBUG player_0: [1 1 1 1 0 0 0 0 1 0 0]
2025-06-29 12:49:31,658 DEBUG player_1: [1 1 1 1 0 0 0 0 0 0 0]
2025-06-29 12:49:31,782 DEBUG player_0: [1 1 1 1 0 0 0 0 1 0 0]
2025-06-29 12:49:31,783 DEBUG player_1: [1 1 1 1 0 0 0 0 0 0 0]
2025-06-29 12:49:31,902 DEBUG player_0: [1 1 1 1 0 0 0 0 1 0 0]
2025-06-29 12:49:31,902 DEBUG player_1: [1 1 1 1 0 0 0 0 0 0 0]
2025-06-29 12:49:32,022 DEBUG player_0: [1 1 1 1 0 0 0 0 1 0 0]
2025-06-29 12:49:32,022 DEBUG player_1: [1 1 1 1 0 0 0 0 0 0 0]
2025-06-29 12:49:32,141 DEBUG player_0: [1 1 1 1 0 0 0 0 1 0 0]
2025-06-29 12:49:32,142 DEBUG player_1: [1 1 1 1 0 0 0 0 0 0 0]
2025-06-29 12:49:32,269 DEBUG player_0: [1 1 1 1 0 0 0 0 1 0 0]
2025-06-29 12:49:32,270 DEBUG player_1: [1 1 1 1 0 0 0 0 0 0 0]
2025-06-29 12:49:32,811 DEBUG player_0: [0 0 0 0 0 0 0 0 1 0 0]
2025-06-29 12:49:32,811 DEBUG player_1: [0 0 0 0 0 0 0 0 0 0 0]
2025-06-29 12:49:32,929 DEBUG player_0: [1 1 1 1 0 0 0 0 0 0 0]
2025-06-29 12:49:32,930 DEBUG player_1: [1 1 1 1 0 0 0 0 0 0 0]
2025-06-29 12:49:33,057 DEBUG player_0: [1 1 1 1 0 0 0 0 0 0 0]
2025-06-29 12:49:33,059 DEBUG player_1: [1 1 1 1 0 0 0 0 0 0 0]
2025-06-29 12:49:33,171 DEBUG player_0: [1 1 1 1 0 0 0 0 0 0 0]
2025-06-29 12:49:33,171 DEBUG player_1: [1 1 1 1 0 0 0 0 0 0 0]
2025-06-29 12:49:33,285 DEBUG player_0: [1 1 1 1 0 0 0 0 0 0 0]
2025-06-29 12:49:33,285 DEBUG player_1: [1 1 1 1 0 0 0 0 0 0 0]
2025-06-29 12:49:33,399 DEBUG player_0: [1 1 1 1 0 0 0 0 0 0 0]
2025-06-29 12:49:33,399 DEBUG player_1: [1 1 1 1 0 0 0 0 0 0 0]
2025-06-29 12:49:33,522 DEBUG player_0: [1 1 1 1 0 0 0 0 0 0 0]
2025-06-29 12:49:33,523 DEBUG player_1: [1 1 1 1 0 0 0 0 0 0 0]
2025-06-29 12:49:33,782 DEBUG player_0: [1 1 1 1 1 1 1 1 1 1 0]
2025-06-29 12:49:33,782 DEBUG player_1: [1 1 1 1 1 1 1 1 1 1 0]
2025-06-29 12:49:33,904 DEBUG player_0: [1 1 1 1 0 0 0 0 1 1 0]
2025-06-29 12:49:33,905 DEBUG player_1: [1 1 1 1 1 1 1 1 1 1 0]
2025-06-29 12:49:34,021 DEBUG player_0: [1 0 0 0 0 0 0 0 0 0 0]
2025-06-29 12:49:34,022 DEBUG player_1: [1 1 1 1 1 1 1 1 1 1 0]
2025-06-29 12:49:34,134 DEBUG player_0: [1 1 1 1 0 0 0 0 1 1 0]
2025-06-29 12:49:34,135 DEBUG player_1: [1 1 1 1 1 1 1 1 1 1 0]
2025-06-29 12:49:34,257 DEBUG player_0: [1 1 1 1 0 0 0 0 1 1 0]
2025-06-29 12:49:34,258 DEBUG player_1: [1 1 1 1 1 1 1 1 1 1 0]
2025-06-29 12:49:34,384 DEBUG player_0: [1 1 1 1 0 0 0 0 1 1 0]
2025-06-29 12:49:34,385 DEBUG player_1: [1 1 1 1 1 1 1 1 1 1 0]
2025-06-29 12:49:34,508 DEBUG player_0: [1 1 1 1 0 0 0 0 1 1 0]
2025-06-29 12:49:34,509 DEBUG player_1: [1 1 1 1 1 1 1 1 1 1 0]
2025-06-29 12:49:34,622 DEBUG player_0: [1 1 1 1 0 0 0 0 1 1 0]
2025-06-29 12:49:34,623 DEBUG player_1: [1 1 1 1 1 1 1 1 1 1 0]
2025-06-29 12:49:35,149 DEBUG player_0: [0 0 0 0 0 0 0 0 1 1 0]
2025-06-29 12:49:35,151 DEBUG player_1: [0 0 0 0 0 0 0 0 1 1 0]
2025-06-29 12:49:35,270 DEBUG player_0: [1 1 1 1 0 0 0 0 1 0 0]
2025-06-29 12:49:35,271 DEBUG player_1: [1 1 1 1 1 1 1 1 1 1 0]
2025-06-29 12:49:35,395 DEBUG player_0: [1 1 1 1 0 0 0 0 1 0 0]
2025-06-29 12:49:35,396 DEBUG player_1: [1 1 1 1 1 1 1 1 1 1 0]
2025-06-29 12:49:35,515 DEBUG player_0: [1 1 1 1 0 0 0 0 1 0 0]
2025-06-29 12:49:35,516 DEBUG player_1: [1 1 1 1 1 1 1 1 1 1 0]
2025-06-29 12:49:35,638 DEBUG player_0: [1 1 1 1 0 0 0 0 1 0 0]
2025-06-29 12:49:35,638 DEBUG player_1: [1 1 1 1 0 0 0 0 1 1 0]
2025-06-29 12:49:35,759 DEBUG player_0: [1 1 1 1 0 0 0 0 1 0 0]
2025-06-29 12:49:35,760 DEBUG player_1: [1 1 1 1 0 0 0 0 1 1 0]
2025-06-29 12:49:35,885 DEBUG player_0: [1 1 1 1 0 0 0 0 1 0 0]
2025-06-29 12:49:35,886 DEBUG player_1: [1 1 1 1 0 0 0 0 1 1 0]
2025-06-29 12:49:36,011 DEBUG player_0: [1 1 1 1 0 0 0 0 1 0 0]
2025-06-29 12:49:36,013 DEBUG player_1: [1 1 1 1 0 0 0 0 1 1 0]
2025-06-29 12:49:36,135 DEBUG player_0: [1 1 1 1 0 0 0 0 1 0 0]
2025-06-29 12:49:36,136 DEBUG player_1: [1 1 1 1 0 0 0 0 1 1 0]
2025-06-29 12:49:36,670 DEBUG player_0: [0 0 0 0 0 0 0 0 1 0 0]
2025-06-29 12:49:36,671 DEBUG player_1: [0 0 0 0 0 0 0 0 1 1 0]
2025-06-29 12:49:36,790 DEBUG player_0: [1 1 1 1 0 0 0 0 0 0 0]
2025-06-29 12:49:36,791 DEBUG player_1: [1 1 1 1 0 0 0 0 1 1 0]
2025-06-29 12:49:36,915 DEBUG player_0: [1 1 1 1 0 0 0 0 0 0 0]
2025-06-29 12:49:36,916 DEBUG player_1: [1 1 1 1 0 0 0 0 1 1 0]
2025-06-29 12:49:37,038 DEBUG player_0: [1 1 1 1 0 0 0 0 0 0 0]
2025-06-29 12:49:37,039 DEBUG player_1: [1 1 1 1 0 0 0 0 1 1 0]
2025-06-29 12:49:37,164 DEBUG player_0: [1 0 0 0 0 0 0 0 0 0 0]
2025-06-29 12:49:37,165 DEBUG player_1: [0 0 0 1 0 0 0 0 0 0 0]
2025-06-29 12:49:37,288 DEBUG player_0: [1 1 1 1 0 0 0 0 0 0 0]
2025-06-29 12:49:37,289 DEBUG player_1: [1 1 1 1 0 0 0 0 1 1 0]
2025-06-29 12:49:37,410 DEBUG player_0: [1 1 1 1 0 0 0 0 0 0 0]
2025-06-29 12:49:37,411 DEBUG player_1: [0 0 0 1 0 0 0 0 0 0 0]
2025-06-29 12:49:37,534 DEBUG player_0: [1 1 1 1 0 0 0 0 0 0 0]
2025-06-29 12:49:37,535 DEBUG player_1: [1 1 1 1 0 0 0 0 1 1 0]
2025-06-29 12:49:37,654 DEBUG player_0: [1 1 1 1 0 0 0 0 0 0 0]
2025-06-29 12:49:37,655 DEBUG player_1: [1 1 1 1 0 0 0 0 1 1 0]
2025-06-29 12:49:37,778 DEBUG player_0: [1 1 1 1 0 0 0 0 0 0 0]
2025-06-29 12:49:37,779 DEBUG player_1: [1 1 1 1 0 0 0 0 1 1 0]
2025-06-29 12:49:38,045 DEBUG player_0: [1 1 1 1 1 1 1 1 1 1 0]
2025-06-29 12:49:38,046 DEBUG player_1: [1 1 1 1 1 1 1 1 1 1 0]
2025-06-29 12:49:38,162 DEBUG player_0: [1 1 1 1 0 0 0 0 1 1 0]
2025-06-29 12:49:38,163 DEBUG player_1: [1 1 1 1 0 0 0 0 1 1 0]
2025-06-29 12:49:38,275 DEBUG player_0: [1 1 1 1 0 0 0 0 1 1 0]
2025-06-29 12:49:38,276 DEBUG player_1: [1 1 1 1 0 0 0 0 1 1 0]
2025-06-29 12:49:38,389 DEBUG player_0: [0 0 0 1 0 0 0 0 0 0 0]
2025-06-29 12:49:38,390 DEBUG player_1: [1 1 1 1 0 0 0 0 1 1 0]
2025-06-29 12:49:38,511 DEBUG player_0: [1 1 1 1 0 0 0 0 1 1 0]
2025-06-29 12:49:38,512 DEBUG player_1: [1 1 1 1 0 0 0 0 1 1 0]
2025-06-29 12:49:38,636 DEBUG player_0: [0 0 0 1 0 0 0 0 0 0 0]
2025-06-29 12:49:38,637 DEBUG player_1: [1 1 1 1 0 0 0 0 1 1 0]
2025-06-29 12:49:38,763 DEBUG player_0: [1 1 1 1 0 0 0 0 1 1 0]
2025-06-29 12:49:38,763 DEBUG player_1: [1 1 1 1 0 0 0 0 1 1 0]
2025-06-29 12:49:38,887 DEBUG player_0: [1 1 1 1 0 0 0 0 1 1 0]
2025-06-29 12:49:38,888 DEBUG player_1: [1 0 0 0 0 0 0 0 1 1 0]
2025-06-29 12:49:39,424 DEBUG player_0: [0 0 0 0 0 0 0 0 1 1 0]
2025-06-29 12:49:39,425 DEBUG player_1: [0 0 0 0 0 0 0 0 1 1 0]
2025-06-29 12:49:39,545 DEBUG player_0: [1 1 1 1 0 0 0 0 1 0 0]
2025-06-29 12:49:39,546 DEBUG player_1: [1 0 0 0 0 0 0 0 1 1 0]
2025-06-29 12:49:39,670 DEBUG player_0: [1 1 1 1 0 0 0 0 1 0 0]
2025-06-29 12:49:39,671 DEBUG player_1: [1 1 1 1 0 0 0 0 1 1 0]
2025-06-29 12:49:39,787 DEBUG player_0: [1 1 1 1 0 0 0 0 1 0 0]
2025-06-29 12:49:39,787 DEBUG player_1: [1 1 1 1 0 0 0 0 1 1 0]
2025-06-29 12:49:39,909 DEBUG player_0: [1 1 1 1 0 0 0 0 1 0 0]
2025-06-29 12:49:39,910 DEBUG player_1: [1 1 1 1 0 0 0 0 1 1 0]
2025-06-29 12:49:39,926 DEBUG player_0: [0 0 0 0 0 0 0 0 1 0 0]
2025-06-29 12:49:39,926 DEBUG player_1: [0 0 0 0 0 0 0 0 1 1 0]
2025-06-29 12:49:40,044 DEBUG player_0: [1 1 1 1 0 0 0 0 0 0 0]
2025-06-29 12:49:40,045 DEBUG player_1: [1 1 1 1 0 0 0 0 1 0 0]
2025-06-29 12:49:40,062 DEBUG player_0: [1 1 1 1 1 1 1 1 1 1 0]
