2025-06-25 13:21:54,305 INFO Run parameters: {'log_level': 'DEBUG', 'config': '/Users/takagikouichi/Documents/GitHub/Maple/config/train_config.yml', 'episodes': 1000, 'save': 'model2.pt', 'tensorboard': False, 'ppo_epochs': 4, 'clip': None, 'gae_lambda': None, 'value_coef': None, 'entropy_coef': None, 'gamma': None, 'parallel': 1}
2025-06-25 13:21:55,050 DEBUG environment reset: cleared action queues and mappings
2025-06-25 13:21:55,056 DEBUG = connection is CONNECTING
2025-06-25 13:21:55,057 DEBUG > GET /showdown/websocket HTTP/1.1
2025-06-25 13:21:55,057 DEBUG > Host: localhost:8000
2025-06-25 13:21:55,057 DEBUG > Upgrade: websocket
2025-06-25 13:21:55,057 DEBUG > Connection: Upgrade
2025-06-25 13:21:55,057 DEBUG > Sec-WebSocket-Key: wMSSErDXyj1nYFn1kFjP4w==
2025-06-25 13:21:55,057 DEBUG > Sec-WebSocket-Version: 13
2025-06-25 13:21:55,057 DEBUG > Sec-WebSocket-Extensions: permessage-deflate; client_max_window_bits
2025-06-25 13:21:55,057 DEBUG > User-Agent: Python/3.12 websockets/15.0.1
2025-06-25 13:21:55,058 DEBUG = connection is CONNECTING
2025-06-25 13:21:55,058 DEBUG > GET /showdown/websocket HTTP/1.1
2025-06-25 13:21:55,058 DEBUG > Host: localhost:8000
2025-06-25 13:21:55,058 DEBUG > Upgrade: websocket
2025-06-25 13:21:55,059 DEBUG > Connection: Upgrade
2025-06-25 13:21:55,059 DEBUG > Sec-WebSocket-Key: 1RtF3AN4Ge1YiR6HTFH92w==
2025-06-25 13:21:55,059 DEBUG > Sec-WebSocket-Version: 13
2025-06-25 13:21:55,059 DEBUG > Sec-WebSocket-Extensions: permessage-deflate; client_max_window_bits
2025-06-25 13:21:55,059 DEBUG > User-Agent: Python/3.12 websockets/15.0.1
2025-06-25 13:21:55,060 DEBUG < HTTP/1.1 101 Switching Protocols
2025-06-25 13:21:55,060 DEBUG < Upgrade: websocket
2025-06-25 13:21:55,060 DEBUG < Connection: Upgrade
2025-06-25 13:21:55,060 DEBUG < Sec-WebSocket-Accept: AYdAXW5LzF+Q+5jBstG3skGwvfk=
2025-06-25 13:21:55,060 DEBUG = connection is OPEN
2025-06-25 13:21:55,061 DEBUG < HTTP/1.1 101 Switching Protocols
2025-06-25 13:21:55,061 DEBUG < Upgrade: websocket
2025-06-25 13:21:55,061 DEBUG < Connection: Upgrade
2025-06-25 13:21:55,061 DEBUG < Sec-WebSocket-Accept: yQvm1w5cQ2muBdBGxAKTyY8BjaE=
2025-06-25 13:21:55,061 DEBUG = connection is OPEN
2025-06-25 13:21:55,067 DEBUG < TEXT '|updateuser| Guest 3|0|266|{"blockChallenges":f...c|[Gen 1] Custom Game,c' [8022 bytes]
2025-06-25 13:21:55,068 DEBUG < TEXT '|updateuser| Guest 4|0|101|{"blockChallenges":f...c|[Gen 1] Custom Game,c' [8022 bytes]
2025-06-25 13:21:55,068 DEBUG < TEXT '|challstr|4|13d676dd26a6853f40788b310df8289c912...2b4ffdbe996f24756d064eb' [268 bytes]
2025-06-25 13:21:55,068 DEBUG < TEXT '|challstr|4|9015d211ab6e3789002e97028e4eb89d18a...5bec842c7d9e497493e1d45' [268 bytes]
2025-06-25 13:21:55,069 DEBUG > TEXT '|/trn EnvPlayer 2,0,' [20 bytes]
2025-06-25 13:21:55,069 DEBUG > TEXT '|/trn EnvPlayer 1,0,' [20 bytes]
2025-06-25 13:21:55,079 DEBUG < TEXT '|updatesearch|{"searching":[],"games":null}' [43 bytes]
2025-06-25 13:21:55,079 DEBUG < TEXT '|updateuser| EnvPlayer 2|1|169|{"blockChallenge...:false,"language":null}' [354 bytes]
2025-06-25 13:21:55,079 DEBUG < TEXT '|updatesearch|{"searching":[],"games":{"battle-... 9] BSS Reg I Battle"}}' [93 bytes]
2025-06-25 13:21:55,082 DEBUG < TEXT ">battle-gen9bssregi-8163\n|init|battle\n|title|...r|p2|EnvPlayer 2|169|\n" [99343 bytes]
2025-06-25 13:21:55,097 DEBUG < TEXT '>battle-gen9bssregi-8163\n|request|{"active":[{...zed":""}]},"rqid":1461}' [1249 bytes]
2025-06-25 13:21:55,098 DEBUG < TEXT '>battle-gen9bssregi-8163\n|player|p2|EnvPlayer 2|169|\n|j|☆EnvPlayer 1' [70 bytes]
2025-06-25 13:21:55,098 DEBUG < TEXT '|updatesearch|{"searching":[],"games":null}' [43 bytes]
2025-06-25 13:21:55,098 DEBUG < TEXT '|updateuser| EnvPlayer 1|1|102|{"blockChallenge...:false,"language":null}' [354 bytes]
2025-06-25 13:21:55,098 DEBUG < TEXT '|updatesearch|{"searching":[],"games":{"battle-... 9] BSS Reg I Battle"}}' [93 bytes]
2025-06-25 13:21:55,098 DEBUG < TEXT ">battle-gen9bssregi-8163\n|init|battle\n|title|...r|p1|EnvPlayer 1|102|\n" [99389 bytes]
2025-06-25 13:21:55,099 DEBUG < TEXT '>battle-gen9bssregi-8163\n|request|{"active":[{...zed":""}]},"rqid":1460}' [1252 bytes]
2025-06-25 13:21:55,145 DEBUG > TEXT '|/utm Hydreigon  |||levitate|uturn,headsmash||,...|,,,,252,|||||,,,,,Rock' [211 bytes]
2025-06-25 13:21:55,145 DEBUG > TEXT '|/challenge envplayer2, gen9bssregi' [35 bytes]
2025-06-25 13:21:55,145 DEBUG > TEXT '|/utm Hydreigon  |||levitate|uturn,headsmash||,...|,,,,252,|||||,,,,,Rock' [211 bytes]
2025-06-25 13:21:55,145 DEBUG > TEXT '|/challenge envplayer1, gen9bssregi' [35 bytes]
2025-06-25 13:21:55,157 DEBUG < TEXT '|pm| EnvPlayer 1| EnvPlayer 2|/challenge gen9bssregi|gen9bssregi|||' [67 bytes]
2025-06-25 13:21:55,157 DEBUG < TEXT '|pm| EnvPlayer 1| EnvPlayer 2|/log EnvPlayer 1 wants to battle!' [63 bytes]
2025-06-25 13:21:55,157 DEBUG < TEXT '|pm| EnvPlayer 2| EnvPlayer 1|/challenge' [40 bytes]
2025-06-25 13:21:55,158 DEBUG < TEXT '|updatesearch|{"searching":[],"games":{"battle-... 9] BSS Reg I Battle"}}' [93 bytes]
2025-06-25 13:21:55,158 DEBUG < TEXT '|pm| EnvPlayer 1| EnvPlayer 2|/challenge gen9bssregi|gen9bssregi|||' [67 bytes]
2025-06-25 13:21:55,158 DEBUG < TEXT '|pm| EnvPlayer 1| EnvPlayer 2|/log EnvPlayer 1 wants to battle!' [63 bytes]
2025-06-25 13:21:55,158 DEBUG < TEXT '|pm| EnvPlayer 2| EnvPlayer 1|/challenge' [40 bytes]
2025-06-25 13:21:55,158 DEBUG < TEXT '|updatesearch|{"searching":[],"games":{"battle-... 9] BSS Reg I Battle"}}' [93 bytes]
2025-06-25 13:21:55,158 DEBUG < TEXT '|updatesearch|{"searching":[],"games":{"battle-... 9] BSS Reg I Battle"}}' [146 bytes]
2025-06-25 13:21:55,158 DEBUG < TEXT '|updatesearch|{"searching":[],"games":{"battle-... 9] BSS Reg I Battle"}}' [146 bytes]
2025-06-25 13:21:55,158 DEBUG < TEXT '>battle-gen9bssregi-8164\n|init|battle\n|title|...er 1\n|j|☆EnvPlayer 2\n' [109 bytes]
2025-06-25 13:21:55,158 DEBUG < TEXT '|updatesearch|{"searching":[],"games":{"battle-... 9] BSS Reg I Battle"}}' [146 bytes]
2025-06-25 13:21:55,158 DEBUG < TEXT '|updatesearch|{"searching":[],"games":{"battle-... 9] BSS Reg I Battle"}}' [146 bytes]
2025-06-25 13:21:55,158 DEBUG < TEXT '>battle-gen9bssregi-8164\n|init|battle\n|title|...er 2\n|j|☆EnvPlayer 1\n' [91 bytes]
2025-06-25 13:21:55,158 DEBUG < TEXT '>battle-gen9bssregi-8164\n|j|☆EnvPlayer 2' [42 bytes]
2025-06-25 13:21:55,158 DEBUG < TEXT '>battle-gen9bssregi-8164\n|t:|1750825315\n|gametype|singles' [57 bytes]
2025-06-25 13:21:55,158 DEBUG < TEXT '>battle-gen9bssregi-8164\n|player|p1|EnvPlayer 1|102|' [52 bytes]
2025-06-25 13:21:55,158 DEBUG < TEXT '>battle-gen9bssregi-8164\n|player|p2|EnvPlayer ...L50, M|\n|teampreview|3' [396 bytes]
2025-06-25 13:21:55,159 DEBUG < TEXT '>battle-gen9bssregi-8164\n|request|{"teamPrevie...llized":""}]},"rqid":2}' [1146 bytes]
2025-06-25 13:21:55,159 DEBUG < TEXT '>battle-gen9bssregi-8164\n|t:|1750825315\n|gametype|singles' [57 bytes]
2025-06-25 13:21:55,159 DEBUG < TEXT '>battle-gen9bssregi-8164\n|player|p1|EnvPlayer 1|102|' [52 bytes]
2025-06-25 13:21:55,159 DEBUG < TEXT '>battle-gen9bssregi-8164\n|player|p2|EnvPlayer ...L50, M|\n|teampreview|3' [396 bytes]
2025-06-25 13:21:55,159 DEBUG < TEXT '>battle-gen9bssregi-8164\n|request|{"teamPrevie...llized":""}]},"rqid":3}' [1146 bytes]
2025-06-25 13:21:55,159 DEBUG > TEXT '|/utm Hydreigon  |||levitate|uturn,headsmash||,...|,,,,252,|||||,,,,,Rock' [211 bytes]
2025-06-25 13:21:55,159 DEBUG > TEXT '|/accept envplayer1' [19 bytes]
2025-06-25 13:21:55,160 DEBUG < TEXT '|popup|envplayer1 is not challenging you. Maybe...ed before you accepted?' [83 bytes]
2025-06-25 13:21:55,233 DEBUG [DBG] player_1 send team preview request for battle-gen9bssregi-8163
2025-06-25 13:21:55,233 DEBUG [DBG] player_1 waiting team preview action (qsize=0)
2025-06-25 13:21:55,245 DEBUG [DBG] player_0 send team preview request for battle-gen9bssregi-8163
2025-06-25 13:21:55,246 DEBUG [DBG] player_0 waiting team preview action (qsize=0)
2025-06-25 13:21:55,251 DEBUG [DBG] player_0 team preview message /team 123 (EnvPlayer 1)
2025-06-25 13:21:55,251 DEBUG [DBG] player_0 send message '/team 123' to battle battle-gen9bssregi-8163
2025-06-25 13:21:55,251 DEBUG > TEXT 'battle-gen9bssregi-8163|/team 123' [33 bytes]
2025-06-25 13:21:55,252 DEBUG [DBG] player_0 queue battle -> battle-gen9bssregi-8163
2025-06-25 13:21:55,252 DEBUG [DBG] player_0 waiting action (qsize=0)
2025-06-25 13:21:55,252 DEBUG [DBG] player_1 team preview message /team 123 (EnvPlayer 2)
2025-06-25 13:21:55,252 DEBUG [DBG] player_1 send message '/team 123' to battle battle-gen9bssregi-8163
2025-06-25 13:21:55,252 DEBUG > TEXT 'battle-gen9bssregi-8163|/team 123' [33 bytes]
2025-06-25 13:21:55,252 DEBUG [DBG] player_1 queue battle -> battle-gen9bssregi-8163
2025-06-25 13:21:55,252 DEBUG [DBG] player_1 waiting action (qsize=0)
2025-06-25 13:21:55,252 DEBUG [DBG] race_get start qsize=1 events=[False, False]
2025-06-25 13:21:55,253 DEBUG [DBG] race_get done result=<poke_env.environment.battle.Battle object at 0x11a8403f0> qsize=0
2025-06-25 13:21:55,253 DEBUG [DBG] race_get start qsize=1 events=[False, False]
2025-06-25 13:21:55,253 DEBUG [DBG] race_get done result=<poke_env.environment.battle.Battle object at 0x119be3880> qsize=0
2025-06-25 13:21:55,258 DEBUG < TEXT '>battle-gen9bssregi-8163\n|player|p1|EnvPlayer 1|102|' [52 bytes]
2025-06-25 13:21:55,258 DEBUG < TEXT ">battle-gen9bssregi-8163\n|error|[Invalid choic...in a Team Preview phase" [114 bytes]
2025-06-25 13:21:55,258 DEBUG < TEXT '>battle-gen9bssregi-8163\n|player|p1|EnvPlayer 1|102|' [52 bytes]
2025-06-25 13:21:55,258 DEBUG < TEXT ">battle-gen9bssregi-8163\n|error|[Invalid choic...in a Team Preview phase" [114 bytes]
2025-06-25 13:21:55,259 DEBUG received action 4 for player_0
2025-06-25 13:21:55,259 DEBUG current mapping for player_0: {0: ('move', 0), 4: ('terastal', 0), 8: ('switch', 0), 9: ('switch', 1)}
2025-06-25 13:21:55,260 DEBUG [DBG] player_0 action received /choose move healingwish terastallize
2025-06-25 13:21:55,260 DEBUG [DBG] player_0 direct order /choose move healingwish terastallize
2025-06-25 13:21:55,260 DEBUG [DBG] player_0 send message '/choose move healingwish terastallize' to battle battle-gen9bssregi-8163
2025-06-25 13:21:55,260 DEBUG > TEXT 'battle-gen9bssregi-8163|/choose move healingwish terastallize' [61 bytes]
2025-06-25 13:21:55,260 DEBUG [DBG] player_0 queue battle -> battle-gen9bssregi-8163
2025-06-25 13:21:55,260 DEBUG [DBG] player_0 waiting action (qsize=0)
2025-06-25 13:21:55,260 DEBUG received action 0 for player_1
2025-06-25 13:21:55,260 DEBUG current mapping for player_1: {0: ('move', 0), 4: ('terastal', 0), 8: ('switch', 0)}
2025-06-25 13:21:55,260 DEBUG [DBG] player_1 action received /choose move explosion
2025-06-25 13:21:55,260 DEBUG [DBG] player_1 direct order /choose move explosion
2025-06-25 13:21:55,260 DEBUG [DBG] player_1 send message '/choose move explosion' to battle battle-gen9bssregi-8163
2025-06-25 13:21:55,260 DEBUG > TEXT 'battle-gen9bssregi-8163|/choose move explosion' [46 bytes]
2025-06-25 13:21:55,260 DEBUG [DBG] player_1 queue battle -> battle-gen9bssregi-8163
2025-06-25 13:21:55,260 DEBUG [DBG] player_1 waiting action (qsize=0)
2025-06-25 13:21:55,260 DEBUG [DBG] race_get start qsize=1 events=[False, False]
2025-06-25 13:21:55,261 DEBUG [DBG] race_get done result=<poke_env.environment.battle.Battle object at 0x11a8403f0> qsize=0
2025-06-25 13:21:55,261 DEBUG [DBG] race_get start qsize=1 events=[False, False]
2025-06-25 13:21:55,261 DEBUG [DBG] race_get done result=<poke_env.environment.battle.Battle object at 0x119be3880> qsize=0
2025-06-25 13:21:55,266 DEBUG received action 4 for player_0
2025-06-25 13:21:55,266 DEBUG current mapping for player_0: {0: ('move', 0), 4: ('terastal', 0), 8: ('switch', 0), 9: ('switch', 1)}
2025-06-25 13:21:55,266 DEBUG [DBG] player_0 action received /choose move healingwish terastallize
2025-06-25 13:21:55,266 DEBUG [DBG] player_0 direct order /choose move healingwish terastallize
2025-06-25 13:21:55,266 DEBUG [DBG] player_0 send message '/choose move healingwish terastallize' to battle battle-gen9bssregi-8163
2025-06-25 13:21:55,266 DEBUG > TEXT 'battle-gen9bssregi-8163|/choose move healingwish terastallize' [61 bytes]
2025-06-25 13:21:55,266 DEBUG [DBG] player_0 queue battle -> battle-gen9bssregi-8163
2025-06-25 13:21:55,266 DEBUG [DBG] player_0 waiting action (qsize=0)
2025-06-25 13:21:55,266 DEBUG received action 4 for player_1
2025-06-25 13:21:55,266 DEBUG current mapping for player_1: {0: ('move', 0), 4: ('terastal', 0), 8: ('switch', 0)}
2025-06-25 13:21:55,267 DEBUG [DBG] player_1 action received /choose move explosion terastallize
2025-06-25 13:21:55,267 DEBUG [DBG] player_1 direct order /choose move explosion terastallize
2025-06-25 13:21:55,267 DEBUG [DBG] player_1 send message '/choose move explosion terastallize' to battle battle-gen9bssregi-8163
2025-06-25 13:21:55,267 DEBUG > TEXT 'battle-gen9bssregi-8163|/choose move explosion terastallize' [59 bytes]
2025-06-25 13:21:55,267 DEBUG [DBG] player_1 queue battle -> battle-gen9bssregi-8163
2025-06-25 13:21:55,267 DEBUG [DBG] player_1 waiting action (qsize=0)
2025-06-25 13:21:55,267 DEBUG [DBG] race_get start qsize=1 events=[False, False]
2025-06-25 13:21:55,267 DEBUG [DBG] race_get done result=<poke_env.environment.battle.Battle object at 0x11a8403f0> qsize=0
2025-06-25 13:21:55,267 DEBUG [DBG] race_get start qsize=1 events=[False, False]
2025-06-25 13:21:55,267 DEBUG [DBG] race_get done result=<poke_env.environment.battle.Battle object at 0x119be3880> qsize=0
2025-06-25 13:21:55,272 DEBUG < TEXT '>battle-gen9bssregi-8163\n|error|[Invalid choic...urn has already started' [124 bytes]
2025-06-25 13:21:55,272 DEBUG < TEXT '>battle-gen9bssregi-8163\n|\n|t:|1750825315\n|-...: Garganacl\n|\n|upkeep' [258 bytes]
2025-06-25 13:21:55,272 DEBUG < TEXT '>battle-gen9bssregi-8163\n|request|{"forceSwitc...zed":""}]},"rqid":1462}' [1127 bytes]
2025-06-25 13:21:55,272 DEBUG < TEXT '>battle-gen9bssregi-8163\n|error|[Invalid choic...urn has already started' [124 bytes]
2025-06-25 13:21:55,272 DEBUG < TEXT '>battle-gen9bssregi-8163\n|\n|t:|1750825315\n|-...: Garganacl\n|\n|upkeep' [258 bytes]
2025-06-25 13:21:55,272 DEBUG < TEXT '>battle-gen9bssregi-8163\n|request|{"forceSwitc...zed":""}]},"rqid":1463}' [1125 bytes]
2025-06-25 13:21:55,272 DEBUG [DBG] player_0 queue battle -> battle-gen9bssregi-8163
2025-06-25 13:21:55,272 DEBUG [DBG] player_0 waiting action (qsize=0)
2025-06-25 13:21:55,272 DEBUG [DBG] player_1 queue battle -> battle-gen9bssregi-8163
2025-06-25 13:21:55,273 DEBUG [DBG] player_1 waiting action (qsize=0)
2025-06-25 13:21:55,273 DEBUG received action 4 for player_0
2025-06-25 13:21:55,273 DEBUG current mapping for player_0: {0: ('move', 0), 4: ('terastal', 0), 8: ('switch', 0), 9: ('switch', 1)}
