2025-07-08 10:31:47,189 INFO Run parameters: {'log_level': 'INFO', 'config': '/Users/takagikouichi/Documents/GitHub/Maple/config/train_config.yml', 'episodes': 2, 'save': None, 'tensorboard': False, 'ppo_epochs': None, 'clip': None, 'gae_lambda': None, 'value_coef': None, 'entropy_coef': None, 'gamma': None, 'parallel': 1, 'algo': 'ppo', 'checkpoint_interval': 0, 'checkpoint_dir': 'checkpoints', 'reward': 'composite', 'reward_config': '/Users/takagikouichi/Documents/GitHub/Maple/config/reward.yaml', 'opponent': None, 'opponent_mix': None, 'team': 'default', 'teams_dir': None, 'load_model': None}
2025-07-08 10:31:47,189 INFO Using default team mode
2025-07-08 10:31:47,189 INFO Using self-play mode
2025-07-08 10:31:47,911 INFO Selecting team for player_0...
2025-07-08 10:31:47,911 INFO Selecting team for player_1...
2025-07-08 10:31:48,145 DEBUG player_0: [1 1 1 1 1 1 1 1 1 1 0]
2025-07-08 10:31:48,146 DEBUG player_0: [1 1 1 1 1 1 1 1 1 1 0]
2025-07-08 10:31:48,146 DEBUG player_1: [1 1 1 1 1 1 1 1 1 1 0]
2025-07-08 10:31:48,261 DEBUG player_0: [1 1 1 1 0 0 0 0 1 1 0]
2025-07-08 10:31:48,262 DEBUG player_1: [1 1 1 1 1 1 1 1 1 1 0]
2025-07-08 10:31:48,377 DEBUG player_0: [1 1 1 1 0 0 0 0 1 1 0]
2025-07-08 10:31:48,377 DEBUG player_1: [1 1 1 1 1 1 1 1 1 1 0]
2025-07-08 10:31:48,490 DEBUG player_0: [1 1 1 1 0 0 0 0 1 1 0]
2025-07-08 10:31:48,490 DEBUG player_1: [1 1 1 1 1 1 1 1 1 1 0]
2025-07-08 10:31:48,607 DEBUG player_0: [1 1 1 1 0 0 0 0 1 1 0]
2025-07-08 10:31:48,607 DEBUG player_1: [1 1 0 1 1 1 0 1 1 1 0]
2025-07-08 10:31:49,132 DEBUG player_0: [0 0 0 0 0 0 0 0 1 1 0]
2025-07-08 10:31:49,132 DEBUG player_1: [0 0 0 0 0 0 0 0 1 1 0]
2025-07-08 10:31:49,245 DEBUG player_0: [1 1 1 1 0 0 0 0 1 1 0]
2025-07-08 10:31:49,246 DEBUG player_1: [1 1 1 1 1 1 1 1 1 0 0]
2025-07-08 10:31:49,359 DEBUG player_0: [1 1 1 1 0 0 0 0 1 1 0]
2025-07-08 10:31:49,359 DEBUG player_1: [0 0 1 0 0 0 0 0 0 0 0]
2025-07-08 10:31:49,886 DEBUG player_0: [0 0 0 0 0 0 0 0 1 1 0]
2025-07-08 10:31:49,887 DEBUG player_1: [0 0 0 0 0 0 0 0 1 0 0]
2025-07-08 10:31:50,000 DEBUG player_0: [1 1 1 1 0 0 0 0 1 0 0]
2025-07-08 10:31:50,001 DEBUG player_1: [0 0 1 0 0 0 1 0 1 0 0]
2025-07-08 10:31:50,113 DEBUG player_0: [0 0 1 0 0 0 0 0 0 0 0]
2025-07-08 10:31:50,114 DEBUG player_1: [0 0 1 0 0 0 0 0 0 0 0]
2025-07-08 10:31:50,227 DEBUG player_0: [0 0 1 0 0 0 0 0 1 0 0]
2025-07-08 10:31:50,228 DEBUG player_1: [0 0 1 0 0 0 1 0 1 0 0]
2025-07-08 10:31:50,348 DEBUG player_0: [0 0 1 0 0 0 0 0 0 0 0]
2025-07-08 10:31:50,349 DEBUG player_1: [0 0 1 0 0 0 0 0 0 0 0]
2025-07-08 10:31:50,464 DEBUG player_0: [0 0 1 0 0 0 0 0 1 0 0]
2025-07-08 10:31:50,464 DEBUG player_1: [0 0 1 0 0 0 1 0 1 0 0]
2025-07-08 10:31:50,579 DEBUG player_0: [0 0 1 0 0 0 0 0 0 0 0]
2025-07-08 10:31:50,580 DEBUG player_1: [0 0 1 0 0 0 0 0 0 0 0]
2025-07-08 10:31:50,693 DEBUG player_0: [0 0 1 0 0 0 0 0 1 0 0]
2025-07-08 10:31:50,693 DEBUG player_1: [0 0 1 0 0 0 1 0 1 0 0]
2025-07-08 10:31:50,806 DEBUG player_0: [0 0 1 0 0 0 0 0 0 0 0]
2025-07-08 10:31:50,806 DEBUG player_1: [0 0 1 0 0 0 0 0 0 0 0]
2025-07-08 10:31:50,921 DEBUG player_0: [0 0 1 0 0 0 0 0 1 0 0]
2025-07-08 10:31:50,921 DEBUG player_1: [0 0 1 0 0 0 1 0 1 0 0]
2025-07-08 10:31:51,032 DEBUG player_0: [0 0 1 0 0 0 0 0 0 0 0]
2025-07-08 10:31:51,033 DEBUG player_1: [0 0 1 0 0 0 0 0 0 0 0]
2025-07-08 10:31:51,143 DEBUG player_0: [0 0 1 0 0 0 0 0 1 0 0]
2025-07-08 10:31:51,144 DEBUG player_1: [0 0 1 0 0 0 1 0 1 0 0]
2025-07-08 10:31:51,257 DEBUG player_0: [0 0 1 0 0 0 0 0 0 0 0]
2025-07-08 10:31:51,257 DEBUG player_1: [0 0 1 0 0 0 0 0 0 0 0]
2025-07-08 10:31:51,780 DEBUG player_0: [0 0 0 0 0 0 0 0 1 0 0]
2025-07-08 10:31:51,780 DEBUG player_1: [0 0 0 0 0 0 0 0 1 0 0]
2025-07-08 10:31:51,897 DEBUG player_0: [0 0 1 0 0 0 0 0 1 0 0]
2025-07-08 10:31:51,897 DEBUG player_1: [1 1 1 1 1 1 1 1 0 0 0]
2025-07-08 10:31:52,020 DEBUG player_0: [0 0 1 0 0 0 0 0 0 0 0]
2025-07-08 10:31:52,020 DEBUG player_1: [1 1 1 1 1 1 1 1 0 0 0]
2025-07-08 10:31:52,541 DEBUG player_0: [0 0 0 0 0 0 0 0 1 0 0]
2025-07-08 10:31:52,542 DEBUG player_1: [0 0 0 0 0 0 0 0 0 0 0]
2025-07-08 10:31:52,654 DEBUG player_0: [1 1 1 1 0 0 0 0 0 0 0]
2025-07-08 10:31:52,654 DEBUG player_1: [1 1 1 1 1 1 1 1 0 0 0]
2025-07-08 10:31:52,731 INFO Episode 1 epoch 1 loss 8.9733
2025-07-08 10:31:52,732 INFO Episode 1 epoch 2 loss 5.8266
2025-07-08 10:31:52,733 INFO Episode 1 epoch 3 loss 5.8301
2025-07-08 10:31:52,734 INFO Episode 1 epoch 4 loss 5.8303
2025-07-08 10:31:52,734 INFO Episode 1 reward 6.75 time/episode: 4.876 opponents: self
2025-07-08 10:31:52,735 INFO Episode 1 reward breakdown: fail_immune: -0.040, knockout: 2.000, pokemon_count: 5.000, switch_penalty: 0.000, turn_penalty: -0.210
2025-07-08 10:31:52,786 INFO Selecting team for player_0...
2025-07-08 10:31:52,786 INFO Selecting team for player_1...
2025-07-08 10:31:53,011 DEBUG player_0: [1 1 1 1 1 1 1 1 1 1 0]
2025-07-08 10:31:53,012 DEBUG player_1: [1 1 1 1 1 1 1 1 1 1 0]
2025-07-08 10:31:53,121 DEBUG player_0: [1 1 1 1 1 1 1 1 1 1 0]
2025-07-08 10:31:53,121 DEBUG player_1: [1 1 1 1 1 1 1 1 1 1 0]
2025-07-08 10:31:53,234 DEBUG player_0: [1 1 1 1 1 1 1 1 1 1 0]
2025-07-08 10:31:53,234 DEBUG player_1: [1 1 1 1 1 1 1 1 1 1 0]
2025-07-08 10:31:53,349 DEBUG player_0: [1 1 1 1 1 1 1 1 1 1 0]
2025-07-08 10:31:53,350 DEBUG player_1: [1 1 1 1 1 1 1 1 1 1 0]
2025-07-08 10:31:53,465 DEBUG player_0: [1 1 1 1 1 1 1 1 1 1 0]
2025-07-08 10:31:53,466 DEBUG player_1: [1 1 1 1 1 1 1 1 1 1 0]
2025-07-08 10:31:53,474 DEBUG player_0: [0 0 0 0 0 0 0 0 1 1 0]
2025-07-08 10:31:53,474 DEBUG player_1: [0 0 0 0 0 0 0 0 1 1 0]
2025-07-08 10:31:53,588 DEBUG player_0: [1 1 1 1 1 1 1 1 1 0 0]
2025-07-08 10:31:53,588 DEBUG player_1: [1 1 1 1 1 1 1 1 1 0 0]
2025-07-08 10:31:53,701 DEBUG player_0: [1 1 1 1 1 1 1 1 1 0 0]
2025-07-08 10:31:53,702 DEBUG player_1: [1 1 1 1 1 1 1 1 1 0 0]
2025-07-08 10:31:53,819 DEBUG player_0: [1 1 1 1 1 1 1 1 1 0 0]
2025-07-08 10:31:53,819 DEBUG player_1: [1 1 1 1 1 1 1 1 1 0 0]
2025-07-08 10:31:53,930 DEBUG player_0: [1 1 1 1 1 1 1 1 1 0 0]
2025-07-08 10:31:53,931 DEBUG player_1: [1 1 1 1 1 1 1 1 1 0 0]
2025-07-08 10:31:54,042 DEBUG player_0: [1 1 1 1 1 1 1 1 1 0 0]
2025-07-08 10:31:54,043 DEBUG player_1: [1 1 1 1 1 1 1 1 1 0 0]
2025-07-08 10:31:54,155 DEBUG player_0: [1 1 1 1 1 1 1 1 1 0 0]
2025-07-08 10:31:54,155 DEBUG player_1: [1 1 1 1 1 1 1 1 1 0 0]
2025-07-08 10:31:54,269 DEBUG player_0: [1 1 1 1 1 1 1 1 1 0 0]
2025-07-08 10:31:54,269 DEBUG player_1: [1 1 1 1 1 1 1 1 1 0 0]
2025-07-08 10:31:54,382 DEBUG player_0: [1 1 1 1 1 1 1 1 1 0 0]
2025-07-08 10:31:54,383 DEBUG player_1: [1 1 1 1 1 1 1 1 1 0 0]
2025-07-08 10:31:54,494 DEBUG player_0: [1 1 1 1 1 1 1 1 1 0 0]
2025-07-08 10:31:54,495 DEBUG player_1: [1 1 1 1 1 1 1 1 1 0 0]
2025-07-08 10:31:54,607 DEBUG player_0: [1 1 1 1 1 1 1 1 1 0 0]
2025-07-08 10:31:54,607 DEBUG player_1: [1 1 1 1 1 1 1 1 1 0 0]
2025-07-08 10:31:54,723 DEBUG player_0: [1 1 1 1 1 1 1 1 1 0 0]
2025-07-08 10:31:54,724 DEBUG player_1: [1 1 1 1 1 1 1 1 1 0 0]
2025-07-08 10:31:54,841 DEBUG player_0: [1 1 1 1 1 1 1 1 1 0 0]
2025-07-08 10:31:54,841 DEBUG player_1: [1 1 1 1 1 1 1 1 1 0 0]
2025-07-08 10:31:54,954 DEBUG player_0: [1 1 1 1 1 1 1 1 1 0 0]
2025-07-08 10:31:54,954 DEBUG player_1: [1 1 1 1 1 1 1 1 1 0 0]
2025-07-08 10:31:55,067 DEBUG player_0: [1 1 1 1 1 1 1 1 1 0 0]
2025-07-08 10:31:55,067 DEBUG player_1: [1 1 1 1 1 1 1 1 1 0 0]
2025-07-08 10:31:55,184 DEBUG player_0: [1 1 1 1 1 1 1 1 1 0 0]
2025-07-08 10:31:55,185 DEBUG player_1: [1 1 1 1 1 1 1 1 1 0 0]
2025-07-08 10:31:55,295 DEBUG player_0: [1 1 1 1 1 1 1 1 1 0 0]
2025-07-08 10:31:55,295 DEBUG player_1: [1 1 1 1 1 1 1 1 1 0 0]
2025-07-08 10:31:55,408 DEBUG player_0: [1 1 1 1 1 1 1 1 1 0 0]
2025-07-08 10:31:55,409 DEBUG player_1: [1 1 1 1 1 1 1 1 1 0 0]
2025-07-08 10:31:55,521 DEBUG player_0: [1 1 1 1 1 1 1 1 1 0 0]
2025-07-08 10:31:55,521 DEBUG player_1: [1 1 1 1 1 1 1 1 1 0 0]
2025-07-08 10:31:55,633 DEBUG player_0: [1 1 1 1 1 1 1 1 1 0 0]
2025-07-08 10:31:55,634 DEBUG player_1: [1 1 1 1 1 1 1 1 1 0 0]
2025-07-08 10:31:55,745 DEBUG player_0: [1 1 1 1 1 1 1 1 1 0 0]
2025-07-08 10:31:55,745 DEBUG player_1: [1 1 1 1 1 1 1 1 1 0 0]
2025-07-08 10:31:55,858 DEBUG player_0: [1 1 1 1 1 1 1 1 1 0 0]
2025-07-08 10:31:55,858 DEBUG player_1: [1 1 1 1 1 1 1 1 1 0 0]
2025-07-08 10:31:55,970 DEBUG player_0: [1 1 1 1 1 1 1 1 1 0 0]
2025-07-08 10:31:55,971 DEBUG player_1: [1 1 1 1 1 1 1 1 1 0 0]
2025-07-08 10:31:56,084 DEBUG player_0: [1 1 1 1 1 1 1 1 1 0 0]
2025-07-08 10:31:56,084 DEBUG player_1: [1 1 1 1 1 1 1 1 1 0 0]
2025-07-08 10:31:56,201 DEBUG player_0: [1 1 1 1 1 1 1 1 1 0 0]
2025-07-08 10:31:56,201 DEBUG player_1: [1 1 1 1 1 1 1 1 1 0 0]
2025-07-08 10:31:56,315 DEBUG player_0: [1 1 1 1 1 1 1 1 1 0 0]
2025-07-08 10:31:56,315 DEBUG player_1: [1 1 1 1 1 1 1 1 1 0 0]
2025-07-08 10:31:56,427 DEBUG player_0: [1 1 1 1 1 1 1 1 1 0 0]
2025-07-08 10:31:56,427 DEBUG player_1: [1 1 1 1 1 1 1 1 1 0 0]
2025-07-08 10:31:56,539 DEBUG player_0: [1 1 1 1 1 1 1 1 1 0 0]
2025-07-08 10:31:56,540 DEBUG player_1: [1 1 1 1 1 1 1 1 1 0 0]
2025-07-08 10:31:56,652 DEBUG player_0: [1 1 1 1 1 1 1 1 1 0 0]
2025-07-08 10:31:56,652 DEBUG player_1: [1 1 1 1 1 1 1 1 1 0 0]
2025-07-08 10:31:56,764 DEBUG player_0: [1 1 1 1 1 1 1 1 1 0 0]
2025-07-08 10:31:56,765 DEBUG player_1: [1 1 1 1 1 1 1 1 1 0 0]
2025-07-08 10:31:56,883 DEBUG player_0: [1 1 1 1 1 1 1 1 1 0 0]
2025-07-08 10:31:56,884 DEBUG player_1: [1 1 1 1 1 1 1 1 1 0 0]
2025-07-08 10:31:57,003 DEBUG player_0: [1 1 1 1 1 1 1 1 1 0 0]
2025-07-08 10:31:57,004 DEBUG player_1: [1 1 1 1 1 1 1 1 1 0 0]
2025-07-08 10:31:57,117 DEBUG player_0: [1 1 1 1 1 1 1 1 1 0 0]
2025-07-08 10:31:57,118 DEBUG player_1: [1 1 1 1 1 1 1 1 1 0 0]
2025-07-08 10:31:57,229 DEBUG player_0: [1 1 0 1 1 1 0 1 1 0 0]
2025-07-08 10:31:57,230 DEBUG player_1: [1 1 0 1 1 1 0 1 1 0 0]
2025-07-08 10:31:57,342 DEBUG player_0: [1 1 1 1 1 1 1 1 1 0 0]
2025-07-08 10:31:57,342 DEBUG player_1: [1 1 1 1 1 1 1 1 1 0 0]
2025-07-08 10:31:57,454 DEBUG player_0: [1 1 1 1 1 1 1 1 1 0 0]
2025-07-08 10:31:57,454 DEBUG player_1: [1 1 1 1 1 1 1 1 1 0 0]
2025-07-08 10:31:57,975 DEBUG player_0: [0 0 0 0 0 0 0 0 1 0 0]
2025-07-08 10:31:57,975 DEBUG player_1: [0 0 0 0 0 0 0 0 1 0 0]
2025-07-08 10:31:58,087 DEBUG player_0: [1 1 1 1 1 1 1 1 1 0 0]
2025-07-08 10:31:58,087 DEBUG player_1: [1 1 0 1 1 1 0 1 0 0 0]
2025-07-08 10:31:58,202 DEBUG player_0: [1 1 1 1 1 1 1 1 1 0 0]
2025-07-08 10:31:58,202 DEBUG player_1: [1 1 0 1 0 0 0 0 0 0 0]
2025-07-08 10:31:58,314 DEBUG player_0: [1 1 1 1 1 1 1 1 1 0 0]
2025-07-08 10:31:58,314 DEBUG player_1: [1 1 0 1 0 0 0 0 0 0 0]
2025-07-08 10:31:58,836 DEBUG player_0: [0 0 0 0 0 0 0 0 1 0 0]
2025-07-08 10:31:58,836 DEBUG player_1: [0 0 0 0 0 0 0 0 0 0 0]
2025-07-08 10:31:58,949 DEBUG player_0: [1 1 0 1 1 1 0 1 0 0 0]
2025-07-08 10:31:58,949 DEBUG player_1: [1 1 0 1 0 0 0 0 0 0 0]
2025-07-08 10:31:59,065 DEBUG player_0: [1 1 0 1 0 0 0 0 0 0 0]
2025-07-08 10:31:59,065 DEBUG player_1: [1 1 0 1 0 0 0 0 0 0 0]
2025-07-08 10:31:59,178 DEBUG player_0: [1 1 0 1 0 0 0 0 0 0 0]
2025-07-08 10:31:59,178 DEBUG player_1: [1 1 0 1 0 0 0 0 0 0 0]
2025-07-08 10:31:59,290 DEBUG player_0: [1 1 0 1 0 0 0 0 0 0 0]
2025-07-08 10:31:59,290 DEBUG player_1: [1 1 0 1 0 0 0 0 0 0 0]
2025-07-08 10:31:59,402 DEBUG player_0: [1 1 0 1 0 0 0 0 0 0 0]
2025-07-08 10:31:59,403 DEBUG player_1: [1 1 0 1 0 0 0 0 0 0 0]
2025-07-08 10:31:59,514 DEBUG player_0: [1 1 0 1 0 0 0 0 0 0 0]
2025-07-08 10:31:59,515 DEBUG player_1: [1 1 0 1 0 0 0 0 0 0 0]
2025-07-08 10:31:59,626 DEBUG player_0: [1 1 0 1 0 0 0 0 0 0 0]
2025-07-08 10:31:59,627 DEBUG player_1: [1 1 0 1 0 0 0 0 0 0 0]
2025-07-08 10:31:59,738 DEBUG player_0: [1 1 0 1 0 0 0 0 0 0 0]
2025-07-08 10:31:59,739 DEBUG player_1: [1 1 0 1 0 0 0 0 0 0 0]
2025-07-08 10:31:59,851 DEBUG player_0: [1 1 0 1 0 0 0 0 0 0 0]
2025-07-08 10:31:59,851 DEBUG player_1: [1 1 0 1 0 0 0 0 0 0 0]
2025-07-08 10:31:59,959 DEBUG player_0: [1 0 0 1 0 0 0 0 0 0 0]
2025-07-08 10:31:59,960 DEBUG player_1: [1 1 0 1 0 0 0 0 0 0 0]
2025-07-08 10:32:00,071 DEBUG player_0: [1 0 0 1 0 0 0 0 0 0 0]
2025-07-08 10:32:00,072 DEBUG player_1: [1 0 0 1 0 0 0 0 0 0 0]
2025-07-08 10:32:00,183 DEBUG player_0: [1 0 0 1 0 0 0 0 0 0 0]
2025-07-08 10:32:00,184 DEBUG player_1: [1 0 0 1 0 0 0 0 0 0 0]
2025-07-08 10:32:00,296 DEBUG player_0: [1 0 0 1 0 0 0 0 0 0 0]
2025-07-08 10:32:00,297 DEBUG player_1: [1 0 0 1 0 0 0 0 0 0 0]
2025-07-08 10:32:00,410 DEBUG player_0: [1 0 0 1 0 0 0 0 0 0 0]
2025-07-08 10:32:00,411 DEBUG player_1: [1 0 0 1 0 0 0 0 0 0 0]
2025-07-08 10:32:00,524 DEBUG player_0: [1 0 0 1 0 0 0 0 0 0 0]
2025-07-08 10:32:00,524 DEBUG player_1: [1 0 0 1 0 0 0 0 0 0 0]
2025-07-08 10:32:00,636 DEBUG player_0: [1 0 0 1 0 0 0 0 0 0 0]
2025-07-08 10:32:00,637 DEBUG player_1: [1 0 0 1 0 0 0 0 0 0 0]
2025-07-08 10:32:00,749 DEBUG player_0: [1 0 0 0 0 0 0 0 0 0 0]
2025-07-08 10:32:00,749 DEBUG player_1: [1 0 0 1 0 0 0 0 0 0 0]
2025-07-08 10:32:00,862 DEBUG player_0: [1 0 0 0 0 0 0 0 0 0 0]
2025-07-08 10:32:00,863 DEBUG player_1: [1 0 0 1 0 0 0 0 0 0 0]
2025-07-08 10:32:00,977 DEBUG player_0: [1 0 0 0 0 0 0 0 0 0 0]
2025-07-08 10:32:00,977 DEBUG player_1: [1 0 0 1 0 0 0 0 0 0 0]
2025-07-08 10:32:01,089 DEBUG player_0: [1 0 0 0 0 0 0 0 0 0 0]
2025-07-08 10:32:01,089 DEBUG player_1: [1 0 0 0 0 0 0 0 0 0 0]
2025-07-08 10:32:01,205 DEBUG player_0: [1 0 0 0 0 0 0 0 0 0 0]
2025-07-08 10:32:01,206 DEBUG player_1: [1 0 0 0 0 0 0 0 0 0 0]
2025-07-08 10:32:01,269 INFO Episode 2 epoch 1 loss 0.6314
2025-07-08 10:32:01,270 INFO Episode 2 epoch 2 loss 0.6314
2025-07-08 10:32:01,271 INFO Episode 2 epoch 3 loss 0.6314
2025-07-08 10:32:01,272 INFO Episode 2 epoch 4 loss 0.6314
2025-07-08 10:32:01,272 INFO Episode 2 reward 1.71 time/episode: 8.538 opponents: self
2025-07-08 10:32:01,272 INFO Episode 2 reward breakdown: fail_immune: -0.160, knockout: 0.500, pokemon_count: 2.000, switch_penalty: 0.000, turn_penalty: -0.630
2025-07-08 10:32:01,272 INFO Opponent usage statistics:
2025-07-08 10:32:01,272 INFO   self: 2 episodes (100.0%)
2025-07-08 10:32:01,323 DEBUG player_0: [1 1 1 1 1 1 1 1 1 1 0]
2025-07-08 10:32:01,324 INFO Initial probs: [4.535e-05 1.742e-01 5.045e-01 2.387e-02 8.314e-04 1.227e-01 1.007e-01
 6.939e-02 1.433e-03 2.342e-03 0.000e+00]
2025-07-08 10:32:01,324 INFO Updated probs: [5.498e-16 9.880e-09 1.000e+00 3.826e-10 4.841e-14 1.577e-10 2.494e-11
 6.598e-09 1.160e-06 3.278e-09 0.000e+00]
2025-07-08 10:32:01,324 INFO Prob change: [-4.535e-05 -1.742e-01  4.955e-01 -2.387e-02 -8.314e-04 -1.227e-01
 -1.007e-01 -6.939e-02 -1.431e-03 -2.342e-03  0.000e+00]
