2025-06-27 14:13:39,046 INFO Run parameters: {'log_level': 'DEBUG', 'config': '/Users/takagikouichi/Documents/GitHub/Maple/config/train_config.yml', 'episodes': 1, 'save': 'model.pt', 'tensorboard': False, 'ppo_epochs': 4, 'clip': None, 'gae_lambda': None, 'value_coef': None, 'entropy_coef': None, 'gamma': None, 'parallel': 1}
2025-06-27 14:13:39,831 DEBUG environment reset: cleared action queues and mappings
2025-06-27 14:13:39,837 DEBUG = connection is CONNECTING
2025-06-27 14:13:39,838 DEBUG > GET /showdown/websocket HTTP/1.1
2025-06-27 14:13:39,838 DEBUG > Host: localhost:8000
2025-06-27 14:13:39,838 DEBUG > Upgrade: websocket
2025-06-27 14:13:39,838 DEBUG > Connection: Upgrade
2025-06-27 14:13:39,838 DEBUG > Sec-WebSocket-Key: Df13GSwDPqjPZd0kAJGA7g==
2025-06-27 14:13:39,838 DEBUG > Sec-WebSocket-Version: 13
2025-06-27 14:13:39,838 DEBUG > Sec-WebSocket-Extensions: permessage-deflate; client_max_window_bits
2025-06-27 14:13:39,838 DEBUG > User-Agent: Python/3.12 websockets/15.0.1
2025-06-27 14:13:39,839 DEBUG = connection is CONNECTING
2025-06-27 14:13:39,839 DEBUG > GET /showdown/websocket HTTP/1.1
2025-06-27 14:13:39,839 DEBUG > Host: localhost:8000
2025-06-27 14:13:39,839 DEBUG > Upgrade: websocket
2025-06-27 14:13:39,839 DEBUG > Connection: Upgrade
2025-06-27 14:13:39,839 DEBUG > Sec-WebSocket-Key: e764iz8Ge0c8EnSUzo7vZQ==
2025-06-27 14:13:39,839 DEBUG > Sec-WebSocket-Version: 13
2025-06-27 14:13:39,839 DEBUG > Sec-WebSocket-Extensions: permessage-deflate; client_max_window_bits
2025-06-27 14:13:39,839 DEBUG > User-Agent: Python/3.12 websockets/15.0.1
2025-06-27 14:13:39,839 DEBUG < HTTP/1.1 101 Switching Protocols
2025-06-27 14:13:39,840 DEBUG < Upgrade: websocket
2025-06-27 14:13:39,840 DEBUG < Connection: Upgrade
2025-06-27 14:13:39,840 DEBUG < Sec-WebSocket-Accept: J72upI6FEppA8+vnaZYJQDQlP6k=
2025-06-27 14:13:39,840 DEBUG = connection is OPEN
2025-06-27 14:13:39,841 DEBUG < HTTP/1.1 101 Switching Protocols
2025-06-27 14:13:39,841 DEBUG < Upgrade: websocket
2025-06-27 14:13:39,841 DEBUG < Connection: Upgrade
2025-06-27 14:13:39,841 DEBUG < Sec-WebSocket-Accept: /yzVqUqh8HWdQr8JmZORgweN69Q=
2025-06-27 14:13:39,841 DEBUG = connection is OPEN
2025-06-27 14:13:39,844 DEBUG < TEXT '|updateuser| Guest 3|0|265|{"blockChallenges":f...c|[Gen 1] Custom Game,c' [8022 bytes]
2025-06-27 14:13:39,845 DEBUG < TEXT '|updateuser| Guest 4|0|101|{"blockChallenges":f...c|[Gen 1] Custom Game,c' [8022 bytes]
2025-06-27 14:13:39,845 DEBUG < TEXT '|challstr|4|7645e560926be2f2d8127ce66a02ed036df...6be13f6676f894ad42e1d24' [268 bytes]
2025-06-27 14:13:39,845 DEBUG < TEXT '|challstr|4|cbe248b90c611fbb8b1b3ec90bd3402a215...54b62b1b3519a8217d91294' [268 bytes]
2025-06-27 14:13:39,845 DEBUG > TEXT '|/trn EnvPlayer 2,0,' [20 bytes]
2025-06-27 14:13:39,846 DEBUG > TEXT '|/trn EnvPlayer 1,0,' [20 bytes]
2025-06-27 14:13:39,852 DEBUG < TEXT '|updatesearch|{"searching":[],"games":null}' [43 bytes]
2025-06-27 14:13:39,852 DEBUG < TEXT '|updateuser| EnvPlayer 2|1|266|{"blockChallenge...:false,"language":null}' [354 bytes]
2025-06-27 14:13:39,852 DEBUG < TEXT '|updatesearch|{"searching":[],"games":{"battle-... 9] BSS Reg I Battle"}}' [94 bytes]
2025-06-27 14:13:39,853 DEBUG < TEXT '>battle-gen9bssregi-19653\n|init|battle\n|title...r|p2|EnvPlayer 2|266|\n' [4083 bytes]
2025-06-27 14:13:39,853 DEBUG < TEXT '>battle-gen9bssregi-19653\n|request|{"forceSwit...Cancel":true,"rqid":35}' [1260 bytes]
2025-06-27 14:13:39,853 DEBUG < TEXT '>battle-gen9bssregi-19653\n|player|p2|EnvPlayer 2|266|\n|j|☆EnvPlayer 1' [71 bytes]
2025-06-27 14:13:39,888 DEBUG [DBG] player_1 last_request={}
2025-06-27 14:13:39,888 DEBUG < TEXT '|updatesearch|{"searching":[],"games":null}' [43 bytes]
2025-06-27 14:13:39,888 DEBUG < TEXT '|updateuser| EnvPlayer 1|1|2|{"blockChallenges"...:false,"language":null}' [352 bytes]
2025-06-27 14:13:39,888 DEBUG < TEXT '|updatesearch|{"searching":[],"games":{"battle-... 9] BSS Reg I Battle"}}' [94 bytes]
2025-06-27 14:13:39,888 DEBUG < TEXT '>battle-gen9bssregi-19653\n|init|battle\n|title...yer|p1|EnvPlayer 1|2|\n' [4127 bytes]
2025-06-27 14:13:39,888 DEBUG < TEXT '>battle-gen9bssregi-19653\n|request|{"wait":tru...lized":""}]},"rqid":34}' [1214 bytes]
2025-06-27 14:13:39,889 DEBUG [DBG] player_1 last_request={'forceSwitch': [True], 'side': {'name': 'EnvPlayer 2', 'id': 'p2', 'pokemon': [{'ident': 'p2: Alomomola', 'details': 'Alomomola, L50, F', 'condition': '0 fnt', 'active': True, 'stats': {'atk': 80, 'def': 132, 'spa': 60, 'spd': 97, 'spe': 85}, 'moves': ['blizzard', 'rest', 'painsplit', 'healingwish'], 'baseAbility': 'regenerator', 'item': 'rockyhelmet', 'pokeball': 'pokeball', 'ability': 'regenerator', 'commanding': False, 'reviving': False, 'teraType': 'Water', 'terastallized': ''}, {'ident': 'p2: Hydreigon', 'details': 'Hydreigon, L50, F', 'condition': '0 fnt', 'active': False, 'stats': {'atk': 125, 'def': 110, 'spa': 177, 'spd': 110, 'spe': 150}, 'moves': ['dracometeor', 'stealthrock', 'headsmash', 'uturn'], 'baseAbility': 'levitate', 'item': 'lifeorb', 'pokeball': 'pokeball', 'ability': 'levitate', 'commanding': False, 'reviving': False, 'teraType': 'Dark', 'terastallized': ''}, {'ident': 'p2: Dragapult', 'details': 'Dragapult, L50, M', 'condition': '147/195', 'active': False, 'stats': {'atk': 126, 'def': 95, 'spa': 120, 'spd': 95, 'spe': 213}, 'moves': ['phantomforce', 'substitute', 'thunderwave', 'willowisp'], 'baseAbility': 'infiltrator', 'item': 'focussash', 'pokeball': 'pokeball', 'ability': 'infiltrator', 'commanding': False, 'reviving': False, 'teraType': 'Dragon', 'terastallized': 'Dragon'}]}, 'noCancel': True, 'rqid': 35}
2025-06-27 14:13:39,889 DEBUG [DBG] player_1 queue battle -> battle-gen9bssregi-19653
2025-06-27 14:13:39,889 DEBUG [DBG] player_1 waiting action (qsize=0)
2025-06-27 14:13:39,890 DEBUG [DBG] player_0 last_request={}
2025-06-27 14:13:39,890 DEBUG > TEXT '|/utm Corviknight||flameorb|pressure|bodypress,...,252,,252|||||,,,,,Dark' [610 bytes]
2025-06-27 14:13:39,890 DEBUG > TEXT '|/challenge envplayer2, gen9bssregi' [35 bytes]
2025-06-27 14:13:39,890 DEBUG > TEXT '|/utm Corviknight||flameorb|pressure|bodypress,...,252,,252|||||,,,,,Dark' [610 bytes]
2025-06-27 14:13:39,890 DEBUG > TEXT '|/challenge envplayer1, gen9bssregi' [35 bytes]
2025-06-27 14:13:39,902 DEBUG < TEXT '|pm| EnvPlayer 1| EnvPlayer 2|/challenge gen9bssregi|gen9bssregi|||' [67 bytes]
2025-06-27 14:13:39,902 DEBUG < TEXT '|pm| EnvPlayer 1| EnvPlayer 2|/challenge gen9bssregi|gen9bssregi|||' [67 bytes]
2025-06-27 14:13:39,902 DEBUG < TEXT '|pm| EnvPlayer 1| EnvPlayer 2|/log EnvPlayer 1 wants to battle!' [63 bytes]
2025-06-27 14:13:39,902 DEBUG < TEXT '|pm| EnvPlayer 1| EnvPlayer 2|/log EnvPlayer 1 wants to battle!' [63 bytes]
2025-06-27 14:13:39,902 DEBUG > TEXT '|/utm Corviknight||flameorb|pressure|bodypress,...,252,,252|||||,,,,,Dark' [610 bytes]
2025-06-27 14:13:39,902 DEBUG > TEXT '|/accept envplayer1' [19 bytes]
2025-06-27 14:13:39,912 DEBUG < TEXT '|pm| EnvPlayer 2| EnvPlayer 1|/challenge' [40 bytes]
2025-06-27 14:13:39,913 DEBUG < TEXT '|updatesearch|{"searching":[],"games":{"battle-... 9] BSS Reg I Battle"}}' [94 bytes]
2025-06-27 14:13:39,913 DEBUG < TEXT '|updatesearch|{"searching":[],"games":{"battle-... 9] BSS Reg I Battle"}}' [148 bytes]
2025-06-27 14:13:39,913 DEBUG < TEXT '|updatesearch|{"searching":[],"games":{"battle-... 9] BSS Reg I Battle"}}' [148 bytes]
2025-06-27 14:13:39,913 DEBUG < TEXT '|pm| EnvPlayer 2| EnvPlayer 1|/challenge' [40 bytes]
2025-06-27 14:13:39,913 DEBUG < TEXT '|updatesearch|{"searching":[],"games":{"battle-... 9] BSS Reg I Battle"}}' [94 bytes]
2025-06-27 14:13:39,913 DEBUG < TEXT '|updatesearch|{"searching":[],"games":{"battle-... 9] BSS Reg I Battle"}}' [148 bytes]
2025-06-27 14:13:39,913 DEBUG < TEXT '|updatesearch|{"searching":[],"games":{"battle-... 9] BSS Reg I Battle"}}' [148 bytes]
2025-06-27 14:13:39,913 DEBUG < TEXT '>battle-gen9bssregi-19654\n|init|battle\n|title...er 2\n|j|☆EnvPlayer 1\n' [92 bytes]
2025-06-27 14:13:39,913 DEBUG < TEXT '>battle-gen9bssregi-19654\n|j|☆EnvPlayer 2' [43 bytes]
2025-06-27 14:13:39,913 DEBUG < TEXT '>battle-gen9bssregi-19654\n|t:|1751001219\n|gametype|singles' [58 bytes]
2025-06-27 14:13:39,914 DEBUG < TEXT '>battle-gen9bssregi-19654\n|init|battle\n|title...er 1\n|j|☆EnvPlayer 2\n' [110 bytes]
2025-06-27 14:13:39,914 DEBUG < TEXT '>battle-gen9bssregi-19654\n|t:|1751001219\n|gametype|singles' [58 bytes]
2025-06-27 14:13:39,914 DEBUG < TEXT '>battle-gen9bssregi-19654\n|player|p1|EnvPlayer 1|2|' [51 bytes]
2025-06-27 14:13:39,914 DEBUG < TEXT '>battle-gen9bssregi-19654\n|player|p2|EnvPlayer...L50, F|\n|teampreview|3' [557 bytes]
2025-06-27 14:13:39,914 DEBUG < TEXT '>battle-gen9bssregi-19654\n|request|{"teamPrevi...llized":""}]},"rqid":2}' [2362 bytes]
2025-06-27 14:13:39,914 DEBUG < TEXT '>battle-gen9bssregi-19654\n|player|p1|EnvPlayer 1|2|' [51 bytes]
2025-06-27 14:13:39,914 DEBUG < TEXT '>battle-gen9bssregi-19654\n|player|p2|EnvPlayer...L50, F|\n|teampreview|3' [557 bytes]
2025-06-27 14:13:39,915 DEBUG < TEXT '>battle-gen9bssregi-19654\n|request|{"teamPrevi...llized":""}]},"rqid":3}' [2362 bytes]
2025-06-27 14:13:39,989 DEBUG [DBG] player_1 send team preview request for battle-gen9bssregi-19653
2025-06-27 14:13:39,989 DEBUG [DBG] player_1 waiting team preview action (qsize=0)
