2025-07-08 11:15:38,127 INFO Run parameters: {'log_level': 'INFO', 'config': '/Users/takagikouichi/Documents/GitHub/Maple/config/train_config.yml', 'episodes': 5, 'save': None, 'tensorboard': False, 'ppo_epochs': None, 'clip': None, 'gae_lambda': None, 'value_coef': None, 'entropy_coef': None, 'gamma': None, 'parallel': 1, 'algo': 'ppo', 'checkpoint_interval': 0, 'checkpoint_dir': 'checkpoints', 'reward': 'composite', 'reward_config': '/Users/takagikouichi/Documents/GitHub/Maple/config/reward.yaml', 'opponent': None, 'opponent_mix': None, 'team': 'default', 'teams_dir': None, 'load_model': None}
2025-07-08 11:15:38,128 INFO Using default team mode
2025-07-08 11:15:38,128 INFO Using self-play mode
2025-07-08 11:15:38,839 INFO Selecting team for player_0...
2025-07-08 11:15:38,839 INFO Selecting team for player_1...
2025-07-08 11:15:39,074 DEBUG player_0: [1 1 1 1 1 1 1 1 1 1 0]
2025-07-08 11:15:39,075 DEBUG player_0: [1 1 1 1 1 1 1 1 1 1 0]
2025-07-08 11:15:39,075 DEBUG player_1: [1 1 1 1 1 1 1 1 1 1 0]
2025-07-08 11:15:39,187 DEBUG player_0: [1 1 1 1 1 1 1 1 1 1 0]
2025-07-08 11:15:39,188 DEBUG player_1: [1 1 1 1 1 1 1 1 1 1 0]
2025-07-08 11:15:39,299 DEBUG player_0: [1 1 1 1 1 1 1 1 1 1 0]
2025-07-08 11:15:39,299 DEBUG player_1: [1 1 1 1 0 0 0 0 1 1 0]
2025-07-08 11:15:39,414 DEBUG player_0: [1 1 1 1 0 0 0 0 1 1 0]
2025-07-08 11:15:39,415 DEBUG player_1: [1 1 1 1 0 0 0 0 1 1 0]
2025-07-08 11:15:39,527 DEBUG player_0: [1 1 1 1 0 0 0 0 1 1 0]
2025-07-08 11:15:39,528 DEBUG player_1: [1 1 1 1 0 0 0 0 1 1 0]
2025-07-08 11:15:39,639 DEBUG player_0: [1 1 1 1 0 0 0 0 1 1 0]
2025-07-08 11:15:39,639 DEBUG player_1: [1 1 1 1 0 0 0 0 1 1 0]
2025-07-08 11:15:39,749 DEBUG player_0: [1 1 1 1 0 0 0 0 1 1 0]
2025-07-08 11:15:39,750 DEBUG player_1: [1 1 1 1 0 0 0 0 1 1 0]
2025-07-08 11:15:39,864 DEBUG player_0: [1 1 1 1 0 0 0 0 1 1 0]
2025-07-08 11:15:39,865 DEBUG player_1: [1 1 1 1 0 0 0 0 1 1 0]
2025-07-08 11:15:39,977 DEBUG player_0: [1 1 1 1 0 0 0 0 1 1 0]
2025-07-08 11:15:39,978 DEBUG player_1: [1 1 1 1 0 0 0 0 1 1 0]
2025-07-08 11:15:40,090 DEBUG player_0: [1 1 1 1 0 0 0 0 1 1 0]
2025-07-08 11:15:40,091 DEBUG player_1: [1 0 0 0 0 0 0 0 0 0 0]
2025-07-08 11:15:40,203 DEBUG player_0: [1 1 1 1 0 0 0 0 1 1 0]
2025-07-08 11:15:40,203 DEBUG player_1: [1 1 1 1 0 0 0 0 1 1 0]
2025-07-08 11:15:40,314 DEBUG player_0: [1 1 1 1 0 0 0 0 1 1 0]
2025-07-08 11:15:40,314 DEBUG player_1: [1 1 1 1 0 0 0 0 1 1 0]
2025-07-08 11:15:40,428 DEBUG player_0: [1 1 1 1 0 0 0 0 1 1 0]
2025-07-08 11:15:40,429 DEBUG player_1: [1 1 1 1 0 0 0 0 1 1 0]
2025-07-08 11:15:40,542 DEBUG player_0: [1 0 0 0 0 0 0 0 0 0 0]
2025-07-08 11:15:40,542 DEBUG player_1: [1 1 1 1 0 0 0 0 1 1 0]
2025-07-08 11:15:40,655 DEBUG player_0: [1 1 1 1 0 0 0 0 1 1 0]
2025-07-08 11:15:40,655 DEBUG player_1: [1 1 1 1 0 0 0 0 1 1 0]
2025-07-08 11:15:40,772 DEBUG player_0: [1 1 1 1 0 0 0 0 1 1 0]
2025-07-08 11:15:40,772 DEBUG player_1: [1 1 1 0 0 0 0 0 1 1 0]
2025-07-08 11:15:40,883 DEBUG player_0: [1 1 1 1 0 0 0 0 1 1 0]
2025-07-08 11:15:40,884 DEBUG player_1: [1 1 1 0 0 0 0 0 1 1 0]
2025-07-08 11:15:41,002 DEBUG player_0: [1 1 1 1 0 0 0 0 1 1 0]
2025-07-08 11:15:41,003 DEBUG player_1: [1 1 1 0 0 0 0 0 1 1 0]
2025-07-08 11:15:41,115 DEBUG player_0: [1 1 1 1 0 0 0 0 1 1 0]
2025-07-08 11:15:41,115 DEBUG player_1: [1 1 1 0 0 0 0 0 1 1 0]
2025-07-08 11:15:41,230 DEBUG player_0: [1 1 1 1 0 0 0 0 1 1 0]
2025-07-08 11:15:41,231 DEBUG player_1: [1 1 1 0 0 0 0 0 1 1 0]
2025-07-08 11:15:41,357 DEBUG player_0: [1 0 0 0 0 0 0 0 0 0 0]
2025-07-08 11:15:41,357 DEBUG player_1: [1 1 1 0 0 0 0 0 1 1 0]
2025-07-08 11:15:41,481 DEBUG player_0: [1 1 1 1 0 0 0 0 1 1 0]
2025-07-08 11:15:41,482 DEBUG player_1: [1 1 1 1 0 0 0 0 1 1 0]
2025-07-08 11:15:41,596 DEBUG player_0: [1 0 0 0 0 0 0 0 0 0 0]
2025-07-08 11:15:41,596 DEBUG player_1: [1 1 1 1 0 0 0 0 1 1 0]
2025-07-08 11:15:42,127 DEBUG player_0: [0 0 0 0 0 0 0 0 1 1 0]
2025-07-08 11:15:42,128 DEBUG player_1: [0 0 0 0 0 0 0 0 1 1 0]
2025-07-08 11:15:42,238 DEBUG player_0: [1 1 1 1 0 0 0 0 1 0 0]
2025-07-08 11:15:42,238 DEBUG player_1: [1 1 1 1 0 0 0 0 1 1 0]
2025-07-08 11:15:42,351 DEBUG player_0: [1 1 1 1 0 0 0 0 1 0 0]
2025-07-08 11:15:42,352 DEBUG player_1: [1 0 0 0 0 0 0 0 0 0 0]
2025-07-08 11:15:42,879 DEBUG player_0: [0 0 0 0 0 0 0 0 1 0 0]
2025-07-08 11:15:42,879 DEBUG player_1: [0 0 0 0 0 0 0 0 1 1 0]
2025-07-08 11:15:42,995 DEBUG player_0: [1 1 1 1 0 0 0 0 1 0 0]
2025-07-08 11:15:42,996 DEBUG player_1: [1 1 1 0 0 0 0 0 1 0 0]
2025-07-08 11:15:43,108 DEBUG player_0: [1 1 1 1 0 0 0 0 1 0 0]
2025-07-08 11:15:43,109 DEBUG player_1: [1 1 1 0 0 0 0 0 1 0 0]
2025-07-08 11:15:43,220 DEBUG player_0: [1 1 1 1 0 0 0 0 1 0 0]
2025-07-08 11:15:43,221 DEBUG player_1: [1 1 1 0 0 0 0 0 1 0 0]
2025-07-08 11:15:43,330 DEBUG player_0: [1 1 1 1 0 0 0 0 1 0 0]
2025-07-08 11:15:43,331 DEBUG player_1: [1 1 1 0 0 0 0 0 1 0 0]
2025-07-08 11:15:43,450 DEBUG player_0: [1 1 1 0 0 0 0 0 1 0 0]
2025-07-08 11:15:43,450 DEBUG player_1: [0 1 1 0 0 0 0 0 1 0 0]
2025-07-08 11:15:43,563 DEBUG player_0: [1 1 1 0 0 0 0 0 1 0 0]
2025-07-08 11:15:43,563 DEBUG player_1: [0 1 1 0 0 0 0 0 1 0 0]
2025-07-08 11:15:44,087 DEBUG player_0: [0 0 0 0 0 0 0 0 1 0 0]
2025-07-08 11:15:44,088 DEBUG player_1: [0 0 0 0 0 0 0 0 1 0 0]
2025-07-08 11:15:44,197 DEBUG player_0: [1 1 1 0 0 0 0 0 1 0 0]
2025-07-08 11:15:44,198 DEBUG player_1: [1 1 1 1 0 0 0 0 0 0 0]
2025-07-08 11:15:44,739 DEBUG player_0: [0 0 0 0 0 0 0 0 1 0 0]
2025-07-08 11:15:44,739 DEBUG player_1: [0 0 0 0 0 0 0 0 0 0 0]
2025-07-08 11:15:44,869 DEBUG player_0: [1 1 1 1 0 0 0 0 0 0 0]
2025-07-08 11:15:44,870 DEBUG player_1: [1 1 1 1 0 0 0 0 0 0 0]
2025-07-08 11:15:44,998 DEBUG player_0: [1 1 1 1 0 0 0 0 0 0 0]
2025-07-08 11:15:44,999 DEBUG player_1: [1 1 1 1 0 0 0 0 0 0 0]
2025-07-08 11:15:45,119 DEBUG player_0: [1 1 1 1 0 0 0 0 0 0 0]
2025-07-08 11:15:45,120 DEBUG player_1: [1 1 1 1 0 0 0 0 0 0 0]
2025-07-08 11:15:45,258 DEBUG player_0: [1 1 1 1 0 0 0 0 0 0 0]
2025-07-08 11:15:45,259 DEBUG player_1: [1 1 1 1 0 0 0 0 0 0 0]
2025-07-08 11:15:45,392 DEBUG player_0: [1 1 1 1 0 0 0 0 0 0 0]
2025-07-08 11:15:45,393 DEBUG player_1: [1 1 1 1 0 0 0 0 0 0 0]
2025-07-08 11:15:45,523 DEBUG player_0: [1 1 1 1 0 0 0 0 0 0 0]
2025-07-08 11:15:45,523 DEBUG player_1: [1 1 1 1 0 0 0 0 0 0 0]
2025-07-08 11:15:45,641 DEBUG player_0: [1 1 1 1 0 0 0 0 0 0 0]
2025-07-08 11:15:45,641 DEBUG player_1: [1 1 1 1 0 0 0 0 0 0 0]
2025-07-08 11:15:45,770 DEBUG player_0: [1 1 1 1 0 0 0 0 0 0 0]
2025-07-08 11:15:45,770 DEBUG player_1: [1 1 1 1 0 0 0 0 0 0 0]
2025-07-08 11:15:45,897 DEBUG player_0: [1 1 1 1 0 0 0 0 0 0 0]
2025-07-08 11:15:45,898 DEBUG player_1: [1 1 1 1 0 0 0 0 0 0 0]
2025-07-08 11:15:46,026 DEBUG player_0: [1 1 1 1 0 0 0 0 0 0 0]
2025-07-08 11:15:46,026 DEBUG player_1: [1 1 1 1 0 0 0 0 0 0 0]
2025-07-08 11:15:46,152 DEBUG player_0: [1 1 1 1 0 0 0 0 0 0 0]
2025-07-08 11:15:46,153 DEBUG player_1: [1 1 1 1 0 0 0 0 0 0 0]
2025-07-08 11:15:46,282 DEBUG player_0: [0 1 1 1 0 0 0 0 0 0 0]
2025-07-08 11:15:46,283 DEBUG player_1: [1 1 1 1 0 0 0 0 0 0 0]
2025-07-08 11:15:46,419 DEBUG player_0: [0 1 1 1 0 0 0 0 0 0 0]
2025-07-08 11:15:46,420 DEBUG player_1: [1 1 1 1 0 0 0 0 0 0 0]
2025-07-08 11:15:46,549 DEBUG player_0: [0 1 1 1 0 0 0 0 0 0 0]
2025-07-08 11:15:46,549 DEBUG player_1: [1 1 1 0 0 0 0 0 0 0 0]
2025-07-08 11:15:46,667 DEBUG player_0: [0 1 1 1 0 0 0 0 0 0 0]
2025-07-08 11:15:46,668 DEBUG player_1: [1 1 1 0 0 0 0 0 0 0 0]
2025-07-08 11:15:46,801 DEBUG player_0: [0 1 1 1 0 0 0 0 0 0 0]
2025-07-08 11:15:46,802 DEBUG player_1: [1 1 1 0 0 0 0 0 0 0 0]
2025-07-08 11:15:46,930 DEBUG player_0: [0 1 1 0 0 0 0 0 0 0 0]
2025-07-08 11:15:46,931 DEBUG player_1: [1 1 1 0 0 0 0 0 0 0 0]
2025-07-08 11:15:47,071 DEBUG player_0: [0 1 1 0 0 0 0 0 0 0 0]
2025-07-08 11:15:47,072 DEBUG player_1: [0 1 1 0 0 0 0 0 0 0 0]
2025-07-08 11:15:47,200 DEBUG player_0: [0 1 1 0 0 0 0 0 0 0 0]
2025-07-08 11:15:47,201 DEBUG player_1: [0 1 1 0 0 0 0 0 0 0 0]
2025-07-08 11:15:47,329 DEBUG player_0: [0 1 1 0 0 0 0 0 0 0 0]
2025-07-08 11:15:47,330 DEBUG player_1: [0 1 1 0 0 0 0 0 0 0 0]
2025-07-08 11:15:47,460 DEBUG player_0: [0 1 1 0 0 0 0 0 0 0 0]
2025-07-08 11:15:47,461 DEBUG player_1: [0 1 1 0 0 0 0 0 0 0 0]
2025-07-08 11:15:47,594 DEBUG player_0: [0 1 1 0 0 0 0 0 0 0 0]
2025-07-08 11:15:47,595 DEBUG player_1: [0 1 1 0 0 0 0 0 0 0 0]
2025-07-08 11:15:47,726 DEBUG player_0: [0 1 1 0 0 0 0 0 0 0 0]
2025-07-08 11:15:47,726 DEBUG player_1: [0 1 1 0 0 0 0 0 0 0 0]
2025-07-08 11:15:47,851 DEBUG player_0: [0 1 1 0 0 0 0 0 0 0 0]
2025-07-08 11:15:47,852 DEBUG player_1: [0 1 1 0 0 0 0 0 0 0 0]
2025-07-08 11:15:47,973 DEBUG player_0: [0 1 1 0 0 0 0 0 0 0 0]
2025-07-08 11:15:47,973 DEBUG player_1: [0 1 1 0 0 0 0 0 0 0 0]
2025-07-08 11:15:48,116 DEBUG player_0: [0 1 1 0 0 0 0 0 0 0 0]
2025-07-08 11:15:48,116 DEBUG player_1: [0 1 1 0 0 0 0 0 0 0 0]
2025-07-08 11:15:48,246 DEBUG player_0: [0 1 1 0 0 0 0 0 0 0 0]
2025-07-08 11:15:48,246 DEBUG player_1: [0 1 1 0 0 0 0 0 0 0 0]
2025-07-08 11:15:48,372 DEBUG player_0: [0 1 1 0 0 0 0 0 0 0 0]
2025-07-08 11:15:48,373 DEBUG player_1: [0 1 1 0 0 0 0 0 0 0 0]
2025-07-08 11:15:48,502 DEBUG player_0: [0 1 1 0 0 0 0 0 0 0 0]
2025-07-08 11:15:48,503 DEBUG player_1: [0 1 1 0 0 0 0 0 0 0 0]
2025-07-08 11:15:48,631 DEBUG player_0: [0 1 1 0 0 0 0 0 0 0 0]
2025-07-08 11:15:48,631 DEBUG player_1: [0 1 1 0 0 0 0 0 0 0 0]
2025-07-08 11:15:48,757 DEBUG player_0: [0 1 1 0 0 0 0 0 0 0 0]
2025-07-08 11:15:48,758 DEBUG player_1: [0 1 1 0 0 0 0 0 0 0 0]
2025-07-08 11:15:48,885 DEBUG player_0: [0 1 1 0 0 0 0 0 0 0 0]
2025-07-08 11:15:48,885 DEBUG player_1: [0 1 1 0 0 0 0 0 0 0 0]
2025-07-08 11:15:49,015 DEBUG player_0: [0 1 1 0 0 0 0 0 0 0 0]
2025-07-08 11:15:49,016 DEBUG player_1: [0 1 1 0 0 0 0 0 0 0 0]
2025-07-08 11:15:49,142 DEBUG player_0: [0 1 1 0 0 0 0 0 0 0 0]
2025-07-08 11:15:49,143 DEBUG player_1: [0 1 1 0 0 0 0 0 0 0 0]
2025-07-08 11:15:49,265 DEBUG player_0: [0 1 1 0 0 0 0 0 0 0 0]
2025-07-08 11:15:49,266 DEBUG player_1: [0 1 1 0 0 0 0 0 0 0 0]
2025-07-08 11:15:49,398 DEBUG player_0: [0 1 1 0 0 0 0 0 0 0 0]
2025-07-08 11:15:49,398 DEBUG player_1: [0 1 1 0 0 0 0 0 0 0 0]
2025-07-08 11:15:49,523 DEBUG player_0: [0 1 1 0 0 0 0 0 0 0 0]
2025-07-08 11:15:49,524 DEBUG player_1: [0 1 1 0 0 0 0 0 0 0 0]
2025-07-08 11:15:49,648 DEBUG player_0: [0 1 1 0 0 0 0 0 0 0 0]
2025-07-08 11:15:49,648 DEBUG player_1: [0 1 1 0 0 0 0 0 0 0 0]
2025-07-08 11:15:49,760 DEBUG player_0: [0 1 1 0 0 0 0 0 0 0 0]
2025-07-08 11:15:49,763 DEBUG player_1: [0 1 1 0 0 0 0 0 0 0 0]
2025-07-08 11:15:49,897 DEBUG player_0: [0 1 1 0 0 0 0 0 0 0 0]
2025-07-08 11:15:49,897 DEBUG player_1: [0 1 1 0 0 0 0 0 0 0 0]
2025-07-08 11:15:50,016 DEBUG player_0: [0 1 1 0 0 0 0 0 0 0 0]
2025-07-08 11:15:50,017 DEBUG player_1: [0 1 1 0 0 0 0 0 0 0 0]
2025-07-08 11:15:50,154 DEBUG player_0: [0 1 1 0 0 0 0 0 0 0 0]
2025-07-08 11:15:50,155 DEBUG player_1: [0 1 1 0 0 0 0 0 0 0 0]
2025-07-08 11:15:50,279 DEBUG player_0: [0 1 1 0 0 0 0 0 0 0 0]
2025-07-08 11:15:50,280 DEBUG player_1: [0 1 1 0 0 0 0 0 0 0 0]
2025-07-08 11:15:50,405 DEBUG player_0: [0 1 1 0 0 0 0 0 0 0 0]
2025-07-08 11:15:50,406 DEBUG player_1: [0 1 1 0 0 0 0 0 0 0 0]
2025-07-08 11:15:50,537 DEBUG player_0: [0 1 1 0 0 0 0 0 0 0 0]
2025-07-08 11:15:50,538 DEBUG player_1: [0 1 1 0 0 0 0 0 0 0 0]
2025-07-08 11:15:50,660 DEBUG player_0: [0 1 1 0 0 0 0 0 0 0 0]
2025-07-08 11:15:50,661 DEBUG player_1: [0 1 1 0 0 0 0 0 0 0 0]
2025-07-08 11:15:50,797 DEBUG player_0: [0 1 1 0 0 0 0 0 0 0 0]
2025-07-08 11:15:50,797 DEBUG player_1: [0 1 1 0 0 0 0 0 0 0 0]
2025-07-08 11:15:50,918 DEBUG player_0: [0 1 1 0 0 0 0 0 0 0 0]
2025-07-08 11:15:50,918 DEBUG player_1: [0 1 0 0 0 0 0 0 0 0 0]
2025-07-08 11:15:51,043 DEBUG player_0: [0 1 1 0 0 0 0 0 0 0 0]
2025-07-08 11:15:51,044 DEBUG player_1: [0 1 0 0 0 0 0 0 0 0 0]
2025-07-08 11:15:51,169 DEBUG player_0: [0 1 0 0 0 0 0 0 0 0 0]
2025-07-08 11:15:51,170 DEBUG player_1: [0 1 0 0 0 0 0 0 0 0 0]
2025-07-08 11:15:51,297 DEBUG player_0: [0 1 0 0 0 0 0 0 0 0 0]
2025-07-08 11:15:51,297 DEBUG player_1: [0 1 0 0 0 0 0 0 0 0 0]
2025-07-08 11:15:51,439 DEBUG player_0: [0 1 0 0 0 0 0 0 0 0 0]
2025-07-08 11:15:51,440 DEBUG player_1: [0 1 0 0 0 0 0 0 0 0 0]
2025-07-08 11:15:51,569 DEBUG player_0: [0 1 0 0 0 0 0 0 0 0 0]
2025-07-08 11:15:51,570 DEBUG player_1: [0 1 0 0 0 0 0 0 0 0 0]
2025-07-08 11:15:51,689 DEBUG player_0: [0 1 0 0 0 0 0 0 0 0 0]
2025-07-08 11:15:51,689 DEBUG player_1: [0 1 0 0 0 0 0 0 0 0 0]
2025-07-08 11:15:51,816 DEBUG player_0: [0 1 0 0 0 0 0 0 0 0 0]
2025-07-08 11:15:51,817 DEBUG player_1: [0 1 0 0 0 0 0 0 0 0 0]
2025-07-08 11:15:51,949 DEBUG player_0: [0 1 0 0 0 0 0 0 0 0 0]
2025-07-08 11:15:51,950 DEBUG player_1: [0 1 0 0 0 0 0 0 0 0 0]
2025-07-08 11:15:52,079 DEBUG player_0: [0 1 0 0 0 0 0 0 0 0 0]
2025-07-08 11:15:52,080 DEBUG player_1: [0 1 0 0 0 0 0 0 0 0 0]
2025-07-08 11:15:52,208 DEBUG player_0: [0 1 0 0 0 0 0 0 0 0 0]
2025-07-08 11:15:52,208 DEBUG player_1: [0 1 0 0 0 0 0 0 0 0 0]
2025-07-08 11:15:52,330 DEBUG player_0: [0 1 0 0 0 0 0 0 0 0 0]
2025-07-08 11:15:52,330 DEBUG player_1: [0 1 0 0 0 0 0 0 0 0 0]
2025-07-08 11:15:52,445 DEBUG player_0: [0 0 0 0 0 0 0 0 0 0 1]
2025-07-08 11:15:52,445 DEBUG player_1: [0 0 0 0 0 0 0 0 0 0 1]
2025-07-08 11:15:52,577 DEBUG player_0: [0 0 0 0 0 0 0 0 0 0 1]
2025-07-08 11:15:52,582 DEBUG player_1: [0 0 0 0 0 0 0 0 0 0 1]
2025-07-08 11:15:52,712 DEBUG player_0: [0 0 0 0 0 0 0 0 0 0 1]
2025-07-08 11:15:52,713 DEBUG player_1: [0 0 0 0 0 0 0 0 0 0 1]
2025-07-08 11:15:52,792 INFO Episode 1 epoch 1 loss 0.5428
2025-07-08 11:15:52,794 INFO Episode 1 epoch 2 loss 0.7628
2025-07-08 11:15:52,795 INFO Episode 1 epoch 3 loss 0.9098
2025-07-08 11:15:52,796 INFO Episode 1 epoch 4 loss 0.8195
2025-07-08 11:15:52,796 INFO Episode 1 reward -8.67 time/episode: 14.009 opponents: self
2025-07-08 11:15:52,796 INFO Episode 1 reward breakdown: fail_immune: -0.240, knockout: 0.500, pokemon_count: 2.000, switch_penalty: 0.000, turn_penalty: -0.930, win_loss: -10.000
2025-07-08 11:15:52,847 INFO Selecting team for player_0...
2025-07-08 11:15:52,847 INFO Selecting team for player_1...
2025-07-08 11:15:53,078 DEBUG player_0: [1 1 1 1 1 1 1 1 1 1 0]
2025-07-08 11:15:53,078 DEBUG player_1: [1 1 1 1 1 1 1 1 1 1 0]
2025-07-08 11:15:53,205 DEBUG player_0: [1 1 1 1 1 1 1 1 1 1 0]
2025-07-08 11:15:53,205 DEBUG player_1: [1 1 1 1 1 1 1 1 1 1 0]
2025-07-08 11:15:53,331 DEBUG player_0: [1 1 1 1 1 1 1 1 1 1 0]
2025-07-08 11:15:53,332 DEBUG player_1: [1 1 1 1 1 1 1 1 1 1 0]
2025-07-08 11:15:53,460 DEBUG player_0: [1 1 1 1 1 1 1 1 1 1 0]
2025-07-08 11:15:53,461 DEBUG player_1: [1 1 1 1 1 1 1 1 1 1 0]
2025-07-08 11:15:53,586 DEBUG player_0: [1 1 1 1 1 1 1 1 1 1 0]
2025-07-08 11:15:53,587 DEBUG player_1: [1 1 1 1 1 1 1 1 1 1 0]
2025-07-08 11:15:53,715 DEBUG player_0: [1 1 1 1 1 1 1 1 1 1 0]
2025-07-08 11:15:53,716 DEBUG player_1: [1 1 1 1 1 1 1 1 1 1 0]
2025-07-08 11:15:53,847 DEBUG player_0: [1 1 1 1 1 1 1 1 1 1 0]
2025-07-08 11:15:53,847 DEBUG player_1: [1 1 1 1 1 1 1 1 1 1 0]
2025-07-08 11:15:53,969 DEBUG player_0: [1 1 1 1 1 1 1 1 1 1 0]
2025-07-08 11:15:53,970 DEBUG player_1: [1 1 1 1 1 1 1 1 1 1 0]
2025-07-08 11:15:54,095 DEBUG player_0: [1 1 1 1 1 1 1 1 1 1 0]
2025-07-08 11:15:54,096 DEBUG player_1: [1 1 1 0 1 1 1 0 1 1 0]
2025-07-08 11:15:54,222 DEBUG player_0: [1 1 1 0 1 1 1 0 1 1 0]
2025-07-08 11:15:54,222 DEBUG player_1: [1 1 1 0 1 1 1 0 1 1 0]
2025-07-08 11:15:54,347 DEBUG player_0: [1 1 1 0 1 1 1 0 1 1 0]
2025-07-08 11:15:54,348 DEBUG player_1: [1 1 1 0 1 1 1 0 1 1 0]
2025-07-08 11:15:54,471 DEBUG player_0: [1 1 1 0 1 1 1 0 1 1 0]
2025-07-08 11:15:54,472 DEBUG player_1: [1 1 1 0 1 1 1 0 1 1 0]
2025-07-08 11:15:55,016 DEBUG player_0: [0 0 0 0 0 0 0 0 1 1 0]
2025-07-08 11:15:55,017 DEBUG player_1: [0 0 0 0 0 0 0 0 1 1 0]
2025-07-08 11:15:55,144 DEBUG player_0: [1 1 1 1 1 1 1 1 1 0 0]
2025-07-08 11:15:55,145 DEBUG player_1: [1 1 1 0 1 1 1 0 1 1 0]
2025-07-08 11:15:55,282 DEBUG player_0: [0 0 0 1 0 0 0 1 1 0 0]
2025-07-08 11:15:55,283 DEBUG player_1: [1 1 1 0 1 1 1 0 1 1 0]
2025-07-08 11:15:55,412 DEBUG player_0: [0 0 0 1 0 0 0 1 1 0 0]
2025-07-08 11:15:55,413 DEBUG player_1: [1 1 1 0 1 1 1 0 1 1 0]
2025-07-08 11:15:55,542 DEBUG player_0: [0 0 0 1 0 0 0 1 1 0 0]
2025-07-08 11:15:55,543 DEBUG player_1: [1 1 1 0 1 1 1 0 1 1 0]
2025-07-08 11:15:55,667 DEBUG player_0: [0 0 0 1 0 0 0 1 1 0 0]
2025-07-08 11:15:55,667 DEBUG player_1: [1 1 1 0 1 1 1 0 1 1 0]
2025-07-08 11:15:55,792 DEBUG player_0: [0 0 0 1 0 0 0 1 1 0 0]
2025-07-08 11:15:55,792 DEBUG player_1: [1 1 1 0 1 1 1 0 1 1 0]
2025-07-08 11:15:55,918 DEBUG player_0: [0 0 0 1 0 0 0 1 1 0 0]
2025-07-08 11:15:55,918 DEBUG player_1: [1 1 1 0 1 1 1 0 1 1 0]
2025-07-08 11:15:56,042 DEBUG player_0: [0 0 0 1 0 0 0 1 1 0 0]
2025-07-08 11:15:56,043 DEBUG player_1: [1 1 1 0 1 1 1 0 1 1 0]
2025-07-08 11:15:56,177 DEBUG player_0: [0 0 0 1 0 0 0 1 1 0 0]
2025-07-08 11:15:56,179 DEBUG player_1: [1 1 1 0 1 1 1 0 1 1 0]
2025-07-08 11:15:56,323 DEBUG player_0: [0 0 0 1 0 0 0 1 1 0 0]
2025-07-08 11:15:56,324 DEBUG player_1: [1 1 1 0 1 1 1 0 1 1 0]
2025-07-08 11:15:56,866 DEBUG player_0: [0 0 0 0 0 0 0 0 1 0 0]
2025-07-08 11:15:56,867 DEBUG player_1: [0 0 0 0 0 0 0 0 1 1 0]
2025-07-08 11:15:57,001 DEBUG player_0: [1 1 1 1 1 1 1 1 0 0 0]
2025-07-08 11:15:57,001 DEBUG player_1: [1 1 1 0 1 1 1 0 1 1 0]
2025-07-08 11:15:57,541 DEBUG player_0: [0 0 0 0 0 0 0 0 0 0 0]
2025-07-08 11:15:57,541 DEBUG player_1: [0 0 0 0 0 0 0 0 1 1 0]
2025-07-08 11:15:57,667 DEBUG player_0: [1 1 1 1 1 1 1 1 0 0 0]
2025-07-08 11:15:57,667 DEBUG player_1: [1 1 1 1 1 1 1 1 1 0 0]
2025-07-08 11:15:57,799 DEBUG player_0: [1 1 1 1 1 1 1 1 0 0 0]
2025-07-08 11:15:57,800 DEBUG player_1: [1 0 0 0 0 0 0 0 0 0 0]
2025-07-08 11:15:57,925 DEBUG player_0: [1 1 1 1 1 1 1 1 0 0 0]
2025-07-08 11:15:57,926 DEBUG player_1: [1 1 1 1 1 1 1 1 1 0 0]
2025-07-08 11:15:58,051 DEBUG player_0: [1 1 1 1 1 1 1 1 0 0 0]
2025-07-08 11:15:58,051 DEBUG player_1: [1 1 1 1 1 1 1 1 1 0 0]
2025-07-08 11:15:58,177 DEBUG player_0: [1 1 1 1 1 1 1 1 0 0 0]
2025-07-08 11:15:58,178 DEBUG player_1: [1 1 1 1 1 1 1 1 1 0 0]
2025-07-08 11:15:58,243 INFO Episode 2 epoch 1 loss 3.0057
2025-07-08 11:15:58,244 INFO Episode 2 epoch 2 loss 3.1735
2025-07-08 11:15:58,245 INFO Episode 2 epoch 3 loss 3.2490
2025-07-08 11:15:58,246 INFO Episode 2 epoch 4 loss 3.2626
2025-07-08 11:15:58,247 INFO Episode 2 reward -8.97 time/episode: 5.450 opponents: self
2025-07-08 11:15:58,247 INFO Episode 2 reward breakdown: fail_immune: -0.200, knockout: -0.500, pokemon_count: 2.000, switch_penalty: 0.000, turn_penalty: -0.270, win_loss: -10.000
2025-07-08 11:15:58,298 INFO Selecting team for player_0...
2025-07-08 11:15:58,298 INFO Selecting team for player_1...
2025-07-08 11:15:58,532 DEBUG player_0: [1 1 1 1 1 1 1 1 1 1 0]
2025-07-08 11:15:58,533 DEBUG player_1: [1 1 1 1 1 1 1 1 1 1 0]
2025-07-08 11:15:58,663 DEBUG player_0: [1 1 1 1 1 1 1 1 1 1 0]
2025-07-08 11:15:58,663 DEBUG player_1: [1 1 1 1 1 1 1 1 1 1 0]
2025-07-08 11:15:58,790 DEBUG player_0: [1 1 1 1 1 1 1 1 1 1 0]
2025-07-08 11:15:58,790 DEBUG player_1: [1 1 1 1 1 1 1 1 1 1 0]
2025-07-08 11:15:58,921 DEBUG player_0: [1 1 1 1 1 1 1 1 1 1 0]
2025-07-08 11:15:58,921 DEBUG player_1: [1 1 1 1 1 1 1 1 1 1 0]
2025-07-08 11:15:59,043 DEBUG player_0: [1 1 1 1 1 1 1 1 1 1 0]
2025-07-08 11:15:59,043 DEBUG player_1: [1 1 1 1 1 1 1 1 1 1 0]
2025-07-08 11:15:59,171 DEBUG player_0: [1 1 1 1 1 1 1 1 1 1 0]
2025-07-08 11:15:59,171 DEBUG player_1: [1 1 1 1 1 1 1 1 1 1 0]
2025-07-08 11:15:59,303 DEBUG player_0: [1 1 1 1 1 1 1 1 1 1 0]
2025-07-08 11:15:59,304 DEBUG player_1: [1 1 1 1 1 1 1 1 1 1 0]
2025-07-08 11:15:59,436 DEBUG player_0: [1 1 1 1 1 1 1 1 1 1 0]
2025-07-08 11:15:59,436 DEBUG player_1: [1 1 1 1 1 1 1 1 1 1 0]
2025-07-08 11:15:59,571 DEBUG player_0: [1 1 1 1 1 1 1 1 1 1 0]
2025-07-08 11:15:59,572 DEBUG player_1: [1 1 1 0 1 1 1 0 1 1 0]
2025-07-08 11:15:59,701 DEBUG player_0: [1 1 1 0 1 1 1 0 1 1 0]
2025-07-08 11:15:59,702 DEBUG player_1: [1 1 1 0 1 1 1 0 1 1 0]
2025-07-08 11:15:59,829 DEBUG player_0: [1 1 1 0 1 1 1 0 1 1 0]
2025-07-08 11:15:59,830 DEBUG player_1: [1 1 1 0 1 1 1 0 1 1 0]
2025-07-08 11:15:59,957 DEBUG player_0: [1 1 1 0 1 1 1 0 1 1 0]
2025-07-08 11:15:59,957 DEBUG player_1: [1 1 1 0 1 1 1 0 1 1 0]
2025-07-08 11:16:00,083 DEBUG player_0: [1 1 1 0 1 1 1 0 1 1 0]
2025-07-08 11:16:00,083 DEBUG player_1: [1 1 1 0 1 1 1 0 1 1 0]
2025-07-08 11:16:00,213 DEBUG player_0: [1 1 1 0 1 1 1 0 1 1 0]
2025-07-08 11:16:00,213 DEBUG player_1: [1 1 1 0 1 1 1 0 1 1 0]
2025-07-08 11:16:00,342 DEBUG player_0: [1 1 1 0 1 1 1 0 1 1 0]
2025-07-08 11:16:00,343 DEBUG player_1: [1 1 1 0 1 1 1 0 1 1 0]
2025-07-08 11:16:00,878 DEBUG player_0: [0 0 0 0 0 0 0 0 1 1 0]
2025-07-08 11:16:00,878 DEBUG player_1: [0 0 0 0 0 0 0 0 1 1 0]
2025-07-08 11:16:01,004 DEBUG player_0: [1 1 1 0 1 1 1 0 1 1 0]
2025-07-08 11:16:01,004 DEBUG player_1: [1 1 1 1 1 1 1 1 1 0 0]
2025-07-08 11:16:01,546 DEBUG player_0: [0 0 0 0 0 0 0 0 1 1 0]
2025-07-08 11:16:01,547 DEBUG player_1: [0 0 0 0 0 0 0 0 1 0 0]
2025-07-08 11:16:01,673 DEBUG player_0: [1 1 1 1 1 1 1 1 1 0 0]
2025-07-08 11:16:01,674 DEBUG player_1: [1 1 1 1 1 1 1 1 1 0 0]
2025-07-08 11:16:01,799 DEBUG player_0: [1 1 1 1 1 1 1 1 1 0 0]
2025-07-08 11:16:01,799 DEBUG player_1: [1 1 1 1 1 1 1 1 1 0 0]
2025-07-08 11:16:01,925 DEBUG player_0: [1 1 1 1 1 1 1 1 1 0 0]
2025-07-08 11:16:01,925 DEBUG player_1: [1 1 1 1 1 1 1 1 1 0 0]
2025-07-08 11:16:02,060 DEBUG player_0: [1 1 1 1 1 1 1 1 1 0 0]
2025-07-08 11:16:02,061 DEBUG player_1: [1 1 1 1 1 1 1 1 1 0 0]
2025-07-08 11:16:02,609 DEBUG player_0: [0 0 0 0 0 0 0 0 1 0 0]
2025-07-08 11:16:02,609 DEBUG player_1: [0 0 0 0 0 0 0 0 1 0 0]
2025-07-08 11:16:02,738 DEBUG player_0: [1 1 1 1 1 1 1 1 0 0 0]
2025-07-08 11:16:02,739 DEBUG player_1: [1 1 1 1 1 1 1 1 1 0 0]
2025-07-08 11:16:02,866 DEBUG player_0: [1 1 1 1 1 1 1 1 0 0 0]
2025-07-08 11:16:02,866 DEBUG player_1: [1 1 1 1 1 1 1 1 1 0 0]
2025-07-08 11:16:02,995 DEBUG player_0: [1 1 1 1 1 1 1 1 0 0 0]
2025-07-08 11:16:02,995 DEBUG player_1: [0 1 1 1 0 1 1 1 1 0 0]
2025-07-08 11:16:03,125 DEBUG player_0: [1 1 1 1 1 1 1 1 0 0 0]
2025-07-08 11:16:03,126 DEBUG player_1: [0 1 1 1 0 1 1 1 1 0 0]
2025-07-08 11:16:03,252 DEBUG player_0: [1 1 1 1 1 1 1 1 0 0 0]
2025-07-08 11:16:03,253 DEBUG player_1: [0 1 1 1 0 1 1 1 1 0 0]
2025-07-08 11:16:03,380 DEBUG player_0: [1 1 1 1 1 1 1 1 0 0 0]
2025-07-08 11:16:03,380 DEBUG player_1: [0 1 1 1 0 1 1 1 1 0 0]
2025-07-08 11:16:03,508 DEBUG player_0: [1 1 1 1 1 1 1 1 0 0 0]
2025-07-08 11:16:03,508 DEBUG player_1: [0 1 1 1 0 1 1 1 1 0 0]
2025-07-08 11:16:03,631 DEBUG player_0: [1 1 1 1 1 1 1 1 0 0 0]
2025-07-08 11:16:03,632 DEBUG player_1: [0 1 1 1 0 1 1 1 1 0 0]
2025-07-08 11:16:03,763 DEBUG player_0: [1 1 1 1 1 1 1 1 0 0 0]
2025-07-08 11:16:03,763 DEBUG player_1: [0 1 1 1 0 1 1 1 1 0 0]
2025-07-08 11:16:03,888 DEBUG player_0: [1 1 1 1 1 1 1 1 0 0 0]
2025-07-08 11:16:03,888 DEBUG player_1: [0 1 1 1 0 1 1 1 1 0 0]
2025-07-08 11:16:04,012 DEBUG player_0: [1 1 1 1 1 1 1 1 0 0 0]
2025-07-08 11:16:04,013 DEBUG player_1: [0 1 1 0 0 1 1 0 1 0 0]
2025-07-08 11:16:04,131 DEBUG player_0: [1 1 1 1 1 1 1 1 0 0 0]
2025-07-08 11:16:04,132 DEBUG player_1: [0 1 1 0 0 1 1 0 1 0 0]
2025-07-08 11:16:04,258 DEBUG player_0: [1 1 1 1 1 1 1 1 0 0 0]
2025-07-08 11:16:04,259 DEBUG player_1: [0 1 1 0 0 1 1 0 1 0 0]
2025-07-08 11:16:04,385 DEBUG player_0: [1 1 1 1 1 1 1 1 0 0 0]
2025-07-08 11:16:04,386 DEBUG player_1: [0 1 1 0 0 1 1 0 1 0 0]
2025-07-08 11:16:04,516 DEBUG player_0: [1 1 1 1 1 1 1 1 0 0 0]
2025-07-08 11:16:04,517 DEBUG player_1: [0 1 1 0 0 1 1 0 1 0 0]
2025-07-08 11:16:04,647 DEBUG player_0: [1 1 1 1 1 1 1 1 0 0 0]
2025-07-08 11:16:04,647 DEBUG player_1: [0 1 1 0 0 1 1 0 1 0 0]
2025-07-08 11:16:04,774 DEBUG player_0: [1 1 1 1 1 1 1 1 0 0 0]
2025-07-08 11:16:04,774 DEBUG player_1: [0 1 1 0 0 1 1 0 1 0 0]
2025-07-08 11:16:04,903 DEBUG player_0: [0 1 1 1 0 1 1 1 0 0 0]
2025-07-08 11:16:04,904 DEBUG player_1: [1 1 1 1 1 1 1 1 1 0 0]
2025-07-08 11:16:05,035 DEBUG player_0: [0 1 1 1 0 1 1 1 0 0 0]
2025-07-08 11:16:05,035 DEBUG player_1: [1 0 0 0 0 0 0 0 0 0 0]
2025-07-08 11:16:05,171 DEBUG player_0: [0 1 1 1 0 1 1 1 0 0 0]
2025-07-08 11:16:05,171 DEBUG player_1: [1 1 1 1 1 1 1 1 1 0 0]
2025-07-08 11:16:05,299 DEBUG player_0: [0 1 1 1 0 1 1 1 0 0 0]
2025-07-08 11:16:05,300 DEBUG player_1: [1 0 0 0 0 0 0 0 0 0 0]
2025-07-08 11:16:05,368 INFO Episode 3 epoch 1 loss 4.3680
2025-07-08 11:16:05,369 INFO Episode 3 epoch 2 loss 4.3567
2025-07-08 11:16:05,370 INFO Episode 3 epoch 3 loss 4.3728
2025-07-08 11:16:05,371 INFO Episode 3 epoch 4 loss 4.3558
2025-07-08 11:16:05,372 INFO Episode 3 reward -11.04 time/episode: 7.125 opponents: self
2025-07-08 11:16:05,372 INFO Episode 3 reward breakdown: fail_immune: -0.140, knockout: -0.500, pokemon_count: 0.000, switch_penalty: 0.000, turn_penalty: -0.400, win_loss: -10.000
2025-07-08 11:16:05,427 INFO Selecting team for player_0...
2025-07-08 11:16:05,427 INFO Selecting team for player_1...
2025-07-08 11:16:05,663 DEBUG player_0: [1 1 1 1 1 1 1 1 1 1 0]
2025-07-08 11:16:05,664 DEBUG player_1: [1 1 1 1 1 1 1 1 1 1 0]
2025-07-08 11:16:05,792 DEBUG player_0: [1 1 1 1 1 1 1 1 1 1 0]
2025-07-08 11:16:05,793 DEBUG player_1: [1 0 0 0 0 0 0 0 0 0 0]
2025-07-08 11:16:05,921 DEBUG player_0: [1 1 1 1 1 1 1 1 1 1 0]
2025-07-08 11:16:05,921 DEBUG player_1: [1 1 1 1 1 1 1 1 1 1 0]
2025-07-08 11:16:06,055 DEBUG player_0: [1 1 1 1 1 1 1 1 1 1 0]
2025-07-08 11:16:06,056 DEBUG player_1: [1 0 0 0 0 0 0 0 0 0 0]
2025-07-08 11:16:06,186 DEBUG player_0: [1 1 1 1 1 1 1 1 1 1 0]
2025-07-08 11:16:06,187 DEBUG player_1: [1 1 1 1 1 1 1 1 1 1 0]
2025-07-08 11:16:06,315 DEBUG player_0: [1 1 1 1 1 1 1 1 1 1 0]
2025-07-08 11:16:06,315 DEBUG player_1: [1 0 0 0 0 0 0 0 0 0 0]
2025-07-08 11:16:06,448 DEBUG player_0: [1 1 1 1 1 1 1 1 1 1 0]
2025-07-08 11:16:06,448 DEBUG player_1: [1 1 1 1 1 1 1 1 1 1 0]
2025-07-08 11:16:06,577 DEBUG player_0: [1 1 1 1 1 1 1 1 1 1 0]
2025-07-08 11:16:06,577 DEBUG player_1: [1 0 0 0 0 0 0 0 0 0 0]
2025-07-08 11:16:06,712 DEBUG player_0: [1 1 1 1 1 1 1 1 1 1 0]
2025-07-08 11:16:06,712 DEBUG player_1: [1 1 1 1 1 1 1 1 1 1 0]
2025-07-08 11:16:06,842 DEBUG player_0: [1 1 1 1 1 1 1 1 1 1 0]
2025-07-08 11:16:06,843 DEBUG player_1: [1 0 0 0 0 0 0 0 0 0 0]
2025-07-08 11:16:06,979 DEBUG player_0: [1 1 1 1 1 1 1 1 1 1 0]
2025-07-08 11:16:06,979 DEBUG player_1: [1 1 1 1 1 1 1 1 1 1 0]
2025-07-08 11:16:07,107 DEBUG player_0: [1 1 1 1 1 1 1 1 1 1 0]
2025-07-08 11:16:07,108 DEBUG player_1: [1 0 0 0 0 0 0 0 0 0 0]
2025-07-08 11:16:07,236 DEBUG player_0: [1 1 1 1 1 1 1 1 1 1 0]
2025-07-08 11:16:07,237 DEBUG player_1: [1 1 1 1 1 1 1 1 1 1 0]
2025-07-08 11:16:07,362 DEBUG player_0: [1 1 1 1 1 1 1 1 1 1 0]
2025-07-08 11:16:07,363 DEBUG player_1: [1 0 0 0 0 0 0 0 0 0 0]
2025-07-08 11:16:07,496 DEBUG player_0: [1 1 1 1 1 1 1 1 1 1 0]
2025-07-08 11:16:07,496 DEBUG player_1: [1 1 1 1 1 1 1 1 1 1 0]
2025-07-08 11:16:07,624 DEBUG player_0: [1 1 1 1 1 1 1 1 1 1 0]
2025-07-08 11:16:07,624 DEBUG player_1: [1 0 0 0 0 0 0 0 0 0 0]
2025-07-08 11:16:07,752 DEBUG player_0: [0 1 1 1 0 1 1 1 1 1 0]
2025-07-08 11:16:07,752 DEBUG player_1: [1 1 1 1 1 1 1 1 1 1 0]
2025-07-08 11:16:07,877 DEBUG player_0: [0 1 1 1 0 1 1 1 1 1 0]
2025-07-08 11:16:07,878 DEBUG player_1: [1 0 0 0 0 0 0 0 0 0 0]
2025-07-08 11:16:08,020 DEBUG player_0: [0 1 1 1 0 1 1 1 1 1 0]
2025-07-08 11:16:08,021 DEBUG player_1: [1 1 1 1 1 1 1 1 1 1 0]
2025-07-08 11:16:08,131 DEBUG player_0: [0 1 1 1 0 1 1 1 1 1 0]
2025-07-08 11:16:08,131 DEBUG player_1: [1 0 0 0 0 0 0 0 0 0 0]
2025-07-08 11:16:08,244 DEBUG player_0: [0 1 1 1 0 1 1 1 1 1 0]
2025-07-08 11:16:08,245 DEBUG player_1: [1 1 1 1 1 1 1 1 1 1 0]
2025-07-08 11:16:08,358 DEBUG player_0: [0 1 1 1 0 1 1 1 1 1 0]
2025-07-08 11:16:08,359 DEBUG player_1: [1 0 0 0 0 0 0 0 0 0 0]
2025-07-08 11:16:08,884 DEBUG player_0: [0 0 0 0 0 0 0 0 1 1 0]
2025-07-08 11:16:08,884 DEBUG player_1: [0 0 0 0 0 0 0 0 1 1 0]
2025-07-08 11:16:08,996 DEBUG player_0: [0 1 1 1 0 1 1 1 1 1 0]
2025-07-08 11:16:08,996 DEBUG player_1: [1 1 1 1 1 1 1 1 1 0 0]
2025-07-08 11:16:09,109 DEBUG player_0: [0 1 1 1 0 1 1 1 1 1 0]
2025-07-08 11:16:09,109 DEBUG player_1: [1 1 1 1 1 1 1 1 1 0 0]
2025-07-08 11:16:09,220 DEBUG player_0: [0 1 1 1 0 1 1 1 1 1 0]
2025-07-08 11:16:09,221 DEBUG player_1: [1 1 1 1 1 1 1 1 1 0 0]
2025-07-08 11:16:09,332 DEBUG player_0: [0 1 1 1 0 1 1 1 1 1 0]
2025-07-08 11:16:09,332 DEBUG player_1: [1 1 1 1 1 1 1 1 1 0 0]
2025-07-08 11:16:09,854 DEBUG player_0: [0 0 0 0 0 0 0 0 1 1 0]
2025-07-08 11:16:09,854 DEBUG player_1: [0 0 0 0 0 0 0 0 1 0 0]
2025-07-08 11:16:09,967 DEBUG player_0: [1 1 1 1 1 1 1 1 1 0 0]
2025-07-08 11:16:09,967 DEBUG player_1: [1 1 1 1 1 1 1 1 1 0 0]
2025-07-08 11:16:10,489 DEBUG player_0: [0 0 0 0 0 0 0 0 1 0 0]
2025-07-08 11:16:10,490 DEBUG player_1: [0 0 0 0 0 0 0 0 1 0 0]
2025-07-08 11:16:10,601 DEBUG player_0: [1 1 1 1 1 1 1 1 1 0 0]
2025-07-08 11:16:10,602 DEBUG player_1: [1 1 1 1 1 1 1 1 1 0 0]
2025-07-08 11:16:10,715 DEBUG player_0: [1 1 1 1 1 1 1 1 1 0 0]
2025-07-08 11:16:10,716 DEBUG player_1: [1 1 1 1 1 1 1 1 1 0 0]
2025-07-08 11:16:10,828 DEBUG player_0: [1 1 1 1 1 1 1 1 1 0 0]
2025-07-08 11:16:10,828 DEBUG player_1: [1 1 1 1 1 1 1 1 1 0 0]
2025-07-08 11:16:10,940 DEBUG player_0: [1 1 1 1 1 1 1 1 1 0 0]
2025-07-08 11:16:10,940 DEBUG player_1: [0 1 1 1 0 1 1 1 1 0 0]
2025-07-08 11:16:11,055 DEBUG player_0: [1 1 1 1 1 1 1 1 1 0 0]
2025-07-08 11:16:11,055 DEBUG player_1: [0 1 1 1 0 1 1 1 1 0 0]
2025-07-08 11:16:11,166 DEBUG player_0: [1 1 1 1 1 1 1 1 1 0 0]
2025-07-08 11:16:11,167 DEBUG player_1: [0 1 1 1 0 1 1 1 1 0 0]
2025-07-08 11:16:11,275 DEBUG player_0: [1 1 1 1 1 1 1 1 1 0 0]
2025-07-08 11:16:11,276 DEBUG player_1: [0 1 1 1 0 1 1 1 1 0 0]
2025-07-08 11:16:11,389 DEBUG player_0: [1 1 1 1 1 1 1 1 1 0 0]
2025-07-08 11:16:11,389 DEBUG player_1: [0 1 1 1 0 1 1 1 1 0 0]
2025-07-08 11:16:11,502 DEBUG player_0: [0 1 1 1 0 1 1 1 1 0 0]
2025-07-08 11:16:11,502 DEBUG player_1: [0 1 1 1 0 1 1 1 1 0 0]
2025-07-08 11:16:11,614 DEBUG player_0: [0 1 1 1 0 1 1 1 1 0 0]
2025-07-08 11:16:11,615 DEBUG player_1: [0 1 1 1 0 1 1 1 1 0 0]
2025-07-08 11:16:11,725 DEBUG player_0: [0 1 1 1 0 1 1 1 1 0 0]
2025-07-08 11:16:11,725 DEBUG player_1: [0 1 1 1 0 1 1 1 1 0 0]
2025-07-08 11:16:11,837 DEBUG player_0: [0 1 1 1 0 1 1 1 1 0 0]
2025-07-08 11:16:11,838 DEBUG player_1: [0 1 1 1 0 1 1 1 1 0 0]
2025-07-08 11:16:11,952 DEBUG player_0: [0 1 1 1 0 1 1 1 1 0 0]
2025-07-08 11:16:11,952 DEBUG player_1: [0 1 1 1 0 1 1 1 1 0 0]
2025-07-08 11:16:12,065 DEBUG player_0: [0 1 1 1 0 1 1 1 1 0 0]
2025-07-08 11:16:12,066 DEBUG player_1: [0 1 1 1 0 1 1 1 1 0 0]
2025-07-08 11:16:12,180 DEBUG player_0: [0 1 1 1 0 1 1 1 1 0 0]
2025-07-08 11:16:12,180 DEBUG player_1: [0 1 1 0 0 1 1 0 1 0 0]
2025-07-08 11:16:12,292 DEBUG player_0: [0 1 1 1 0 1 1 1 1 0 0]
2025-07-08 11:16:12,293 DEBUG player_1: [0 1 1 0 0 1 1 0 1 0 0]
2025-07-08 11:16:12,405 DEBUG player_0: [0 1 1 0 0 1 1 0 1 0 0]
2025-07-08 11:16:12,405 DEBUG player_1: [0 1 1 0 0 1 1 0 1 0 0]
2025-07-08 11:16:12,517 DEBUG player_0: [0 1 1 0 0 1 1 0 1 0 0]
2025-07-08 11:16:12,517 DEBUG player_1: [0 1 1 0 0 1 1 0 1 0 0]
2025-07-08 11:16:12,629 DEBUG player_0: [0 1 1 0 0 1 1 0 1 0 0]
2025-07-08 11:16:12,629 DEBUG player_1: [0 1 1 0 0 1 1 0 1 0 0]
2025-07-08 11:16:12,744 DEBUG player_0: [0 1 1 0 0 1 1 0 1 0 0]
2025-07-08 11:16:12,744 DEBUG player_1: [0 1 1 0 0 1 1 0 1 0 0]
2025-07-08 11:16:12,858 DEBUG player_0: [0 1 1 0 0 1 1 0 1 0 0]
2025-07-08 11:16:12,859 DEBUG player_1: [0 1 1 0 0 1 1 0 1 0 0]
2025-07-08 11:16:12,970 DEBUG player_0: [0 1 1 0 0 1 1 0 1 0 0]
2025-07-08 11:16:12,970 DEBUG player_1: [0 1 1 0 0 1 1 0 1 0 0]
2025-07-08 11:16:13,084 DEBUG player_0: [0 1 1 0 0 1 1 0 1 0 0]
2025-07-08 11:16:13,084 DEBUG player_1: [0 1 1 0 0 1 1 0 1 0 0]
2025-07-08 11:16:13,197 DEBUG player_0: [0 1 1 0 0 1 1 0 1 0 0]
2025-07-08 11:16:13,197 DEBUG player_1: [0 1 1 0 0 1 1 0 1 0 0]
2025-07-08 11:16:13,309 DEBUG player_0: [0 1 1 0 0 1 1 0 1 0 0]
2025-07-08 11:16:13,309 DEBUG player_1: [0 1 1 0 0 1 1 0 1 0 0]
2025-07-08 11:16:13,421 DEBUG player_0: [0 1 1 0 0 1 1 0 1 0 0]
2025-07-08 11:16:13,421 DEBUG player_1: [0 0 1 0 0 0 1 0 1 0 0]
2025-07-08 11:16:13,531 DEBUG player_0: [0 0 1 0 0 0 1 0 1 0 0]
2025-07-08 11:16:13,531 DEBUG player_1: [1 1 1 1 1 1 1 1 1 0 0]
2025-07-08 11:16:14,049 DEBUG player_0: [0 0 0 0 0 0 0 0 1 0 0]
2025-07-08 11:16:14,050 DEBUG player_1: [0 0 0 0 0 0 0 0 1 0 0]
2025-07-08 11:16:14,163 DEBUG player_0: [0 0 1 0 0 0 1 0 0 0 0]
2025-07-08 11:16:14,164 DEBUG player_1: [1 1 1 1 1 1 1 1 1 0 0]
2025-07-08 11:16:14,276 DEBUG player_0: [0 0 1 0 0 0 0 0 0 0 0]
2025-07-08 11:16:14,277 DEBUG player_1: [1 1 1 1 1 1 1 1 1 0 0]
2025-07-08 11:16:14,389 DEBUG player_0: [0 0 1 0 0 0 0 0 0 0 0]
2025-07-08 11:16:14,389 DEBUG player_1: [1 1 1 1 1 1 1 1 1 0 0]
2025-07-08 11:16:14,500 DEBUG player_0: [0 0 1 0 0 0 0 0 0 0 0]
2025-07-08 11:16:14,501 DEBUG player_1: [1 1 1 1 1 1 1 1 1 0 0]
2025-07-08 11:16:14,609 DEBUG player_0: [0 0 1 0 0 0 0 0 0 0 0]
2025-07-08 11:16:14,609 DEBUG player_1: [1 1 1 1 1 1 1 1 1 0 0]
2025-07-08 11:16:14,693 INFO Episode 4 epoch 1 loss 3.2962
2025-07-08 11:16:14,694 INFO Episode 4 epoch 2 loss 3.2923
2025-07-08 11:16:14,695 INFO Episode 4 epoch 3 loss 3.2825
2025-07-08 11:16:14,696 INFO Episode 4 epoch 4 loss 3.2520
2025-07-08 11:16:14,697 INFO Episode 4 reward -11.44 time/episode: 9.325 opponents: self
2025-07-08 11:16:14,697 INFO Episode 4 reward breakdown: fail_immune: -0.360, knockout: -0.500, pokemon_count: 0.000, switch_penalty: 0.000, turn_penalty: -0.580, win_loss: -10.000
2025-07-08 11:16:14,748 INFO Selecting team for player_0...
2025-07-08 11:16:14,748 INFO Selecting team for player_1...
2025-07-08 11:16:14,975 DEBUG player_0: [1 1 1 1 1 1 1 1 1 1 0]
2025-07-08 11:16:14,975 DEBUG player_1: [1 1 1 1 1 1 1 1 1 1 0]
2025-07-08 11:16:15,088 DEBUG player_0: [1 1 1 1 1 1 1 1 1 1 0]
2025-07-08 11:16:15,088 DEBUG player_1: [1 1 1 1 1 1 1 1 1 1 0]
2025-07-08 11:16:15,206 DEBUG player_0: [1 1 1 1 1 1 1 1 1 1 0]
2025-07-08 11:16:15,206 DEBUG player_1: [1 1 1 1 1 1 1 1 1 1 0]
2025-07-08 11:16:15,318 DEBUG player_0: [1 1 1 1 1 1 1 1 1 1 0]
2025-07-08 11:16:15,319 DEBUG player_1: [1 1 1 1 1 1 1 1 1 1 0]
2025-07-08 11:16:15,432 DEBUG player_0: [1 1 1 1 1 1 1 1 1 1 0]
2025-07-08 11:16:15,433 DEBUG player_1: [1 1 1 1 1 1 1 1 1 1 0]
2025-07-08 11:16:15,546 DEBUG player_0: [1 1 1 1 1 1 1 1 1 1 0]
2025-07-08 11:16:15,546 DEBUG player_1: [1 1 1 1 1 1 1 1 1 1 0]
2025-07-08 11:16:15,659 DEBUG player_0: [1 1 1 1 1 1 1 1 1 1 0]
2025-07-08 11:16:15,659 DEBUG player_1: [1 1 1 1 1 1 1 1 1 1 0]
2025-07-08 11:16:15,770 DEBUG player_0: [1 1 1 1 1 1 1 1 1 1 0]
2025-07-08 11:16:15,770 DEBUG player_1: [1 1 1 1 1 1 1 1 1 1 0]
2025-07-08 11:16:15,882 DEBUG player_0: [1 1 1 0 1 1 1 0 1 1 0]
2025-07-08 11:16:15,883 DEBUG player_1: [1 1 1 0 1 1 1 0 1 1 0]
2025-07-08 11:16:15,994 DEBUG player_0: [1 1 1 0 1 1 1 0 1 1 0]
2025-07-08 11:16:15,995 DEBUG player_1: [1 1 1 0 1 1 1 0 1 1 0]
2025-07-08 11:16:16,108 DEBUG player_0: [1 1 1 0 1 1 1 0 1 1 0]
2025-07-08 11:16:16,108 DEBUG player_1: [1 1 1 0 1 1 1 0 1 1 0]
2025-07-08 11:16:16,217 DEBUG player_0: [1 0 1 0 1 0 1 0 1 1 0]
2025-07-08 11:16:16,217 DEBUG player_1: [1 1 1 0 1 1 1 0 1 1 0]
2025-07-08 11:16:16,330 DEBUG player_0: [1 0 1 0 1 0 1 0 1 1 0]
2025-07-08 11:16:16,331 DEBUG player_1: [1 1 1 0 1 1 1 0 1 1 0]
2025-07-08 11:16:16,444 DEBUG player_0: [1 0 1 0 1 0 1 0 1 1 0]
2025-07-08 11:16:16,444 DEBUG player_1: [1 1 1 0 1 1 1 0 1 1 0]
2025-07-08 11:16:16,557 DEBUG player_0: [1 1 1 0 1 1 1 0 1 1 0]
2025-07-08 11:16:16,557 DEBUG player_1: [1 1 1 0 1 1 1 0 1 1 0]
2025-07-08 11:16:17,078 DEBUG player_0: [0 0 0 0 0 0 0 0 1 1 0]
2025-07-08 11:16:17,079 DEBUG player_1: [0 0 0 0 0 0 0 0 1 1 0]
2025-07-08 11:16:17,190 DEBUG player_0: [1 1 1 0 1 1 1 0 1 1 0]
2025-07-08 11:16:17,190 DEBUG player_1: [1 1 1 1 1 1 1 1 1 0 0]
2025-07-08 11:16:17,711 DEBUG player_0: [0 0 0 0 0 0 0 0 1 1 0]
2025-07-08 11:16:17,712 DEBUG player_1: [0 0 0 0 0 0 0 0 1 0 0]
2025-07-08 11:16:17,824 DEBUG player_0: [1 1 1 1 1 1 1 1 1 0 0]
2025-07-08 11:16:17,824 DEBUG player_1: [1 1 1 1 1 1 1 1 1 0 0]
2025-07-08 11:16:17,936 DEBUG player_0: [1 0 0 0 0 0 0 0 0 0 0]
2025-07-08 11:16:17,936 DEBUG player_1: [1 1 1 1 1 1 1 1 1 0 0]
2025-07-08 11:16:18,051 DEBUG player_0: [1 1 1 1 1 1 1 1 1 0 0]
2025-07-08 11:16:18,051 DEBUG player_1: [1 1 1 1 1 1 1 1 1 0 0]
2025-07-08 11:16:18,164 DEBUG player_0: [1 0 0 0 0 0 0 0 0 0 0]
2025-07-08 11:16:18,164 DEBUG player_1: [1 1 1 1 1 1 1 1 1 0 0]
2025-07-08 11:16:18,278 DEBUG player_0: [1 1 1 1 1 1 1 1 1 0 0]
2025-07-08 11:16:18,278 DEBUG player_1: [1 1 1 1 1 1 1 1 1 0 0]
2025-07-08 11:16:18,387 DEBUG player_0: [1 0 0 0 0 0 0 0 0 0 0]
2025-07-08 11:16:18,388 DEBUG player_1: [1 1 1 1 1 1 1 1 1 0 0]
2025-07-08 11:16:18,496 DEBUG player_0: [1 1 1 1 1 1 1 1 1 0 0]
2025-07-08 11:16:18,497 DEBUG player_1: [1 1 1 1 1 1 1 1 1 0 0]
2025-07-08 11:16:18,608 DEBUG player_0: [1 0 0 0 0 0 0 0 0 0 0]
2025-07-08 11:16:18,608 DEBUG player_1: [1 1 1 1 1 1 1 1 1 0 0]
2025-07-08 11:16:18,720 DEBUG player_0: [1 1 1 1 1 1 1 1 1 0 0]
2025-07-08 11:16:18,720 DEBUG player_1: [1 1 1 1 1 1 1 1 1 0 0]
2025-07-08 11:16:18,828 DEBUG player_0: [1 0 0 0 0 0 0 0 0 0 0]
2025-07-08 11:16:18,829 DEBUG player_1: [1 1 1 1 1 1 1 1 1 0 0]
2025-07-08 11:16:18,941 DEBUG player_0: [1 1 1 1 1 1 1 1 1 0 0]
2025-07-08 11:16:18,942 DEBUG player_1: [1 1 1 1 1 1 1 1 1 0 0]
2025-07-08 11:16:19,054 DEBUG player_0: [1 0 0 0 0 0 0 0 0 0 0]
2025-07-08 11:16:19,055 DEBUG player_1: [1 1 1 1 1 1 1 1 1 0 0]
2025-07-08 11:16:19,167 DEBUG player_0: [1 1 1 1 1 1 1 1 1 0 0]
2025-07-08 11:16:19,167 DEBUG player_1: [1 1 1 1 1 1 1 1 1 0 0]
2025-07-08 11:16:19,279 DEBUG player_0: [1 0 0 0 0 0 0 0 0 0 0]
2025-07-08 11:16:19,279 DEBUG player_1: [1 1 1 1 1 1 1 1 1 0 0]
2025-07-08 11:16:19,391 DEBUG player_0: [1 1 1 1 1 1 1 1 1 0 0]
2025-07-08 11:16:19,391 DEBUG player_1: [1 1 1 1 1 1 1 1 1 0 0]
2025-07-08 11:16:19,503 DEBUG player_0: [1 0 0 0 0 0 0 0 0 0 0]
2025-07-08 11:16:19,503 DEBUG player_1: [1 1 1 1 1 1 1 1 1 0 0]
2025-07-08 11:16:19,615 DEBUG player_0: [1 1 1 1 1 1 1 1 1 0 0]
2025-07-08 11:16:19,615 DEBUG player_1: [0 1 1 1 0 1 1 1 1 0 0]
2025-07-08 11:16:19,729 DEBUG player_0: [1 0 0 0 0 0 0 0 0 0 0]
2025-07-08 11:16:19,729 DEBUG player_1: [0 1 1 1 0 1 1 1 1 0 0]
2025-07-08 11:16:19,841 DEBUG player_0: [1 1 1 1 1 1 1 1 1 0 0]
2025-07-08 11:16:19,841 DEBUG player_1: [0 1 1 1 0 1 1 1 1 0 0]
2025-07-08 11:16:19,952 DEBUG player_0: [1 0 0 0 0 0 0 0 0 0 0]
2025-07-08 11:16:19,952 DEBUG player_1: [0 1 1 1 0 1 1 1 1 0 0]
2025-07-08 11:16:20,065 DEBUG player_0: [1 1 1 1 1 1 1 1 1 0 0]
2025-07-08 11:16:20,066 DEBUG player_1: [0 1 1 1 0 1 1 1 1 0 0]
2025-07-08 11:16:20,178 DEBUG player_0: [1 0 0 0 0 0 0 0 0 0 0]
2025-07-08 11:16:20,178 DEBUG player_1: [0 1 1 1 0 1 1 1 1 0 0]
2025-07-08 11:16:20,290 DEBUG player_0: [1 1 1 1 1 1 1 1 1 0 0]
2025-07-08 11:16:20,290 DEBUG player_1: [0 1 1 1 0 1 1 1 1 0 0]
2025-07-08 11:16:20,399 DEBUG player_0: [1 0 0 0 0 0 0 0 0 0 0]
2025-07-08 11:16:20,399 DEBUG player_1: [0 1 1 1 0 1 1 1 1 0 0]
2025-07-08 11:16:20,921 DEBUG player_0: [0 0 0 0 0 0 0 0 1 0 0]
2025-07-08 11:16:20,922 DEBUG player_1: [0 0 0 0 0 0 0 0 1 0 0]
2025-07-08 11:16:21,037 DEBUG player_0: [1 1 1 1 1 1 1 1 0 0 0]
2025-07-08 11:16:21,037 DEBUG player_1: [0 1 1 1 0 1 1 1 1 0 0]
2025-07-08 11:16:21,151 DEBUG player_0: [1 1 1 1 1 1 1 1 0 0 0]
2025-07-08 11:16:21,152 DEBUG player_1: [0 1 1 1 0 1 1 1 1 0 0]
2025-07-08 11:16:21,331 DEBUG player_0: [1 1 1 1 1 1 1 1 0 0 0]
2025-07-08 11:16:21,331 DEBUG player_1: [0 1 1 1 0 1 1 1 1 0 0]
2025-07-08 11:16:21,860 DEBUG player_0: [0 0 0 0 0 0 0 0 0 0 0]
2025-07-08 11:16:21,860 DEBUG player_1: [0 0 0 0 0 0 0 0 1 0 0]
2025-07-08 11:16:21,972 DEBUG player_0: [1 1 1 1 1 1 1 1 0 0 0]
2025-07-08 11:16:21,972 DEBUG player_1: [1 1 1 1 1 1 1 1 0 0 0]
2025-07-08 11:16:22,083 DEBUG player_0: [1 1 1 1 1 1 1 1 0 0 0]
2025-07-08 11:16:22,083 DEBUG player_1: [1 0 0 0 1 0 0 0 0 0 0]
2025-07-08 11:16:22,197 DEBUG player_0: [1 1 1 1 1 1 1 1 0 0 0]
2025-07-08 11:16:22,198 DEBUG player_1: [1 0 0 0 1 0 0 0 0 0 0]
2025-07-08 11:16:22,271 INFO Episode 5 epoch 1 loss 19.6242
2025-07-08 11:16:22,272 INFO Episode 5 epoch 2 loss 19.0391
2025-07-08 11:16:22,273 INFO Episode 5 epoch 3 loss 18.7896
2025-07-08 11:16:22,274 INFO Episode 5 epoch 4 loss 18.8353
2025-07-08 11:16:22,275 INFO Episode 5 reward 16.21 time/episode: 7.578 opponents: self
2025-07-08 11:16:22,275 INFO Episode 5 reward breakdown: fail_immune: -0.340, knockout: 2.000, pokemon_count: 5.000, switch_penalty: 0.000, turn_penalty: -0.450, win_loss: 10.000
2025-07-08 11:16:22,275 INFO Opponent usage statistics:
2025-07-08 11:16:22,275 INFO   self: 5 episodes (100.0%)
2025-07-08 11:16:22,326 DEBUG player_0: [1 1 1 1 1 1 1 1 1 1 0]
2025-07-08 11:16:22,327 INFO Initial probs: [8.685e-02 2.152e-05 1.824e-02 4.634e-01 3.715e-01 4.870e-04 5.658e-05
 2.884e-03 8.592e-03 4.796e-02 0.000e+00]
2025-07-08 11:16:22,327 INFO Updated probs: [9.993e-01 3.779e-06 8.973e-13 6.881e-04 1.225e-14 9.171e-13 3.438e-09
 2.724e-13 7.800e-08 2.920e-08 0.000e+00]
2025-07-08 11:16:22,327 INFO Prob change: [ 9.125e-01 -1.774e-05 -1.824e-02 -4.627e-01 -3.715e-01 -4.870e-04
 -5.657e-05 -2.884e-03 -8.592e-03 -4.796e-02  0.000e+00]
