2025-07-01 22:56:41,857 INFO Run parameters: {'log_level': 'DEBUG', 'config': 'C:\\Users\\こう\\Documents\\GitHub\\Maple\\Maple\\config\\train_config.yml', 'episodes': 1, 'save': 'model_debug.pt', 'tensorboard': False, 'ppo_epochs': 4, 'clip': None, 'gae_lambda': None, 'value_coef': None, 'entropy_coef': None, 'gamma': None, 'parallel': 1, 'algo': 'ppo', 'checkpoint_interval': 50, 'checkpoint_dir': 'checkpoints', 'reward': 'hp_delta', 'reward_config': None}
2025-07-01 22:56:43,146 DEBUG environment reset: cleared action queues and mappings
2025-07-01 22:56:45,153 DEBUG = connection is CONNECTING
2025-07-01 22:56:45,155 DEBUG = connection is CONNECTING
2025-07-01 22:56:45,155 DEBUG > GET /showdown/websocket HTTP/1.1
2025-07-01 22:56:45,155 DEBUG > Host: localhost:8000
2025-07-01 22:56:45,155 DEBUG > Upgrade: websocket
2025-07-01 22:56:45,155 DEBUG > Connection: Upgrade
2025-07-01 22:56:45,155 DEBUG > Sec-WebSocket-Key: 5fkYIlfGUYbX4NsVq+kWYw==
2025-07-01 22:56:45,156 DEBUG > Sec-WebSocket-Version: 13
2025-07-01 22:56:45,156 DEBUG > Sec-WebSocket-Extensions: permessage-deflate; client_max_window_bits
2025-07-01 22:56:45,156 DEBUG > User-Agent: Python/3.12 websockets/15.0.1
2025-07-01 22:56:45,156 DEBUG > GET /showdown/websocket HTTP/1.1
2025-07-01 22:56:45,156 DEBUG > Host: localhost:8000
2025-07-01 22:56:45,156 DEBUG > Upgrade: websocket
2025-07-01 22:56:45,156 DEBUG > Connection: Upgrade
2025-07-01 22:56:45,156 DEBUG > Sec-WebSocket-Key: MRnsQ2rdssJYQvYe3rdT5A==
2025-07-01 22:56:45,156 DEBUG > Sec-WebSocket-Version: 13
2025-07-01 22:56:45,156 DEBUG > Sec-WebSocket-Extensions: permessage-deflate; client_max_window_bits
2025-07-01 22:56:45,156 DEBUG > User-Agent: Python/3.12 websockets/15.0.1
2025-07-01 22:56:45,157 DEBUG < HTTP/1.1 101 Switching Protocols
2025-07-01 22:56:45,157 DEBUG < Upgrade: websocket
2025-07-01 22:56:45,157 DEBUG < Connection: Upgrade
2025-07-01 22:56:45,157 DEBUG < Sec-WebSocket-Accept: MMDoxgTe4cRAxmWBc8mczZBC2IM=
2025-07-01 22:56:45,157 DEBUG = connection is OPEN
2025-07-01 22:56:45,158 DEBUG < HTTP/1.1 101 Switching Protocols
2025-07-01 22:56:45,158 DEBUG < Upgrade: websocket
2025-07-01 22:56:45,158 DEBUG < Connection: Upgrade
2025-07-01 22:56:45,158 DEBUG < Sec-WebSocket-Accept: FqSnsDnaTCd9GlJKsYVrkhgYOvc=
2025-07-01 22:56:45,159 DEBUG = connection is OPEN
2025-07-01 22:56:45,159 DEBUG < TEXT '|updateuser| Guest 3|0|265|{"blockChallenges":f...c|[Gen 1] Custom Game,c' [8022 bytes]
2025-07-01 22:56:45,159 DEBUG < TEXT '|challstr|4|3a9451ae96f612c04bdb80e087afcb0ff58...6bc21e9494d0cf748f1260a' [268 bytes]
2025-07-01 22:56:45,160 DEBUG > TEXT '|/trn EnvPlayer 1,0,' [20 bytes]
2025-07-01 22:56:45,161 DEBUG < TEXT '|updateuser| Guest 4|0|101|{"blockChallenges":f...c|[Gen 1] Custom Game,c' [8022 bytes]
2025-07-01 22:56:45,161 DEBUG < TEXT '|challstr|4|91b711c956ae885231ce57933be91d0a506...5c7ab2577b9ddb6fe39a52d' [268 bytes]
2025-07-01 22:56:45,162 DEBUG > TEXT '|/trn EnvPlayer 2,0,' [20 bytes]
2025-07-01 22:56:45,163 DEBUG < TEXT '|updatesearch|{"searching":[],"games":null}' [43 bytes]
2025-07-01 22:56:45,163 DEBUG < TEXT '|updateuser| EnvPlayer 1|1|170|{"blockChallenge...:false,"language":null}' [354 bytes]
2025-07-01 22:56:45,164 DEBUG < TEXT '|updatesearch|{"searching":[],"games":{"battle-... 9] BSS Reg I Battle"}}' [94 bytes]
2025-07-01 22:56:45,165 DEBUG < TEXT '>battle-gen9bssregi-24923\n|init|battle\n|title...r|p2|EnvPlayer 1|170|\n' [809 bytes]
2025-07-01 22:56:45,166 DEBUG < TEXT '>battle-gen9bssregi-24923\n|request|{"teamPrevi...llized":""}]},"rqid":3}' [2366 bytes]
2025-07-01 22:56:45,168 DEBUG [DBG] player_0 last_request={}
2025-07-01 22:56:45,168 DEBUG < TEXT '|updatesearch|{"searching":[],"games":null}' [43 bytes]
2025-07-01 22:56:45,169 DEBUG < TEXT '>battle-gen9bssregi-24923\n|player|p2|EnvPlayer 1|170|\n|j|☆EnvPlayer 2' [71 bytes]
2025-07-01 22:56:45,169 DEBUG < TEXT '|updateuser| EnvPlayer 2|1|265|{"blockChallenge...:false,"language":null}' [354 bytes]
2025-07-01 22:56:45,169 DEBUG < TEXT '|updatesearch|{"searching":[],"games":{"battle-... 9] BSS Reg I Battle"}}' [94 bytes]
2025-07-01 22:56:45,170 DEBUG < TEXT '>battle-gen9bssregi-24923\n|init|battle\n|title...r|p1|EnvPlayer 2|265|\n' [855 bytes]
2025-07-01 22:56:45,172 DEBUG < TEXT '>battle-gen9bssregi-24923\n|request|{"teamPrevi...llized":""}]},"rqid":2}' [2366 bytes]
2025-07-01 22:56:45,173 DEBUG [DBG] player_1 last_request={}
2025-07-01 22:56:45,174 DEBUG > TEXT '|/utm Corviknight||flameorb|pressure|bodypress,...,252,,252|||||,,,,,Dark' [614 bytes]
2025-07-01 22:56:45,174 DEBUG > TEXT '|/challenge envplayer1, gen9bssregi' [35 bytes]
2025-07-01 22:56:45,175 DEBUG > TEXT '|/utm Corviknight||flameorb|pressure|bodypress,...,252,,252|||||,,,,,Dark' [614 bytes]
2025-07-01 22:56:45,175 DEBUG > TEXT '|/challenge envplayer2, gen9bssregi' [35 bytes]
2025-07-01 22:56:45,182 DEBUG < TEXT '|pm| EnvPlayer 2| EnvPlayer 1|/challenge gen9bssregi|gen9bssregi|||' [67 bytes]
2025-07-01 22:56:45,182 DEBUG < TEXT '|pm| EnvPlayer 2| EnvPlayer 1|/challenge gen9bssregi|gen9bssregi|||' [67 bytes]
2025-07-01 22:56:45,182 DEBUG < TEXT '|pm| EnvPlayer 2| EnvPlayer 1|/log EnvPlayer 2 wants to battle!' [63 bytes]
2025-07-01 22:56:45,182 DEBUG < TEXT '|pm| EnvPlayer 2| EnvPlayer 1|/log EnvPlayer 2 wants to battle!' [63 bytes]
2025-07-01 22:56:45,183 DEBUG > TEXT '|/utm Corviknight||flameorb|pressure|bodypress,...,252,,252|||||,,,,,Dark' [614 bytes]
2025-07-01 22:56:45,183 DEBUG > TEXT '|/accept envplayer2' [19 bytes]
2025-07-01 22:56:45,184 DEBUG < TEXT '|pm| EnvPlayer 1| EnvPlayer 2|/challenge' [40 bytes]
2025-07-01 22:56:45,184 DEBUG < TEXT '|pm| EnvPlayer 1| EnvPlayer 2|/challenge' [40 bytes]
2025-07-01 22:56:45,185 DEBUG < TEXT '|updatesearch|{"searching":[],"games":{"battle-... 9] BSS Reg I Battle"}}' [94 bytes]
2025-07-01 22:56:45,185 DEBUG < TEXT '|updatesearch|{"searching":[],"games":{"battle-... 9] BSS Reg I Battle"}}' [94 bytes]
2025-07-01 22:56:45,185 DEBUG < TEXT '|updatesearch|{"searching":[],"games":{"battle-... 9] BSS Reg I Battle"}}' [148 bytes]
2025-07-01 22:56:45,185 DEBUG < TEXT '|updatesearch|{"searching":[],"games":{"battle-... 9] BSS Reg I Battle"}}' [148 bytes]
2025-07-01 22:56:45,186 DEBUG < TEXT '|updatesearch|{"searching":[],"games":{"battle-... 9] BSS Reg I Battle"}}' [148 bytes]
2025-07-01 22:56:45,186 DEBUG < TEXT '|updatesearch|{"searching":[],"games":{"battle-... 9] BSS Reg I Battle"}}' [148 bytes]
2025-07-01 22:56:45,186 DEBUG < TEXT '>battle-gen9bssregi-24924\n|init|battle\n|title...er 1\n|j|☆EnvPlayer 2\n' [92 bytes]
2025-07-01 22:56:45,186 DEBUG < TEXT '>battle-gen9bssregi-24924\n|j|☆EnvPlayer 1' [43 bytes]
2025-07-01 22:56:45,186 DEBUG < TEXT '>battle-gen9bssregi-24924\n|init|battle\n|title...er 2\n|j|☆EnvPlayer 1\n' [110 bytes]
2025-07-01 22:56:45,187 DEBUG < TEXT '|popup|envplayer2 is not challenging you. Maybe...ed before you accepted?' [83 bytes]
2025-07-01 22:56:45,188 DEBUG < TEXT '>battle-gen9bssregi-24924\n|t:|1751378205\n|gametype|singles' [58 bytes]
2025-07-01 22:56:45,189 DEBUG < TEXT '>battle-gen9bssregi-24924\n|t:|1751378205\n|gametype|singles' [58 bytes]
2025-07-01 22:56:45,189 DEBUG < TEXT '>battle-gen9bssregi-24924\n|player|p1|EnvPlayer 2|265|' [53 bytes]
2025-07-01 22:56:45,190 DEBUG < TEXT '>battle-gen9bssregi-24924\n|player|p1|EnvPlayer 2|265|' [53 bytes]
2025-07-01 22:56:45,191 DEBUG < TEXT '>battle-gen9bssregi-24924\n|player|p2|EnvPlayer...L50, F|\n|teampreview|3' [557 bytes]
2025-07-01 22:56:45,191 DEBUG < TEXT '>battle-gen9bssregi-24924\n|player|p2|EnvPlayer...L50, F|\n|teampreview|3' [557 bytes]
2025-07-01 22:56:45,191 DEBUG < TEXT '>battle-gen9bssregi-24924\n|request|{"teamPrevi...llized":""}]},"rqid":3}' [2366 bytes]
2025-07-01 22:56:45,192 DEBUG < TEXT '>battle-gen9bssregi-24924\n|request|{"teamPrevi...llized":""}]},"rqid":2}' [2366 bytes]
2025-07-01 22:56:45,278 DEBUG [DBG] player_0 send team preview request for battle-gen9bssregi-24923
2025-07-01 22:56:45,278 DEBUG [DBG] player_0 waiting team preview action (qsize=0)
2025-07-01 22:56:45,278 DEBUG [DBG] player_1 send team preview request for battle-gen9bssregi-24923
2025-07-01 22:56:45,278 DEBUG [DBG] player_1 waiting team preview action (qsize=0)
2025-07-01 22:56:45,283 DEBUG [DBG] player_0: 0 moves, 5 switches (force_switch=False)
2025-07-01 22:56:45,283 DEBUG [DBG] player_0 available_switches: ['dragapult(HP:100.0%, fainted=False, active=False)', 'ursaluna(HP:100.0%, fainted=False, active=False)', 'tinglu(HP:100.0%, fainted=False, active=False)', 'alomomola(HP:100.0%, fainted=False, active=False)', 'hydreigon(HP:100.0%, fainted=False, active=False)']
2025-07-01 22:56:45,283 DEBUG [DBG] player_1: 0 moves, 5 switches (force_switch=False)
2025-07-01 22:56:45,283 DEBUG [DBG] player_1 available_switches: ['dragapult(HP:100.0%, fainted=False, active=False)', 'ursaluna(HP:100.0%, fainted=False, active=False)', 'tinglu(HP:100.0%, fainted=False, active=False)', 'alomomola(HP:100.0%, fainted=False, active=False)', 'hydreigon(HP:100.0%, fainted=False, active=False)']
2025-07-01 22:56:45,284 DEBUG [DBG] player_0 team preview message /team 246 (EnvPlayer 1)
2025-07-01 22:56:45,284 DEBUG [DBG] player_0 send message '/team 246' to battle battle-gen9bssregi-24923 last = {'teamPreview': True, 'maxChosenTeamSize': 3, 'side': {'name': 'EnvPlayer 1', 'id': 'p2', 'pokemon': [{'ident': 'p2: Corviknight', 'details': 'Corviknight, L50, F', 'condition': '205/205', 'active': True, 'stats': {'atk': 107, 'def': 125, 'spa': 73, 'spd': 105, 'spe': 87}, 'moves': ['bodypress', 'taunt', 'bravebird', 'roost'], 'baseAbility': 'pressure', 'item': 'flameorb', 'pokeball': 'pokeball', 'ability': 'pressure', 'commanding': False, 'reviving': False, 'teraType': 'Flying', 'terastallized': ''}, {'ident': 'p2: Dragapult', 'details': 'Dragapult, L50, M', 'condition': '195/195', 'active': False, 'stats': {'atk': 126, 'def': 95, 'spa': 120, 'spd': 95, 'spe': 213}, 'moves': ['phantomforce', 'substitute', 'thunderwave', 'dracometeor'], 'baseAbility': 'infiltrator', 'item': 'focussash', 'pokeball': 'pokeball', 'ability': 'infiltrator', 'commanding': False, 'reviving': False, 'teraType': 'Dragon', 'terastallized': ''}, {'ident': 'p2: Ursaluna', 'details': 'Ursaluna, L50, F', 'condition': '237/237', 'active': False, 'stats': {'atk': 145, 'def': 112, 'spa': 65, 'spd': 110, 'spe': 70}, 'moves': ['bodypress', 'hypervoice', 'seismictoss', 'counter'], 'baseAbility': 'unnerve', 'item': 'assaultvest', 'pokeball': 'pokeball', 'ability': 'unnerve', 'commanding': False, 'reviving': False, 'teraType': 'Ground', 'terastallized': ''}, {'ident': 'p2: Ting-Lu', 'details': 'Ting-Lu, L50', 'condition': '262/262', 'active': False, 'stats': {'atk': 162, 'def': 145, 'spa': 75, 'spd': 100, 'spe': 65}, 'moves': ['memento', 'whirlwind', 'lashout', 'earthquake'], 'baseAbility': 'vesselofruin', 'item': 'leftovers', 'pokeball': 'pokeball', 'ability': 'vesselofruin', 'commanding': False, 'reviving': False, 'teraType': 'Dark', 'terastallized': ''}, {'ident': 'p2: Alomomola', 'details': 'Alomomola, L50, F', 'condition': '240/240', 'active': False, 'stats': {'atk': 80, 'def': 132, 'spa': 60, 'spd': 97, 'spe': 85}, 'moves': ['blizzard', 'rest', 'painsplit', 'healingwish'], 'baseAbility': 'regenerator', 'item': 'rockyhelmet', 'pokeball': 'pokeball', 'ability': 'regenerator', 'commanding': False, 'reviving': False, 'teraType': 'Water', 'terastallized': ''}, {'ident': 'p2: Hydreigon', 'details': 'Hydreigon, L50, F', 'condition': '167/167', 'active': False, 'stats': {'atk': 125, 'def': 110, 'spa': 177, 'spd': 110, 'spe': 150}, 'moves': ['dracometeor', 'stealthrock', 'headsmash', 'uturn'], 'baseAbility': 'levitate', 'item': 'lifeorb', 'pokeball': 'pokeball', 'ability': 'levitate', 'commanding': False, 'reviving': False, 'teraType': 'Dark', 'terastallized': ''}]}, 'rqid': 3}
2025-07-01 22:56:45,285 DEBUG > TEXT 'battle-gen9bssregi-24923|/team 246' [34 bytes]
2025-07-01 22:56:45,285 DEBUG [DBG] player_1 team preview message /team 145 (EnvPlayer 2)
2025-07-01 22:56:45,285 DEBUG [DBG] player_1 send message '/team 145' to battle battle-gen9bssregi-24923 last = {'teamPreview': True, 'maxChosenTeamSize': 3, 'side': {'name': 'EnvPlayer 2', 'id': 'p1', 'pokemon': [{'ident': 'p1: Corviknight', 'details': 'Corviknight, L50, F', 'condition': '205/205', 'active': True, 'stats': {'atk': 107, 'def': 125, 'spa': 73, 'spd': 105, 'spe': 87}, 'moves': ['bodypress', 'taunt', 'bravebird', 'roost'], 'baseAbility': 'pressure', 'item': 'flameorb', 'pokeball': 'pokeball', 'ability': 'pressure', 'commanding': False, 'reviving': False, 'teraType': 'Flying', 'terastallized': ''}, {'ident': 'p1: Dragapult', 'details': 'Dragapult, L50, F', 'condition': '195/195', 'active': False, 'stats': {'atk': 126, 'def': 95, 'spa': 120, 'spd': 95, 'spe': 213}, 'moves': ['phantomforce', 'substitute', 'thunderwave', 'dracometeor'], 'baseAbility': 'infiltrator', 'item': 'focussash', 'pokeball': 'pokeball', 'ability': 'infiltrator', 'commanding': False, 'reviving': False, 'teraType': 'Dragon', 'terastallized': ''}, {'ident': 'p1: Ursaluna', 'details': 'Ursaluna, L50, M', 'condition': '237/237', 'active': False, 'stats': {'atk': 145, 'def': 112, 'spa': 65, 'spd': 110, 'spe': 70}, 'moves': ['bodypress', 'hypervoice', 'seismictoss', 'counter'], 'baseAbility': 'unnerve', 'item': 'assaultvest', 'pokeball': 'pokeball', 'ability': 'unnerve', 'commanding': False, 'reviving': False, 'teraType': 'Ground', 'terastallized': ''}, {'ident': 'p1: Ting-Lu', 'details': 'Ting-Lu, L50', 'condition': '262/262', 'active': False, 'stats': {'atk': 162, 'def': 145, 'spa': 75, 'spd': 100, 'spe': 65}, 'moves': ['memento', 'whirlwind', 'lashout', 'earthquake'], 'baseAbility': 'vesselofruin', 'item': 'leftovers', 'pokeball': 'pokeball', 'ability': 'vesselofruin', 'commanding': False, 'reviving': False, 'teraType': 'Dark', 'terastallized': ''}, {'ident': 'p1: Alomomola', 'details': 'Alomomola, L50, F', 'condition': '240/240', 'active': False, 'stats': {'atk': 80, 'def': 132, 'spa': 60, 'spd': 97, 'spe': 85}, 'moves': ['blizzard', 'rest', 'painsplit', 'healingwish'], 'baseAbility': 'regenerator', 'item': 'rockyhelmet', 'pokeball': 'pokeball', 'ability': 'regenerator', 'commanding': False, 'reviving': False, 'teraType': 'Water', 'terastallized': ''}, {'ident': 'p1: Hydreigon', 'details': 'Hydreigon, L50, M', 'condition': '167/167', 'active': False, 'stats': {'atk': 125, 'def': 110, 'spa': 177, 'spd': 110, 'spe': 150}, 'moves': ['dracometeor', 'stealthrock', 'headsmash', 'uturn'], 'baseAbility': 'levitate', 'item': 'lifeorb', 'pokeball': 'pokeball', 'ability': 'levitate', 'commanding': False, 'reviving': False, 'teraType': 'Dark', 'terastallized': ''}]}, 'rqid': 2}
2025-07-01 22:56:45,285 DEBUG > TEXT 'battle-gen9bssregi-24923|/team 145' [34 bytes]
2025-07-01 22:56:45,286 DEBUG [DBG] race_get start qsize=0 events=[False, False]
2025-07-01 22:56:45,286 DEBUG < TEXT '>battle-gen9bssregi-24923\n|player|p1|EnvPlayer 2|265|' [53 bytes]
2025-07-01 22:56:45,286 DEBUG < TEXT '>battle-gen9bssregi-24923\n|player|p1|EnvPlayer 2|265|' [53 bytes]
2025-07-01 22:56:45,293 DEBUG < TEXT '>battle-gen9bssregi-24923\n|\n|t:|1751378205\n|...night|Pressure\n|turn|1' [195 bytes]
2025-07-01 22:56:45,293 DEBUG < TEXT '>battle-gen9bssregi-24923\n|\n|t:|1751378205\n|...night|Pressure\n|turn|1' [195 bytes]
2025-07-01 22:56:45,293 DEBUG < TEXT '>battle-gen9bssregi-24923\n|request|{"active":[...llized":""}]},"rqid":5}' [1650 bytes]
2025-07-01 22:56:45,294 DEBUG [DBG] player_0 last_request={'teamPreview': True, 'maxChosenTeamSize': 3, 'side': {'name': 'EnvPlayer 1', 'id': 'p2', 'pokemon': [{'ident': 'p2: Corviknight', 'details': 'Corviknight, L50, F', 'condition': '205/205', 'active': True, 'stats': {'atk': 107, 'def': 125, 'spa': 73, 'spd': 105, 'spe': 87}, 'moves': ['bodypress', 'taunt', 'bravebird', 'roost'], 'baseAbility': 'pressure', 'item': 'flameorb', 'pokeball': 'pokeball', 'ability': 'pressure', 'commanding': False, 'reviving': False, 'teraType': 'Flying', 'terastallized': ''}, {'ident': 'p2: Dragapult', 'details': 'Dragapult, L50, M', 'condition': '195/195', 'active': False, 'stats': {'atk': 126, 'def': 95, 'spa': 120, 'spd': 95, 'spe': 213}, 'moves': ['phantomforce', 'substitute', 'thunderwave', 'dracometeor'], 'baseAbility': 'infiltrator', 'item': 'focussash', 'pokeball': 'pokeball', 'ability': 'infiltrator', 'commanding': False, 'reviving': False, 'teraType': 'Dragon', 'terastallized': ''}, {'ident': 'p2: Ursaluna', 'details': 'Ursaluna, L50, F', 'condition': '237/237', 'active': False, 'stats': {'atk': 145, 'def': 112, 'spa': 65, 'spd': 110, 'spe': 70}, 'moves': ['bodypress', 'hypervoice', 'seismictoss', 'counter'], 'baseAbility': 'unnerve', 'item': 'assaultvest', 'pokeball': 'pokeball', 'ability': 'unnerve', 'commanding': False, 'reviving': False, 'teraType': 'Ground', 'terastallized': ''}, {'ident': 'p2: Ting-Lu', 'details': 'Ting-Lu, L50', 'condition': '262/262', 'active': False, 'stats': {'atk': 162, 'def': 145, 'spa': 75, 'spd': 100, 'spe': 65}, 'moves': ['memento', 'whirlwind', 'lashout', 'earthquake'], 'baseAbility': 'vesselofruin', 'item': 'leftovers', 'pokeball': 'pokeball', 'ability': 'vesselofruin', 'commanding': False, 'reviving': False, 'teraType': 'Dark', 'terastallized': ''}, {'ident': 'p2: Alomomola', 'details': 'Alomomola, L50, F', 'condition': '240/240', 'active': False, 'stats': {'atk': 80, 'def': 132, 'spa': 60, 'spd': 97, 'spe': 85}, 'moves': ['blizzard', 'rest', 'painsplit', 'healingwish'], 'baseAbility': 'regenerator', 'item': 'rockyhelmet', 'pokeball': 'pokeball', 'ability': 'regenerator', 'commanding': False, 'reviving': False, 'teraType': 'Water', 'terastallized': ''}, {'ident': 'p2: Hydreigon', 'details': 'Hydreigon, L50, F', 'condition': '167/167', 'active': False, 'stats': {'atk': 125, 'def': 110, 'spa': 177, 'spd': 110, 'spe': 150}, 'moves': ['dracometeor', 'stealthrock', 'headsmash', 'uturn'], 'baseAbility': 'levitate', 'item': 'lifeorb', 'pokeball': 'pokeball', 'ability': 'levitate', 'commanding': False, 'reviving': False, 'teraType': 'Dark', 'terastallized': ''}]}, 'rqid': 3}
2025-07-01 22:56:45,294 DEBUG [DBG] player_0 waiting last_request update
2025-07-01 22:56:45,294 DEBUG < TEXT '>battle-gen9bssregi-24923\n|request|{"active":[...llized":""}]},"rqid":4}' [1598 bytes]
2025-07-01 22:56:45,295 DEBUG [DBG] player_1 last_request={'teamPreview': True, 'maxChosenTeamSize': 3, 'side': {'name': 'EnvPlayer 2', 'id': 'p1', 'pokemon': [{'ident': 'p1: Corviknight', 'details': 'Corviknight, L50, F', 'condition': '205/205', 'active': True, 'stats': {'atk': 107, 'def': 125, 'spa': 73, 'spd': 105, 'spe': 87}, 'moves': ['bodypress', 'taunt', 'bravebird', 'roost'], 'baseAbility': 'pressure', 'item': 'flameorb', 'pokeball': 'pokeball', 'ability': 'pressure', 'commanding': False, 'reviving': False, 'teraType': 'Flying', 'terastallized': ''}, {'ident': 'p1: Dragapult', 'details': 'Dragapult, L50, F', 'condition': '195/195', 'active': False, 'stats': {'atk': 126, 'def': 95, 'spa': 120, 'spd': 95, 'spe': 213}, 'moves': ['phantomforce', 'substitute', 'thunderwave', 'dracometeor'], 'baseAbility': 'infiltrator', 'item': 'focussash', 'pokeball': 'pokeball', 'ability': 'infiltrator', 'commanding': False, 'reviving': False, 'teraType': 'Dragon', 'terastallized': ''}, {'ident': 'p1: Ursaluna', 'details': 'Ursaluna, L50, M', 'condition': '237/237', 'active': False, 'stats': {'atk': 145, 'def': 112, 'spa': 65, 'spd': 110, 'spe': 70}, 'moves': ['bodypress', 'hypervoice', 'seismictoss', 'counter'], 'baseAbility': 'unnerve', 'item': 'assaultvest', 'pokeball': 'pokeball', 'ability': 'unnerve', 'commanding': False, 'reviving': False, 'teraType': 'Ground', 'terastallized': ''}, {'ident': 'p1: Ting-Lu', 'details': 'Ting-Lu, L50', 'condition': '262/262', 'active': False, 'stats': {'atk': 162, 'def': 145, 'spa': 75, 'spd': 100, 'spe': 65}, 'moves': ['memento', 'whirlwind', 'lashout', 'earthquake'], 'baseAbility': 'vesselofruin', 'item': 'leftovers', 'pokeball': 'pokeball', 'ability': 'vesselofruin', 'commanding': False, 'reviving': False, 'teraType': 'Dark', 'terastallized': ''}, {'ident': 'p1: Alomomola', 'details': 'Alomomola, L50, F', 'condition': '240/240', 'active': False, 'stats': {'atk': 80, 'def': 132, 'spa': 60, 'spd': 97, 'spe': 85}, 'moves': ['blizzard', 'rest', 'painsplit', 'healingwish'], 'baseAbility': 'regenerator', 'item': 'rockyhelmet', 'pokeball': 'pokeball', 'ability': 'regenerator', 'commanding': False, 'reviving': False, 'teraType': 'Water', 'terastallized': ''}, {'ident': 'p1: Hydreigon', 'details': 'Hydreigon, L50, M', 'condition': '167/167', 'active': False, 'stats': {'atk': 125, 'def': 110, 'spa': 177, 'spd': 110, 'spe': 150}, 'moves': ['dracometeor', 'stealthrock', 'headsmash', 'uturn'], 'baseAbility': 'levitate', 'item': 'lifeorb', 'pokeball': 'pokeball', 'ability': 'levitate', 'commanding': False, 'reviving': False, 'teraType': 'Dark', 'terastallized': ''}]}, 'rqid': 2}
2025-07-01 22:56:45,295 DEBUG [DBG] player_1 waiting last_request update
2025-07-01 22:56:45,398 DEBUG [DBG] player_0 queue battle -> battle-gen9bssregi-24923 trapped = False
2025-07-01 22:56:45,398 DEBUG [DBG] player_0 waiting action (qsize=0)
2025-07-01 22:56:45,398 DEBUG [DBG] player_1 queue battle -> battle-gen9bssregi-24923 trapped = False
2025-07-01 22:56:45,398 DEBUG [DBG] player_1 waiting action (qsize=0)
2025-07-01 22:56:45,398 DEBUG [DBG] race_get done result=<poke_env.environment.battle.Battle object at 0x0000022347B65D50> qsize=0
2025-07-01 22:56:45,398 DEBUG [DBG] race_get start qsize=1 events=[False, False]
2025-07-01 22:56:45,399 DEBUG [DBG] race_get done result=<poke_env.environment.battle.Battle object at 0x0000022347E685C0> qsize=0
2025-07-01 22:56:45,399 DEBUG [DBG] player_0: 4 moves, 2 switches (force_switch=False)
2025-07-01 22:56:45,399 DEBUG [DBG] player_0 available_switches: ['tinglu(HP:100.0%, fainted=False, active=False)', 'hydreigon(HP:100.0%, fainted=False, active=False)']
2025-07-01 22:56:45,399 DEBUG [DBG] player_1: 4 moves, 2 switches (force_switch=False)
2025-07-01 22:56:45,399 DEBUG [DBG] player_1 available_switches: ['tinglu(HP:100.0%, fainted=False, active=False)', 'alomomola(HP:100.0%, fainted=False, active=False)']
