2025-07-07 10:30:02,300 DEBUG player_0: [1 1 1 1 1 1 1 1 1 1 0]
2025-07-07 10:30:02,311 DEBUG player_1: [1 1 1 1 1 1 1 1 1 1 0]
2025-07-07 10:30:02,311 DEBUG player_1: [1 1 1 1 1 1 1 1 1 1 0]
2025-07-07 10:30:02,312 DEBUG RLAgent: chosen action = 3
2025-07-07 10:30:02,337 DEBUG player_0: [1 1 1 1 1 1 1 1 1 1 0]
2025-07-07 10:30:02,337 DEBUG player_1: [1 1 1 1 1 1 1 1 1 1 0]
2025-07-07 10:30:02,337 DEBUG player_1: [1 1 1 1 1 1 1 1 1 1 0]
2025-07-07 10:30:02,338 DEBUG RLAgent: chosen action = 0
2025-07-07 10:30:02,346 DEBUG player_0: [1 1 1 1 1 1 1 1 1 1 0]
2025-07-07 10:30:02,352 DEBUG player_0: [1 1 1 1 1 1 1 1 1 1 0]
2025-07-07 10:30:02,353 DEBUG player_1: [1 1 1 1 1 1 1 1 1 1 0]
2025-07-07 10:30:02,353 DEBUG player_1: [1 1 1 1 1 1 1 1 1 1 0]
2025-07-07 10:30:02,358 DEBUG player_0: [1 1 1 1 1 1 1 1 1 1 0]
2025-07-07 10:30:02,363 DEBUG player_0: [1 1 1 1 1 1 1 1 1 1 0]
2025-07-07 10:30:02,368 DEBUG player_0: [1 1 1 1 1 1 1 1 1 1 0]
2025-07-07 10:30:02,373 DEBUG player_0: [1 1 1 1 1 1 1 1 1 1 0]
2025-07-07 10:30:02,375 DEBUG player_1: [1 1 1 1 1 1 1 1 1 1 0]
2025-07-07 10:30:02,375 DEBUG RLAgent: chosen action = 2
2025-07-07 10:30:02,375 DEBUG player_1: [1 1 1 1 1 1 1 1 1 1 0]
2025-07-07 10:30:02,376 DEBUG player_1: [1 1 1 1 1 1 1 1 1 1 0]
2025-07-07 10:30:02,376 DEBUG player_1: [1 1 1 1 1 1 1 1 1 1 0]
2025-07-07 10:30:02,377 DEBUG player_1: [1 1 1 1 1 1 1 1 1 1 0]
2025-07-07 10:30:02,377 DEBUG player_1: [1 1 1 1 1 1 1 1 1 1 0]
2025-07-07 10:30:02,378 DEBUG RLAgent: chosen action = 3
2025-07-07 10:30:02,379 DEBUG RLAgent: chosen action = 0
2025-07-07 10:30:02,379 DEBUG RLAgent: chosen action = 2
2025-07-07 10:30:02,421 DEBUG player_0: [1 1 1 1 1 1 1 1 1 1 0]
2025-07-07 10:30:02,422 DEBUG player_1: [1 1 1 1 1 1 1 1 1 1 0]
2025-07-07 10:30:02,422 DEBUG player_1: [1 1 1 1 1 1 1 1 1 1 0]
2025-07-07 10:30:02,422 DEBUG RLAgent: chosen action = 2
2025-07-07 10:30:02,447 DEBUG player_0: [1 1 1 1 1 1 1 1 1 1 0]
2025-07-07 10:30:02,447 DEBUG player_1: [1 1 1 1 1 1 1 1 1 1 0]
2025-07-07 10:30:02,447 DEBUG player_1: [1 1 1 1 1 1 1 1 1 1 0]
2025-07-07 10:30:02,447 DEBUG RLAgent: chosen action = 0
2025-07-07 10:30:02,487 DEBUG player_0: [1 1 1 1 1 1 1 1 1 1 0]
2025-07-07 10:30:02,494 DEBUG player_0: [1 1 1 1 1 1 1 1 1 1 0]
2025-07-07 10:30:02,500 DEBUG player_0: [1 1 1 1 1 1 1 1 1 1 0]
2025-07-07 10:30:02,505 DEBUG player_0: [1 1 1 1 1 1 1 1 1 1 0]
2025-07-07 10:30:02,510 DEBUG player_0: [1 1 1 1 1 1 1 1 1 1 0]
2025-07-07 10:30:02,512 DEBUG player_1: [0 0 1 0 0 0 0 0 0 0 0]
2025-07-07 10:30:02,513 DEBUG player_1: [0 0 1 0 0 0 0 0 0 0 0]
2025-07-07 10:30:02,513 DEBUG player_1: [1 1 1 1 1 1 1 1 1 1 0]
2025-07-07 10:30:02,513 DEBUG player_1: [1 1 1 1 1 1 1 1 1 1 0]
2025-07-07 10:30:02,515 DEBUG player_1: [1 1 1 1 1 1 1 1 1 1 0]
2025-07-07 10:30:02,515 DEBUG player_1: [1 1 1 1 1 1 1 1 1 1 0]
2025-07-07 10:30:02,515 DEBUG RLAgent: chosen action = 1
2025-07-07 10:30:02,515 DEBUG RLAgent: chosen action = 2
2025-07-07 10:30:02,517 DEBUG RLAgent: chosen action = 2
2025-07-07 10:30:02,530 DEBUG player_0: [1 1 1 1 1 1 1 1 1 1 0]
2025-07-07 10:30:02,531 DEBUG player_1: [1 1 1 1 1 1 1 1 1 1 0]
2025-07-07 10:30:02,531 DEBUG player_1: [1 1 1 1 1 1 1 1 1 1 0]
2025-07-07 10:30:02,531 DEBUG RLAgent: chosen action = 2
2025-07-07 10:30:02,556 DEBUG player_0: [1 1 1 1 1 1 1 1 1 1 0]
2025-07-07 10:30:02,557 DEBUG player_1: [1 1 1 1 1 1 1 1 1 1 0]
2025-07-07 10:30:02,557 DEBUG player_1: [1 1 1 1 1 1 1 1 1 1 0]
2025-07-07 10:30:02,557 DEBUG RLAgent: chosen action = 0
2025-07-07 10:30:02,620 DEBUG player_0: [1 1 1 1 1 1 1 1 1 1 0]
2025-07-07 10:30:02,627 DEBUG player_0: [1 1 1 1 1 1 1 1 1 1 0]
2025-07-07 10:30:02,632 DEBUG player_0: [1 1 1 1 1 1 1 1 1 1 0]
2025-07-07 10:30:02,634 DEBUG player_1: [0 0 1 0 0 0 1 0 1 1 0]
2025-07-07 10:30:02,639 DEBUG player_0: [1 1 1 1 1 1 1 1 1 1 0]
2025-07-07 10:30:02,644 DEBUG player_0: [1 1 1 0 1 1 1 0 1 1 0]
2025-07-07 10:30:02,645 DEBUG player_1: [0 0 1 0 0 0 1 0 1 1 0]
2025-07-07 10:30:02,647 DEBUG player_1: [1 1 1 1 1 1 1 1 1 1 0]
2025-07-07 10:30:02,648 DEBUG player_1: [1 1 1 0 1 1 1 0 1 1 0]
2025-07-07 10:30:02,648 DEBUG player_1: [1 1 1 1 1 1 1 1 1 1 0]
2025-07-07 10:30:02,648 DEBUG RLAgent: chosen action = 2
2025-07-07 10:30:02,653 DEBUG player_0: [1 1 1 1 1 1 1 1 1 1 0]
2025-07-07 10:30:02,653 DEBUG player_1: [1 1 1 0 1 1 1 0 1 1 0]
2025-07-07 10:30:02,655 DEBUG RLAgent: chosen action = 2
2025-07-07 10:30:02,656 DEBUG RLAgent: chosen action = 1
2025-07-07 10:30:02,656 DEBUG player_1: [1 1 1 1 1 1 1 1 1 1 0]
2025-07-07 10:30:02,657 DEBUG player_1: [1 1 1 1 1 1 1 1 1 1 0]
2025-07-07 10:30:02,658 DEBUG RLAgent: chosen action = 1
2025-07-07 10:30:02,666 DEBUG player_0: [1 1 1 1 1 1 1 1 1 1 0]
2025-07-07 10:30:02,667 DEBUG player_1: [1 1 1 1 1 1 1 1 1 1 0]
2025-07-07 10:30:02,668 DEBUG player_1: [1 1 1 1 1 1 1 1 1 1 0]
2025-07-07 10:30:02,669 DEBUG RLAgent: chosen action = 3
2025-07-07 10:30:02,753 DEBUG player_0: [1 1 1 1 1 1 1 1 1 1 0]
2025-07-07 10:30:02,760 DEBUG player_0: [1 1 1 1 1 1 1 1 1 1 0]
2025-07-07 10:30:02,766 DEBUG player_0: [1 1 1 1 1 1 1 1 1 1 0]
2025-07-07 10:30:02,767 DEBUG player_1: [0 0 1 0 0 0 0 0 0 0 0]
2025-07-07 10:30:02,767 DEBUG player_1: [0 0 1 0 0 0 0 0 0 0 0]
2025-07-07 10:30:02,772 DEBUG player_0: [1 1 1 0 1 1 1 0 1 1 0]
2025-07-07 10:30:02,778 DEBUG player_0: [1 1 1 1 1 1 1 1 1 1 0]
2025-07-07 10:30:02,779 DEBUG player_1: [1 1 1 1 1 1 1 1 1 1 0]
2025-07-07 10:30:02,784 DEBUG player_0: [1 1 1 1 1 1 1 1 1 1 0]
2025-07-07 10:30:02,784 DEBUG player_1: [1 1 1 1 1 1 1 1 1 1 0]
2025-07-07 10:30:02,784 DEBUG RLAgent: chosen action = 2
2025-07-07 10:30:02,790 DEBUG player_0: [1 1 1 1 1 1 1 1 1 1 0]
2025-07-07 10:30:02,791 DEBUG RLAgent: chosen action = 3
2025-07-07 10:30:02,791 DEBUG player_1: [1 1 1 1 1 1 1 1 1 1 0]
2025-07-07 10:30:02,791 DEBUG player_1: [1 1 1 1 1 1 1 1 1 1 0]
2025-07-07 10:30:02,792 DEBUG player_1: [1 1 1 0 1 1 1 0 1 1 0]
2025-07-07 10:30:02,792 DEBUG player_1: [1 1 1 0 1 1 1 0 1 1 0]
2025-07-07 10:30:02,793 DEBUG RLAgent: chosen action = 0
2025-07-07 10:30:02,793 DEBUG RLAgent: chosen action = 1
2025-07-07 10:30:02,793 DEBUG player_1: [1 1 1 1 1 1 1 1 1 1 0]
2025-07-07 10:30:02,794 DEBUG player_1: [1 1 1 1 1 1 1 1 1 1 0]
2025-07-07 10:30:02,795 DEBUG RLAgent: chosen action = 3
2025-07-07 10:30:02,867 DEBUG player_0: [1 1 1 1 1 1 1 1 1 1 0]
2025-07-07 10:30:02,890 DEBUG player_0: [1 1 1 1 1 1 1 1 1 1 0]
2025-07-07 10:30:02,902 DEBUG player_0: [1 1 1 1 1 1 1 1 1 1 0]
2025-07-07 10:30:02,907 DEBUG player_0: [0 0 0 0 0 0 0 0 1 1 0]
2025-07-07 10:30:02,908 DEBUG player_1: [1 1 1 1 1 1 1 1 1 1 0]
2025-07-07 10:30:02,908 DEBUG player_1: [1 1 1 1 1 1 1 1 1 1 0]
2025-07-07 10:30:02,909 DEBUG RLAgent: chosen action = 2
2025-07-07 10:30:02,914 DEBUG player_0: [1 1 1 1 1 1 1 1 1 1 0]
2025-07-07 10:30:02,919 DEBUG player_0: [1 1 1 1 1 1 1 1 1 1 0]
2025-07-07 10:30:02,925 DEBUG player_0: [1 1 1 1 1 1 1 1 1 1 0]
2025-07-07 10:30:02,926 DEBUG player_1: [1 1 1 1 1 1 1 1 1 1 0]
2025-07-07 10:30:02,927 DEBUG player_1: [1 1 1 1 1 1 1 1 1 1 0]
2025-07-07 10:30:02,927 DEBUG player_1: [1 1 1 1 1 1 1 1 1 1 0]
2025-07-07 10:30:02,927 DEBUG player_1: [1 1 1 1 1 1 1 1 1 1 0]
2025-07-07 10:30:02,927 DEBUG player_1: [1 1 1 1 1 1 1 1 1 1 0]
2025-07-07 10:30:02,928 DEBUG player_1: [1 1 1 1 1 1 1 1 1 1 0]
2025-07-07 10:30:02,930 DEBUG RLAgent: chosen action = 1
2025-07-07 10:30:02,930 DEBUG RLAgent: chosen action = 1
2025-07-07 10:30:02,931 DEBUG RLAgent: chosen action = 2
2025-07-07 10:30:02,999 DEBUG player_0: [1 1 1 1 1 1 1 1 1 1 0]
2025-07-07 10:30:03,034 DEBUG player_0: [1 1 1 1 1 1 1 1 1 0 0]
2025-07-07 10:30:03,035 DEBUG player_1: [1 1 1 1 1 1 1 1 1 1 0]
2025-07-07 10:30:03,035 DEBUG player_1: [1 1 1 1 1 1 1 1 1 1 0]
2025-07-07 10:30:03,046 DEBUG player_0: [1 1 1 1 1 1 1 1 1 1 0]
2025-07-07 10:30:03,046 DEBUG player_0: [1 1 1 1 1 1 1 1 1 1 0]
2025-07-07 10:30:03,047 DEBUG RLAgent: chosen action = 2
2025-07-07 10:30:03,047 DEBUG player_1: [1 1 1 1 1 1 1 1 1 1 0]
2025-07-07 10:30:03,048 DEBUG player_1: [1 1 1 1 1 1 1 1 1 1 0]
2025-07-07 10:30:03,053 DEBUG player_0: [1 1 1 1 1 1 1 1 1 1 0]
2025-07-07 10:30:03,053 DEBUG player_1: [1 1 1 1 1 1 1 1 1 1 0]
2025-07-07 10:30:03,058 DEBUG player_0: [1 1 1 1 1 1 1 1 1 1 0]
2025-07-07 10:30:03,058 DEBUG player_1: [1 1 1 1 1 1 1 1 1 1 0]
2025-07-07 10:30:03,059 DEBUG RLAgent: chosen action = 2
2025-07-07 10:30:03,059 DEBUG RLAgent: chosen action = 1
2025-07-07 10:30:03,060 DEBUG player_1: [1 1 1 1 1 1 1 1 1 1 0]
2025-07-07 10:30:03,060 DEBUG player_1: [1 1 1 1 1 1 1 1 1 1 0]
2025-07-07 10:30:03,060 DEBUG player_1: [1 1 1 1 1 1 1 1 1 1 0]
2025-07-07 10:30:03,060 DEBUG player_1: [1 1 1 1 1 1 1 1 1 1 0]
2025-07-07 10:30:03,061 DEBUG RLAgent: chosen action = 2
2025-07-07 10:30:03,062 DEBUG RLAgent: chosen action = 3
2025-07-07 10:30:03,109 DEBUG player_0: [1 1 1 1 1 1 1 1 1 1 0]
2025-07-07 10:30:03,167 DEBUG player_0: [1 1 1 1 1 1 1 1 1 0 0]
2025-07-07 10:30:03,168 DEBUG player_1: [1 1 1 1 1 1 1 1 1 1 0]
2025-07-07 10:30:03,168 DEBUG player_1: [1 1 1 1 1 1 1 1 1 1 0]
2025-07-07 10:30:03,173 DEBUG player_0: [1 1 1 0 1 1 1 0 1 1 0]
2025-07-07 10:30:03,178 DEBUG player_0: [1 1 1 1 1 1 1 1 1 1 0]
2025-07-07 10:30:03,184 DEBUG player_0: [1 1 1 1 1 1 1 1 1 1 0]
2025-07-07 10:30:03,184 DEBUG RLAgent: chosen action = 1
2025-07-07 10:30:03,185 DEBUG player_1: [1 1 1 1 1 1 1 1 1 1 0]
2025-07-07 10:30:03,185 DEBUG player_1: [1 1 1 1 1 1 1 1 1 1 0]
2025-07-07 10:30:03,185 DEBUG player_1: [1 1 1 1 1 1 1 1 1 1 0]
2025-07-07 10:30:03,185 DEBUG player_1: [1 1 1 1 1 1 1 1 1 1 0]
2025-07-07 10:30:03,185 DEBUG RLAgent: chosen action = 0
2025-07-07 10:30:03,186 DEBUG player_1: [1 1 1 1 1 1 1 1 1 1 0]
2025-07-07 10:30:03,186 DEBUG player_1: [1 1 1 1 1 1 1 1 1 1 0]
2025-07-07 10:30:03,186 DEBUG RLAgent: chosen action = 3
2025-07-07 10:30:03,187 DEBUG RLAgent: chosen action = 0
2025-07-07 10:30:03,217 DEBUG player_0: [1 1 1 1 1 1 1 1 1 1 0]
2025-07-07 10:30:03,295 DEBUG player_0: [1 1 1 1 1 1 1 1 1 0 0]
2025-07-07 10:30:03,296 DEBUG player_1: [0 1 0 0 0 0 0 0 0 0 0]
2025-07-07 10:30:03,296 DEBUG player_1: [0 1 0 0 0 0 0 0 0 0 0]
2025-07-07 10:30:03,302 DEBUG player_0: [1 1 1 1 1 1 1 1 1 1 0]
2025-07-07 10:30:03,307 DEBUG player_0: [1 1 1 1 1 1 1 1 1 1 0]
2025-07-07 10:30:03,312 DEBUG player_0: [1 1 1 0 1 1 1 0 1 1 0]
2025-07-07 10:30:03,313 DEBUG player_1: [1 1 1 1 1 1 1 1 1 1 0]
2025-07-07 10:30:03,313 DEBUG player_1: [1 1 1 1 1 1 1 1 1 1 0]
2025-07-07 10:30:03,313 DEBUG RLAgent: chosen action = 1
2025-07-07 10:30:03,313 DEBUG player_1: [1 1 1 1 1 1 1 1 1 1 0]
2025-07-07 10:30:03,313 DEBUG player_1: [1 1 1 1 1 1 1 1 1 1 0]
2025-07-07 10:30:03,313 DEBUG player_1: [1 1 1 1 1 1 1 1 1 1 0]
2025-07-07 10:30:03,314 DEBUG player_1: [1 1 1 1 1 1 1 1 1 1 0]
2025-07-07 10:30:03,314 DEBUG RLAgent: chosen action = 1
2025-07-07 10:30:03,319 DEBUG player_0: [0 0 0 0 0 0 0 0 1 1 0]
2025-07-07 10:30:03,320 DEBUG RLAgent: chosen action = 2
2025-07-07 10:30:03,321 DEBUG RLAgent: chosen action = 0
2025-07-07 10:30:03,328 DEBUG player_0: [1 1 1 1 1 1 1 1 1 1 0]
2025-07-07 10:30:03,393 DEBUG player_0: [0 0 0 0 0 0 0 0 1 1 0]
2025-07-07 10:30:03,428 DEBUG player_0: [1 1 1 1 1 1 1 1 1 0 0]
2025-07-07 10:30:03,428 DEBUG player_1: [1 1 1 1 1 1 1 1 1 1 0]
2025-07-07 10:30:03,428 DEBUG player_1: [1 1 1 1 1 1 1 1 1 1 0]
2025-07-07 10:30:03,428 DEBUG RLAgent: chosen action = 1
2025-07-07 10:30:03,434 DEBUG player_0: [1 1 1 1 1 1 1 1 1 1 0]
2025-07-07 10:30:03,435 DEBUG player_1: [1 1 1 1 1 1 1 1 1 1 0]
2025-07-07 10:30:03,436 DEBUG player_1: [1 1 1 1 1 1 1 1 1 1 0]
2025-07-07 10:30:03,436 DEBUG RLAgent: chosen action = 1
2025-07-07 10:30:03,442 DEBUG player_0: [1 1 1 1 1 1 1 1 1 1 0]
2025-07-07 10:30:03,447 DEBUG player_0: [1 1 1 1 1 1 1 1 1 1 0]
2025-07-07 10:30:03,452 DEBUG player_0: [1 1 1 1 1 1 1 1 1 0 0]
2025-07-07 10:30:03,457 DEBUG player_0: [1 1 1 1 1 1 1 1 1 1 0]
2025-07-07 10:30:03,459 DEBUG player_1: [1 1 1 0 1 1 1 0 1 1 0]
2025-07-07 10:30:03,459 DEBUG player_1: [1 1 1 0 1 1 1 0 1 1 0]
2025-07-07 10:30:03,459 DEBUG player_1: [1 1 1 1 1 1 1 1 1 1 0]
2025-07-07 10:30:03,459 DEBUG player_1: [1 1 1 1 1 1 1 1 1 1 0]
2025-07-07 10:30:03,459 DEBUG player_1: [0 0 1 0 0 0 1 0 1 1 0]
2025-07-07 10:30:03,459 DEBUG player_1: [0 0 1 0 0 0 1 0 1 1 0]
2025-07-07 10:30:03,461 DEBUG RLAgent: chosen action = 0
2025-07-07 10:30:03,461 DEBUG RLAgent: chosen action = 3
2025-07-07 10:30:03,462 DEBUG RLAgent: chosen action = 8
2025-07-07 10:30:03,502 DEBUG player_0: [1 1 1 1 1 1 1 1 1 0 0]
2025-07-07 10:30:03,567 DEBUG player_0: [1 1 1 1 1 1 1 1 1 1 0]
2025-07-07 10:30:03,568 DEBUG player_1: [1 1 1 1 1 1 1 1 1 1 0]
2025-07-07 10:30:03,568 DEBUG player_1: [1 1 1 1 1 1 1 1 1 1 0]
2025-07-07 10:30:03,574 DEBUG player_0: [1 1 1 1 1 1 1 1 1 1 0]
2025-07-07 10:30:03,580 DEBUG player_0: [0 1 0 0 0 1 0 0 1 0 0]
2025-07-07 10:30:03,586 DEBUG player_0: [1 1 1 1 1 1 1 1 1 1 0]
2025-07-07 10:30:03,592 DEBUG player_0: [0 0 0 0 0 0 0 0 1 1 0]
2025-07-07 10:30:03,593 DEBUG player_1: [1 1 1 0 1 1 1 0 1 1 0]
2025-07-07 10:30:03,594 DEBUG player_1: [1 1 1 1 1 1 1 1 1 1 0]
2025-07-07 10:30:03,594 DEBUG player_1: [1 1 1 1 1 1 1 1 1 1 0]
2025-07-07 10:30:03,594 DEBUG player_1: [1 1 1 0 1 1 1 0 1 1 0]
2025-07-07 10:30:03,594 DEBUG RLAgent: chosen action = 2
2025-07-07 10:30:03,594 DEBUG player_1: [1 1 1 1 1 1 1 1 1 1 0]
2025-07-07 10:30:03,594 DEBUG player_1: [1 1 1 1 1 1 1 1 1 1 0]
2025-07-07 10:30:03,597 DEBUG RLAgent: chosen action = 8
2025-07-07 10:30:03,598 DEBUG RLAgent: chosen action = 0
2025-07-07 10:30:03,599 DEBUG RLAgent: chosen action = 0
2025-07-07 10:30:03,613 DEBUG player_0: [1 1 1 1 1 1 1 1 1 0 0]
2025-07-07 10:30:03,706 DEBUG player_0: [1 1 1 1 1 1 1 1 1 1 0]
2025-07-07 10:30:03,707 DEBUG player_1: [1 1 1 1 1 1 1 1 1 1 0]
2025-07-07 10:30:03,707 DEBUG player_1: [1 1 1 1 1 1 1 1 1 1 0]
2025-07-07 10:30:03,712 DEBUG player_0: [1 1 1 1 1 1 1 1 1 1 0]
2025-07-07 10:30:03,718 DEBUG player_0: [1 1 1 1 1 1 1 1 1 1 0]
2025-07-07 10:30:03,719 DEBUG player_1: [1 1 1 1 1 1 1 1 1 1 0]
2025-07-07 10:30:03,719 DEBUG player_1: [1 1 1 1 1 1 1 1 1 1 0]
2025-07-07 10:30:03,725 DEBUG player_0: [0 1 0 0 0 1 0 0 1 0 0]
2025-07-07 10:30:03,726 DEBUG RLAgent: chosen action = 0
2025-07-07 10:30:03,726 DEBUG RLAgent: chosen action = 0
2025-07-07 10:30:03,726 DEBUG player_1: [1 1 1 1 1 1 1 1 1 1 0]
2025-07-07 10:30:03,726 DEBUG player_1: [1 1 1 1 1 1 1 1 1 1 0]
2025-07-07 10:30:03,727 DEBUG player_1: [1 1 1 1 1 1 1 1 1 1 0]
2025-07-07 10:30:03,727 DEBUG player_1: [1 1 1 1 1 1 1 1 1 1 0]
2025-07-07 10:30:03,728 DEBUG RLAgent: chosen action = 2
2025-07-07 10:30:03,728 DEBUG RLAgent: chosen action = 0
2025-07-07 10:30:03,836 DEBUG player_0: [1 1 1 1 1 1 1 1 1 1 0]
2025-07-07 10:30:03,836 DEBUG player_1: [1 1 1 1 1 1 1 1 1 1 0]
2025-07-07 10:30:03,842 DEBUG player_0: [1 1 1 1 1 1 1 1 1 1 0]
2025-07-07 10:30:03,842 DEBUG player_1: [1 1 1 1 1 1 1 1 1 1 0]
2025-07-07 10:30:03,842 DEBUG RLAgent: chosen action = 3
2025-07-07 10:30:03,842 DEBUG player_1: [1 0 0 0 1 0 0 0 1 1 0]
2025-07-07 10:30:03,842 DEBUG player_1: [1 0 0 0 1 0 0 0 1 1 0]
2025-07-07 10:30:03,843 DEBUG RLAgent: chosen action = 0
2025-07-07 10:30:03,952 DEBUG player_0: [0 0 0 1 0 0 0 1 1 1 0]
2025-07-07 10:30:03,957 DEBUG player_0: [0 0 0 0 0 0 0 0 1 0 0]
2025-07-07 10:30:03,958 DEBUG player_1: [1 1 1 1 1 1 1 1 1 1 0]
2025-07-07 10:30:03,958 DEBUG player_1: [1 1 1 1 1 1 1 1 1 1 0]
2025-07-07 10:30:03,958 DEBUG player_1: [0 0 0 0 0 0 0 0 1 1 0]
2025-07-07 10:30:03,958 DEBUG player_1: [0 0 0 0 0 0 0 0 1 1 0]
2025-07-07 10:30:03,959 DEBUG RLAgent: chosen action = 0
2025-07-07 10:30:03,959 DEBUG RLAgent: chosen action = 9
2025-07-07 10:30:03,979 DEBUG player_0: [0 0 0 0 0 0 0 0 1 1 0]
2025-07-07 10:30:04,068 DEBUG player_0: [1 1 1 1 1 1 1 1 1 0 0]
2025-07-07 10:30:04,073 DEBUG player_0: [0 0 0 1 0 0 0 1 1 1 0]
2025-07-07 10:30:04,073 DEBUG player_1: [1 1 1 1 1 1 1 1 1 0 0]
2025-07-07 10:30:04,074 DEBUG player_1: [1 1 1 1 1 1 1 1 1 0 0]
2025-07-07 10:30:04,074 DEBUG player_1: [1 1 1 1 1 1 1 1 1 1 0]
2025-07-07 10:30:04,074 DEBUG player_1: [1 1 1 1 1 1 1 1 1 1 0]
2025-07-07 10:30:04,074 DEBUG RLAgent: chosen action = 0
2025-07-07 10:30:04,074 DEBUG RLAgent: chosen action = 2
2025-07-07 10:30:04,086 DEBUG player_0: [1 1 1 1 1 1 1 1 1 0 0]
2025-07-07 10:30:04,119 DEBUG player_0: [0 0 0 0 0 0 0 0 1 1 0]
2025-07-07 10:30:04,119 DEBUG player_1: [0 0 0 0 0 0 0 0 1 1 0]
2025-07-07 10:30:04,119 DEBUG player_1: [0 0 0 0 0 0 0 0 1 1 0]
2025-07-07 10:30:04,120 DEBUG RLAgent: chosen action = 9
2025-07-07 10:30:04,131 DEBUG player_0: [0 0 0 0 0 0 0 0 1 0 0]
2025-07-07 10:30:04,184 DEBUG player_0: [0 0 0 1 0 0 0 1 1 1 0]
2025-07-07 10:30:04,184 DEBUG player_1: [1 1 1 1 1 1 1 1 1 1 0]
2025-07-07 10:30:04,185 DEBUG player_1: [1 1 1 1 1 1 1 1 1 1 0]
2025-07-07 10:30:04,190 DEBUG player_0: [1 1 1 1 1 1 1 1 1 0 0]
2025-07-07 10:30:04,191 DEBUG RLAgent: chosen action = 2
2025-07-07 10:30:04,191 DEBUG player_1: [1 1 1 1 1 1 1 1 1 0 0]
2025-07-07 10:30:04,191 DEBUG player_1: [1 1 1 1 1 1 1 1 1 0 0]
2025-07-07 10:30:04,196 DEBUG player_0: [1 1 1 1 1 1 1 1 1 0 0]
2025-07-07 10:30:04,197 DEBUG RLAgent: chosen action = 0
2025-07-07 10:30:04,228 DEBUG player_0: [0 0 0 1 0 0 0 1 1 1 0]
2025-07-07 10:30:04,228 DEBUG player_1: [1 1 1 1 1 1 1 1 1 0 0]
2025-07-07 10:30:04,228 DEBUG player_1: [1 1 1 1 1 1 1 1 1 0 0]
2025-07-07 10:30:04,228 DEBUG RLAgent: chosen action = 0
2025-07-07 10:30:04,236 DEBUG player_0: [0 0 0 0 0 0 0 0 1 1 0]
2025-07-07 10:30:04,237 DEBUG player_1: [0 0 0 0 0 0 0 0 1 0 0]
2025-07-07 10:30:04,237 DEBUG player_1: [0 0 0 0 0 0 0 0 1 0 0]
2025-07-07 10:30:04,242 DEBUG player_0: [1 1 1 1 1 1 1 1 1 0 0]
2025-07-07 10:30:04,243 DEBUG RLAgent: chosen action = 8
2025-07-07 10:30:04,249 DEBUG player_0: [0 0 0 0 0 0 0 0 1 0 0]
2025-07-07 10:30:04,254 DEBUG player_0: [0 0 0 0 0 0 0 0 1 1 0]
2025-07-07 10:30:04,255 DEBUG player_1: [0 0 0 0 0 0 0 0 1 1 0]
2025-07-07 10:30:04,256 DEBUG player_1: [0 0 0 0 0 0 0 0 1 1 0]
2025-07-07 10:30:04,256 DEBUG player_1: [0 0 0 0 0 0 0 0 1 1 0]
2025-07-07 10:30:04,256 DEBUG player_1: [0 0 0 0 0 0 0 0 1 1 0]
2025-07-07 10:30:04,257 DEBUG RLAgent: chosen action = 8
2025-07-07 10:30:04,257 DEBUG RLAgent: chosen action = 8
2025-07-07 10:30:04,308 DEBUG player_0: [1 1 1 1 1 1 1 1 1 0 0]
2025-07-07 10:30:04,363 DEBUG player_0: [0 0 0 0 0 0 0 0 1 1 0]
2025-07-07 10:30:04,369 DEBUG player_0: [1 1 1 1 1 1 1 1 1 0 0]
2025-07-07 10:30:04,375 DEBUG player_0: [1 1 1 1 1 1 1 1 1 0 0]
2025-07-07 10:30:04,380 DEBUG player_0: [1 1 1 1 1 1 1 1 1 1 0]
2025-07-07 10:30:04,385 DEBUG player_0: [0 1 0 0 0 1 0 0 1 0 0]
2025-07-07 10:30:04,386 DEBUG player_1: [1 1 1 1 1 1 1 1 0 0 0]
2025-07-07 10:30:04,387 DEBUG player_1: [1 1 1 1 1 1 1 1 1 0 0]
2025-07-07 10:30:04,387 DEBUG player_1: [1 1 1 1 1 1 1 1 0 0 0]
2025-07-07 10:30:04,387 DEBUG player_1: [1 1 1 1 1 1 1 1 1 0 0]
2025-07-07 10:30:04,387 DEBUG player_1: [1 1 1 1 1 1 1 1 1 0 0]
2025-07-07 10:30:04,387 DEBUG player_1: [1 1 1 1 1 1 1 1 1 0 0]
2025-07-07 10:30:04,388 DEBUG RLAgent: chosen action = 3
2025-07-07 10:30:04,389 DEBUG RLAgent: chosen action = 3
2025-07-07 10:30:04,389 DEBUG RLAgent: chosen action = 2
2025-07-07 10:30:04,496 DEBUG player_0: [1 1 1 1 1 1 1 1 1 0 0]
2025-07-07 10:30:04,497 DEBUG player_1: [1 0 0 0 1 0 0 0 1 1 0]
2025-07-07 10:30:04,498 DEBUG player_1: [1 0 0 0 1 0 0 0 1 1 0]
2025-07-07 10:30:04,498 DEBUG RLAgent: chosen action = 0
2025-07-07 10:30:04,509 DEBUG player_0: [0 1 0 0 0 1 0 0 1 0 0]
2025-07-07 10:30:04,514 DEBUG player_0: [0 0 0 1 0 0 0 1 1 1 0]
2025-07-07 10:30:04,515 DEBUG player_0: [1 1 1 1 1 1 1 1 1 0 0]
2025-07-07 10:30:04,520 DEBUG player_0: [1 1 1 1 1 1 1 1 1 0 0]
2025-07-07 10:30:04,521 DEBUG player_1: [0 0 1 0 0 0 0 0 0 0 0]
2025-07-07 10:30:04,522 DEBUG player_1: [1 1 1 1 1 1 1 1 1 0 0]
2025-07-07 10:30:04,522 DEBUG player_1: [1 1 1 1 1 1 1 1 0 0 0]
2025-07-07 10:30:04,522 DEBUG player_1: [0 0 1 0 0 0 0 0 0 0 0]
2025-07-07 10:30:04,522 DEBUG player_1: [1 1 1 1 1 1 1 1 1 0 0]
2025-07-07 10:30:04,522 DEBUG player_1: [1 1 1 1 1 1 1 1 0 0 0]
2025-07-07 10:30:04,524 DEBUG RLAgent: chosen action = 2
2025-07-07 10:30:04,524 DEBUG RLAgent: chosen action = 2
2025-07-07 10:30:04,524 DEBUG RLAgent: chosen action = 2
2025-07-07 10:30:04,629 DEBUG player_0: [0 0 1 0 0 0 0 0 0 0 0]
2025-07-07 10:30:04,635 DEBUG player_0: [1 1 1 1 1 1 1 1 1 0 0]
2025-07-07 10:30:04,635 DEBUG player_1: [1 0 0 0 1 0 0 0 1 1 0]
2025-07-07 10:30:04,641 DEBUG player_0: [1 1 1 1 1 1 1 1 1 1 0]
2025-07-07 10:30:04,641 DEBUG player_1: [1 0 0 0 1 0 0 0 1 1 0]
2025-07-07 10:30:04,641 DEBUG player_1: [1 1 1 1 1 1 1 1 0 0 0]
2025-07-07 10:30:04,641 DEBUG player_1: [1 1 1 1 1 1 1 1 0 0 0]
2025-07-07 10:30:04,642 DEBUG player_1: [1 1 1 1 1 1 1 1 1 0 0]
2025-07-07 10:30:04,642 DEBUG player_1: [1 1 1 1 1 1 1 1 1 0 0]
2025-07-07 10:30:04,642 DEBUG RLAgent: chosen action = 2
2025-07-07 10:30:04,643 DEBUG RLAgent: chosen action = 0
2025-07-07 10:30:04,643 DEBUG RLAgent: chosen action = 1
2025-07-07 10:30:04,724 DEBUG player_0: [0 0 0 0 0 0 0 0 1 1 0]
2025-07-07 10:30:04,730 DEBUG player_0: [0 0 0 0 0 0 0 0 1 0 0]
2025-07-07 10:30:04,753 DEBUG player_0: [1 1 1 1 1 1 1 1 1 1 0]
2025-07-07 10:30:04,759 DEBUG player_0: [1 1 1 1 1 1 1 1 1 0 0]
2025-07-07 10:30:04,760 DEBUG player_1: [1 1 1 1 1 1 1 1 0 0 0]
2025-07-07 10:30:04,760 DEBUG player_1: [1 1 1 1 1 1 1 1 1 0 0]
2025-07-07 10:30:04,760 DEBUG player_1: [1 1 1 1 1 1 1 1 0 0 0]
2025-07-07 10:30:04,760 DEBUG player_1: [1 1 1 1 1 1 1 1 1 0 0]
2025-07-07 10:30:04,761 DEBUG RLAgent: chosen action = 2
2025-07-07 10:30:04,761 DEBUG RLAgent: chosen action = 2
2025-07-07 10:30:04,838 DEBUG player_0: [0 0 0 0 0 0 0 0 1 0 0]
2025-07-07 10:30:04,845 DEBUG player_0: [1 1 1 1 1 1 1 1 1 0 0]
2025-07-07 10:30:04,850 DEBUG player_0: [1 1 1 1 1 1 1 1 1 0 0]
2025-07-07 10:30:04,851 DEBUG player_1: [1 1 1 1 1 1 1 1 1 0 0]
2025-07-07 10:30:04,851 DEBUG player_1: [1 1 1 1 1 1 1 1 1 1 0]
2025-07-07 10:30:04,851 DEBUG player_1: [1 1 1 1 1 1 1 1 1 0 0]
2025-07-07 10:30:04,851 DEBUG player_1: [1 1 1 1 1 1 1 1 1 1 0]
2025-07-07 10:30:04,852 DEBUG RLAgent: chosen action = 3
2025-07-07 10:30:04,852 DEBUG RLAgent: chosen action = 2
2025-07-07 10:30:04,870 DEBUG player_0: [1 1 1 1 1 1 1 1 1 1 0]
2025-07-07 10:30:04,875 DEBUG player_0: [1 1 1 1 1 1 1 1 1 0 0]
2025-07-07 10:30:04,875 DEBUG player_1: [1 1 1 1 1 1 1 1 1 0 0]
2025-07-07 10:30:04,876 DEBUG player_1: [1 1 1 1 1 1 1 1 1 0 0]
2025-07-07 10:30:04,876 DEBUG player_1: [1 1 1 1 1 1 1 1 0 0 0]
2025-07-07 10:30:04,876 DEBUG player_1: [1 1 1 1 1 1 1 1 0 0 0]
2025-07-07 10:30:04,876 DEBUG RLAgent: chosen action = 2
2025-07-07 10:30:04,876 DEBUG RLAgent: chosen action = 0
2025-07-07 10:30:04,957 DEBUG player_0: [1 1 1 1 1 1 1 1 1 0 0]
2025-07-07 10:30:04,963 DEBUG player_0: [0 1 0 0 0 1 0 0 1 0 0]
2025-07-07 10:30:04,968 DEBUG player_0: [0 0 0 1 0 0 0 1 1 0 0]
2025-07-07 10:30:04,969 DEBUG player_1: [1 1 1 1 1 1 1 1 1 0 0]
2025-07-07 10:30:04,969 DEBUG player_1: [1 1 1 1 1 1 1 1 1 0 0]
2025-07-07 10:30:04,969 DEBUG player_1: [1 1 1 1 1 1 1 1 1 1 0]
2025-07-07 10:30:04,970 DEBUG player_1: [1 1 1 1 1 1 1 1 1 1 0]
2025-07-07 10:30:04,970 DEBUG RLAgent: chosen action = 1
2025-07-07 10:30:04,971 DEBUG RLAgent: chosen action = 3
2025-07-07 10:30:04,984 DEBUG player_0: [1 1 1 1 1 1 1 1 1 1 0]
2025-07-07 10:30:04,985 DEBUG player_1: [1 1 1 1 1 1 1 1 1 0 0]
2025-07-07 10:30:04,985 DEBUG player_1: [1 1 1 1 1 1 1 1 1 0 0]
2025-07-07 10:30:04,985 DEBUG RLAgent: chosen action = 2
2025-07-07 10:30:05,042 DEBUG player_0: [0 0 0 0 0 0 0 0 1 0 0]
2025-07-07 10:30:05,047 DEBUG player_0: [0 0 0 0 0 0 0 0 1 0 0]
2025-07-07 10:30:05,079 DEBUG player_0: [0 1 0 0 0 1 0 0 1 0 0]
2025-07-07 10:30:05,080 DEBUG player_1: [1 1 1 1 1 1 1 1 1 1 0]
2025-07-07 10:30:05,080 DEBUG player_1: [1 1 1 1 1 1 1 1 1 1 0]
2025-07-07 10:30:05,080 DEBUG RLAgent: chosen action = 1
2025-07-07 10:30:05,093 DEBUG player_0: [1 1 1 1 1 1 1 1 1 1 0]
2025-07-07 10:30:05,093 DEBUG player_1: [1 1 1 1 1 1 1 1 1 0 0]
2025-07-07 10:30:05,094 DEBUG player_1: [1 1 1 1 1 1 1 1 1 0 0]
2025-07-07 10:30:05,094 DEBUG RLAgent: chosen action = 3
2025-07-07 10:30:05,158 DEBUG player_0: [1 1 1 1 1 1 1 1 0 0 0]
2025-07-07 10:30:05,164 DEBUG player_0: [1 1 1 1 1 1 1 1 0 0 0]
2025-07-07 10:30:05,166 DEBUG player_1: [0 0 1 0 0 0 1 0 1 0 0]
2025-07-07 10:30:05,172 DEBUG player_0: [0 0 0 0 0 0 0 0 1 0 0]
2025-07-07 10:30:05,172 DEBUG player_1: [0 0 1 0 0 0 1 0 1 0 0]
2025-07-07 10:30:05,173 DEBUG RLAgent: chosen action = 2
2025-07-07 10:30:05,173 DEBUG player_1: [0 0 0 0 0 0 0 0 1 1 0]
2025-07-07 10:30:05,174 DEBUG player_1: [0 0 0 0 0 0 0 0 1 1 0]
2025-07-07 10:30:05,174 DEBUG RLAgent: chosen action = 9
2025-07-07 10:30:05,188 DEBUG player_0: [0 1 0 0 0 1 0 0 1 0 0]
2025-07-07 10:30:05,189 DEBUG player_1: [1 1 1 1 1 1 1 1 1 1 0]
2025-07-07 10:30:05,189 DEBUG player_1: [1 1 1 1 1 1 1 1 1 1 0]
2025-07-07 10:30:05,189 DEBUG RLAgent: chosen action = 0
2025-07-07 10:30:05,202 DEBUG player_0: [1 1 1 1 1 1 1 1 1 1 0]
2025-07-07 10:30:05,202 DEBUG player_1: [1 1 1 1 1 1 1 1 1 0 0]
2025-07-07 10:30:05,202 DEBUG player_1: [1 1 1 1 1 1 1 1 1 0 0]
2025-07-07 10:30:05,203 DEBUG RLAgent: chosen action = 0
2025-07-07 10:30:05,283 DEBUG player_0: [1 1 1 1 1 1 1 1 0 0 0]
2025-07-07 10:30:05,288 DEBUG player_0: [1 1 1 1 1 1 1 1 0 0 0]
2025-07-07 10:30:05,289 DEBUG player_1: [0 0 1 0 0 0 0 0 0 0 0]
2025-07-07 10:30:05,289 DEBUG player_1: [0 0 1 0 0 0 0 0 0 0 0]
2025-07-07 10:30:05,294 DEBUG player_0: [0 0 1 0 0 0 1 0 1 0 0]
2025-07-07 10:30:05,295 DEBUG player_1: [1 1 1 1 1 1 1 1 1 0 0]
2025-07-07 10:30:05,295 DEBUG player_1: [1 1 1 1 1 1 1 1 1 0 0]
2025-07-07 10:30:05,296 DEBUG RLAgent: chosen action = 2
2025-07-07 10:30:05,296 DEBUG RLAgent: chosen action = 2
2025-07-07 10:30:05,302 DEBUG player_0: [0 1 0 0 0 1 0 0 1 0 0]
2025-07-07 10:30:05,303 DEBUG player_1: [1 1 1 1 1 1 1 1 1 1 0]
2025-07-07 10:30:05,303 DEBUG player_1: [1 1 1 1 1 1 1 1 1 1 0]
2025-07-07 10:30:05,304 DEBUG RLAgent: chosen action = 2
2025-07-07 10:30:05,409 DEBUG player_0: [1 1 1 1 1 1 1 1 0 0 0]
2025-07-07 10:30:05,414 DEBUG player_0: [0 0 1 0 0 0 0 0 0 0 0]
2025-07-07 10:30:05,419 DEBUG player_0: [1 1 1 1 1 1 1 1 0 0 0]
2025-07-07 10:30:05,425 DEBUG player_0: [0 1 0 0 0 1 0 0 1 0 0]
2025-07-07 10:30:05,426 DEBUG player_1: [1 1 1 1 1 1 1 1 1 0 0]
2025-07-07 10:30:05,426 DEBUG player_1: [1 1 1 1 1 1 1 1 1 0 0]
2025-07-07 10:30:05,426 DEBUG player_1: [0 0 1 0 0 0 1 0 1 0 0]
2025-07-07 10:30:05,426 DEBUG player_1: [0 0 1 0 0 0 1 0 1 0 0]
2025-07-07 10:30:05,426 DEBUG RLAgent: chosen action = 0
2025-07-07 10:30:05,426 DEBUG player_1: [1 1 1 1 1 1 1 1 1 1 0]
2025-07-07 10:30:05,427 DEBUG player_1: [1 1 1 1 1 1 1 1 1 1 0]
2025-07-07 10:30:05,427 DEBUG RLAgent: chosen action = 2
2025-07-07 10:30:05,429 DEBUG RLAgent: chosen action = 1
2025-07-07 10:30:05,485 DEBUG player_0: [0 0 0 0 0 0 0 0 1 0 0]
2025-07-07 10:30:05,497 DEBUG player_0: [0 0 0 0 0 0 0 0 1 0 0]
2025-07-07 10:30:05,534 DEBUG player_0: [1 1 1 1 1 1 1 1 0 0 0]
2025-07-07 10:30:05,546 DEBUG player_0: [0 0 1 0 0 0 1 0 1 0 0]
2025-07-07 10:30:05,547 DEBUG player_0: [1 1 1 1 1 1 1 1 0 0 0]
2025-07-07 10:30:05,548 DEBUG player_1: [1 1 1 1 1 1 1 1 1 0 0]
2025-07-07 10:30:05,548 DEBUG player_1: [1 1 1 1 1 1 1 1 1 0 0]
2025-07-07 10:30:05,549 DEBUG player_1: [0 0 1 0 0 0 0 0 0 0 0]
2025-07-07 10:30:05,549 DEBUG player_1: [0 0 1 0 0 0 0 0 0 0 0]
2025-07-07 10:30:05,549 DEBUG RLAgent: chosen action = 1
2025-07-07 10:30:05,549 DEBUG RLAgent: chosen action = 2
2025-07-07 10:30:05,594 DEBUG player_0: [1 1 1 1 1 1 1 1 1 0 0]
2025-07-07 10:30:05,604 DEBUG player_0: [1 1 1 1 1 1 1 1 0 0 0]
2025-07-07 10:30:05,605 DEBUG player_1: [1 1 1 1 1 1 1 1 1 0 0]
2025-07-07 10:30:05,605 DEBUG player_1: [1 1 1 1 1 1 1 1 1 0 0]
2025-07-07 10:30:05,605 DEBUG RLAgent: chosen action = 2
2025-07-07 10:30:05,655 DEBUG player_0: [1 1 1 1 1 1 1 1 0 0 0]
2025-07-07 10:30:05,662 DEBUG player_0: [0 0 1 0 0 0 0 0 0 0 0]
2025-07-07 10:30:05,663 DEBUG player_1: [1 1 1 1 1 1 1 1 1 0 0]
2025-07-07 10:30:05,663 DEBUG player_1: [1 1 1 1 1 1 1 1 1 0 0]
2025-07-07 10:30:05,664 DEBUG RLAgent: chosen action = 2
2025-07-07 10:30:05,704 DEBUG player_0: [1 1 1 1 1 1 1 1 1 0 0]
2025-07-07 10:30:05,718 DEBUG player_0: [0 0 0 0 0 0 0 0 1 1 0]
2025-07-07 10:30:05,771 DEBUG player_0: [1 1 1 1 1 1 1 1 0 0 0]
2025-07-07 10:30:05,777 DEBUG player_0: [0 0 1 0 0 0 1 0 1 0 0]
2025-07-07 10:30:05,789 DEBUG player_1: [1 1 1 1 1 1 1 1 1 0 0]
2025-07-07 10:30:05,794 DEBUG player_1: [1 1 1 1 1 1 1 1 1 0 0]
2025-07-07 10:30:05,795 DEBUG RLAgent: chosen action = 2
2025-07-07 10:30:05,813 DEBUG player_0: [1 1 1 1 1 1 1 1 1 0 0]
2025-07-07 10:30:05,826 DEBUG player_0: [1 1 1 1 1 1 1 1 1 0 0]
2025-07-07 10:30:05,826 DEBUG player_1: [1 1 1 1 1 1 1 1 1 0 0]
2025-07-07 10:30:05,826 DEBUG player_1: [1 1 1 1 1 1 1 1 1 0 0]
2025-07-07 10:30:05,827 DEBUG RLAgent: chosen action = 0
2025-07-07 10:30:05,887 DEBUG player_0: [1 1 1 1 1 1 1 1 0 0 0]
2025-07-07 10:30:05,903 DEBUG player_0: [0 0 1 0 0 0 0 0 0 0 0]
2025-07-07 10:30:05,904 DEBUG player_1: [1 1 1 1 1 1 1 1 1 0 0]
2025-07-07 10:30:05,904 DEBUG player_1: [1 1 1 1 1 1 1 1 1 0 0]
2025-07-07 10:30:05,904 DEBUG RLAgent: chosen action = 1
2025-07-07 10:30:05,922 DEBUG player_0: [1 1 1 1 1 1 1 1 1 0 0]
2025-07-07 10:30:05,935 DEBUG player_0: [1 1 1 1 1 1 1 1 1 0 0]
2025-07-07 10:30:05,935 DEBUG player_1: [1 0 0 0 1 0 0 0 1 0 0]
2025-07-07 10:30:05,935 DEBUG player_1: [1 0 0 0 1 0 0 0 1 0 0]
2025-07-07 10:30:05,936 DEBUG RLAgent: chosen action = 0
2025-07-07 10:30:05,963 DEBUG player_0: [0 0 0 0 0 0 0 0 1 0 0]
2025-07-07 10:30:05,964 DEBUG player_1: [0 0 0 0 0 0 0 0 1 1 0]
2025-07-07 10:30:05,964 DEBUG player_1: [0 0 0 0 0 0 0 0 1 1 0]
2025-07-07 10:30:05,964 DEBUG RLAgent: chosen action = 9
2025-07-07 10:30:05,995 DEBUG player_0: [1 1 1 1 1 1 1 1 0 0 0]
2025-07-07 10:30:06,031 DEBUG player_0: [1 1 1 1 1 1 1 1 1 0 0]
2025-07-07 10:30:06,072 DEBUG player_0: [0 1 0 0 0 1 0 0 1 0 0]
2025-07-07 10:30:06,072 DEBUG player_1: [1 1 1 1 1 1 1 1 1 0 0]
2025-07-07 10:30:06,072 DEBUG player_1: [1 1 1 1 1 1 1 1 1 0 0]
2025-07-07 10:30:06,073 DEBUG RLAgent: chosen action = 3
2025-07-07 10:30:06,104 DEBUG player_0: [1 1 1 1 1 1 1 1 0 0 0]
2025-07-07 10:30:06,140 DEBUG player_0: [1 1 1 1 1 1 1 1 1 0 0]
2025-07-07 10:30:06,264 DEBUG player_0: [1 1 1 1 1 1 1 1 1 0 0]
2025-07-07 10:30:06,428 DEBUG player_0: [0 0 0 0 0 0 0 0 1 0 0]
2025-07-07 10:30:06,428 DEBUG player_1: [0 0 0 0 0 0 0 0 1 0 0]
2025-07-07 10:30:06,428 DEBUG player_1: [0 0 0 0 0 0 0 0 1 0 0]
2025-07-07 10:30:06,429 DEBUG RLAgent: chosen action = 8
2025-07-07 10:30:06,452 DEBUG player_0: [0 0 0 0 0 0 0 0 1 0 0]
2025-07-07 10:30:06,540 DEBUG player_0: [0 0 1 0 0 0 1 0 1 0 0]
2025-07-07 10:30:06,540 DEBUG player_1: [1 1 1 1 1 1 1 1 0 0 0]
2025-07-07 10:30:06,540 DEBUG player_1: [1 1 1 1 1 1 1 1 0 0 0]
2025-07-07 10:30:06,541 DEBUG RLAgent: chosen action = 3
2025-07-07 10:30:06,600 DEBUG player_0: [0 0 0 0 0 0 0 0 1 0 0]
2025-07-07 10:30:06,601 DEBUG player_1: [0 0 0 0 0 0 0 0 1 0 0]
2025-07-07 10:30:06,601 DEBUG player_1: [0 0 0 0 0 0 0 0 1 0 0]
2025-07-07 10:30:06,601 DEBUG RLAgent: chosen action = 8
2025-07-07 10:30:06,654 DEBUG player_0: [0 0 1 0 0 0 0 0 0 0 0]
2025-07-07 10:30:06,654 DEBUG player_1: [1 1 1 1 1 1 1 1 0 0 0]
2025-07-07 10:30:06,655 DEBUG player_1: [1 1 1 1 1 1 1 1 0 0 0]
2025-07-07 10:30:06,655 DEBUG RLAgent: chosen action = 2
2025-07-07 10:30:06,712 DEBUG player_0: [0 1 0 0 0 1 0 0 1 0 0]
2025-07-07 10:30:06,712 DEBUG player_1: [1 1 1 1 1 1 1 1 0 0 0]
2025-07-07 10:30:06,712 DEBUG player_1: [1 1 1 1 1 1 1 1 0 0 0]
2025-07-07 10:30:06,713 DEBUG RLAgent: chosen action = 1
2025-07-07 10:30:06,769 DEBUG player_0: [0 0 1 0 0 0 1 0 1 0 0]
2025-07-07 10:30:06,769 DEBUG player_1: [1 1 1 1 1 1 1 1 0 0 0]
2025-07-07 10:30:06,769 DEBUG player_1: [1 1 1 1 1 1 1 1 0 0 0]
2025-07-07 10:30:06,770 DEBUG RLAgent: chosen action = 3
2025-07-07 10:30:06,781 DEBUG player_0: [0 0 0 0 0 0 0 0 1 0 0]
2025-07-07 10:30:06,891 DEBUG player_0: [0 0 1 0 0 0 0 0 0 0 0]
2025-07-07 10:30:06,897 DEBUG player_0: [1 1 1 1 1 1 1 1 0 0 0]
2025-07-07 10:30:06,897 DEBUG player_1: [1 1 1 1 1 1 1 1 0 0 0]
2025-07-07 10:30:06,898 DEBUG player_1: [1 1 1 1 1 1 1 1 0 0 0]
2025-07-07 10:30:06,898 DEBUG RLAgent: chosen action = 2
2025-07-07 10:30:06,979 DEBUG player_0: [0 0 0 0 0 0 0 0 1 0 0]
2025-07-07 10:30:06,980 DEBUG player_1: [0 0 0 0 0 0 0 0 1 0 0]
2025-07-07 10:30:06,980 DEBUG player_1: [0 0 0 0 0 0 0 0 1 0 0]
2025-07-07 10:30:06,980 DEBUG RLAgent: chosen action = 8
2025-07-07 10:30:07,016 DEBUG player_0: [0 0 1 0 0 0 1 0 1 0 0]
2025-07-07 10:30:07,017 DEBUG player_1: [1 1 1 1 1 1 1 1 0 0 0]
2025-07-07 10:30:07,017 DEBUG player_1: [1 1 1 1 1 1 1 1 0 0 0]
2025-07-07 10:30:07,017 DEBUG RLAgent: chosen action = 2
2025-07-07 10:30:07,088 DEBUG player_0: [1 1 1 1 1 1 1 1 1 0 0]
2025-07-07 10:30:07,089 DEBUG player_1: [1 1 1 1 1 1 1 1 0 0 0]
2025-07-07 10:30:07,089 DEBUG player_1: [1 1 1 1 1 1 1 1 0 0 0]
2025-07-07 10:30:07,089 DEBUG RLAgent: chosen action = 3
2025-07-07 10:30:07,130 DEBUG player_0: [0 0 1 0 0 0 0 0 0 0 0]
2025-07-07 10:30:07,131 DEBUG player_1: [1 1 1 1 1 1 1 1 0 0 0]
2025-07-07 10:30:07,131 DEBUG player_1: [1 1 1 1 1 1 1 1 0 0 0]
2025-07-07 10:30:07,131 DEBUG RLAgent: chosen action = 2
2025-07-07 10:30:07,202 DEBUG player_0: [0 0 0 1 0 0 0 1 1 0 0]
2025-07-07 10:30:07,202 DEBUG player_1: [0 0 0 1 0 0 0 1 0 0 0]
2025-07-07 10:30:07,202 DEBUG player_1: [0 0 0 1 0 0 0 1 0 0 0]
2025-07-07 10:30:07,203 DEBUG RLAgent: chosen action = 3
2025-07-07 10:30:07,240 DEBUG player_0: [0 0 0 0 0 0 0 0 1 0 0]
2025-07-07 10:30:07,353 DEBUG player_0: [1 1 1 1 1 1 1 1 0 0 0]
2025-07-07 10:30:07,353 DEBUG player_1: [1 1 1 1 1 1 1 1 0 0 0]
2025-07-07 10:30:07,353 DEBUG player_1: [1 1 1 1 1 1 1 1 0 0 0]
2025-07-07 10:30:07,354 DEBUG RLAgent: chosen action = 1
2025-07-07 10:30:07,661 DEBUG player_0: [0 0 0 0 0 0 0 0 1 0 0]
2025-07-07 10:30:07,732 DEBUG player_0: [0 0 0 0 0 0 0 0 1 0 0]
2025-07-07 10:30:07,789 DEBUG player_0: [1 1 1 1 1 1 1 1 0 0 0]
2025-07-07 10:30:07,790 DEBUG player_1: [1 1 1 1 1 1 1 1 0 0 0]
2025-07-07 10:30:07,790 DEBUG player_1: [1 1 1 1 1 1 1 1 0 0 0]
2025-07-07 10:30:07,790 DEBUG RLAgent: chosen action = 0
2025-07-07 10:30:07,843 DEBUG player_0: [1 1 1 1 1 1 1 1 0 0 0]
2025-07-07 10:30:07,844 DEBUG player_1: [0 0 0 1 0 0 0 1 0 0 0]
2025-07-07 10:30:07,844 DEBUG player_1: [0 0 0 1 0 0 0 1 0 0 0]
2025-07-07 10:30:07,844 DEBUG RLAgent: chosen action = 3
2025-07-07 10:30:07,901 DEBUG player_0: [1 1 1 1 1 1 1 1 0 0 0]
2025-07-07 10:30:07,901 DEBUG player_1: [1 1 1 1 1 1 1 1 0 0 0]
2025-07-07 10:30:07,902 DEBUG player_1: [1 1 1 1 1 1 1 1 0 0 0]
2025-07-07 10:30:07,902 DEBUG RLAgent: chosen action = 3
2025-07-07 10:30:08,014 DEBUG player_0: [1 1 1 1 1 1 1 1 0 0 0]
2025-07-07 10:30:08,014 DEBUG player_1: [1 1 1 1 1 1 1 1 0 0 0]
2025-07-07 10:30:08,014 DEBUG player_1: [1 1 1 1 1 1 1 1 0 0 0]
2025-07-07 10:30:08,015 DEBUG RLAgent: chosen action = 1
2025-07-07 10:30:08,128 DEBUG player_0: [1 0 0 0 0 0 0 0 0 0 0]
2025-07-07 10:30:08,128 DEBUG player_1: [1 1 1 1 1 1 1 1 0 0 0]
2025-07-07 10:30:08,129 DEBUG player_1: [1 1 1 1 1 1 1 1 0 0 0]
2025-07-07 10:30:08,129 DEBUG RLAgent: chosen action = 3
2025-07-07 10:30:08,242 DEBUG player_0: [1 1 1 1 1 1 1 1 0 0 0]
2025-07-07 10:30:08,243 DEBUG player_1: [1 1 1 1 1 1 1 1 0 0 0]
2025-07-07 10:30:08,243 DEBUG player_1: [1 1 1 1 1 1 1 1 0 0 0]
2025-07-07 10:30:08,243 DEBUG RLAgent: chosen action = 0
2025-07-07 10:30:08,355 DEBUG player_0: [1 1 1 1 1 1 1 1 0 0 0]
2025-07-07 10:30:08,356 DEBUG player_1: [1 1 1 1 1 1 1 1 0 0 0]
2025-07-07 10:30:08,356 DEBUG player_1: [1 1 1 1 1 1 1 1 0 0 0]
2025-07-07 10:30:08,357 DEBUG RLAgent: chosen action = 3
2025-07-07 10:30:08,470 DEBUG player_0: [1 1 1 1 1 1 1 1 0 0 0]
2025-07-07 10:30:08,472 DEBUG player_1: [1 1 1 1 1 1 1 1 0 0 0]
2025-07-07 10:30:08,476 DEBUG player_1: [1 1 1 1 1 1 1 1 0 0 0]
2025-07-07 10:30:08,479 DEBUG RLAgent: chosen action = 2
2025-07-07 10:30:08,593 DEBUG player_0: [1 1 1 1 1 1 1 1 0 0 0]
2025-07-07 10:30:08,594 DEBUG player_1: [1 1 1 1 1 1 1 1 0 0 0]
2025-07-07 10:30:08,594 DEBUG player_1: [1 1 1 1 1 1 1 1 0 0 0]
2025-07-07 10:30:08,594 DEBUG RLAgent: chosen action = 2
2025-07-07 10:30:09,429 DEBUG player_0: [1 1 1 1 1 1 1 1 1 1 0]
2025-07-07 10:30:09,430 DEBUG player_1: [1 1 1 1 1 1 1 1 1 1 0]
2025-07-07 10:30:09,430 DEBUG player_1: [1 1 1 1 1 1 1 1 1 1 0]
2025-07-07 10:30:09,430 DEBUG RLAgent: chosen action = 1
2025-07-07 10:30:09,464 DEBUG player_0: [1 1 1 1 1 1 1 1 1 1 0]
2025-07-07 10:30:09,470 DEBUG player_0: [1 1 1 1 1 1 1 1 1 1 0]
2025-07-07 10:30:09,471 DEBUG player_1: [1 1 1 1 1 1 1 1 1 1 0]
2025-07-07 10:30:09,471 DEBUG player_1: [1 1 1 1 1 1 1 1 1 1 0]
2025-07-07 10:30:09,483 DEBUG player_0: [1 1 1 1 1 1 1 1 1 1 0]
2025-07-07 10:30:09,488 DEBUG player_0: [1 1 1 1 1 1 1 1 1 1 0]
2025-07-07 10:30:09,488 DEBUG player_0: [1 1 1 1 1 1 1 1 1 1 0]
2025-07-07 10:30:09,494 DEBUG player_0: [1 1 1 1 1 1 1 1 1 1 0]
2025-07-07 10:30:09,499 DEBUG player_0: [1 1 1 1 1 1 1 1 1 1 0]
2025-07-07 10:30:09,501 DEBUG RLAgent: chosen action = 2
2025-07-07 10:30:09,502 DEBUG player_1: [1 1 1 1 1 1 1 1 1 1 0]
2025-07-07 10:30:09,502 DEBUG player_1: [1 1 1 1 1 1 1 1 1 1 0]
2025-07-07 10:30:09,503 DEBUG player_1: [1 1 1 1 1 1 1 1 1 1 0]
2025-07-07 10:30:09,504 DEBUG player_1: [1 1 1 1 1 1 1 1 1 1 0]
2025-07-07 10:30:09,504 DEBUG player_1: [1 1 1 1 1 1 1 1 1 1 0]
2025-07-07 10:30:09,505 DEBUG player_1: [1 1 1 1 1 1 1 1 1 1 0]
2025-07-07 10:30:09,506 DEBUG RLAgent: chosen action = 3
2025-07-07 10:30:09,506 DEBUG RLAgent: chosen action = 2
2025-07-07 10:30:09,508 DEBUG RLAgent: chosen action = 0
2025-07-07 10:30:09,540 DEBUG player_0: [1 1 1 1 1 1 1 1 1 1 0]
2025-07-07 10:30:09,540 DEBUG player_1: [0 1 0 0 0 0 0 0 0 0 0]
2025-07-07 10:30:09,540 DEBUG player_1: [0 1 0 0 0 0 0 0 0 0 0]
2025-07-07 10:30:09,541 DEBUG RLAgent: chosen action = 1
2025-07-07 10:30:09,611 DEBUG player_0: [1 1 1 1 1 1 1 1 1 1 0]
2025-07-07 10:30:09,625 DEBUG player_0: [0 1 0 0 0 0 0 0 0 0 0]
2025-07-07 10:30:09,625 DEBUG player_0: [0 1 0 0 0 1 0 0 1 1 0]
2025-07-07 10:30:09,630 DEBUG player_0: [1 0 0 0 1 0 0 0 1 1 0]
2025-07-07 10:30:09,635 DEBUG player_0: [1 1 1 1 1 1 1 1 1 1 0]
2025-07-07 10:30:09,637 DEBUG player_1: [1 1 1 1 1 1 1 1 1 1 0]
2025-07-07 10:30:09,638 DEBUG player_1: [1 1 1 1 1 1 1 1 1 1 0]
2025-07-07 10:30:09,643 DEBUG player_0: [1 1 1 1 1 1 1 1 1 1 0]
2025-07-07 10:30:09,643 DEBUG player_1: [0 0 0 1 0 0 0 1 1 1 0]
2025-07-07 10:30:09,643 DEBUG player_1: [0 0 0 1 0 0 0 1 1 1 0]
2025-07-07 10:30:09,644 DEBUG player_1: [1 1 1 0 1 1 1 0 1 1 0]
2025-07-07 10:30:09,644 DEBUG RLAgent: chosen action = 3
2025-07-07 10:30:09,644 DEBUG player_1: [1 1 1 0 1 1 1 0 1 1 0]
2025-07-07 10:30:09,645 DEBUG RLAgent: chosen action = 3
2025-07-07 10:30:09,651 DEBUG player_0: [1 1 1 1 1 1 1 1 1 1 0]
2025-07-07 10:30:09,652 DEBUG RLAgent: chosen action = 2
2025-07-07 10:30:09,652 DEBUG player_1: [1 1 1 1 1 1 1 1 1 1 0]
2025-07-07 10:30:09,652 DEBUG player_1: [1 1 1 1 1 1 1 1 1 1 0]
2025-07-07 10:30:09,654 DEBUG RLAgent: chosen action = 3
2025-07-07 10:30:09,743 DEBUG player_0: [1 1 1 1 1 1 1 1 1 1 0]
2025-07-07 10:30:09,761 DEBUG player_0: [1 1 1 1 1 1 1 1 1 1 0]
2025-07-07 10:30:09,762 DEBUG player_1: [0 0 0 1 0 0 0 1 1 1 0]
2025-07-07 10:30:09,762 DEBUG player_1: [0 0 0 1 0 0 0 1 1 1 0]
2025-07-07 10:30:09,769 DEBUG player_0: [1 1 1 1 1 1 1 1 1 1 0]
2025-07-07 10:30:09,781 DEBUG player_0: [1 1 1 1 1 1 1 1 1 1 0]
2025-07-07 10:30:09,782 DEBUG RLAgent: chosen action = 3
2025-07-07 10:30:09,782 DEBUG player_1: [1 1 1 1 1 1 1 1 1 1 0]
2025-07-07 10:30:09,783 DEBUG player_1: [1 1 1 1 1 1 1 1 1 1 0]
2025-07-07 10:30:09,783 DEBUG player_1: [1 1 1 0 1 1 1 0 1 1 0]
2025-07-07 10:30:09,783 DEBUG player_1: [1 1 1 0 1 1 1 0 1 1 0]
2025-07-07 10:30:09,784 DEBUG RLAgent: chosen action = 2
2025-07-07 10:30:09,784 DEBUG RLAgent: chosen action = 2
2025-07-07 10:30:09,892 DEBUG player_0: [1 1 1 1 1 1 1 1 1 1 0]
2025-07-07 10:30:09,892 DEBUG player_1: [0 0 0 1 0 0 0 1 1 1 0]
2025-07-07 10:30:09,893 DEBUG player_1: [0 0 0 1 0 0 0 1 1 1 0]
2025-07-07 10:30:09,898 DEBUG player_0: [1 1 1 1 1 1 1 1 1 1 0]
2025-07-07 10:30:09,903 DEBUG player_0: [1 1 1 1 1 1 1 1 1 1 0]
2025-07-07 10:30:09,903 DEBUG player_1: [1 1 1 1 1 1 1 1 1 1 0]
2025-07-07 10:30:09,903 DEBUG player_1: [1 1 1 1 1 1 1 1 1 1 0]
2025-07-07 10:30:09,903 DEBUG RLAgent: chosen action = 3
2025-07-07 10:30:09,903 DEBUG player_1: [1 1 1 0 1 1 1 0 1 1 0]
2025-07-07 10:30:09,904 DEBUG player_1: [1 1 1 0 1 1 1 0 1 1 0]
2025-07-07 10:30:09,904 DEBUG RLAgent: chosen action = 0
2025-07-07 10:30:09,904 DEBUG RLAgent: chosen action = 0
2025-07-07 10:30:10,013 DEBUG player_0: [1 1 1 1 1 1 1 1 1 1 0]
2025-07-07 10:30:10,014 DEBUG player_1: [0 0 0 1 0 0 0 1 1 1 0]
2025-07-07 10:30:10,014 DEBUG player_1: [0 0 0 1 0 0 0 1 1 1 0]
2025-07-07 10:30:10,020 DEBUG player_0: [1 1 1 1 1 1 1 1 1 1 0]
2025-07-07 10:30:10,025 DEBUG player_0: [1 1 1 1 1 1 1 1 1 1 0]
2025-07-07 10:30:10,025 DEBUG RLAgent: chosen action = 3
2025-07-07 10:30:10,026 DEBUG player_1: [1 1 1 1 1 1 1 1 1 1 0]
2025-07-07 10:30:10,026 DEBUG player_1: [1 1 1 1 1 1 1 1 1 1 0]
2025-07-07 10:30:10,026 DEBUG player_1: [1 1 1 1 1 1 1 1 1 1 0]
2025-07-07 10:30:10,026 DEBUG player_1: [1 1 1 1 1 1 1 1 1 1 0]
2025-07-07 10:30:10,027 DEBUG RLAgent: chosen action = 0
2025-07-07 10:30:10,028 DEBUG RLAgent: chosen action = 1
2025-07-07 10:30:10,042 DEBUG player_0: [0 0 0 0 0 0 0 0 1 1 0]
2025-07-07 10:30:10,042 DEBUG player_1: [0 0 0 0 0 0 0 0 1 1 0]
2025-07-07 10:30:10,042 DEBUG player_1: [0 0 0 0 0 0 0 0 1 1 0]
2025-07-07 10:30:10,042 DEBUG RLAgent: chosen action = 8
2025-07-07 10:30:10,136 DEBUG player_0: [1 1 1 1 1 1 1 1 1 1 0]
2025-07-07 10:30:10,136 DEBUG player_1: [0 0 0 1 0 0 0 1 1 1 0]
2025-07-07 10:30:10,136 DEBUG player_1: [0 0 0 1 0 0 0 1 1 1 0]
2025-07-07 10:30:10,142 DEBUG player_0: [1 1 1 1 1 1 1 1 1 1 0]
2025-07-07 10:30:10,142 DEBUG RLAgent: chosen action = 3
2025-07-07 10:30:10,142 DEBUG player_1: [1 1 1 0 1 1 1 0 1 1 0]
2025-07-07 10:30:10,143 DEBUG player_1: [1 1 1 0 1 1 1 0 1 1 0]
2025-07-07 10:30:10,143 DEBUG RLAgent: chosen action = 1
2025-07-07 10:30:10,151 DEBUG player_0: [1 1 1 1 1 1 1 1 1 1 0]
2025-07-07 10:30:10,152 DEBUG player_1: [1 1 1 1 1 1 1 1 1 1 0]
2025-07-07 10:30:10,152 DEBUG player_1: [1 1 1 1 1 1 1 1 1 1 0]
2025-07-07 10:30:10,152 DEBUG RLAgent: chosen action = 1
2025-07-07 10:30:10,171 DEBUG player_0: [0 0 0 0 0 0 0 0 1 1 0]
2025-07-07 10:30:10,177 DEBUG player_0: [0 0 0 0 0 0 0 0 1 1 0]
2025-07-07 10:30:10,182 DEBUG player_0: [0 0 0 0 0 0 0 0 1 1 0]
2025-07-07 10:30:10,182 DEBUG player_1: [0 0 0 0 0 0 0 0 1 1 0]
2025-07-07 10:30:10,183 DEBUG player_1: [0 0 0 0 0 0 0 0 1 1 0]
2025-07-07 10:30:10,183 DEBUG RLAgent: chosen action = 8
2025-07-07 10:30:10,251 DEBUG player_0: [1 1 1 1 1 1 1 1 1 1 0]
2025-07-07 10:30:10,252 DEBUG player_1: [0 0 0 1 0 0 0 1 1 1 0]
2025-07-07 10:30:10,252 DEBUG player_1: [0 0 0 1 0 0 0 1 1 1 0]
2025-07-07 10:30:10,257 DEBUG player_0: [1 1 1 1 1 1 1 1 1 1 0]
2025-07-07 10:30:10,263 DEBUG player_0: [0 0 0 0 0 0 0 0 1 1 0]
2025-07-07 10:30:10,264 DEBUG RLAgent: chosen action = 3
2025-07-07 10:30:10,264 DEBUG player_1: [1 1 1 0 1 1 1 0 1 1 0]
2025-07-07 10:30:10,264 DEBUG player_1: [1 1 1 0 1 1 1 0 1 1 0]
2025-07-07 10:30:10,269 DEBUG player_0: [1 1 1 1 1 1 1 1 1 1 0]
2025-07-07 10:30:10,270 DEBUG RLAgent: chosen action = 2
2025-07-07 10:30:10,271 DEBUG player_1: [1 1 1 1 1 1 1 1 1 1 0]
2025-07-07 10:30:10,271 DEBUG player_1: [1 1 1 1 1 1 1 1 1 1 0]
2025-07-07 10:30:10,273 DEBUG RLAgent: chosen action = 2
2025-07-07 10:30:10,292 DEBUG player_0: [0 1 0 0 0 1 0 0 1 1 0]
2025-07-07 10:30:10,298 DEBUG player_0: [1 0 0 0 1 0 0 0 1 1 0]
2025-07-07 10:30:10,303 DEBUG player_0: [0 1 0 0 0 1 0 0 1 1 0]
2025-07-07 10:30:10,304 DEBUG player_1: [1 1 1 1 1 1 1 1 1 0 0]
2025-07-07 10:30:10,305 DEBUG player_1: [1 1 1 1 1 1 1 1 1 0 0]
2025-07-07 10:30:10,306 DEBUG RLAgent: chosen action = 0
2025-07-07 10:30:10,381 DEBUG player_0: [1 1 1 1 1 1 1 1 1 1 0]
2025-07-07 10:30:10,386 DEBUG player_0: [1 1 1 1 1 1 1 1 1 1 0]
2025-07-07 10:30:10,393 DEBUG player_0: [1 1 1 1 1 1 1 1 1 1 0]
2025-07-07 10:30:10,393 DEBUG player_1: [0 0 0 1 0 0 0 1 1 1 0]
2025-07-07 10:30:10,394 DEBUG player_1: [0 0 0 1 0 0 0 1 1 1 0]
2025-07-07 10:30:10,403 DEBUG player_0: [1 1 1 1 1 1 1 1 1 1 0]
2025-07-07 10:30:10,404 DEBUG player_1: [1 1 1 1 1 1 1 1 1 1 0]
2025-07-07 10:30:10,404 DEBUG player_1: [1 1 1 1 1 1 1 1 1 1 0]
2025-07-07 10:30:10,405 DEBUG RLAgent: chosen action = 3
2025-07-07 10:30:10,405 DEBUG player_1: [1 1 1 1 1 1 1 1 1 1 0]
2025-07-07 10:30:10,405 DEBUG player_1: [1 1 1 1 1 1 1 1 1 1 0]
2025-07-07 10:30:10,406 DEBUG RLAgent: chosen action = 3
2025-07-07 10:30:10,407 DEBUG RLAgent: chosen action = 3
2025-07-07 10:30:10,414 DEBUG player_0: [0 1 0 0 0 0 0 0 0 0 0]
2025-07-07 10:30:10,415 DEBUG player_1: [1 0 0 0 1 0 0 0 1 0 0]
2025-07-07 10:30:10,416 DEBUG player_1: [1 0 0 0 1 0 0 0 1 0 0]
2025-07-07 10:30:10,416 DEBUG RLAgent: chosen action = 0
2025-07-07 10:30:10,513 DEBUG player_0: [1 1 1 1 1 1 1 1 1 1 0]
2025-07-07 10:30:10,519 DEBUG player_0: [1 1 1 1 1 1 1 1 1 1 0]
2025-07-07 10:30:10,520 DEBUG player_1: [0 0 0 0 0 0 0 0 1 1 1]
2025-07-07 10:30:10,520 DEBUG player_1: [0 0 0 0 0 0 0 0 1 1 1]
2025-07-07 10:30:10,526 DEBUG player_0: [1 1 1 1 1 1 1 1 1 1 0]
2025-07-07 10:30:10,527 DEBUG RLAgent: chosen action = 10
2025-07-07 10:30:10,527 DEBUG player_1: [1 1 1 0 1 1 1 0 1 1 0]
2025-07-07 10:30:10,527 DEBUG player_1: [1 1 1 0 1 1 1 0 1 1 0]
2025-07-07 10:30:10,528 DEBUG RLAgent: chosen action = 0
2025-07-07 10:30:10,552 DEBUG player_0: [0 0 0 0 0 0 0 0 1 1 0]
2025-07-07 10:30:10,553 DEBUG player_1: [0 0 0 0 0 0 0 0 1 1 0]
2025-07-07 10:30:10,553 DEBUG player_1: [0 0 0 0 0 0 0 0 1 1 0]
2025-07-07 10:30:10,553 DEBUG RLAgent: chosen action = 8
2025-07-07 10:30:10,636 DEBUG player_0: [1 1 1 1 1 1 1 1 1 1 0]
2025-07-07 10:30:10,637 DEBUG player_1: [0 0 0 0 0 0 0 0 1 1 1]
2025-07-07 10:30:10,637 DEBUG player_1: [0 0 0 0 0 0 0 0 1 1 1]
2025-07-07 10:30:10,643 DEBUG player_0: [1 1 1 1 1 1 1 1 1 1 0]
2025-07-07 10:30:10,644 DEBUG RLAgent: chosen action = 10
2025-07-07 10:30:10,644 DEBUG player_1: [1 1 1 0 1 1 1 0 1 1 0]
2025-07-07 10:30:10,644 DEBUG player_1: [1 1 1 0 1 1 1 0 1 1 0]
2025-07-07 10:30:10,644 DEBUG RLAgent: chosen action = 2
2025-07-07 10:30:10,662 DEBUG player_0: [1 1 1 1 1 1 1 1 1 1 0]
2025-07-07 10:30:10,662 DEBUG player_1: [1 1 1 1 1 1 1 1 1 0 0]
2025-07-07 10:30:10,662 DEBUG player_1: [1 1 1 1 1 1 1 1 1 0 0]
2025-07-07 10:30:10,662 DEBUG RLAgent: chosen action = 0
2025-07-07 10:30:10,754 DEBUG player_0: [1 1 1 1 1 1 1 1 1 1 0]
2025-07-07 10:30:10,754 DEBUG player_1: [1 1 1 1 1 1 1 1 1 1 0]
2025-07-07 10:30:10,754 DEBUG player_1: [1 1 1 1 1 1 1 1 1 1 0]
2025-07-07 10:30:10,755 DEBUG RLAgent: chosen action = 2
2025-07-07 10:30:10,772 DEBUG player_0: [1 1 1 1 1 1 1 1 1 1 0]
2025-07-07 10:30:10,773 DEBUG player_1: [1 1 1 1 1 1 1 1 1 0 0]
2025-07-07 10:30:10,773 DEBUG player_1: [1 1 1 1 1 1 1 1 1 0 0]
2025-07-07 10:30:10,773 DEBUG RLAgent: chosen action = 3
2025-07-07 10:30:10,830 DEBUG player_0: [0 0 0 0 0 0 0 0 1 1 0]
2025-07-07 10:30:10,835 DEBUG player_0: [0 0 0 0 0 0 0 0 1 1 0]
2025-07-07 10:30:10,865 DEBUG player_0: [1 1 1 1 1 1 1 1 1 1 0]
2025-07-07 10:30:10,865 DEBUG player_1: [1 1 1 1 1 1 1 1 1 1 0]
2025-07-07 10:30:10,865 DEBUG player_1: [1 1 1 1 1 1 1 1 1 1 0]
2025-07-07 10:30:10,866 DEBUG RLAgent: chosen action = 2
2025-07-07 10:30:10,882 DEBUG player_0: [1 1 1 1 1 1 1 1 1 1 0]
2025-07-07 10:30:10,882 DEBUG player_1: [1 1 1 1 1 1 1 1 1 0 0]
2025-07-07 10:30:10,882 DEBUG player_1: [1 1 1 1 1 1 1 1 1 0 0]
2025-07-07 10:30:10,882 DEBUG RLAgent: chosen action = 1
2025-07-07 10:30:10,930 DEBUG player_0: [0 0 0 0 0 0 0 0 1 1 0]
2025-07-07 10:30:10,936 DEBUG player_0: [0 0 0 0 0 0 0 0 1 1 0]
2025-07-07 10:30:10,937 DEBUG player_1: [0 0 0 0 0 0 0 0 1 1 0]
2025-07-07 10:30:10,937 DEBUG player_1: [0 0 0 0 0 0 0 0 1 1 0]
2025-07-07 10:30:10,937 DEBUG RLAgent: chosen action = 8
2025-07-07 10:30:10,944 DEBUG player_0: [0 1 0 0 0 1 0 0 1 1 0]
2025-07-07 10:30:10,952 DEBUG player_0: [1 0 0 0 1 0 0 0 1 1 0]
2025-07-07 10:30:10,975 DEBUG player_0: [1 1 1 1 1 1 1 1 1 1 0]
2025-07-07 10:30:10,976 DEBUG player_1: [1 1 1 1 1 1 1 1 1 1 0]
2025-07-07 10:30:10,976 DEBUG player_1: [1 1 1 1 1 1 1 1 1 1 0]
2025-07-07 10:30:10,976 DEBUG RLAgent: chosen action = 3
2025-07-07 10:30:10,991 DEBUG player_0: [1 1 1 1 1 1 1 1 1 1 0]
2025-07-07 10:30:10,992 DEBUG player_1: [1 1 1 1 1 1 1 1 1 0 0]
2025-07-07 10:30:10,992 DEBUG player_1: [1 1 1 1 1 1 1 1 1 0 0]
2025-07-07 10:30:10,992 DEBUG RLAgent: chosen action = 1
2025-07-07 10:30:11,048 DEBUG player_0: [0 0 0 0 0 0 0 0 1 1 0]
2025-07-07 10:30:11,054 DEBUG player_0: [1 1 1 1 1 1 1 1 1 0 0]
2025-07-07 10:30:11,059 DEBUG player_0: [1 1 1 1 1 1 1 1 1 1 0]
2025-07-07 10:30:11,061 DEBUG player_1: [1 0 0 0 1 0 0 0 1 0 0]
2025-07-07 10:30:11,061 DEBUG player_1: [1 1 1 1 1 1 1 1 1 1 0]
2025-07-07 10:30:11,061 DEBUG player_1: [1 0 0 0 1 0 0 0 1 0 0]
2025-07-07 10:30:11,061 DEBUG player_1: [1 1 1 1 1 1 1 1 1 1 0]
2025-07-07 10:30:11,067 DEBUG player_0: [1 0 0 0 1 0 0 0 1 1 0]
2025-07-07 10:30:11,072 DEBUG player_0: [0 1 0 0 0 1 0 0 1 1 0]
2025-07-07 10:30:11,072 DEBUG RLAgent: chosen action = 0
2025-07-07 10:30:11,073 DEBUG RLAgent: chosen action = 0
2025-07-07 10:30:11,090 DEBUG player_0: [1 1 1 1 1 1 1 1 1 1 0]
2025-07-07 10:30:11,090 DEBUG player_1: [1 1 1 1 1 1 1 1 1 1 0]
2025-07-07 10:30:11,090 DEBUG player_1: [1 1 1 1 1 1 1 1 1 1 0]
2025-07-07 10:30:11,090 DEBUG RLAgent: chosen action = 1
2025-07-07 10:30:11,166 DEBUG player_0: [0 0 0 0 0 0 0 0 1 1 0]
2025-07-07 10:30:11,172 DEBUG player_0: [1 1 1 1 1 1 1 1 1 1 0]
2025-07-07 10:30:11,183 DEBUG player_0: [1 1 1 1 1 1 1 1 1 1 0]
2025-07-07 10:30:11,183 DEBUG player_1: [1 0 0 0 1 0 0 0 1 1 0]
2025-07-07 10:30:11,183 DEBUG player_1: [1 0 0 0 1 0 0 0 1 1 0]
2025-07-07 10:30:11,184 DEBUG RLAgent: chosen action = 0
2025-07-07 10:30:11,189 DEBUG player_0: [0 1 0 0 0 1 0 0 1 1 0]
2025-07-07 10:30:11,198 DEBUG player_0: [1 1 1 1 1 1 1 1 1 1 0]
2025-07-07 10:30:11,199 DEBUG player_1: [1 1 1 1 1 1 1 1 1 1 0]
2025-07-07 10:30:11,199 DEBUG player_1: [1 1 1 1 1 1 1 1 1 1 0]
2025-07-07 10:30:11,199 DEBUG RLAgent: chosen action = 1
2025-07-07 10:30:11,280 DEBUG player_0: [1 1 1 1 1 1 1 1 1 0 0]
2025-07-07 10:30:11,280 DEBUG player_1: [0 0 0 0 0 0 0 0 1 1 1]
2025-07-07 10:30:11,281 DEBUG player_1: [0 0 0 0 0 0 0 0 1 1 1]
2025-07-07 10:30:11,286 DEBUG player_0: [1 1 1 1 1 1 1 1 1 1 0]
2025-07-07 10:30:11,286 DEBUG RLAgent: chosen action = 10
2025-07-07 10:30:11,297 DEBUG player_0: [1 1 1 1 1 1 1 1 1 1 0]
2025-07-07 10:30:11,297 DEBUG player_1: [1 0 0 0 1 0 0 0 1 1 0]
2025-07-07 10:30:11,297 DEBUG player_1: [1 0 0 0 1 0 0 0 1 1 0]
2025-07-07 10:30:11,297 DEBUG RLAgent: chosen action = 0
2025-07-07 10:30:11,399 DEBUG player_0: [1 1 1 1 1 1 1 1 1 1 0]
2025-07-07 10:30:11,406 DEBUG player_0: [1 1 1 1 1 1 1 1 1 1 0]
2025-07-07 10:30:11,406 DEBUG player_1: [1 0 0 0 1 0 0 0 1 1 0]
2025-07-07 10:30:11,407 DEBUG player_1: [1 0 0 0 1 0 0 0 1 1 0]
2025-07-07 10:30:11,407 DEBUG RLAgent: chosen action = 0
2025-07-07 10:30:11,513 DEBUG player_0: [0 0 0 0 0 0 0 0 1 1 0]
2025-07-07 10:30:11,598 DEBUG player_0: [0 0 0 0 0 0 0 0 1 0 0]
2025-07-07 10:30:11,621 DEBUG player_0: [1 1 1 1 1 1 1 1 1 0 0]
2025-07-07 10:30:11,621 DEBUG player_1: [1 1 1 1 1 1 1 1 1 0 0]
2025-07-07 10:30:11,621 DEBUG player_1: [1 1 1 1 1 1 1 1 1 0 0]
2025-07-07 10:30:11,622 DEBUG RLAgent: chosen action = 3
2025-07-07 10:30:11,712 DEBUG player_0: [0 0 0 0 0 0 0 0 1 1 0]
2025-07-07 10:30:11,717 DEBUG player_0: [0 0 0 0 0 0 0 0 1 1 0]
2025-07-07 10:30:11,718 DEBUG player_1: [0 0 0 0 0 0 0 0 1 1 0]
2025-07-07 10:30:11,718 DEBUG player_1: [0 0 0 0 0 0 0 0 1 1 0]
2025-07-07 10:30:11,718 DEBUG RLAgent: chosen action = 8
2025-07-07 10:30:11,806 DEBUG player_0: [0 0 0 0 0 0 0 0 1 0 0]
2025-07-07 10:30:11,807 DEBUG player_1: [0 0 0 0 0 0 0 0 1 1 0]
2025-07-07 10:30:11,807 DEBUG player_1: [0 0 0 0 0 0 0 0 1 1 0]
2025-07-07 10:30:11,807 DEBUG RLAgent: chosen action = 9
2025-07-07 10:30:11,826 DEBUG player_0: [1 1 1 1 1 1 1 1 1 0 0]
2025-07-07 10:30:11,831 DEBUG player_0: [1 1 1 1 1 1 1 1 1 1 0]
2025-07-07 10:30:11,832 DEBUG player_1: [1 1 1 1 1 1 1 1 1 0 0]
2025-07-07 10:30:11,832 DEBUG player_1: [1 1 1 1 1 1 1 1 1 0 0]
2025-07-07 10:30:11,833 DEBUG RLAgent: chosen action = 2
2025-07-07 10:30:11,924 DEBUG player_0: [1 1 1 1 1 1 1 1 1 0 0]
2025-07-07 10:30:11,930 DEBUG player_0: [0 0 0 0 0 0 0 0 1 1 0]
2025-07-07 10:30:11,930 DEBUG player_1: [1 1 1 1 1 1 1 1 1 0 0]
2025-07-07 10:30:11,931 DEBUG player_1: [1 1 1 1 1 1 1 1 1 0 0]
2025-07-07 10:30:11,936 DEBUG player_0: [0 0 0 0 0 0 0 0 1 1 0]
2025-07-07 10:30:11,939 DEBUG player_1: [0 0 0 0 0 0 0 0 1 1 0]
2025-07-07 10:30:11,939 DEBUG player_1: [0 0 0 0 0 0 0 0 1 1 0]
2025-07-07 10:30:11,940 DEBUG RLAgent: chosen action = 2
2025-07-07 10:30:11,940 DEBUG RLAgent: chosen action = 8
2025-07-07 10:30:11,947 DEBUG player_0: [1 1 1 1 1 1 1 1 1 0 0]
2025-07-07 10:30:12,054 DEBUG player_0: [1 1 1 1 1 1 1 1 1 0 0]
2025-07-07 10:30:12,063 DEBUG player_0: [1 1 1 1 1 1 1 1 1 0 0]
2025-07-07 10:30:12,068 DEBUG player_0: [1 1 1 1 1 1 1 1 1 1 0]
2025-07-07 10:30:12,073 DEBUG player_0: [1 1 1 1 1 1 1 1 1 0 0]
2025-07-07 10:30:12,075 DEBUG player_1: [1 1 1 1 1 1 1 1 1 0 0]
2025-07-07 10:30:12,075 DEBUG player_1: [1 1 1 1 1 1 1 1 1 0 0]
2025-07-07 10:30:12,075 DEBUG player_1: [1 1 1 1 1 1 1 1 1 0 0]
2025-07-07 10:30:12,075 DEBUG player_1: [1 1 1 1 1 1 1 1 1 0 0]
2025-07-07 10:30:12,075 DEBUG RLAgent: chosen action = 2
2025-07-07 10:30:12,076 DEBUG RLAgent: chosen action = 0
2025-07-07 10:30:12,130 DEBUG player_0: [0 0 0 0 0 0 0 0 1 0 0]
2025-07-07 10:30:12,130 DEBUG player_1: [0 0 0 0 0 0 0 0 1 0 0]
2025-07-07 10:30:12,130 DEBUG player_1: [0 0 0 0 0 0 0 0 1 0 0]
2025-07-07 10:30:12,131 DEBUG RLAgent: chosen action = 8
2025-07-07 10:30:12,146 DEBUG player_0: [0 0 0 0 0 0 0 0 1 0 0]
2025-07-07 10:30:12,147 DEBUG player_1: [0 0 0 0 0 0 0 0 1 0 0]
2025-07-07 10:30:12,147 DEBUG player_1: [0 0 0 0 0 0 0 0 1 0 0]
2025-07-07 10:30:12,147 DEBUG RLAgent: chosen action = 8
2025-07-07 10:30:12,183 DEBUG player_0: [1 1 1 1 1 1 1 1 1 0 0]
2025-07-07 10:30:12,188 DEBUG player_0: [0 0 1 0 0 0 1 0 1 0 0]
2025-07-07 10:30:12,194 DEBUG player_0: [1 1 1 1 1 1 1 1 1 1 0]
2025-07-07 10:30:12,199 DEBUG player_0: [1 1 1 1 1 1 1 1 1 0 0]
2025-07-07 10:30:12,200 DEBUG player_1: [1 1 1 1 1 1 1 1 1 0 0]
2025-07-07 10:30:12,200 DEBUG player_1: [1 1 1 1 1 1 1 1 1 0 0]
2025-07-07 10:30:12,201 DEBUG player_1: [1 1 1 1 1 1 1 1 1 0 0]
2025-07-07 10:30:12,201 DEBUG player_1: [1 1 1 1 1 1 1 1 1 0 0]
2025-07-07 10:30:12,202 DEBUG RLAgent: chosen action = 0
2025-07-07 10:30:12,202 DEBUG RLAgent: chosen action = 2
2025-07-07 10:30:12,239 DEBUG player_0: [1 1 1 1 1 1 1 1 1 0 0]
2025-07-07 10:30:12,239 DEBUG player_1: [1 1 1 1 1 1 1 1 0 0 0]
2025-07-07 10:30:12,239 DEBUG player_1: [1 1 1 1 1 1 1 1 0 0 0]
2025-07-07 10:30:12,240 DEBUG RLAgent: chosen action = 0
2025-07-07 10:30:12,254 DEBUG player_0: [1 1 1 1 1 1 1 1 1 0 0]
2025-07-07 10:30:12,254 DEBUG player_1: [1 1 1 1 1 1 1 1 0 0 0]
2025-07-07 10:30:12,255 DEBUG player_1: [1 1 1 1 1 1 1 1 0 0 0]
2025-07-07 10:30:12,255 DEBUG RLAgent: chosen action = 3
2025-07-07 10:30:12,310 DEBUG player_0: [1 1 1 1 1 1 1 1 1 0 0]
2025-07-07 10:30:12,316 DEBUG player_0: [1 1 1 1 1 1 1 1 1 1 0]
2025-07-07 10:30:12,316 DEBUG player_1: [1 1 1 1 1 1 1 1 1 0 0]
2025-07-07 10:30:12,316 DEBUG player_1: [1 1 1 1 1 1 1 1 1 0 0]
2025-07-07 10:30:12,322 DEBUG player_0: [1 1 1 1 1 1 1 1 1 0 0]
2025-07-07 10:30:12,323 DEBUG RLAgent: chosen action = 1
2025-07-07 10:30:12,323 DEBUG player_1: [1 1 1 1 1 1 1 1 1 0 0]
2025-07-07 10:30:12,323 DEBUG player_1: [1 1 1 1 1 1 1 1 1 0 0]
2025-07-07 10:30:12,324 DEBUG RLAgent: chosen action = 1
2025-07-07 10:30:12,349 DEBUG player_0: [1 1 1 1 1 1 1 1 1 0 0]
2025-07-07 10:30:12,350 DEBUG player_1: [1 0 0 0 1 0 0 0 0 0 0]
2025-07-07 10:30:12,350 DEBUG player_1: [1 0 0 0 1 0 0 0 0 0 0]
2025-07-07 10:30:12,350 DEBUG RLAgent: chosen action = 0
2025-07-07 10:30:12,356 DEBUG player_0: [0 0 0 0 0 0 0 0 1 1 0]
2025-07-07 10:30:12,357 DEBUG player_1: [0 0 0 0 0 0 0 0 1 0 0]
2025-07-07 10:30:12,358 DEBUG player_1: [0 0 0 0 0 0 0 0 1 0 0]
2025-07-07 10:30:12,358 DEBUG RLAgent: chosen action = 8
2025-07-07 10:30:12,363 DEBUG player_0: [1 1 1 1 1 1 1 1 1 0 0]
2025-07-07 10:30:12,364 DEBUG player_1: [1 1 1 1 1 1 1 1 0 0 0]
2025-07-07 10:30:12,364 DEBUG player_1: [1 1 1 1 1 1 1 1 0 0 0]
2025-07-07 10:30:12,365 DEBUG RLAgent: chosen action = 3
2025-07-07 10:30:12,433 DEBUG player_0: [1 1 1 1 1 1 1 1 1 1 0]
2025-07-07 10:30:12,433 DEBUG player_1: [1 1 1 1 1 1 1 1 1 0 0]
2025-07-07 10:30:12,434 DEBUG player_1: [1 1 1 1 1 1 1 1 1 0 0]
2025-07-07 10:30:12,434 DEBUG RLAgent: chosen action = 0
2025-07-07 10:30:12,464 DEBUG player_0: [1 1 1 1 1 1 1 1 1 0 0]
2025-07-07 10:30:12,464 DEBUG player_1: [1 0 0 0 1 0 0 0 0 0 0]
2025-07-07 10:30:12,464 DEBUG player_1: [1 0 0 0 1 0 0 0 0 0 0]
2025-07-07 10:30:12,465 DEBUG RLAgent: chosen action = 0
2025-07-07 10:30:12,471 DEBUG player_0: [1 1 1 1 1 1 1 1 1 1 0]
2025-07-07 10:30:12,472 DEBUG player_1: [1 1 1 1 1 1 1 1 1 0 0]
2025-07-07 10:30:12,472 DEBUG player_1: [1 1 1 1 1 1 1 1 1 0 0]
2025-07-07 10:30:12,472 DEBUG RLAgent: chosen action = 3
2025-07-07 10:30:12,477 DEBUG player_0: [1 1 1 1 1 1 1 1 1 0 0]
2025-07-07 10:30:12,478 DEBUG player_1: [1 1 1 1 1 1 1 1 0 0 0]
2025-07-07 10:30:12,478 DEBUG player_1: [1 1 1 1 1 1 1 1 0 0 0]
2025-07-07 10:30:12,478 DEBUG RLAgent: chosen action = 1
2025-07-07 10:30:12,542 DEBUG player_0: [1 1 1 1 1 1 1 1 1 1 0]
2025-07-07 10:30:12,543 DEBUG player_1: [1 1 1 1 1 1 1 1 1 0 0]
2025-07-07 10:30:12,543 DEBUG player_1: [1 1 1 1 1 1 1 1 1 0 0]
2025-07-07 10:30:12,543 DEBUG RLAgent: chosen action = 2
2025-07-07 10:30:12,578 DEBUG player_0: [1 1 1 1 1 1 1 1 1 0 0]
2025-07-07 10:30:12,578 DEBUG player_1: [1 0 0 0 1 0 0 0 0 0 0]
2025-07-07 10:30:12,578 DEBUG player_1: [1 0 0 0 1 0 0 0 0 0 0]
2025-07-07 10:30:12,579 DEBUG RLAgent: chosen action = 0
2025-07-07 10:30:12,587 DEBUG player_0: [1 1 1 1 1 1 1 1 1 0 0]
2025-07-07 10:30:12,588 DEBUG player_1: [1 1 1 1 1 1 1 1 0 0 0]
2025-07-07 10:30:12,588 DEBUG player_1: [1 1 1 1 1 1 1 1 0 0 0]
2025-07-07 10:30:12,588 DEBUG RLAgent: chosen action = 3
2025-07-07 10:30:12,652 DEBUG player_0: [1 1 1 1 1 1 1 1 1 1 0]
2025-07-07 10:30:12,652 DEBUG player_1: [1 1 1 1 1 1 1 1 1 0 0]
2025-07-07 10:30:12,652 DEBUG player_1: [1 1 1 1 1 1 1 1 1 0 0]
2025-07-07 10:30:12,653 DEBUG RLAgent: chosen action = 0
2025-07-07 10:30:12,697 DEBUG player_0: [1 1 1 1 1 1 1 1 1 0 0]
2025-07-07 10:30:12,698 DEBUG player_1: [1 1 1 1 1 1 1 1 0 0 0]
2025-07-07 10:30:12,698 DEBUG player_1: [1 1 1 1 1 1 1 1 0 0 0]
2025-07-07 10:30:12,698 DEBUG RLAgent: chosen action = 0
2025-07-07 10:30:12,719 DEBUG player_0: [0 0 0 0 0 0 0 0 1 0 0]
2025-07-07 10:30:12,760 DEBUG player_0: [1 1 1 1 1 1 1 1 1 1 0]
2025-07-07 10:30:12,761 DEBUG player_1: [1 1 1 1 1 1 1 1 1 0 0]
2025-07-07 10:30:12,761 DEBUG player_1: [1 1 1 1 1 1 1 1 1 0 0]
2025-07-07 10:30:12,761 DEBUG RLAgent: chosen action = 0
2025-07-07 10:30:12,827 DEBUG player_0: [1 1 1 1 1 1 1 1 0 0 0]
2025-07-07 10:30:12,840 DEBUG player_0: [0 0 0 0 0 0 0 0 1 0 0]
2025-07-07 10:30:12,845 DEBUG player_0: [0 0 0 0 0 0 0 0 1 0 0]
2025-07-07 10:30:12,870 DEBUG player_0: [1 1 0 1 1 1 0 1 1 1 0]
2025-07-07 10:30:12,870 DEBUG player_1: [1 1 1 1 1 1 1 1 1 0 0]
2025-07-07 10:30:12,871 DEBUG player_1: [1 1 1 1 1 1 1 1 1 0 0]
2025-07-07 10:30:12,871 DEBUG RLAgent: chosen action = 1
2025-07-07 10:30:12,954 DEBUG player_0: [1 1 1 1 1 1 1 1 1 0 0]
2025-07-07 10:30:12,960 DEBUG player_0: [1 1 1 1 1 1 1 1 0 0 0]
2025-07-07 10:30:12,960 DEBUG player_1: [1 1 1 1 1 1 1 1 1 0 0]
2025-07-07 10:30:12,960 DEBUG player_1: [1 1 1 1 1 1 1 1 1 0 0]
2025-07-07 10:30:12,961 DEBUG RLAgent: chosen action = 1
2025-07-07 10:30:12,980 DEBUG player_0: [1 1 0 1 1 1 0 1 1 1 0]
2025-07-07 10:30:12,980 DEBUG player_1: [1 1 1 1 1 1 1 1 1 0 0]
2025-07-07 10:30:12,981 DEBUG player_1: [1 1 1 1 1 1 1 1 1 0 0]
2025-07-07 10:30:12,981 DEBUG RLAgent: chosen action = 3
2025-07-07 10:30:12,993 DEBUG player_0: [0 0 0 0 0 0 0 0 1 1 0]
2025-07-07 10:30:13,070 DEBUG player_0: [1 1 1 1 1 1 1 1 1 0 0]
2025-07-07 10:30:13,075 DEBUG player_0: [1 1 1 1 1 1 1 1 0 0 0]
2025-07-07 10:30:13,076 DEBUG player_1: [1 1 1 1 1 1 1 1 1 0 0]
2025-07-07 10:30:13,076 DEBUG player_1: [1 1 1 1 1 1 1 1 1 0 0]
2025-07-07 10:30:13,076 DEBUG RLAgent: chosen action = 2
2025-07-07 10:30:13,100 DEBUG player_0: [0 0 0 0 0 0 0 0 1 0 0]
2025-07-07 10:30:13,106 DEBUG player_0: [1 1 1 1 1 1 1 1 1 0 0]
2025-07-07 10:30:13,107 DEBUG player_1: [0 0 0 1 0 0 0 1 1 0 0]
2025-07-07 10:30:13,107 DEBUG player_1: [0 0 0 1 0 0 0 1 1 0 0]
2025-07-07 10:30:13,108 DEBUG RLAgent: chosen action = 3
2025-07-07 10:30:13,185 DEBUG player_0: [1 1 1 1 1 1 1 1 1 0 0]
2025-07-07 10:30:13,191 DEBUG player_0: [1 1 1 1 1 1 1 1 0 0 0]
2025-07-07 10:30:13,192 DEBUG player_1: [1 1 1 1 1 1 1 1 1 0 0]
2025-07-07 10:30:13,192 DEBUG player_1: [1 1 1 1 1 1 1 1 1 0 0]
2025-07-07 10:30:13,192 DEBUG RLAgent: chosen action = 0
2025-07-07 10:30:13,214 DEBUG player_0: [0 0 0 0 0 0 0 0 1 0 0]
2025-07-07 10:30:13,219 DEBUG player_0: [1 1 1 1 1 1 1 1 0 0 0]
2025-07-07 10:30:13,220 DEBUG player_1: [1 0 0 0 1 0 0 0 0 0 0]
2025-07-07 10:30:13,220 DEBUG player_1: [1 0 0 0 1 0 0 0 0 0 0]
2025-07-07 10:30:13,220 DEBUG RLAgent: chosen action = 0
2025-07-07 10:30:13,300 DEBUG player_0: [1 1 1 1 1 1 1 1 1 0 0]
2025-07-07 10:30:13,305 DEBUG player_0: [1 1 1 1 1 1 1 1 0 0 0]
2025-07-07 10:30:13,306 DEBUG player_1: [1 1 1 1 1 1 1 1 1 0 0]
2025-07-07 10:30:13,306 DEBUG player_1: [1 1 1 1 1 1 1 1 1 0 0]
2025-07-07 10:30:13,307 DEBUG RLAgent: chosen action = 1
2025-07-07 10:30:13,327 DEBUG player_0: [1 1 1 1 1 1 1 1 0 0 0]
2025-07-07 10:30:13,328 DEBUG player_1: [1 1 1 1 1 1 1 1 0 0 0]
2025-07-07 10:30:13,328 DEBUG player_1: [1 1 1 1 1 1 1 1 0 0 0]
2025-07-07 10:30:13,328 DEBUG RLAgent: chosen action = 2
2025-07-07 10:30:13,436 DEBUG player_0: [0 1 0 0 0 1 0 0 0 0 0]
2025-07-07 10:30:13,436 DEBUG player_1: [1 1 1 1 1 1 1 1 0 0 0]
2025-07-07 10:30:13,437 DEBUG player_1: [1 1 1 1 1 1 1 1 0 0 0]
2025-07-07 10:30:13,437 DEBUG RLAgent: chosen action = 2
2025-07-07 10:30:13,497 DEBUG player_0: [0 0 0 0 0 0 0 0 1 1 0]
2025-07-07 10:30:13,497 DEBUG player_1: [0 0 0 0 0 0 0 0 1 0 0]
2025-07-07 10:30:13,497 DEBUG player_1: [0 0 0 0 0 0 0 0 1 0 0]
2025-07-07 10:30:13,497 DEBUG RLAgent: chosen action = 8
2025-07-07 10:30:13,550 DEBUG player_0: [0 1 0 0 0 1 0 0 0 0 0]
2025-07-07 10:30:13,550 DEBUG player_1: [1 1 1 1 1 1 1 1 0 0 0]
2025-07-07 10:30:13,550 DEBUG player_1: [1 1 1 1 1 1 1 1 0 0 0]
2025-07-07 10:30:13,550 DEBUG RLAgent: chosen action = 0
2025-07-07 10:30:13,608 DEBUG player_0: [1 1 0 1 1 1 0 1 1 1 0]
2025-07-07 10:30:13,609 DEBUG player_1: [1 1 1 1 1 1 1 1 0 0 0]
2025-07-07 10:30:13,609 DEBUG player_1: [1 1 1 1 1 1 1 1 0 0 0]
2025-07-07 10:30:13,609 DEBUG RLAgent: chosen action = 0
2025-07-07 10:30:13,624 DEBUG player_0: [0 0 0 0 0 0 0 0 1 0 0]
2025-07-07 10:30:13,624 DEBUG player_1: [0 0 0 0 0 0 0 0 1 0 0]
2025-07-07 10:30:13,625 DEBUG player_1: [0 0 0 0 0 0 0 0 1 0 0]
2025-07-07 10:30:13,625 DEBUG RLAgent: chosen action = 8
2025-07-07 10:30:13,659 DEBUG player_0: [0 1 0 0 0 1 0 0 0 0 0]
2025-07-07 10:30:13,660 DEBUG player_1: [1 1 1 1 1 1 1 1 0 0 0]
2025-07-07 10:30:13,660 DEBUG player_1: [1 1 1 1 1 1 1 1 0 0 0]
2025-07-07 10:30:13,660 DEBUG RLAgent: chosen action = 0
2025-07-07 10:30:13,719 DEBUG player_0: [1 1 0 1 1 1 0 1 1 1 0]
2025-07-07 10:30:13,720 DEBUG player_1: [1 1 1 1 1 1 1 1 0 0 0]
2025-07-07 10:30:13,720 DEBUG player_1: [1 1 1 1 1 1 1 1 0 0 0]
2025-07-07 10:30:13,720 DEBUG RLAgent: chosen action = 3
2025-07-07 10:30:13,732 DEBUG player_0: [0 1 0 0 0 1 0 0 1 0 0]
2025-07-07 10:30:13,732 DEBUG player_1: [1 1 1 1 1 1 1 1 0 0 0]
2025-07-07 10:30:13,732 DEBUG player_1: [1 1 1 1 1 1 1 1 0 0 0]
2025-07-07 10:30:13,733 DEBUG RLAgent: chosen action = 0
2025-07-07 10:30:13,831 DEBUG player_0: [0 0 0 0 0 0 0 0 1 0 0]
2025-07-07 10:30:13,836 DEBUG player_0: [1 1 0 1 1 1 0 1 1 1 0]
2025-07-07 10:30:13,837 DEBUG player_1: [1 1 1 1 1 1 1 1 0 0 0]
2025-07-07 10:30:13,837 DEBUG player_1: [1 1 1 1 1 1 1 1 0 0 0]
2025-07-07 10:30:13,838 DEBUG RLAgent: chosen action = 1
2025-07-07 10:30:13,843 DEBUG player_0: [0 1 0 0 0 1 0 0 1 0 0]
2025-07-07 10:30:13,844 DEBUG player_1: [1 0 0 0 1 0 0 0 0 0 0]
2025-07-07 10:30:13,844 DEBUG player_1: [1 0 0 0 1 0 0 0 0 0 0]
2025-07-07 10:30:13,844 DEBUG RLAgent: chosen action = 0
2025-07-07 10:30:13,949 DEBUG player_0: [1 1 1 1 1 1 1 1 0 0 0]
2025-07-07 10:30:14,367 DEBUG player_0: [0 0 0 0 0 0 0 0 1 1 0]
2025-07-07 10:30:14,479 DEBUG player_0: [1 1 1 1 1 1 1 1 1 0 0]
2025-07-07 10:30:14,479 DEBUG player_1: [1 1 1 1 1 1 1 1 0 0 0]
2025-07-07 10:30:14,479 DEBUG player_1: [1 1 1 1 1 1 1 1 0 0 0]
2025-07-07 10:30:14,479 DEBUG RLAgent: chosen action = 1
