2025-07-07 10:20:04,114 INFO Run parameters: {'log_level': 'INFO', 'config': '/Users/takagikouichi/Documents/GitHub/Maple/config/train_config.yml', 'episodes': 2, 'save': 'test_resume.pt', 'tensorboard': False, 'ppo_epochs': None, 'clip': None, 'gae_lambda': None, 'value_coef': None, 'entropy_coef': None, 'gamma': None, 'parallel': 1, 'algo': 'ppo', 'checkpoint_interval': 1, 'checkpoint_dir': 'test_checkpoints', 'reward': 'composite', 'reward_config': '/Users/takagikouichi/Documents/GitHub/Maple/config/reward.yaml', 'opponent': None, 'opponent_mix': None, 'team': 'default', 'teams_dir': None, 'load_model': 'checkpoints/checkpoint_ep14000.pt'}
2025-07-07 10:20:04,116 INFO Using default team mode
2025-07-07 10:20:04,116 INFO Using self-play mode
2025-07-07 10:20:05,078 INFO Loaded model from checkpoints/checkpoint_ep14000.pt
2025-07-07 10:20:05,078 INFO Resuming from episode 14000
2025-07-07 10:20:05,130 INFO Selecting team for player_0...
2025-07-07 10:20:05,131 INFO Selecting team for player_1...
2025-07-07 10:20:05,379 DEBUG player_0: [1 1 1 1 1 1 1 1 1 1 0]
2025-07-07 10:20:05,391 DEBUG player_1: [1 1 1 1 1 1 1 1 1 1 0]
2025-07-07 10:20:05,506 DEBUG player_0: [1 0 0 0 0 0 0 0 0 0 0]
2025-07-07 10:20:05,507 DEBUG player_1: [1 1 1 1 1 1 1 1 1 1 0]
2025-07-07 10:20:05,621 DEBUG player_0: [1 1 1 1 1 1 1 1 1 1 0]
2025-07-07 10:20:05,622 DEBUG player_1: [1 1 1 1 1 1 1 1 1 1 0]
2025-07-07 10:20:05,735 DEBUG player_0: [1 1 0 1 1 1 0 1 1 1 0]
2025-07-07 10:20:05,735 DEBUG player_1: [1 1 1 1 1 1 1 1 1 1 0]
2025-07-07 10:20:05,847 DEBUG player_0: [1 1 0 1 1 1 0 1 1 1 0]
2025-07-07 10:20:05,847 DEBUG player_1: [1 1 1 1 1 1 1 1 1 1 0]
2025-07-07 10:20:05,961 DEBUG player_0: [1 1 0 1 1 1 0 1 1 1 0]
2025-07-07 10:20:05,962 DEBUG player_1: [1 1 1 1 1 1 1 1 1 1 0]
2025-07-07 10:20:06,075 DEBUG player_0: [1 0 0 0 0 0 0 0 0 0 0]
2025-07-07 10:20:06,076 DEBUG player_1: [1 1 1 1 1 1 1 1 1 1 0]
2025-07-07 10:20:06,597 DEBUG player_0: [0 0 0 0 0 0 0 0 1 1 0]
2025-07-07 10:20:06,598 DEBUG player_1: [0 0 0 0 0 0 0 0 1 1 0]
2025-07-07 10:20:06,713 DEBUG player_0: [1 1 1 1 1 1 1 1 1 1 0]
2025-07-07 10:20:06,713 DEBUG player_1: [1 1 1 1 1 1 1 1 1 0 0]
2025-07-07 10:20:06,826 DEBUG player_0: [1 0 0 0 0 0 0 0 0 0 0]
2025-07-07 10:20:06,826 DEBUG player_1: [1 1 1 1 1 1 1 1 1 0 0]
2025-07-07 10:20:07,348 DEBUG player_0: [0 0 0 0 0 0 0 0 1 1 0]
2025-07-07 10:20:07,349 DEBUG player_1: [0 0 0 0 0 0 0 0 1 0 0]
2025-07-07 10:20:07,458 DEBUG player_0: [1 1 1 1 1 1 1 1 1 1 0]
2025-07-07 10:20:07,458 DEBUG player_1: [1 1 1 1 1 1 1 1 0 0 0]
2025-07-07 10:20:07,579 DEBUG player_0: [1 1 1 1 1 1 1 1 1 1 0]
2025-07-07 10:20:07,579 DEBUG player_1: [1 1 1 1 1 1 1 1 0 0 0]
2025-07-07 10:20:08,112 DEBUG player_0: [0 0 0 0 0 0 0 0 1 1 0]
2025-07-07 10:20:08,112 DEBUG player_1: [0 0 0 0 0 0 0 0 0 0 0]
2025-07-07 10:20:08,241 DEBUG player_0: [1 1 1 1 1 1 1 1 1 0 0]
2025-07-07 10:20:08,242 DEBUG player_1: [1 1 1 1 1 1 1 1 0 0 0]
2025-07-07 10:20:08,342 INFO Episode 14001 epoch 1 loss 0.0405
2025-07-07 10:20:08,343 INFO Episode 14001 epoch 2 loss 0.0107
2025-07-07 10:20:08,344 INFO Episode 14001 epoch 3 loss 0.0061
2025-07-07 10:20:08,346 INFO Episode 14001 epoch 4 loss 0.0017
2025-07-07 10:20:08,346 INFO Episode 14001 reward 2.49 time/episode: 3.268 opponents: self
2025-07-07 10:20:08,349 INFO Checkpoint saved to test_checkpoints/checkpoint_ep14001.pt
2025-07-07 10:20:08,402 INFO Selecting team for player_0...
2025-07-07 10:20:08,402 INFO Selecting team for player_1...
2025-07-07 10:20:08,640 DEBUG player_0: [1 1 1 1 1 1 1 1 1 1 0]
2025-07-07 10:20:08,640 DEBUG player_1: [1 1 1 1 1 1 1 1 1 1 0]
2025-07-07 10:20:08,767 DEBUG player_0: [1 1 0 1 1 1 0 1 1 1 0]
2025-07-07 10:20:08,768 DEBUG player_1: [1 1 1 1 1 1 1 1 1 1 0]
2025-07-07 10:20:08,898 DEBUG player_0: [1 0 0 0 0 0 0 0 0 0 0]
2025-07-07 10:20:08,899 DEBUG player_1: [1 1 1 1 1 1 1 1 1 1 0]
2025-07-07 10:20:09,023 DEBUG player_0: [1 1 0 1 1 1 0 1 1 1 0]
2025-07-07 10:20:09,023 DEBUG player_1: [1 1 1 1 1 1 1 1 1 1 0]
2025-07-07 10:20:09,148 DEBUG player_0: [1 1 1 1 1 1 1 1 1 1 0]
2025-07-07 10:20:09,149 DEBUG player_1: [1 1 1 1 1 1 1 1 1 1 0]
2025-07-07 10:20:09,274 DEBUG player_0: [1 0 0 0 0 0 0 0 0 0 0]
2025-07-07 10:20:09,275 DEBUG player_1: [1 1 1 1 1 1 1 1 1 1 0]
2025-07-07 10:20:09,407 DEBUG player_0: [1 1 1 1 1 1 1 1 1 1 0]
2025-07-07 10:20:09,407 DEBUG player_1: [1 1 1 1 1 1 1 1 1 1 0]
2025-07-07 10:20:09,531 DEBUG player_0: [1 1 1 1 1 1 1 1 1 1 0]
2025-07-07 10:20:09,532 DEBUG player_1: [1 1 1 1 1 1 1 1 1 1 0]
2025-07-07 10:20:09,658 DEBUG player_0: [1 0 0 0 0 0 0 0 0 0 0]
2025-07-07 10:20:09,659 DEBUG player_1: [1 1 1 1 1 1 1 1 1 1 0]
2025-07-07 10:20:09,784 DEBUG player_0: [1 1 1 1 1 1 1 1 1 1 0]
2025-07-07 10:20:09,785 DEBUG player_1: [1 1 1 1 1 1 1 1 1 1 0]
2025-07-07 10:20:09,925 DEBUG player_0: [1 1 1 1 1 1 1 1 1 1 0]
2025-07-07 10:20:09,926 DEBUG player_1: [1 1 1 1 1 1 1 1 1 1 0]
2025-07-07 10:20:10,050 DEBUG player_0: [1 1 1 1 1 1 1 1 1 1 0]
2025-07-07 10:20:10,051 DEBUG player_1: [1 1 1 1 1 1 1 1 1 1 0]
2025-07-07 10:20:10,176 DEBUG player_0: [1 1 1 1 1 1 1 1 1 1 0]
2025-07-07 10:20:10,177 DEBUG player_1: [1 1 1 1 1 1 1 1 1 1 0]
2025-07-07 10:20:10,306 DEBUG player_0: [1 1 1 1 1 1 1 1 1 1 0]
2025-07-07 10:20:10,306 DEBUG player_1: [1 1 1 1 1 1 1 1 1 1 0]
2025-07-07 10:20:10,430 DEBUG player_0: [1 0 0 0 0 0 0 0 0 0 0]
2025-07-07 10:20:10,431 DEBUG player_1: [1 1 1 1 1 1 1 1 1 1 0]
2025-07-07 10:20:10,575 DEBUG player_0: [1 1 1 1 1 1 1 1 1 1 0]
2025-07-07 10:20:10,575 DEBUG player_1: [1 1 1 1 1 1 1 1 1 1 0]
2025-07-07 10:20:10,702 DEBUG player_0: [1 0 0 0 0 0 0 0 0 0 0]
2025-07-07 10:20:10,703 DEBUG player_1: [1 1 1 1 1 1 1 1 1 1 0]
2025-07-07 10:20:10,832 DEBUG player_0: [1 1 0 1 1 1 0 1 1 1 0]
2025-07-07 10:20:10,832 DEBUG player_1: [1 1 1 1 1 1 1 1 1 1 0]
2025-07-07 10:20:10,958 DEBUG player_0: [1 0 0 0 0 0 0 0 0 0 0]
2025-07-07 10:20:10,961 DEBUG player_1: [1 1 1 1 1 1 1 1 1 1 0]
2025-07-07 10:20:11,092 DEBUG player_0: [1 1 0 1 1 1 0 1 1 1 0]
2025-07-07 10:20:11,093 DEBUG player_1: [1 1 1 1 1 1 1 1 1 1 0]
2025-07-07 10:20:11,223 DEBUG player_0: [1 1 1 1 1 1 1 1 1 1 0]
2025-07-07 10:20:11,224 DEBUG player_1: [1 1 1 1 1 1 1 1 1 1 0]
2025-07-07 10:20:11,356 DEBUG player_0: [1 0 0 0 0 0 0 0 0 0 0]
2025-07-07 10:20:11,356 DEBUG player_1: [1 1 1 1 1 1 1 1 1 1 0]
2025-07-07 10:20:11,904 DEBUG player_0: [0 0 0 0 0 0 0 0 1 1 0]
2025-07-07 10:20:11,905 DEBUG player_1: [0 0 0 0 0 0 0 0 1 1 0]
2025-07-07 10:20:12,026 DEBUG player_0: [1 1 1 1 1 1 1 1 1 1 0]
2025-07-07 10:20:12,027 DEBUG player_1: [1 1 1 1 1 1 1 1 1 0 0]
2025-07-07 10:20:12,155 DEBUG player_0: [1 1 1 1 1 1 1 1 1 1 0]
2025-07-07 10:20:12,156 DEBUG player_1: [1 1 1 1 1 1 1 1 1 0 0]
2025-07-07 10:20:12,284 DEBUG player_0: [1 1 1 1 1 1 1 1 1 1 0]
2025-07-07 10:20:12,284 DEBUG player_1: [1 1 1 1 1 1 1 1 1 0 0]
2025-07-07 10:20:12,409 DEBUG player_0: [1 0 0 0 0 0 0 0 0 0 0]
2025-07-07 10:20:12,409 DEBUG player_1: [1 1 1 1 1 1 1 1 1 0 0]
2025-07-07 10:20:12,532 DEBUG player_0: [1 1 1 1 1 1 1 1 1 1 0]
2025-07-07 10:20:12,533 DEBUG player_1: [1 1 1 1 1 1 1 1 1 0 0]
2025-07-07 10:20:12,659 DEBUG player_0: [1 1 1 1 1 1 1 1 1 1 0]
2025-07-07 10:20:12,660 DEBUG player_1: [1 1 1 1 1 1 1 1 1 0 0]
2025-07-07 10:20:12,782 DEBUG player_0: [1 1 1 1 1 1 1 1 1 1 0]
2025-07-07 10:20:12,783 DEBUG player_1: [1 1 1 1 1 1 1 1 1 0 0]
2025-07-07 10:20:12,908 DEBUG player_0: [1 0 0 0 0 0 0 0 0 0 0]
2025-07-07 10:20:12,908 DEBUG player_1: [1 1 1 1 1 1 1 1 1 0 0]
2025-07-07 10:20:13,033 DEBUG player_0: [0 1 1 1 0 1 1 1 1 1 0]
2025-07-07 10:20:13,033 DEBUG player_1: [1 1 1 1 1 1 1 1 1 0 0]
2025-07-07 10:20:13,159 DEBUG player_0: [0 0 1 1 0 0 1 1 1 1 0]
2025-07-07 10:20:13,159 DEBUG player_1: [1 1 1 1 1 1 1 1 1 0 0]
2025-07-07 10:20:13,287 DEBUG player_0: [0 0 1 1 0 0 1 1 1 1 0]
2025-07-07 10:20:13,288 DEBUG player_1: [1 1 1 1 1 1 1 1 1 0 0]
2025-07-07 10:20:13,824 DEBUG player_0: [0 0 0 0 0 0 0 0 1 1 0]
2025-07-07 10:20:13,825 DEBUG player_1: [0 0 0 0 0 0 0 0 1 0 0]
2025-07-07 10:20:13,949 DEBUG player_0: [0 0 1 1 0 0 1 1 1 1 0]
2025-07-07 10:20:13,949 DEBUG player_1: [1 1 1 1 1 1 1 1 0 0 0]
2025-07-07 10:20:14,485 DEBUG player_0: [0 0 0 0 0 0 0 0 1 1 0]
2025-07-07 10:20:14,485 DEBUG player_1: [0 0 0 0 0 0 0 0 0 0 0]
2025-07-07 10:20:14,614 DEBUG player_0: [1 1 1 1 1 1 1 1 1 0 0]
2025-07-07 10:20:14,614 DEBUG player_1: [1 1 1 1 1 1 1 1 0 0 0]
2025-07-07 10:20:14,741 DEBUG player_0: [1 1 1 1 1 1 1 1 1 0 0]
2025-07-07 10:20:14,743 DEBUG player_1: [1 1 1 1 1 1 1 1 0 0 0]
2025-07-07 10:20:14,807 INFO Episode 14002 epoch 1 loss -0.0669
2025-07-07 10:20:14,808 INFO Episode 14002 epoch 2 loss -0.0730
2025-07-07 10:20:14,809 INFO Episode 14002 epoch 3 loss -0.0834
2025-07-07 10:20:14,810 INFO Episode 14002 epoch 4 loss -0.0988
2025-07-07 10:20:14,811 INFO Episode 14002 reward 2.12 time/episode: 6.462 opponents: self
2025-07-07 10:20:14,813 INFO Checkpoint saved to test_checkpoints/checkpoint_ep14002.pt
2025-07-07 10:20:14,813 INFO Opponent usage statistics:
2025-07-07 10:20:14,813 INFO   self: 2 episodes (100.0%)
2025-07-07 10:20:14,814 INFO Model saved to test_resume.pt
