2025-06-29 13:40:10,668 DEBUG player_0: [1 1 1 1 1 1 1 1 1 1 0]
2025-06-29 13:40:10,675 DEBUG player_0: [1 1 1 1 1 1 1 1 1 1 0]
2025-06-29 13:40:10,680 DEBUG player_0: [1 1 1 1 1 1 1 1 1 1 0]
2025-06-29 13:40:10,685 DEBUG player_0: [1 1 1 1 1 1 1 1 1 1 0]
2025-06-29 13:40:10,690 DEBUG player_0: [1 1 1 1 1 1 1 1 1 1 0]
2025-06-29 13:40:10,696 DEBUG player_0: [1 1 1 1 1 1 1 1 1 1 0]
2025-06-29 13:40:10,700 DEBUG player_0: [1 1 1 1 1 1 1 1 1 1 0]
2025-06-29 13:40:10,705 DEBUG player_0: [1 1 1 1 1 1 1 1 1 1 0]
2025-06-29 13:40:10,705 DEBUG player_1: [1 1 1 1 1 1 1 1 1 1 0]
2025-06-29 13:40:10,709 DEBUG player_0: [1 1 1 1 1 1 1 1 1 1 0]
2025-06-29 13:40:10,713 DEBUG player_0: [1 1 1 1 1 1 1 1 1 1 0]
2025-06-29 13:40:10,714 DEBUG player_0: [1 1 1 1 1 1 1 1 1 1 0]
2025-06-29 13:40:10,714 DEBUG player_1: [1 1 1 1 1 1 1 1 1 1 0]
2025-06-29 13:40:10,715 DEBUG player_1: [1 1 1 1 1 1 1 1 1 1 0]
2025-06-29 13:40:10,716 DEBUG player_1: [1 1 1 1 1 1 1 1 1 1 0]
2025-06-29 13:40:10,716 DEBUG player_1: [1 1 1 1 1 1 1 1 1 1 0]
2025-06-29 13:40:10,716 DEBUG player_1: [1 1 1 1 1 1 1 1 1 1 0]
2025-06-29 13:40:10,716 DEBUG player_1: [1 1 1 1 1 1 1 1 1 1 0]
2025-06-29 13:40:10,718 DEBUG player_1: [1 1 1 1 1 1 1 1 1 1 0]
2025-06-29 13:40:10,718 DEBUG player_1: [1 1 1 1 1 1 1 1 1 1 0]
2025-06-29 13:40:10,719 DEBUG player_1: [1 1 1 1 1 1 1 1 1 1 0]
2025-06-29 13:40:10,848 DEBUG player_0: [0 0 1 1 0 0 1 1 1 1 0]
2025-06-29 13:40:10,849 DEBUG player_1: [1 1 1 1 1 1 1 1 1 1 0]
2025-06-29 13:40:10,868 DEBUG player_0: [1 1 1 1 1 1 1 1 1 1 0]
2025-06-29 13:40:10,873 DEBUG player_0: [0 0 1 1 0 0 1 1 1 1 0]
2025-06-29 13:40:10,877 DEBUG player_0: [1 1 1 1 0 0 0 0 1 1 0]
2025-06-29 13:40:10,884 DEBUG player_0: [1 1 1 1 0 0 0 0 1 1 0]
2025-06-29 13:40:10,889 DEBUG player_0: [1 1 1 1 1 1 1 1 1 1 0]
2025-06-29 13:40:10,893 DEBUG player_0: [1 1 1 1 1 1 1 1 1 1 0]
2025-06-29 13:40:10,893 DEBUG player_1: [1 1 1 1 1 1 1 1 1 1 0]
2025-06-29 13:40:10,897 DEBUG player_0: [1 1 1 1 1 1 1 1 1 1 0]
2025-06-29 13:40:10,901 DEBUG player_0: [1 1 1 1 0 0 0 0 1 1 0]
2025-06-29 13:40:10,905 DEBUG player_0: [1 1 1 1 0 0 0 0 1 1 0]
2025-06-29 13:40:10,906 DEBUG player_1: [1 1 1 1 1 1 1 1 1 1 0]
2025-06-29 13:40:10,906 DEBUG player_1: [1 1 1 1 0 0 0 0 1 1 0]
2025-06-29 13:40:10,907 DEBUG player_1: [1 1 1 1 1 1 1 1 1 1 0]
2025-06-29 13:40:10,908 DEBUG player_1: [1 1 1 1 1 1 1 1 1 1 0]
2025-06-29 13:40:10,908 DEBUG player_1: [1 1 1 1 1 1 1 1 1 1 0]
2025-06-29 13:40:10,910 DEBUG player_1: [1 1 1 1 0 0 0 0 1 1 0]
2025-06-29 13:40:10,910 DEBUG player_1: [1 1 1 1 1 1 1 1 1 1 0]
2025-06-29 13:40:10,910 DEBUG player_1: [1 1 1 1 1 1 1 1 1 1 0]
2025-06-29 13:40:10,984 DEBUG player_0: [1 1 1 1 1 1 1 1 1 1 0]
2025-06-29 13:40:10,985 DEBUG player_1: [1 1 1 1 0 0 0 0 1 1 0]
2025-06-29 13:40:11,033 DEBUG player_0: [1 1 1 1 1 1 1 1 1 1 0]
2025-06-29 13:40:11,034 DEBUG player_1: [1 1 1 1 0 0 0 0 1 1 0]
2025-06-29 13:40:11,045 DEBUG player_0: [1 0 0 0 0 0 0 0 0 0 0]
2025-06-29 13:40:11,051 DEBUG player_0: [1 1 1 1 0 0 0 0 1 1 0]
2025-06-29 13:40:11,052 DEBUG player_1: [1 1 1 1 1 1 1 1 1 1 0]
2025-06-29 13:40:11,057 DEBUG player_0: [1 1 1 1 0 0 0 0 1 1 0]
2025-06-29 13:40:11,061 DEBUG player_0: [1 1 1 1 1 1 1 1 1 1 0]
2025-06-29 13:40:11,065 DEBUG player_0: [1 1 1 1 0 0 0 0 1 1 0]
2025-06-29 13:40:11,069 DEBUG player_0: [1 1 1 1 0 0 0 0 1 1 0]
2025-06-29 13:40:11,074 DEBUG player_0: [1 1 1 1 1 1 1 1 1 1 0]
2025-06-29 13:40:11,078 DEBUG player_0: [1 1 1 1 0 0 0 0 1 1 0]
2025-06-29 13:40:11,079 DEBUG player_1: [1 1 1 1 1 1 1 1 1 1 0]
2025-06-29 13:40:11,079 DEBUG player_1: [0 0 1 1 0 0 0 0 1 1 0]
2025-06-29 13:40:11,079 DEBUG player_1: [1 1 1 1 1 1 1 1 1 1 0]
2025-06-29 13:40:11,080 DEBUG player_1: [1 1 1 1 0 0 0 0 1 1 0]
2025-06-29 13:40:11,081 DEBUG player_1: [1 1 1 1 1 1 1 1 1 1 0]
2025-06-29 13:40:11,081 DEBUG player_1: [1 1 1 1 1 1 1 1 1 1 0]
2025-06-29 13:40:11,082 DEBUG player_1: [1 1 1 1 1 1 1 1 1 1 0]
2025-06-29 13:40:11,099 DEBUG player_0: [1 1 1 1 0 0 0 0 1 1 0]
2025-06-29 13:40:11,099 DEBUG player_1: [1 1 1 1 0 0 0 0 1 1 0]
2025-06-29 13:40:11,152 DEBUG player_0: [1 1 1 1 1 1 1 1 1 1 0]
2025-06-29 13:40:11,152 DEBUG player_1: [1 1 1 1 0 0 0 0 1 1 0]
2025-06-29 13:40:11,198 DEBUG player_0: [1 1 1 1 1 1 1 1 1 1 0]
2025-06-29 13:40:11,198 DEBUG player_1: [1 1 1 1 1 1 1 1 1 1 0]
2025-06-29 13:40:11,216 DEBUG player_0: [1 1 1 1 0 0 0 0 1 1 0]
2025-06-29 13:40:11,222 DEBUG player_0: [1 1 1 1 0 0 0 0 1 1 0]
2025-06-29 13:40:11,226 DEBUG player_0: [1 1 1 1 0 0 0 0 1 1 0]
2025-06-29 13:40:11,231 DEBUG player_0: [1 1 1 1 0 0 0 0 1 1 0]
2025-06-29 13:40:11,235 DEBUG player_0: [1 1 1 1 0 0 0 0 1 1 0]
2025-06-29 13:40:11,239 DEBUG player_0: [1 1 1 1 0 0 0 0 1 1 0]
2025-06-29 13:40:11,239 DEBUG player_1: [1 1 1 1 1 1 1 1 1 1 0]
2025-06-29 13:40:11,243 DEBUG player_0: [1 1 1 1 0 0 0 0 1 1 0]
2025-06-29 13:40:11,244 DEBUG player_1: [1 1 1 1 0 0 0 0 1 1 0]
2025-06-29 13:40:11,245 DEBUG player_1: [1 1 1 1 1 1 1 1 1 1 0]
2025-06-29 13:40:11,245 DEBUG player_1: [0 0 1 1 0 0 0 0 1 1 0]
2025-06-29 13:40:11,246 DEBUG player_1: [1 1 1 1 0 0 0 0 1 1 0]
2025-06-29 13:40:11,246 DEBUG player_1: [1 1 1 1 0 0 0 0 1 1 0]
2025-06-29 13:40:11,247 DEBUG player_1: [0 0 0 1 0 0 0 0 0 0 0]
2025-06-29 13:40:11,262 DEBUG player_0: [1 1 1 1 1 1 1 1 1 1 0]
2025-06-29 13:40:11,263 DEBUG player_1: [1 1 1 1 0 0 0 0 1 1 0]
2025-06-29 13:40:11,381 DEBUG player_0: [0 0 0 1 0 0 0 0 0 0 0]
2025-06-29 13:40:11,386 DEBUG player_0: [1 1 1 1 0 0 0 0 1 1 0]
2025-06-29 13:40:11,392 DEBUG player_0: [1 1 1 1 0 0 0 0 1 1 0]
2025-06-29 13:40:11,397 DEBUG player_0: [1 0 0 0 0 0 0 0 0 0 0]
2025-06-29 13:40:11,402 DEBUG player_0: [1 1 1 1 0 0 0 0 1 1 0]
2025-06-29 13:40:11,406 DEBUG player_0: [1 1 1 1 0 0 0 0 1 1 0]
2025-06-29 13:40:11,407 DEBUG player_1: [1 1 1 1 1 1 1 1 1 1 0]
2025-06-29 13:40:11,407 DEBUG player_1: [1 1 1 1 0 0 0 0 1 1 0]
2025-06-29 13:40:11,408 DEBUG player_1: [1 1 1 1 0 0 0 0 1 1 0]
2025-06-29 13:40:11,408 DEBUG player_1: [1 1 1 1 0 0 0 0 1 1 0]
2025-06-29 13:40:11,408 DEBUG player_1: [0 0 0 1 0 0 0 0 0 0 0]
2025-06-29 13:40:11,409 DEBUG player_1: [1 1 1 1 0 0 0 0 1 1 0]
2025-06-29 13:40:11,529 DEBUG player_0: [1 1 1 1 0 0 0 0 1 1 0]
2025-06-29 13:40:11,530 DEBUG player_1: [1 1 1 1 0 0 0 0 1 1 0]
2025-06-29 13:40:11,535 DEBUG player_0: [1 1 1 1 1 1 1 1 1 1 0]
2025-06-29 13:40:11,536 DEBUG player_1: [1 1 1 1 0 0 0 0 1 1 0]
2025-06-29 13:40:11,541 DEBUG player_0: [1 1 1 1 0 0 0 0 1 1 0]
2025-06-29 13:40:11,547 DEBUG player_0: [1 1 1 1 0 0 0 0 1 1 0]
2025-06-29 13:40:11,551 DEBUG player_0: [1 1 1 1 0 0 0 0 1 1 0]
2025-06-29 13:40:11,556 DEBUG player_0: [1 1 1 1 0 0 0 0 1 1 0]
2025-06-29 13:40:11,557 DEBUG player_1: [1 1 1 1 0 0 0 0 1 1 0]
2025-06-29 13:40:11,557 DEBUG player_1: [1 1 1 1 0 0 0 0 1 1 0]
2025-06-29 13:40:11,558 DEBUG player_1: [1 1 1 1 0 0 0 0 1 1 0]
2025-06-29 13:40:11,558 DEBUG player_1: [1 1 1 1 0 0 0 0 1 1 0]
2025-06-29 13:40:11,629 DEBUG player_0: [0 0 0 0 0 0 0 0 1 1 0]
2025-06-29 13:40:11,629 DEBUG player_1: [0 0 0 0 0 0 0 0 1 1 0]
2025-06-29 13:40:11,674 DEBUG player_0: [1 1 1 1 0 0 0 0 1 1 0]
2025-06-29 13:40:11,678 DEBUG player_0: [1 1 1 1 1 1 1 1 1 1 0]
2025-06-29 13:40:11,679 DEBUG player_1: [1 1 1 1 0 0 0 0 1 1 0]
2025-06-29 13:40:11,683 DEBUG player_0: [1 1 1 1 0 0 0 0 1 1 0]
2025-06-29 13:40:11,687 DEBUG player_0: [1 1 1 1 0 0 0 0 1 1 0]
2025-06-29 13:40:11,691 DEBUG player_0: [1 1 1 1 0 0 0 0 1 1 0]
2025-06-29 13:40:11,695 DEBUG player_0: [1 1 1 1 0 0 0 0 1 1 0]
2025-06-29 13:40:11,696 DEBUG player_1: [0 0 0 1 0 0 0 0 0 0 0]
2025-06-29 13:40:11,697 DEBUG player_1: [1 1 1 1 0 0 0 0 1 1 0]
2025-06-29 13:40:11,697 DEBUG player_1: [1 1 1 1 0 0 0 0 1 1 0]
2025-06-29 13:40:11,697 DEBUG player_1: [1 1 1 1 0 0 0 0 1 1 0]
2025-06-29 13:40:11,698 DEBUG player_1: [1 0 0 0 0 0 0 0 0 0 0]
2025-06-29 13:40:11,718 DEBUG player_0: [0 0 0 0 0 0 0 0 1 1 0]
2025-06-29 13:40:11,718 DEBUG player_1: [0 0 0 0 0 0 0 0 1 1 0]
2025-06-29 13:40:11,738 DEBUG player_0: [1 1 1 1 0 0 0 0 1 1 0]
2025-06-29 13:40:11,738 DEBUG player_1: [1 1 1 1 0 0 0 0 1 0 0]
2025-06-29 13:40:11,801 DEBUG player_0: [0 0 0 0 0 0 0 0 1 1 0]
2025-06-29 13:40:11,806 DEBUG player_0: [0 0 0 0 0 0 0 0 1 1 0]
2025-06-29 13:40:11,806 DEBUG player_1: [0 0 0 0 0 0 0 0 1 1 0]
2025-06-29 13:40:11,807 DEBUG player_1: [0 0 0 0 0 0 0 0 1 1 0]
2025-06-29 13:40:11,830 DEBUG player_0: [1 0 0 0 0 0 0 0 0 0 0]
2025-06-29 13:40:11,834 DEBUG player_0: [1 1 1 1 0 0 0 0 1 1 0]
2025-06-29 13:40:11,835 DEBUG player_1: [1 1 1 1 0 0 0 0 1 1 0]
2025-06-29 13:40:11,840 DEBUG player_0: [1 1 1 1 0 0 0 0 1 1 0]
2025-06-29 13:40:11,844 DEBUG player_0: [1 1 1 1 1 1 1 1 1 1 0]
2025-06-29 13:40:11,848 DEBUG player_0: [1 1 1 1 0 0 0 0 1 1 0]
2025-06-29 13:40:11,852 DEBUG player_0: [1 1 1 1 0 0 0 0 1 1 0]
2025-06-29 13:40:11,853 DEBUG player_1: [1 1 1 1 0 0 0 0 1 1 0]
2025-06-29 13:40:11,855 DEBUG player_1: [1 1 1 1 0 0 0 0 1 1 0]
2025-06-29 13:40:11,855 DEBUG player_1: [1 0 0 0 0 0 0 0 1 1 0]
2025-06-29 13:40:11,859 DEBUG player_0: [1 1 1 1 0 0 0 0 1 1 0]
2025-06-29 13:40:11,859 DEBUG player_1: [1 1 1 1 1 1 1 1 1 0 0]
2025-06-29 13:40:11,861 DEBUG player_1: [1 1 1 1 0 0 0 0 1 1 0]
2025-06-29 13:40:11,863 DEBUG player_1: [1 1 1 1 0 0 0 0 1 0 0]
2025-06-29 13:40:11,918 DEBUG player_0: [1 1 1 1 0 0 0 0 1 0 0]
2025-06-29 13:40:11,923 DEBUG player_0: [1 1 1 1 0 0 0 0 1 1 0]
2025-06-29 13:40:11,923 DEBUG player_1: [1 1 1 1 0 0 0 0 1 1 0]
2025-06-29 13:40:11,923 DEBUG player_1: [1 1 1 1 0 0 0 0 1 0 0]
2025-06-29 13:40:11,981 DEBUG player_0: [1 1 1 1 1 1 1 1 1 1 0]
2025-06-29 13:40:11,986 DEBUG player_0: [1 1 1 1 0 0 0 0 1 1 0]
2025-06-29 13:40:11,991 DEBUG player_0: [1 0 0 0 0 0 0 0 0 0 0]
2025-06-29 13:40:11,994 DEBUG player_0: [1 1 1 1 0 0 0 0 1 1 0]
2025-06-29 13:40:11,998 DEBUG player_0: [1 1 1 1 0 0 0 0 1 1 0]
2025-06-29 13:40:12,002 DEBUG player_0: [1 1 1 1 1 1 1 1 1 1 0]
2025-06-29 13:40:12,003 DEBUG player_1: [1 1 1 1 0 0 0 0 1 1 0]
2025-06-29 13:40:12,004 DEBUG player_1: [1 1 1 1 0 0 0 0 1 0 0]
2025-06-29 13:40:12,004 DEBUG player_1: [1 1 1 1 0 0 0 0 1 1 0]
2025-06-29 13:40:12,004 DEBUG player_1: [1 1 1 1 0 0 0 0 1 1 0]
2025-06-29 13:40:12,004 DEBUG player_1: [1 1 1 1 0 0 0 0 1 1 0]
2025-06-29 13:40:12,005 DEBUG player_1: [0 0 0 1 0 0 0 0 0 0 0]
2025-06-29 13:40:12,044 DEBUG player_0: [1 1 1 1 0 0 0 0 1 0 0]
2025-06-29 13:40:12,045 DEBUG player_1: [0 0 0 1 0 0 0 0 0 0 0]
2025-06-29 13:40:12,049 DEBUG player_0: [1 1 1 1 0 0 0 0 1 1 0]
2025-06-29 13:40:12,050 DEBUG player_1: [1 1 1 1 0 0 0 0 1 0 0]
2025-06-29 13:40:12,139 DEBUG player_0: [1 1 1 1 1 1 1 1 1 1 0]
2025-06-29 13:40:12,140 DEBUG player_1: [1 1 1 1 0 0 0 0 1 1 0]
2025-06-29 13:40:12,144 DEBUG player_0: [1 1 1 1 0 0 0 0 1 1 0]
2025-06-29 13:40:12,149 DEBUG player_0: [1 1 1 1 1 1 1 1 1 1 0]
2025-06-29 13:40:12,150 DEBUG player_1: [1 1 1 1 0 0 0 0 1 1 0]
2025-06-29 13:40:12,150 DEBUG player_1: [1 1 1 1 1 1 1 1 1 0 0]
2025-06-29 13:40:12,160 DEBUG player_0: [1 1 1 1 0 0 0 0 1 0 0]
2025-06-29 13:40:12,160 DEBUG player_1: [1 1 1 1 0 0 0 0 1 1 0]
2025-06-29 13:40:12,165 DEBUG player_0: [1 1 1 1 0 0 0 0 1 1 0]
2025-06-29 13:40:12,167 DEBUG player_1: [1 1 1 1 0 0 0 0 1 0 0]
2025-06-29 13:40:12,246 DEBUG player_0: [0 0 0 0 0 0 0 0 1 1 0]
2025-06-29 13:40:12,246 DEBUG player_1: [0 0 0 0 0 0 0 0 1 1 0]
2025-06-29 13:40:12,271 DEBUG player_0: [1 1 1 1 0 0 0 0 1 1 0]
2025-06-29 13:40:12,276 DEBUG player_0: [1 1 1 1 1 1 1 1 1 1 0]
2025-06-29 13:40:12,276 DEBUG player_1: [1 1 1 1 0 0 0 0 1 1 0]
2025-06-29 13:40:12,276 DEBUG player_1: [0 0 0 1 0 0 0 0 0 0 0]
2025-06-29 13:40:12,289 DEBUG player_0: [1 1 1 1 0 0 0 0 1 0 0]
2025-06-29 13:40:12,290 DEBUG player_1: [1 1 1 1 0 0 0 0 1 1 0]
2025-06-29 13:40:12,361 DEBUG player_0: [1 1 1 1 0 0 0 0 1 1 0]
2025-06-29 13:40:12,361 DEBUG player_1: [1 1 1 1 0 0 0 0 1 0 0]
2025-06-29 13:40:12,390 DEBUG player_0: [0 0 0 0 0 0 0 0 1 1 0]
2025-06-29 13:40:12,391 DEBUG player_1: [0 0 0 0 0 0 0 0 1 1 0]
2025-06-29 13:40:12,396 DEBUG player_0: [1 1 1 1 0 0 0 0 1 1 0]
2025-06-29 13:40:12,397 DEBUG player_1: [1 1 1 1 0 0 0 0 1 1 0]
2025-06-29 13:40:12,402 DEBUG player_0: [1 1 1 1 0 0 0 0 1 0 0]
2025-06-29 13:40:12,403 DEBUG player_1: [0 0 0 1 0 0 0 0 0 0 0]
2025-06-29 13:40:12,473 DEBUG player_0: [1 1 1 1 0 0 0 0 1 1 0]
2025-06-29 13:40:12,473 DEBUG player_1: [1 1 1 1 0 0 0 0 1 0 0]
2025-06-29 13:40:12,514 DEBUG player_0: [1 1 1 1 0 0 0 0 1 1 0]
2025-06-29 13:40:12,514 DEBUG player_1: [1 1 1 1 0 0 0 0 1 0 0]
2025-06-29 13:40:12,520 DEBUG player_0: [1 1 1 1 0 0 0 0 1 1 0]
2025-06-29 13:40:12,521 DEBUG player_1: [1 1 1 1 0 0 0 0 1 1 0]
2025-06-29 13:40:12,525 DEBUG player_0: [1 1 1 1 0 0 0 0 1 0 0]
2025-06-29 13:40:12,527 DEBUG player_1: [1 1 1 1 0 0 0 0 1 1 0]
2025-06-29 13:40:12,547 DEBUG player_0: [0 0 0 0 0 0 0 0 1 1 0]
2025-06-29 13:40:12,551 DEBUG player_0: [0 0 0 0 0 0 0 0 1 1 0]
2025-06-29 13:40:12,556 DEBUG player_0: [0 0 0 0 0 0 0 0 1 1 0]
2025-06-29 13:40:12,556 DEBUG player_1: [0 0 0 0 0 0 0 0 1 1 0]
2025-06-29 13:40:12,557 DEBUG player_1: [0 0 0 0 0 0 0 0 1 1 0]
2025-06-29 13:40:12,557 DEBUG player_1: [0 0 0 0 0 0 0 0 1 0 0]
2025-06-29 13:40:12,585 DEBUG player_0: [1 1 1 1 0 0 0 0 1 1 0]
2025-06-29 13:40:12,586 DEBUG player_1: [1 1 1 1 0 0 0 0 1 0 0]
2025-06-29 13:40:12,632 DEBUG player_0: [1 1 1 1 0 0 0 0 1 1 0]
2025-06-29 13:40:12,632 DEBUG player_1: [1 1 1 1 0 0 0 0 1 0 0]
2025-06-29 13:40:12,639 DEBUG player_0: [1 1 1 1 0 0 0 0 1 1 0]
2025-06-29 13:40:12,640 DEBUG player_1: [1 1 1 1 0 0 0 0 1 1 0]
2025-06-29 13:40:12,644 DEBUG player_0: [1 1 1 1 0 0 0 0 1 0 0]
2025-06-29 13:40:12,645 DEBUG player_1: [1 1 1 1 0 0 0 0 1 1 0]
2025-06-29 13:40:12,666 DEBUG player_0: [1 1 1 1 0 0 0 0 1 0 0]
2025-06-29 13:40:12,666 DEBUG player_1: [1 1 1 1 0 0 0 0 1 1 0]
2025-06-29 13:40:12,671 DEBUG player_0: [1 1 1 1 0 0 0 0 1 1 0]
2025-06-29 13:40:12,675 DEBUG player_0: [1 1 1 1 0 0 0 0 1 0 0]
2025-06-29 13:40:12,679 DEBUG player_0: [0 0 0 0 0 0 0 0 1 1 0]
2025-06-29 13:40:12,680 DEBUG player_1: [1 1 1 1 0 0 0 0 1 1 0]
2025-06-29 13:40:12,680 DEBUG player_1: [0 0 0 0 0 0 0 0 1 1 0]
2025-06-29 13:40:12,681 DEBUG player_1: [1 1 1 1 0 0 0 0 1 0 0]
2025-06-29 13:40:12,698 DEBUG player_0: [1 1 1 1 0 0 0 0 1 1 0]
2025-06-29 13:40:12,704 DEBUG player_0: [0 0 0 0 0 0 0 0 1 1 0]
2025-06-29 13:40:12,705 DEBUG player_1: [1 1 1 1 0 0 0 0 1 0 0]
2025-06-29 13:40:12,705 DEBUG player_1: [0 0 0 0 0 0 0 0 1 0 0]
2025-06-29 13:40:12,745 DEBUG player_0: [1 0 0 0 0 0 0 0 0 0 0]
2025-06-29 13:40:12,746 DEBUG player_1: [1 1 1 1 0 0 0 0 1 0 0]
2025-06-29 13:40:12,758 DEBUG player_0: [1 1 1 1 0 0 0 0 1 1 0]
2025-06-29 13:40:12,759 DEBUG player_1: [1 1 1 1 0 0 0 0 1 1 0]
2025-06-29 13:40:12,763 DEBUG player_0: [1 1 1 1 0 0 0 0 1 0 0]
2025-06-29 13:40:12,764 DEBUG player_1: [1 1 1 1 0 0 0 0 1 1 0]
2025-06-29 13:40:12,805 DEBUG player_0: [1 1 1 1 1 1 1 1 1 1 0]
2025-06-29 13:40:12,808 DEBUG player_0: [1 1 1 1 0 0 0 0 1 1 0]
2025-06-29 13:40:12,812 DEBUG player_0: [1 1 1 1 0 0 0 0 1 0 0]
2025-06-29 13:40:12,817 DEBUG player_0: [0 0 0 0 0 0 0 0 1 1 0]
2025-06-29 13:40:12,821 DEBUG player_0: [1 1 1 1 0 0 0 0 1 0 0]
2025-06-29 13:40:12,821 DEBUG player_1: [0 0 0 0 0 0 0 0 1 0 0]
2025-06-29 13:40:12,822 DEBUG player_1: [1 1 1 1 0 0 0 0 1 1 0]
2025-06-29 13:40:12,826 DEBUG player_0: [1 1 1 1 0 0 0 0 1 1 0]
2025-06-29 13:40:12,826 DEBUG player_1: [1 1 1 1 0 0 0 0 1 0 0]
2025-06-29 13:40:12,830 DEBUG player_0: [1 1 1 1 0 0 0 0 1 1 0]
2025-06-29 13:40:12,830 DEBUG player_1: [1 1 1 1 0 0 0 0 1 0 0]
2025-06-29 13:40:12,832 DEBUG player_1: [1 1 1 1 0 0 0 0 0 0 0]
2025-06-29 13:40:12,832 DEBUG player_1: [1 1 1 1 0 0 0 0 1 0 0]
2025-06-29 13:40:12,832 DEBUG player_1: [1 1 1 1 0 0 0 0 1 1 0]
2025-06-29 13:40:12,858 DEBUG player_0: [1 1 1 1 0 0 0 0 1 1 0]
2025-06-29 13:40:12,859 DEBUG player_1: [1 1 1 1 0 0 0 0 1 0 0]
2025-06-29 13:40:12,870 DEBUG player_0: [1 1 1 1 0 0 0 0 1 1 0]
2025-06-29 13:40:12,875 DEBUG player_0: [1 1 1 1 0 0 0 0 1 0 0]
2025-06-29 13:40:12,875 DEBUG player_1: [1 0 0 0 0 0 0 0 1 1 0]
2025-06-29 13:40:12,875 DEBUG player_1: [1 1 1 1 0 0 0 0 1 1 0]
2025-06-29 13:40:12,946 DEBUG player_0: [1 1 1 1 1 1 1 1 1 1 0]
2025-06-29 13:40:12,946 DEBUG player_1: [0 0 0 1 0 0 0 0 0 0 0]
2025-06-29 13:40:12,967 DEBUG player_0: [1 1 1 1 0 0 0 0 1 1 0]
2025-06-29 13:40:12,972 DEBUG player_0: [1 1 1 1 0 0 0 0 1 0 0]
2025-06-29 13:40:12,977 DEBUG player_0: [1 1 1 1 0 0 0 0 1 0 0]
2025-06-29 13:40:12,977 DEBUG player_1: [1 1 1 1 0 0 0 0 1 1 0]
2025-06-29 13:40:12,977 DEBUG player_1: [1 1 1 1 0 0 0 0 1 0 0]
2025-06-29 13:40:12,982 DEBUG player_0: [1 1 1 1 0 0 0 0 1 1 0]
2025-06-29 13:40:12,986 DEBUG player_0: [1 1 1 1 0 0 0 0 1 1 0]
2025-06-29 13:40:12,989 DEBUG player_0: [1 1 1 1 0 0 0 0 1 0 0]
2025-06-29 13:40:12,994 DEBUG player_0: [1 1 1 1 0 0 0 0 1 1 0]
2025-06-29 13:40:12,994 DEBUG player_1: [1 1 1 1 0 0 0 0 1 1 0]
2025-06-29 13:40:12,999 DEBUG player_0: [1 1 1 1 0 0 0 0 1 0 0]
2025-06-29 13:40:13,002 DEBUG player_0: [1 1 1 1 0 0 0 0 1 1 0]
2025-06-29 13:40:13,003 DEBUG player_1: [1 1 1 1 0 0 0 0 0 0 0]
2025-06-29 13:40:13,003 DEBUG player_1: [1 1 1 1 1 1 1 1 1 0 0]
2025-06-29 13:40:13,004 DEBUG player_1: [1 1 1 1 0 0 0 0 1 0 0]
2025-06-29 13:40:13,004 DEBUG player_1: [1 1 1 1 0 0 0 0 1 1 0]
2025-06-29 13:40:13,005 DEBUG player_1: [1 1 1 1 0 0 0 0 1 1 0]
2025-06-29 13:40:13,005 DEBUG player_1: [1 1 1 1 0 0 0 0 1 0 0]
2025-06-29 13:40:13,058 DEBUG player_0: [1 1 1 1 1 1 1 1 1 1 0]
2025-06-29 13:40:13,058 DEBUG player_1: [1 1 1 1 0 0 0 0 1 0 0]
2025-06-29 13:40:13,123 DEBUG player_0: [1 1 1 1 0 0 0 0 1 0 0]
2025-06-29 13:40:13,127 DEBUG player_0: [1 1 1 1 0 0 0 0 1 1 0]
2025-06-29 13:40:13,128 DEBUG player_1: [1 1 1 1 0 0 0 0 1 1 0]
2025-06-29 13:40:13,132 DEBUG player_0: [1 1 1 1 0 0 0 0 1 1 0]
2025-06-29 13:40:13,132 DEBUG player_1: [1 1 1 1 0 0 0 0 1 0 0]
2025-06-29 13:40:13,133 DEBUG player_1: [1 1 1 1 0 0 0 0 0 0 0]
2025-06-29 13:40:13,137 DEBUG player_0: [1 1 1 1 0 0 0 0 1 1 0]
2025-06-29 13:40:13,140 DEBUG player_0: [1 1 1 1 0 0 0 0 1 1 0]
2025-06-29 13:40:13,144 DEBUG player_0: [1 1 1 1 0 0 0 0 1 0 0]
2025-06-29 13:40:13,147 DEBUG player_0: [1 1 1 1 0 0 0 0 1 1 0]
2025-06-29 13:40:13,149 DEBUG player_1: [1 1 1 1 0 0 0 0 1 0 0]
2025-06-29 13:40:13,150 DEBUG player_1: [1 1 1 1 0 0 0 0 1 0 0]
2025-06-29 13:40:13,150 DEBUG player_1: [1 1 1 1 0 0 0 0 1 1 0]
2025-06-29 13:40:13,150 DEBUG player_1: [1 1 1 1 0 0 0 0 1 0 0]
2025-06-29 13:40:13,178 DEBUG player_0: [1 0 0 0 0 0 0 0 0 0 0]
2025-06-29 13:40:13,181 DEBUG player_1: [1 1 1 1 0 0 0 0 1 0 0]
2025-06-29 13:40:13,271 DEBUG player_0: [1 1 1 1 0 0 0 0 1 0 0]
2025-06-29 13:40:13,272 DEBUG player_1: [0 0 1 1 0 0 0 0 1 1 0]
2025-06-29 13:40:13,278 DEBUG player_0: [1 1 1 1 0 0 0 0 1 1 0]
2025-06-29 13:40:13,279 DEBUG player_1: [1 0 0 0 0 0 0 0 0 0 0]
2025-06-29 13:40:13,284 DEBUG player_0: [1 1 1 1 0 0 0 0 1 1 0]
2025-06-29 13:40:13,286 DEBUG player_1: [1 1 1 1 0 0 0 0 0 0 0]
2025-06-29 13:40:13,291 DEBUG player_0: [1 1 1 1 0 0 0 0 1 1 0]
2025-06-29 13:40:13,295 DEBUG player_0: [1 1 1 1 0 0 0 0 1 0 0]
2025-06-29 13:40:13,299 DEBUG player_0: [1 1 1 1 0 0 0 0 1 1 0]
2025-06-29 13:40:13,303 DEBUG player_0: [1 1 1 1 1 1 1 1 1 1 0]
2025-06-29 13:40:13,305 DEBUG player_1: [1 1 1 1 0 0 0 0 1 0 0]
2025-06-29 13:40:13,305 DEBUG player_1: [1 1 1 1 0 0 0 0 1 0 0]
2025-06-29 13:40:13,305 DEBUG player_1: [1 0 0 1 0 0 0 0 1 0 0]
2025-06-29 13:40:13,306 DEBUG player_1: [1 1 1 1 0 0 0 0 1 0 0]
2025-06-29 13:40:13,391 DEBUG player_0: [1 1 1 1 0 0 0 0 1 0 0]
2025-06-29 13:40:13,391 DEBUG player_1: [1 0 0 0 0 0 0 0 1 1 0]
2025-06-29 13:40:13,408 DEBUG player_0: [1 1 1 1 0 0 0 0 1 1 0]
2025-06-29 13:40:13,408 DEBUG player_1: [1 1 1 1 0 0 0 0 1 0 0]
2025-06-29 13:40:13,439 DEBUG player_0: [1 1 1 1 0 0 0 0 1 1 0]
2025-06-29 13:40:13,444 DEBUG player_0: [1 0 0 0 0 0 0 0 0 0 0]
2025-06-29 13:40:13,444 DEBUG player_1: [1 1 1 1 0 0 0 0 1 0 0]
2025-06-29 13:40:13,445 DEBUG player_1: [1 1 1 1 0 0 0 0 1 0 0]
2025-06-29 13:40:13,449 DEBUG player_0: [1 1 1 1 0 0 0 0 1 0 0]
2025-06-29 13:40:13,450 DEBUG player_1: [1 0 1 1 0 0 0 0 1 0 0]
2025-06-29 13:40:13,503 DEBUG player_0: [1 1 1 1 0 0 0 0 1 0 0]
2025-06-29 13:40:13,504 DEBUG player_1: [1 1 1 1 0 0 0 0 1 1 0]
2025-06-29 13:40:13,519 DEBUG player_0: [1 1 1 1 0 0 0 0 1 1 0]
2025-06-29 13:40:13,519 DEBUG player_1: [1 0 0 0 0 0 0 0 1 0 0]
2025-06-29 13:40:13,545 DEBUG player_0: [0 0 0 0 0 0 0 0 1 0 0]
2025-06-29 13:40:13,550 DEBUG player_0: [0 0 0 0 0 0 0 0 1 0 0]
2025-06-29 13:40:13,550 DEBUG player_1: [0 0 0 0 0 0 0 0 1 1 0]
2025-06-29 13:40:13,551 DEBUG player_1: [0 0 0 0 0 0 0 0 1 1 0]
2025-06-29 13:40:13,562 DEBUG player_0: [1 1 1 1 0 0 0 0 1 1 0]
2025-06-29 13:40:13,562 DEBUG player_1: [1 1 1 1 0 0 0 0 1 0 0]
2025-06-29 13:40:13,567 DEBUG player_0: [1 1 1 1 0 0 0 0 1 1 0]
2025-06-29 13:40:13,568 DEBUG player_1: [1 1 1 1 0 0 0 0 1 0 0]
2025-06-29 13:40:13,572 DEBUG player_0: [1 1 1 1 0 0 0 0 1 0 0]
2025-06-29 13:40:13,573 DEBUG player_1: [1 1 1 1 0 0 0 0 1 0 0]
2025-06-29 13:40:13,616 DEBUG player_0: [1 1 1 1 0 0 0 0 1 0 0]
2025-06-29 13:40:13,616 DEBUG player_1: [1 1 1 1 0 0 0 0 1 1 0]
2025-06-29 13:40:13,632 DEBUG player_0: [1 1 1 1 0 0 0 0 1 1 0]
2025-06-29 13:40:13,632 DEBUG player_1: [1 1 1 1 0 0 0 0 1 0 0]
2025-06-29 13:40:13,660 DEBUG player_0: [1 1 1 1 0 0 0 0 1 0 0]
2025-06-29 13:40:13,664 DEBUG player_0: [1 1 1 1 0 0 0 0 0 0 0]
2025-06-29 13:40:13,665 DEBUG player_1: [1 1 1 1 0 0 0 0 1 1 0]
2025-06-29 13:40:13,665 DEBUG player_1: [1 1 1 1 0 0 0 0 1 0 0]
2025-06-29 13:40:13,672 DEBUG player_0: [1 1 1 1 0 0 0 0 1 1 0]
2025-06-29 13:40:13,673 DEBUG player_1: [1 1 1 1 0 0 0 0 1 0 0]
2025-06-29 13:40:13,681 DEBUG player_0: [1 1 1 1 0 0 0 0 1 1 0]
2025-06-29 13:40:13,682 DEBUG player_1: [1 1 1 1 0 0 0 0 1 0 0]
2025-06-29 13:40:13,686 DEBUG player_0: [1 1 1 1 0 0 0 0 1 0 0]
2025-06-29 13:40:13,687 DEBUG player_1: [1 1 1 1 0 0 0 0 1 0 0]
2025-06-29 13:40:13,697 DEBUG player_0: [0 0 0 0 0 0 0 0 1 1 0]
2025-06-29 13:40:13,698 DEBUG player_1: [0 0 0 0 0 0 0 0 1 1 0]
2025-06-29 13:40:13,730 DEBUG player_0: [1 1 1 1 0 0 0 0 1 0 0]
2025-06-29 13:40:13,730 DEBUG player_1: [1 1 1 1 0 0 0 0 1 1 0]
2025-06-29 13:40:13,743 DEBUG player_0: [1 1 1 1 0 0 0 0 1 1 0]
2025-06-29 13:40:13,743 DEBUG player_1: [1 1 1 1 0 0 0 0 1 0 0]
2025-06-29 13:40:13,779 DEBUG player_0: [1 1 1 1 0 0 0 0 0 0 0]
2025-06-29 13:40:13,783 DEBUG player_0: [1 1 1 1 0 0 0 0 1 0 0]
2025-06-29 13:40:13,784 DEBUG player_1: [1 1 1 1 0 0 0 0 1 0 0]
2025-06-29 13:40:13,784 DEBUG player_1: [1 1 1 1 0 0 0 0 1 1 0]
2025-06-29 13:40:13,789 DEBUG player_0: [1 1 1 1 0 0 0 0 1 1 0]
2025-06-29 13:40:13,789 DEBUG player_1: [1 1 1 1 0 0 0 0 1 0 0]
2025-06-29 13:40:13,797 DEBUG player_0: [1 1 1 1 0 0 0 0 1 1 0]
2025-06-29 13:40:13,799 DEBUG player_1: [1 1 1 1 0 0 0 0 1 0 0]
2025-06-29 13:40:13,803 DEBUG player_0: [1 1 1 1 0 0 0 0 1 0 0]
2025-06-29 13:40:13,803 DEBUG player_1: [1 1 1 1 0 0 0 0 1 0 0]
2025-06-29 13:40:13,807 DEBUG player_0: [1 1 1 1 0 0 0 0 1 1 0]
2025-06-29 13:40:13,807 DEBUG player_1: [1 1 1 1 0 0 0 0 1 0 0]
2025-06-29 13:40:13,842 DEBUG player_0: [1 1 1 1 0 0 0 0 1 0 0]
2025-06-29 13:40:13,842 DEBUG player_1: [1 1 1 1 0 0 0 0 1 1 0]
2025-06-29 13:40:13,852 DEBUG player_0: [0 0 0 0 0 0 0 0 1 1 0]
2025-06-29 13:40:13,856 DEBUG player_0: [0 0 0 0 0 0 0 0 1 1 0]
2025-06-29 13:40:13,856 DEBUG player_1: [0 0 0 0 0 0 0 0 0 0 0]
2025-06-29 13:40:13,856 DEBUG player_1: [0 0 0 0 0 0 0 0 1 0 0]
2025-06-29 13:40:13,904 DEBUG player_0: [1 1 1 1 0 0 0 0 0 0 0]
2025-06-29 13:40:13,904 DEBUG player_1: [1 1 1 1 0 0 0 0 1 1 0]
2025-06-29 13:40:13,918 DEBUG player_0: [1 1 1 1 0 0 0 0 1 1 0]
2025-06-29 13:40:13,918 DEBUG player_1: [1 1 1 1 0 0 0 0 1 0 0]
2025-06-29 13:40:13,923 DEBUG player_0: [1 1 1 1 0 0 0 0 1 0 0]
2025-06-29 13:40:13,924 DEBUG player_1: [1 1 1 1 0 0 0 0 1 0 0]
2025-06-29 13:40:13,952 DEBUG player_0: [0 0 0 1 0 0 0 0 0 0 0]
2025-06-29 13:40:13,952 DEBUG player_1: [1 1 1 1 0 0 0 0 1 1 0]
2025-06-29 13:40:13,968 DEBUG player_0: [1 1 1 1 0 0 0 0 1 0 0]
2025-06-29 13:40:13,968 DEBUG player_1: [1 1 1 1 0 0 0 0 0 0 0]
2025-06-29 13:40:13,973 DEBUG player_0: [1 1 1 1 0 0 0 0 1 1 0]
2025-06-29 13:40:13,973 DEBUG player_1: [1 1 1 1 0 0 0 0 0 0 0]
2025-06-29 13:40:14,018 DEBUG player_0: [1 1 1 1 0 0 0 0 0 0 0]
2025-06-29 13:40:14,018 DEBUG player_1: [1 1 1 1 0 0 0 0 1 1 0]
2025-06-29 13:40:14,041 DEBUG player_0: [1 1 1 1 0 0 0 0 1 0 0]
2025-06-29 13:40:14,045 DEBUG player_0: [1 1 1 1 0 0 0 0 1 1 0]
2025-06-29 13:40:14,046 DEBUG player_1: [1 1 1 1 0 0 0 0 1 0 0]
2025-06-29 13:40:14,046 DEBUG player_1: [1 1 1 1 0 0 0 0 1 0 0]
2025-06-29 13:40:14,068 DEBUG player_0: [1 1 1 1 0 0 0 0 1 0 0]
2025-06-29 13:40:14,069 DEBUG player_1: [1 1 1 1 0 0 0 0 1 1 0]
2025-06-29 13:40:14,087 DEBUG player_0: [1 1 1 1 0 0 0 0 1 0 0]
2025-06-29 13:40:14,088 DEBUG player_1: [1 1 1 1 0 0 0 0 0 0 0]
2025-06-29 13:40:14,093 DEBUG player_0: [1 1 1 1 0 0 0 0 1 1 0]
2025-06-29 13:40:14,094 DEBUG player_1: [1 1 1 1 0 0 0 0 0 0 0]
2025-06-29 13:40:14,128 DEBUG player_0: [1 1 1 1 0 0 0 0 0 0 0]
2025-06-29 13:40:14,128 DEBUG player_1: [1 1 1 1 0 0 0 0 1 1 0]
2025-06-29 13:40:14,159 DEBUG player_0: [1 1 1 1 0 0 0 0 1 0 0]
2025-06-29 13:40:14,159 DEBUG player_1: [1 1 1 1 0 0 0 0 1 0 0]
2025-06-29 13:40:14,183 DEBUG player_0: [1 1 1 1 0 0 0 0 1 0 0]
2025-06-29 13:40:14,184 DEBUG player_1: [1 1 1 1 0 0 0 0 1 1 0]
2025-06-29 13:40:14,199 DEBUG player_0: [1 1 1 1 0 0 0 0 1 0 0]
2025-06-29 13:40:14,200 DEBUG player_1: [1 1 1 1 0 0 0 0 0 0 0]
2025-06-29 13:40:14,240 DEBUG player_0: [1 1 1 1 0 0 0 0 0 0 0]
2025-06-29 13:40:14,240 DEBUG player_1: [1 0 0 0 0 0 0 0 0 0 0]
2025-06-29 13:40:14,261 DEBUG player_0: [0 0 0 0 0 0 0 0 1 1 0]
2025-06-29 13:40:14,262 DEBUG player_1: [0 0 0 0 0 0 0 0 1 0 0]
2025-06-29 13:40:14,271 DEBUG player_0: [1 1 1 1 0 0 0 0 1 0 0]
2025-06-29 13:40:14,272 DEBUG player_1: [1 1 1 1 0 0 0 0 1 0 0]
2025-06-29 13:40:14,313 DEBUG player_0: [0 0 0 0 0 0 0 0 1 1 0]
2025-06-29 13:40:14,318 DEBUG player_0: [0 0 0 0 0 0 0 0 1 0 0]
2025-06-29 13:40:14,318 DEBUG player_1: [0 0 0 0 0 0 0 0 1 0 0]
2025-06-29 13:40:14,319 DEBUG player_1: [0 0 0 0 0 0 0 0 1 0 0]
2025-06-29 13:40:14,323 DEBUG player_0: [1 1 1 1 0 0 0 0 1 0 0]
2025-06-29 13:40:14,324 DEBUG player_1: [1 1 1 1 0 0 0 0 0 0 0]
2025-06-29 13:40:14,329 DEBUG player_0: [0 0 0 0 0 0 0 0 1 1 0]
2025-06-29 13:40:14,330 DEBUG player_1: [0 0 0 0 0 0 0 0 1 0 0]
2025-06-29 13:40:14,370 DEBUG player_0: [1 1 1 1 0 0 0 0 1 0 0]
2025-06-29 13:40:14,370 DEBUG player_1: [1 1 1 1 0 0 0 0 1 0 0]
2025-06-29 13:40:14,382 DEBUG player_0: [1 1 1 1 0 0 0 0 1 0 0]
2025-06-29 13:40:14,382 DEBUG player_1: [1 1 1 1 0 0 0 0 1 0 0]
2025-06-29 13:40:14,436 DEBUG player_0: [1 1 1 1 0 0 0 0 1 0 0]
2025-06-29 13:40:14,436 DEBUG player_1: [1 1 1 1 0 0 0 0 1 0 0]
2025-06-29 13:40:14,442 DEBUG player_0: [1 1 1 1 0 0 0 0 1 1 0]
2025-06-29 13:40:14,443 DEBUG player_1: [1 1 1 1 0 0 0 0 1 0 0]
2025-06-29 13:40:14,448 DEBUG player_0: [1 1 1 1 0 0 0 0 1 1 0]
2025-06-29 13:40:14,449 DEBUG player_1: [1 1 1 1 0 0 0 0 0 0 0]
2025-06-29 13:40:14,481 DEBUG player_0: [1 1 1 1 0 0 0 0 1 0 0]
2025-06-29 13:40:14,482 DEBUG player_1: [1 1 1 1 0 0 0 0 1 0 0]
2025-06-29 13:40:14,550 DEBUG player_0: [1 1 1 1 0 0 0 0 1 0 0]
2025-06-29 13:40:14,550 DEBUG player_1: [1 1 1 1 0 0 0 0 1 0 0]
2025-06-29 13:40:14,560 DEBUG player_0: [1 1 1 1 0 0 0 0 1 1 0]
2025-06-29 13:40:14,560 DEBUG player_1: [1 1 1 1 0 0 0 0 1 0 0]
2025-06-29 13:40:14,565 DEBUG player_0: [1 1 1 1 0 0 0 0 1 1 0]
2025-06-29 13:40:14,566 DEBUG player_1: [1 1 1 1 0 0 0 0 0 0 0]
2025-06-29 13:40:14,578 DEBUG player_0: [0 0 0 0 0 0 0 0 1 1 0]
2025-06-29 13:40:14,578 DEBUG player_1: [0 0 0 0 0 0 0 0 1 0 0]
2025-06-29 13:40:14,590 DEBUG player_0: [1 1 1 1 0 0 0 0 1 0 0]
2025-06-29 13:40:14,591 DEBUG player_1: [1 1 1 1 0 0 0 0 1 0 0]
2025-06-29 13:40:14,677 DEBUG player_0: [1 1 1 1 0 0 0 0 1 1 0]
2025-06-29 13:40:14,684 DEBUG player_0: [1 0 0 0 0 0 0 0 0 0 0]
2025-06-29 13:40:14,684 DEBUG player_1: [1 0 1 1 0 0 0 0 1 0 0]
2025-06-29 13:40:14,690 DEBUG player_0: [1 1 1 1 0 0 0 0 1 0 0]
2025-06-29 13:40:14,690 DEBUG player_1: [1 1 1 1 0 0 0 0 0 0 0]
2025-06-29 13:40:14,691 DEBUG player_1: [1 1 1 1 0 0 0 0 1 0 0]
2025-06-29 13:40:14,700 DEBUG player_0: [1 1 1 1 0 0 0 0 1 0 0]
2025-06-29 13:40:14,701 DEBUG player_1: [1 0 0 0 0 0 0 0 0 0 0]
2025-06-29 13:40:14,706 DEBUG player_0: [0 0 0 0 0 0 0 0 1 0 0]
2025-06-29 13:40:14,708 DEBUG player_1: [0 0 0 0 0 0 0 0 1 1 0]
2025-06-29 13:40:14,807 DEBUG player_0: [1 1 1 1 0 0 0 0 1 1 0]
2025-06-29 13:40:14,813 DEBUG player_0: [1 1 1 1 0 0 0 0 1 1 0]
2025-06-29 13:40:14,813 DEBUG player_1: [1 0 1 1 0 0 0 0 1 0 0]
2025-06-29 13:40:14,818 DEBUG player_0: [1 1 1 1 0 0 0 0 1 0 0]
2025-06-29 13:40:14,819 DEBUG player_1: [1 1 1 1 0 0 0 0 0 0 0]
2025-06-29 13:40:14,819 DEBUG player_1: [1 1 1 1 0 0 0 0 1 0 0]
2025-06-29 13:40:14,824 DEBUG player_0: [1 1 1 1 0 0 0 0 1 0 0]
2025-06-29 13:40:14,830 DEBUG player_0: [1 1 1 1 0 0 0 0 0 0 0]
2025-06-29 13:40:14,831 DEBUG player_1: [1 1 1 1 0 0 0 0 1 0 0]
2025-06-29 13:40:14,832 DEBUG player_1: [1 1 1 1 0 0 0 0 1 1 0]
2025-06-29 13:40:14,862 DEBUG player_0: [0 0 0 0 0 0 0 0 1 0 0]
2025-06-29 13:40:14,862 DEBUG player_1: [0 0 0 0 0 0 0 0 0 0 0]
2025-06-29 13:40:14,898 DEBUG player_0: [0 0 0 0 0 0 0 0 1 0 0]
2025-06-29 13:40:14,899 DEBUG player_1: [0 0 0 0 0 0 0 0 1 0 0]
2025-06-29 13:40:14,936 DEBUG player_0: [1 1 1 1 0 0 0 0 1 1 0]
2025-06-29 13:40:14,941 DEBUG player_0: [1 1 1 1 0 0 0 0 1 1 0]
2025-06-29 13:40:14,941 DEBUG player_1: [1 1 1 1 0 0 0 0 1 0 0]
2025-06-29 13:40:14,941 DEBUG player_1: [1 1 1 1 0 0 0 0 0 0 0]
2025-06-29 13:40:14,946 DEBUG player_0: [1 1 1 1 0 0 0 0 1 0 0]
2025-06-29 13:40:14,947 DEBUG player_1: [1 1 1 1 0 0 0 0 1 0 0]
2025-06-29 13:40:14,974 DEBUG player_0: [1 1 1 1 0 0 0 0 0 0 0]
2025-06-29 13:40:14,975 DEBUG player_1: [1 1 1 1 0 0 0 0 0 0 0]
2025-06-29 13:40:15,008 DEBUG player_0: [1 1 1 1 0 0 0 0 0 0 0]
2025-06-29 13:40:15,008 DEBUG player_1: [1 1 1 1 0 0 0 0 1 0 0]
2025-06-29 13:40:15,062 DEBUG player_0: [1 1 1 1 0 0 0 0 1 1 0]
2025-06-29 13:40:15,065 DEBUG player_0: [1 1 1 1 0 0 0 0 1 0 0]
2025-06-29 13:40:15,066 DEBUG player_1: [1 0 0 0 0 0 0 0 0 0 0]
2025-06-29 13:40:15,066 DEBUG player_1: [1 1 1 1 0 0 0 0 0 0 0]
2025-06-29 13:40:15,075 DEBUG player_0: [0 0 0 0 0 0 0 0 1 0 0]
2025-06-29 13:40:15,076 DEBUG player_1: [0 0 0 0 0 0 0 0 1 0 0]
2025-06-29 13:40:15,086 DEBUG player_0: [1 1 1 1 0 0 0 0 0 0 0]
2025-06-29 13:40:15,087 DEBUG player_1: [1 1 1 1 0 0 0 0 0 0 0]
2025-06-29 13:40:15,122 DEBUG player_0: [1 1 1 1 0 0 0 0 0 0 0]
2025-06-29 13:40:15,122 DEBUG player_1: [1 1 1 1 0 0 0 0 1 0 0]
2025-06-29 13:40:15,185 DEBUG player_0: [1 1 1 1 0 0 0 0 1 1 0]
2025-06-29 13:40:15,190 DEBUG player_0: [1 1 1 1 0 0 0 0 1 0 0]
2025-06-29 13:40:15,190 DEBUG player_1: [1 1 1 1 0 0 0 0 0 0 0]
2025-06-29 13:40:15,190 DEBUG player_1: [1 1 1 1 0 0 0 0 1 0 0]
2025-06-29 13:40:15,302 DEBUG player_0: [1 1 1 1 0 0 0 0 1 1 0]
2025-06-29 13:40:15,303 DEBUG player_1: [1 1 1 1 0 0 0 0 0 0 0]
2025-06-29 13:40:15,360 DEBUG player_0: [0 0 0 0 0 0 0 0 0 0 0]
2025-06-29 13:40:15,366 DEBUG player_0: [0 0 0 0 0 0 0 0 1 0 0]
2025-06-29 13:40:15,367 DEBUG player_1: [0 0 0 0 0 0 0 0 1 0 0]
2025-06-29 13:40:15,367 DEBUG player_1: [0 0 0 0 0 0 0 0 1 1 0]
2025-06-29 13:40:15,416 DEBUG player_0: [1 1 1 1 0 0 0 0 1 1 0]
2025-06-29 13:40:15,416 DEBUG player_1: [1 1 1 1 0 0 0 0 0 0 0]
2025-06-29 13:40:15,480 DEBUG player_0: [0 0 0 0 0 0 0 0 1 1 0]
2025-06-29 13:40:15,487 DEBUG player_0: [1 1 1 1 0 0 0 0 0 0 0]
2025-06-29 13:40:15,493 DEBUG player_0: [1 1 1 1 0 0 0 0 1 0 0]
2025-06-29 13:40:15,494 DEBUG player_1: [1 1 1 1 0 0 0 0 0 0 0]
2025-06-29 13:40:15,494 DEBUG player_1: [1 1 1 1 0 0 0 0 1 0 0]
2025-06-29 13:40:15,494 DEBUG player_1: [0 0 0 0 0 0 0 0 1 0 0]
2025-06-29 13:40:15,529 DEBUG player_0: [1 1 1 1 0 0 0 0 1 1 0]
2025-06-29 13:40:15,529 DEBUG player_1: [1 1 1 1 0 0 0 0 0 0 0]
2025-06-29 13:40:15,602 DEBUG player_0: [0 0 0 0 0 0 0 0 1 0 0]
2025-06-29 13:40:15,603 DEBUG player_1: [0 0 0 0 0 0 0 0 1 0 0]
2025-06-29 13:40:15,613 DEBUG player_0: [1 0 0 0 0 0 0 0 0 0 0]
2025-06-29 13:40:15,614 DEBUG player_1: [1 1 1 1 0 0 0 0 0 0 0]
2025-06-29 13:40:15,619 DEBUG player_0: [1 1 1 1 0 0 0 0 0 0 0]
2025-06-29 13:40:15,622 DEBUG player_0: [1 1 1 1 0 0 0 0 1 0 0]
2025-06-29 13:40:15,623 DEBUG player_1: [1 1 1 1 0 0 0 0 0 0 0]
2025-06-29 13:40:15,623 DEBUG player_1: [1 1 1 1 0 0 0 0 1 0 0]
2025-06-29 13:40:15,714 DEBUG player_0: [0 0 0 0 0 0 0 0 1 0 0]
2025-06-29 13:40:15,715 DEBUG player_1: [0 0 0 0 0 0 0 0 1 0 0]
2025-06-29 13:40:15,719 DEBUG player_0: [1 1 1 1 0 0 0 0 1 0 0]
2025-06-29 13:40:15,720 DEBUG player_1: [1 1 1 1 0 0 0 0 0 0 0]
2025-06-29 13:40:15,742 DEBUG player_0: [1 1 1 1 0 0 0 0 1 1 0]
2025-06-29 13:40:15,748 DEBUG player_0: [1 1 1 1 0 0 0 0 0 0 0]
2025-06-29 13:40:15,748 DEBUG player_1: [1 1 1 1 0 0 0 0 0 0 0]
2025-06-29 13:40:15,754 DEBUG player_0: [1 1 1 1 0 0 0 0 1 0 0]
2025-06-29 13:40:15,754 DEBUG player_1: [1 1 1 1 0 0 0 0 1 0 0]
2025-06-29 13:40:15,755 DEBUG player_1: [1 1 1 1 0 0 0 0 0 0 0]
2025-06-29 13:40:15,839 DEBUG player_0: [1 1 1 1 0 0 0 0 1 0 0]
2025-06-29 13:40:15,840 DEBUG player_1: [1 1 1 1 0 0 0 0 0 0 0]
2025-06-29 13:40:15,846 DEBUG player_0: [1 1 1 1 0 0 0 0 1 0 0]
2025-06-29 13:40:15,846 DEBUG player_1: [1 1 1 1 0 0 0 0 0 0 0]
2025-06-29 13:40:15,873 DEBUG player_0: [1 1 1 1 0 0 0 0 0 0 0]
2025-06-29 13:40:15,874 DEBUG player_1: [1 1 1 1 0 0 0 0 1 0 0]
2025-06-29 13:40:15,880 DEBUG player_0: [1 1 1 1 0 0 0 0 1 0 0]
2025-06-29 13:40:15,880 DEBUG player_1: [1 1 1 1 0 0 0 0 0 0 0]
2025-06-29 13:40:15,961 DEBUG player_0: [1 1 1 1 0 0 0 0 1 0 0]
2025-06-29 13:40:15,968 DEBUG player_0: [1 1 1 1 0 0 0 0 1 0 0]
2025-06-29 13:40:15,968 DEBUG player_1: [1 1 1 1 0 0 0 0 0 0 0]
2025-06-29 13:40:15,969 DEBUG player_1: [1 1 1 1 0 0 0 0 0 0 0]
2025-06-29 13:40:15,992 DEBUG player_0: [1 1 1 1 0 0 0 0 0 0 0]
2025-06-29 13:40:15,992 DEBUG player_1: [1 1 1 1 0 0 0 0 1 0 0]
2025-06-29 13:40:15,998 DEBUG player_0: [1 1 1 1 0 0 0 0 1 0 0]
2025-06-29 13:40:15,999 DEBUG player_1: [1 1 1 1 0 0 0 0 0 0 0]
2025-06-29 13:40:16,056 DEBUG player_0: [0 0 0 0 0 0 0 0 1 1 0]
2025-06-29 13:40:16,056 DEBUG player_1: [0 0 0 0 0 0 0 0 0 0 0]
2025-06-29 13:40:16,085 DEBUG player_0: [1 1 1 1 0 0 0 0 1 0 0]
2025-06-29 13:40:16,091 DEBUG player_0: [1 1 1 1 0 0 0 0 1 0 0]
2025-06-29 13:40:16,091 DEBUG player_1: [1 1 1 1 0 0 0 0 0 0 0]
2025-06-29 13:40:16,091 DEBUG player_1: [1 0 0 0 0 0 0 0 0 0 0]
2025-06-29 13:40:16,113 DEBUG player_0: [1 1 1 1 0 0 0 0 1 0 0]
2025-06-29 13:40:16,114 DEBUG player_1: [1 1 1 1 0 0 0 0 0 0 0]
2025-06-29 13:40:16,167 DEBUG player_0: [1 1 1 1 0 0 0 0 1 1 0]
2025-06-29 13:40:16,167 DEBUG player_1: [1 1 1 1 0 0 0 0 0 0 0]
2025-06-29 13:40:16,221 DEBUG player_0: [1 1 1 1 0 0 0 0 1 0 0]
2025-06-29 13:40:16,226 DEBUG player_0: [1 1 1 1 0 0 0 0 1 0 0]
2025-06-29 13:40:16,232 DEBUG player_0: [1 1 1 1 0 0 0 0 1 0 0]
2025-06-29 13:40:16,233 DEBUG player_1: [1 1 1 1 0 0 0 0 0 0 0]
2025-06-29 13:40:16,233 DEBUG player_1: [1 1 1 1 0 0 0 0 0 0 0]
2025-06-29 13:40:16,234 DEBUG player_1: [1 1 1 1 0 0 0 0 0 0 0]
2025-06-29 13:40:16,276 DEBUG player_0: [0 0 0 0 0 0 0 0 1 1 0]
2025-06-29 13:40:16,277 DEBUG player_1: [0 0 0 0 0 0 0 0 0 0 0]
2025-06-29 13:40:16,282 DEBUG player_0: [1 1 1 1 0 0 0 0 1 1 0]
2025-06-29 13:40:16,282 DEBUG player_1: [1 1 1 1 0 0 0 0 0 0 0]
2025-06-29 13:40:16,363 DEBUG player_0: [1 1 1 1 0 0 0 0 1 0 0]
2025-06-29 13:40:16,364 DEBUG player_1: [1 0 0 0 0 0 0 0 0 0 0]
2025-06-29 13:40:16,368 DEBUG player_0: [1 1 1 1 0 0 0 0 1 0 0]
2025-06-29 13:40:16,371 DEBUG player_0: [1 1 1 1 0 0 0 0 1 0 0]
2025-06-29 13:40:16,372 DEBUG player_1: [1 1 1 1 0 0 0 0 0 0 0]
2025-06-29 13:40:16,372 DEBUG player_1: [1 0 0 0 0 0 0 0 0 0 0]
2025-06-29 13:40:16,391 DEBUG player_0: [1 1 1 1 0 0 0 0 1 0 0]
2025-06-29 13:40:16,391 DEBUG player_1: [1 1 1 1 0 0 0 0 0 0 0]
2025-06-29 13:40:16,399 DEBUG player_0: [1 1 1 1 0 0 0 0 1 1 0]
2025-06-29 13:40:16,400 DEBUG player_1: [1 1 1 1 0 0 0 0 0 0 0]
2025-06-29 13:40:16,490 DEBUG player_0: [1 1 1 1 0 0 0 0 1 0 0]
2025-06-29 13:40:16,497 DEBUG player_0: [1 1 1 1 0 0 0 0 1 0 0]
2025-06-29 13:40:16,497 DEBUG player_1: [1 1 1 1 0 0 0 0 0 0 0]
2025-06-29 13:40:16,498 DEBUG player_1: [1 1 1 1 0 0 0 0 0 0 0]
2025-06-29 13:40:16,506 DEBUG player_0: [1 1 1 1 0 0 0 0 1 0 0]
2025-06-29 13:40:16,508 DEBUG player_1: [1 1 1 1 0 0 0 0 0 0 0]
2025-06-29 13:40:16,513 DEBUG player_0: [1 1 1 1 0 0 0 0 1 1 0]
2025-06-29 13:40:16,514 DEBUG player_1: [1 1 1 1 0 0 0 0 0 0 0]
2025-06-29 13:40:16,521 DEBUG player_0: [0 0 0 0 0 0 0 0 0 0 0]
2025-06-29 13:40:16,521 DEBUG player_1: [0 0 0 0 0 0 0 0 1 0 0]
2025-06-29 13:40:16,615 DEBUG player_0: [1 1 1 1 0 0 0 0 1 0 0]
2025-06-29 13:40:16,621 DEBUG player_0: [1 1 1 1 0 0 0 0 1 0 0]
2025-06-29 13:40:16,622 DEBUG player_1: [1 0 0 0 0 0 0 0 0 0 0]
2025-06-29 13:40:16,622 DEBUG player_1: [1 1 1 1 0 0 0 0 0 0 0]
2025-06-29 13:40:16,628 DEBUG player_0: [1 1 1 1 0 0 0 0 1 0 0]
2025-06-29 13:40:16,633 DEBUG player_0: [1 1 1 1 0 0 0 0 1 1 0]
2025-06-29 13:40:16,639 DEBUG player_0: [1 1 1 1 0 0 0 0 0 0 0]
2025-06-29 13:40:16,640 DEBUG player_1: [1 1 1 1 0 0 0 0 0 0 0]
2025-06-29 13:40:16,640 DEBUG player_1: [1 1 1 1 0 0 0 0 0 0 0]
2025-06-29 13:40:16,641 DEBUG player_1: [1 1 1 1 0 0 0 0 0 0 0]
2025-06-29 13:40:16,770 DEBUG player_0: [1 1 1 1 0 0 0 0 1 1 0]
2025-06-29 13:40:16,778 DEBUG player_0: [1 1 1 1 0 0 0 0 0 0 0]
2025-06-29 13:40:16,778 DEBUG player_1: [1 1 1 1 0 0 0 0 0 0 0]
2025-06-29 13:40:16,779 DEBUG player_1: [1 1 1 1 0 0 0 0 0 0 0]
2025-06-29 13:40:16,907 DEBUG player_0: [0 0 0 0 0 0 0 0 1 0 0]
2025-06-29 13:40:16,915 DEBUG player_0: [1 1 1 1 0 0 0 0 1 1 0]
2025-06-29 13:40:16,916 DEBUG player_1: [0 0 0 0 0 0 0 0 0 0 0]
2025-06-29 13:40:16,916 DEBUG player_1: [1 1 1 1 0 0 0 0 0 0 0]
2025-06-29 13:40:17,037 DEBUG player_0: [1 1 1 1 0 0 0 0 1 0 0]
2025-06-29 13:40:17,045 DEBUG player_1: [1 1 1 1 0 0 0 0 0 0 0]
2025-06-29 13:40:17,047 DEBUG player_0: [1 1 1 1 0 0 0 0 1 1 0]
2025-06-29 13:40:17,047 DEBUG player_1: [1 1 1 1 0 0 0 0 0 0 0]
2025-06-29 13:40:17,180 DEBUG player_0: [1 1 1 1 0 0 0 0 1 0 0]
2025-06-29 13:40:17,199 DEBUG player_0: [0 0 0 0 0 0 0 0 1 0 0]
2025-06-29 13:40:17,200 DEBUG player_0: [0 0 0 0 0 0 0 0 1 0 0]
2025-06-29 13:40:17,201 DEBUG player_0: [0 0 0 0 0 0 0 0 1 0 0]
2025-06-29 13:40:17,202 DEBUG player_1: [1 1 1 1 0 0 0 0 0 0 0]
2025-06-29 13:40:17,202 DEBUG player_1: [0 0 0 0 0 0 0 0 0 0 0]
2025-06-29 13:40:17,203 DEBUG player_1: [0 0 0 0 0 0 0 0 0 0 0]
2025-06-29 13:40:17,203 DEBUG player_1: [0 0 0 0 0 0 0 0 0 0 0]
2025-06-29 13:40:17,313 DEBUG player_0: [1 1 1 1 0 0 0 0 0 0 0]
2025-06-29 13:40:17,318 DEBUG player_0: [1 1 1 1 0 0 0 0 0 0 0]
2025-06-29 13:40:17,325 DEBUG player_0: [1 1 1 1 0 0 0 0 0 0 0]
2025-06-29 13:40:17,325 DEBUG player_1: [1 1 1 1 0 0 0 0 0 0 0]
2025-06-29 13:40:17,332 DEBUG player_0: [1 1 1 1 0 0 0 0 1 0 0]
2025-06-29 13:40:17,333 DEBUG player_1: [1 1 1 1 0 0 0 0 0 0 0]
2025-06-29 13:40:17,334 DEBUG player_1: [1 1 1 1 0 0 0 0 0 0 0]
2025-06-29 13:40:17,334 DEBUG player_1: [1 0 0 0 0 0 0 0 0 0 0]
2025-06-29 13:40:17,456 DEBUG player_0: [1 1 1 1 0 0 0 0 0 0 0]
2025-06-29 13:40:17,465 DEBUG player_0: [1 1 1 1 0 0 0 0 1 0 0]
2025-06-29 13:40:17,471 DEBUG player_0: [1 1 1 1 0 0 0 0 0 0 0]
2025-06-29 13:40:17,477 DEBUG player_0: [1 1 1 1 0 0 0 0 0 0 0]
2025-06-29 13:40:17,478 DEBUG player_1: [1 1 1 1 0 0 0 0 0 0 0]
2025-06-29 13:40:17,478 DEBUG player_1: [1 1 1 1 0 0 0 0 0 0 0]
2025-06-29 13:40:17,479 DEBUG player_1: [1 1 1 1 0 0 0 0 0 0 0]
2025-06-29 13:40:17,479 DEBUG player_1: [1 1 1 1 0 0 0 0 0 0 0]
2025-06-29 13:40:17,601 DEBUG player_0: [0 0 0 0 0 0 0 0 1 1 0]
2025-06-29 13:40:17,609 DEBUG player_0: [1 1 1 1 0 0 0 0 0 0 0]
2025-06-29 13:40:17,616 DEBUG player_0: [1 0 0 0 0 0 0 0 0 0 0]
2025-06-29 13:40:17,616 DEBUG player_1: [1 1 1 1 0 0 0 0 0 0 0]
2025-06-29 13:40:17,617 DEBUG player_1: [0 0 0 0 0 0 0 0 0 0 0]
2025-06-29 13:40:17,617 DEBUG player_1: [1 1 1 1 0 0 0 0 0 0 0]
2025-06-29 13:40:17,737 DEBUG player_0: [1 1 1 1 0 0 0 0 1 0 0]
2025-06-29 13:40:17,745 DEBUG player_0: [1 1 1 1 0 0 0 0 0 0 0]
2025-06-29 13:40:17,746 DEBUG player_1: [1 1 1 1 0 0 0 0 0 0 0]
2025-06-29 13:40:17,746 DEBUG player_1: [1 1 1 1 0 0 0 0 0 0 0]
2025-06-29 13:40:17,887 DEBUG player_0: [1 1 1 1 0 0 0 0 1 0 0]
2025-06-29 13:40:17,891 DEBUG player_0: [1 1 1 1 0 0 0 0 0 0 0]
2025-06-29 13:40:17,892 DEBUG player_1: [1 1 1 1 0 0 0 0 0 0 0]
2025-06-29 13:40:17,892 DEBUG player_1: [1 1 1 1 0 0 0 0 0 0 0]
2025-06-29 13:40:18,009 DEBUG player_0: [1 0 0 0 0 0 0 0 0 0 0]
2025-06-29 13:40:18,013 DEBUG player_0: [1 1 1 1 0 0 0 0 0 0 0]
2025-06-29 13:40:18,017 DEBUG player_0: [0 0 0 0 0 0 0 0 1 0 0]
2025-06-29 13:40:18,018 DEBUG player_1: [1 1 1 1 0 0 0 0 0 0 0]
2025-06-29 13:40:18,018 DEBUG player_1: [1 0 0 0 0 0 0 0 0 0 0]
2025-06-29 13:40:18,018 DEBUG player_1: [0 0 0 0 0 0 0 0 0 0 0]
2025-06-29 13:40:18,142 DEBUG player_0: [1 1 1 1 0 0 0 0 1 0 0]
2025-06-29 13:40:18,147 DEBUG player_0: [1 1 1 1 0 0 0 0 0 0 0]
2025-06-29 13:40:18,151 DEBUG player_0: [1 1 1 1 0 0 0 0 0 0 0]
2025-06-29 13:40:18,151 DEBUG player_1: [1 1 1 1 0 0 0 0 0 0 0]
2025-06-29 13:40:18,151 DEBUG player_1: [1 1 1 1 0 0 0 0 0 0 0]
2025-06-29 13:40:18,152 DEBUG player_1: [1 1 1 1 0 0 0 0 0 0 0]
2025-06-29 13:40:18,269 DEBUG player_0: [1 1 1 1 0 0 0 0 0 0 0]
2025-06-29 13:40:18,270 DEBUG player_1: [1 0 0 0 0 0 0 0 0 0 0]
2025-06-29 13:40:18,284 DEBUG player_0: [1 1 1 1 0 0 0 0 0 0 0]
2025-06-29 13:40:18,284 DEBUG player_1: [1 0 0 0 0 0 0 0 0 0 0]
2025-06-29 13:40:18,380 DEBUG player_0: [1 1 1 1 0 0 0 0 0 0 0]
2025-06-29 13:40:18,381 DEBUG player_1: [1 1 1 1 0 0 0 0 0 0 0]
2025-06-29 13:40:18,496 DEBUG player_0: [1 1 1 1 0 0 0 0 0 0 0]
2025-06-29 13:40:18,496 DEBUG player_1: [1 1 1 1 0 0 0 0 0 0 0]
2025-06-29 13:40:18,612 DEBUG player_0: [1 1 1 1 0 0 0 0 0 0 0]
2025-06-29 13:40:18,613 DEBUG player_1: [1 1 1 1 0 0 0 0 0 0 0]
2025-06-29 13:40:18,646 DEBUG player_0: [1 1 1 1 1 1 1 1 1 1 0]
