2025-07-01 22:47:20,525 INFO Run parameters: {'log_level': 'DEBUG', 'config': 'C:\\Users\\こう\\Documents\\GitHub\\Maple\\Maple\\config\\train_config.yml', 'episodes': 1, 'save': 'model_debug.pt', 'tensorboard': True, 'ppo_epochs': 4, 'clip': None, 'gae_lambda': None, 'value_coef': None, 'entropy_coef': None, 'gamma': None, 'parallel': 1, 'algo': 'ppo', 'checkpoint_interval': 50, 'checkpoint_dir': 'checkpoints', 'reward': 'hp_delta', 'reward_config': None}
2025-07-01 22:47:22,395 DEBUG environment reset: cleared action queues and mappings
2025-07-01 22:47:24,405 DEBUG = connection is CONNECTING
2025-07-01 22:47:24,407 DEBUG > GET /showdown/websocket HTTP/1.1
2025-07-01 22:47:24,407 DEBUG > Host: localhost:8000
2025-07-01 22:47:24,407 DEBUG > Upgrade: websocket
2025-07-01 22:47:24,408 DEBUG > Connection: Upgrade
2025-07-01 22:47:24,408 DEBUG > Sec-WebSocket-Key: AnsHa7I7l/1blkvYW35gMA==
2025-07-01 22:47:24,408 DEBUG > Sec-WebSocket-Version: 13
2025-07-01 22:47:24,408 DEBUG > Sec-WebSocket-Extensions: permessage-deflate; client_max_window_bits
2025-07-01 22:47:24,408 DEBUG > User-Agent: Python/3.12 websockets/15.0.1
2025-07-01 22:47:24,408 DEBUG = connection is CONNECTING
2025-07-01 22:47:24,408 DEBUG > GET /showdown/websocket HTTP/1.1
2025-07-01 22:47:24,409 DEBUG > Host: localhost:8000
2025-07-01 22:47:24,409 DEBUG > Upgrade: websocket
2025-07-01 22:47:24,409 DEBUG > Connection: Upgrade
2025-07-01 22:47:24,409 DEBUG > Sec-WebSocket-Key: edafuL0XEc7ZToYptbpuxw==
2025-07-01 22:47:24,409 DEBUG > Sec-WebSocket-Version: 13
2025-07-01 22:47:24,410 DEBUG > Sec-WebSocket-Extensions: permessage-deflate; client_max_window_bits
2025-07-01 22:47:24,410 DEBUG > User-Agent: Python/3.12 websockets/15.0.1
2025-07-01 22:47:24,413 DEBUG < HTTP/1.1 101 Switching Protocols
2025-07-01 22:47:24,413 DEBUG < Upgrade: websocket
2025-07-01 22:47:24,413 DEBUG < Connection: Upgrade
2025-07-01 22:47:24,413 DEBUG < Sec-WebSocket-Accept: ExNVI4cYSPTo7OqUDWkVHlsrMUI=
2025-07-01 22:47:24,413 DEBUG = connection is OPEN
2025-07-01 22:47:24,422 DEBUG < HTTP/1.1 101 Switching Protocols
2025-07-01 22:47:24,422 DEBUG < Upgrade: websocket
2025-07-01 22:47:24,422 DEBUG < Connection: Upgrade
2025-07-01 22:47:24,422 DEBUG < Sec-WebSocket-Accept: kuX5J6A5OQDtwjUkSs9DAQbTZDc=
2025-07-01 22:47:24,422 DEBUG = connection is OPEN
2025-07-01 22:47:26,478 DEBUG < TEXT '|updateuser| Guest 1|0|170|{"blockChallenges":f...c|[Gen 1] Custom Game,c' [8022 bytes]
2025-07-01 22:47:26,479 DEBUG < TEXT '|challstr|4|d9303b53c9912ab6ef889d10310b5649134...10ff65d9b93540ea6c0f68e' [268 bytes]
2025-07-01 22:47:26,480 DEBUG > TEXT '|/trn EnvPlayer 1,0,' [20 bytes]
2025-07-01 22:47:26,482 DEBUG < TEXT '|updateuser| Guest 2|0|265|{"blockChallenges":f...c|[Gen 1] Custom Game,c' [8022 bytes]
2025-07-01 22:47:26,483 DEBUG < TEXT '|challstr|4|ffb9119768c42c9721e7e835c56a8aed43b...36f122ed00cefa3ee3a0d1a' [268 bytes]
2025-07-01 22:47:26,483 DEBUG > TEXT '|/trn EnvPlayer 2,0,' [20 bytes]
2025-07-01 22:47:26,759 DEBUG < TEXT '|updatesearch|{"searching":[],"games":null}' [43 bytes]
2025-07-01 22:47:26,760 DEBUG < TEXT '|updateuser| EnvPlayer 1|1|170|{"blockChallenge...:false,"language":null}' [354 bytes]
2025-07-01 22:47:26,768 DEBUG < TEXT '|updatesearch|{"searching":[],"games":null}' [43 bytes]
2025-07-01 22:47:26,768 DEBUG < TEXT '|updateuser| EnvPlayer 2|1|265|{"blockChallenge...:false,"language":null}' [354 bytes]
2025-07-01 22:47:26,770 DEBUG > TEXT '|/utm Corviknight||flameorb|pressure|bodypress,...,252,,252|||||,,,,,Dark' [614 bytes]
2025-07-01 22:47:26,770 DEBUG > TEXT '|/challenge envplayer1, gen9bssregi' [35 bytes]
2025-07-01 22:47:26,771 DEBUG > TEXT '|/utm Corviknight||flameorb|pressure|bodypress,...,252,,252|||||,,,,,Dark' [614 bytes]
2025-07-01 22:47:26,772 DEBUG > TEXT '|/challenge envplayer2, gen9bssregi' [35 bytes]
2025-07-01 22:47:26,855 DEBUG < TEXT '|pm| EnvPlayer 2| EnvPlayer 1|/challenge gen9bssregi|gen9bssregi|||' [67 bytes]
2025-07-01 22:47:26,856 DEBUG < TEXT '|pm| EnvPlayer 2| EnvPlayer 1|/challenge gen9bssregi|gen9bssregi|||' [67 bytes]
2025-07-01 22:47:26,856 DEBUG < TEXT '|pm| EnvPlayer 2| EnvPlayer 1|/log EnvPlayer 2 wants to battle!' [63 bytes]
2025-07-01 22:47:26,856 DEBUG < TEXT '|pm| EnvPlayer 2| EnvPlayer 1|/log EnvPlayer 2 wants to battle!' [63 bytes]
2025-07-01 22:47:26,858 DEBUG > TEXT '|/utm Corviknight||flameorb|pressure|bodypress,...,252,,252|||||,,,,,Dark' [614 bytes]
2025-07-01 22:47:26,858 DEBUG > TEXT '|/accept envplayer2' [19 bytes]
2025-07-01 22:47:26,863 DEBUG < TEXT '|pm| EnvPlayer 1| EnvPlayer 2|/challenge' [40 bytes]
2025-07-01 22:47:26,864 DEBUG < TEXT '|pm| EnvPlayer 1| EnvPlayer 2|/challenge' [40 bytes]
2025-07-01 22:47:26,864 DEBUG < TEXT '|updatesearch|{"searching":[],"games":null}' [43 bytes]
2025-07-01 22:47:26,865 DEBUG < TEXT '|updatesearch|{"searching":[],"games":null}' [43 bytes]
2025-07-01 22:47:26,867 DEBUG < TEXT '|updatesearch|{"searching":[],"games":{"battle-... 9] BSS Reg I Battle"}}' [94 bytes]
2025-07-01 22:47:26,867 DEBUG < TEXT '|updatesearch|{"searching":[],"games":{"battle-... 9] BSS Reg I Battle"}}' [94 bytes]
2025-07-01 22:47:26,868 DEBUG < TEXT '|updatesearch|{"searching":[],"games":{"battle-... 9] BSS Reg I Battle"}}' [94 bytes]
2025-07-01 22:47:26,868 DEBUG < TEXT '|updatesearch|{"searching":[],"games":{"battle-... 9] BSS Reg I Battle"}}' [94 bytes]
2025-07-01 22:47:26,875 DEBUG < TEXT '>battle-gen9bssregi-24923\n|init|battle\n|title...er 1\n|j|☆EnvPlayer 2\n' [92 bytes]
2025-07-01 22:47:26,876 DEBUG < TEXT '>battle-gen9bssregi-24923\n|j|☆EnvPlayer 1' [43 bytes]
2025-07-01 22:47:26,879 DEBUG < TEXT '>battle-gen9bssregi-24923\n|init|battle\n|title...er 2\n|j|☆EnvPlayer 1\n' [110 bytes]
2025-07-01 22:47:27,301 DEBUG < TEXT '>battle-gen9bssregi-24923\n|t:|1751377646\n|gametype|singles' [58 bytes]
2025-07-01 22:47:27,302 DEBUG < TEXT '>battle-gen9bssregi-24923\n|t:|1751377646\n|gametype|singles' [58 bytes]
2025-07-01 22:47:27,329 DEBUG < TEXT '>battle-gen9bssregi-24923\n|player|p1|EnvPlayer 2|265|' [53 bytes]
2025-07-01 22:47:27,329 DEBUG < TEXT '>battle-gen9bssregi-24923\n|player|p1|EnvPlayer 2|265|' [53 bytes]
2025-07-01 22:47:27,334 DEBUG < TEXT '>battle-gen9bssregi-24923\n|player|p2|EnvPlayer...L50, F|\n|teampreview|3' [557 bytes]
2025-07-01 22:47:27,334 DEBUG < TEXT '>battle-gen9bssregi-24923\n|player|p2|EnvPlayer...L50, F|\n|teampreview|3' [557 bytes]
2025-07-01 22:47:27,334 DEBUG < TEXT '>battle-gen9bssregi-24923\n|request|{"teamPrevi...llized":""}]},"rqid":2}' [2366 bytes]
2025-07-01 22:47:27,334 DEBUG [DBG] player_1 last_request={}
2025-07-01 22:47:27,335 DEBUG < TEXT '>battle-gen9bssregi-24923\n|request|{"teamPrevi...llized":""}]},"rqid":3}' [2366 bytes]
2025-07-01 22:47:27,335 DEBUG [DBG] player_0 last_request={}
2025-07-01 22:47:27,438 DEBUG [DBG] player_1 send team preview request for battle-gen9bssregi-24923
2025-07-01 22:47:27,438 DEBUG [DBG] player_1 waiting team preview action (qsize=0)
2025-07-01 22:47:27,438 DEBUG [DBG] player_0 send team preview request for battle-gen9bssregi-24923
2025-07-01 22:47:27,438 DEBUG [DBG] player_0 waiting team preview action (qsize=0)
