2025-07-02 13:50:19,507 DEBUG player_0: [1 1 1 1 1 1 1 1 1 1 0]
2025-07-02 13:50:19,508 DEBUG player_0: [1 1 1 1 1 1 1 1 1 1 0]
2025-07-02 13:50:19,508 DEBUG player_1: [1 1 1 1 1 1 1 1 1 1 0]
2025-07-02 13:50:19,624 DEBUG player_0: [1 1 1 1 1 1 1 1 1 1 0]
2025-07-02 13:50:19,624 DEBUG player_1: [1 1 1 1 0 0 0 0 1 1 0]
2025-07-02 13:50:19,740 DEBUG player_0: [1 1 1 1 0 0 0 0 1 1 0]
2025-07-02 13:50:19,741 DEBUG player_1: [1 1 1 1 0 0 0 0 1 1 0]
2025-07-02 13:50:19,856 DEBUG player_0: [1 1 1 1 0 0 0 0 1 1 0]
2025-07-02 13:50:19,857 DEBUG player_1: [1 1 1 1 0 0 0 0 1 1 0]
2025-07-02 13:50:19,971 DEBUG player_0: [1 1 1 1 0 0 0 0 1 1 0]
2025-07-02 13:50:19,971 DEBUG player_1: [1 0 0 0 0 0 0 0 0 0 0]
2025-07-02 13:50:20,086 DEBUG player_0: [1 1 1 1 0 0 0 0 1 1 0]
2025-07-02 13:50:20,087 DEBUG player_1: [1 1 1 1 0 0 0 0 1 1 0]
2025-07-02 13:50:20,202 DEBUG player_0: [1 1 1 1 0 0 0 0 1 1 0]
2025-07-02 13:50:20,202 DEBUG player_1: [1 0 0 0 0 0 0 0 0 0 0]
2025-07-02 13:50:20,319 DEBUG player_0: [1 1 1 1 0 0 0 0 1 1 0]
2025-07-02 13:50:20,320 DEBUG player_1: [1 1 1 1 0 0 0 0 1 1 0]
2025-07-02 13:50:20,446 DEBUG player_0: [1 1 1 1 0 0 0 0 1 1 0]
2025-07-02 13:50:20,446 DEBUG player_1: [1 0 0 0 0 0 0 0 0 0 0]
2025-07-02 13:50:20,559 DEBUG player_0: [1 1 1 0 0 0 0 0 1 1 0]
2025-07-02 13:50:20,560 DEBUG player_1: [1 1 1 1 0 0 0 0 1 1 0]
2025-07-02 13:50:20,672 DEBUG player_0: [1 1 1 0 0 0 0 0 1 1 0]
2025-07-02 13:50:20,673 DEBUG player_1: [1 0 0 0 0 0 0 0 0 0 0]
2025-07-02 13:50:20,799 DEBUG player_0: [1 1 1 0 0 0 0 0 1 1 0]
2025-07-02 13:50:20,799 DEBUG player_1: [1 1 1 1 0 0 0 0 1 1 0]
2025-07-02 13:50:20,913 DEBUG player_0: [1 1 1 1 0 0 0 0 1 1 0]
2025-07-02 13:50:20,914 DEBUG player_1: [1 0 0 0 0 0 0 0 0 0 0]
2025-07-02 13:50:21,029 DEBUG player_0: [1 0 0 0 0 0 0 0 0 0 0]
2025-07-02 13:50:21,030 DEBUG player_1: [1 1 1 1 0 0 0 0 1 1 0]
2025-07-02 13:50:21,144 DEBUG player_0: [1 1 1 1 0 0 0 0 1 1 0]
2025-07-02 13:50:21,144 DEBUG player_1: [1 0 0 0 0 0 0 0 0 0 0]
2025-07-02 13:50:21,259 DEBUG player_0: [1 1 1 0 0 0 0 0 1 1 0]
2025-07-02 13:50:21,260 DEBUG player_1: [1 1 1 1 0 0 0 0 1 1 0]
2025-07-02 13:50:21,374 DEBUG player_0: [1 1 1 0 0 0 0 0 1 1 0]
2025-07-02 13:50:21,374 DEBUG player_1: [1 1 1 1 0 0 0 0 1 1 0]
2025-07-02 13:50:21,896 DEBUG player_0: [0 0 0 0 0 0 0 0 1 1 0]
2025-07-02 13:50:21,896 DEBUG player_1: [0 0 0 0 0 0 0 0 1 1 0]
2025-07-02 13:50:22,009 DEBUG player_0: [1 1 1 1 0 0 0 0 1 0 0]
2025-07-02 13:50:22,010 DEBUG player_1: [1 1 1 1 0 0 0 0 1 1 0]
2025-07-02 13:50:22,124 DEBUG player_0: [1 0 0 0 0 0 0 0 0 0 0]
2025-07-02 13:50:22,125 DEBUG player_1: [1 1 1 1 0 0 0 0 1 1 0]
2025-07-02 13:50:22,241 DEBUG player_0: [1 1 1 1 0 0 0 0 1 0 0]
2025-07-02 13:50:22,241 DEBUG player_1: [1 1 1 1 0 0 0 0 1 1 0]
2025-07-02 13:50:22,768 DEBUG player_0: [0 0 0 0 0 0 0 0 1 0 0]
2025-07-02 13:50:22,768 DEBUG player_1: [0 0 0 0 0 0 0 0 1 1 0]
2025-07-02 13:50:22,883 DEBUG player_0: [1 1 1 1 0 0 0 0 1 0 0]
2025-07-02 13:50:22,884 DEBUG player_1: [1 1 1 1 0 0 0 0 1 0 0]
2025-07-02 13:50:22,999 DEBUG player_0: [1 0 0 0 0 0 0 0 0 0 0]
2025-07-02 13:50:22,999 DEBUG player_1: [1 1 1 1 0 0 0 0 1 0 0]
2025-07-02 13:50:23,112 DEBUG player_0: [1 1 1 1 0 0 0 0 1 0 0]
2025-07-02 13:50:23,112 DEBUG player_1: [1 1 1 1 0 0 0 0 1 0 0]
2025-07-02 13:50:23,225 DEBUG player_0: [1 1 1 1 0 0 0 0 1 0 0]
2025-07-02 13:50:23,225 DEBUG player_1: [1 1 1 1 0 0 0 0 1 0 0]
2025-07-02 13:50:23,337 DEBUG player_0: [1 0 0 0 0 0 0 0 0 0 0]
2025-07-02 13:50:23,337 DEBUG player_1: [1 1 1 1 0 0 0 0 1 0 0]
2025-07-02 13:50:23,453 DEBUG player_0: [1 1 1 1 0 0 0 0 1 0 0]
2025-07-02 13:50:23,453 DEBUG player_1: [1 1 1 1 0 0 0 0 1 0 0]
2025-07-02 13:50:23,564 DEBUG player_0: [1 0 0 0 0 0 0 0 0 0 0]
2025-07-02 13:50:23,565 DEBUG player_1: [1 1 1 1 0 0 0 0 1 0 0]
2025-07-02 13:50:23,678 DEBUG player_0: [1 1 1 1 0 0 0 0 1 0 0]
2025-07-02 13:50:23,678 DEBUG player_1: [1 1 1 1 0 0 0 0 1 0 0]
2025-07-02 13:50:23,792 DEBUG player_0: [1 0 0 0 0 0 0 0 0 0 0]
2025-07-02 13:50:23,792 DEBUG player_1: [1 1 1 1 0 0 0 0 1 0 0]
2025-07-02 13:50:23,907 DEBUG player_0: [1 1 1 1 0 0 0 0 1 0 0]
2025-07-02 13:50:23,907 DEBUG player_1: [1 1 1 1 0 0 0 0 1 0 0]
2025-07-02 13:50:24,021 DEBUG player_0: [1 0 0 0 0 0 0 0 0 0 0]
2025-07-02 13:50:24,022 DEBUG player_1: [1 1 1 1 0 0 0 0 1 0 0]
2025-07-02 13:50:24,136 DEBUG player_0: [1 1 1 1 0 0 0 0 1 0 0]
2025-07-02 13:50:24,136 DEBUG player_1: [1 1 1 1 0 0 0 0 1 0 0]
2025-07-02 13:50:24,251 DEBUG player_0: [1 0 0 0 0 0 0 0 0 0 0]
2025-07-02 13:50:24,252 DEBUG player_1: [1 1 1 1 0 0 0 0 1 0 0]
2025-07-02 13:50:24,368 DEBUG player_0: [1 1 1 1 0 0 0 0 1 0 0]
2025-07-02 13:50:24,369 DEBUG player_1: [1 1 1 1 0 0 0 0 1 0 0]
2025-07-02 13:50:24,482 DEBUG player_0: [1 0 0 0 0 0 0 0 0 0 0]
2025-07-02 13:50:24,483 DEBUG player_1: [1 1 1 1 0 0 0 0 1 0 0]
2025-07-02 13:50:24,604 DEBUG player_0: [1 1 1 1 0 0 0 0 1 0 0]
2025-07-02 13:50:24,605 DEBUG player_1: [1 1 1 1 0 0 0 0 1 0 0]
2025-07-02 13:50:24,724 DEBUG player_0: [1 0 0 0 0 0 0 0 0 0 0]
2025-07-02 13:50:24,725 DEBUG player_1: [1 1 1 1 0 0 0 0 1 0 0]
2025-07-02 13:50:24,841 DEBUG player_0: [1 1 1 1 0 0 0 0 1 0 0]
2025-07-02 13:50:24,842 DEBUG player_1: [1 1 1 1 0 0 0 0 1 0 0]
2025-07-02 13:50:24,951 DEBUG player_0: [1 0 0 0 0 0 0 0 0 0 0]
2025-07-02 13:50:24,952 DEBUG player_1: [1 1 1 1 0 0 0 0 1 0 0]
2025-07-02 13:50:25,065 DEBUG player_0: [1 1 1 1 0 0 0 0 1 0 0]
2025-07-02 13:50:25,066 DEBUG player_1: [1 1 1 1 0 0 0 0 1 0 0]
2025-07-02 13:50:25,179 DEBUG player_0: [1 0 0 0 0 0 0 0 0 0 0]
2025-07-02 13:50:25,179 DEBUG player_1: [1 1 1 1 0 0 0 0 1 0 0]
2025-07-02 13:50:25,290 DEBUG player_0: [1 1 1 1 0 0 0 0 1 0 0]
2025-07-02 13:50:25,290 DEBUG player_1: [1 1 1 1 0 0 0 0 1 0 0]
2025-07-02 13:50:25,405 DEBUG player_0: [1 0 0 0 0 0 0 0 0 0 0]
2025-07-02 13:50:25,406 DEBUG player_1: [1 1 1 1 0 0 0 0 1 0 0]
2025-07-02 13:50:25,520 DEBUG player_0: [1 1 1 1 0 0 0 0 1 0 0]
2025-07-02 13:50:25,521 DEBUG player_1: [1 1 1 1 0 0 0 0 1 0 0]
2025-07-02 13:50:26,043 DEBUG player_0: [0 0 0 0 0 0 0 0 1 0 0]
2025-07-02 13:50:26,043 DEBUG player_1: [0 0 0 0 0 0 0 0 1 0 0]
2025-07-02 13:50:26,155 DEBUG player_0: [1 0 0 0 0 0 0 0 0 0 0]
2025-07-02 13:50:26,156 DEBUG player_1: [1 1 1 1 0 0 0 0 0 0 0]
2025-07-02 13:50:26,271 DEBUG player_0: [1 1 1 1 0 0 0 0 1 0 0]
2025-07-02 13:50:26,271 DEBUG player_1: [1 1 1 1 0 0 0 0 0 0 0]
2025-07-02 13:50:26,383 DEBUG player_0: [1 0 0 0 0 0 0 0 0 0 0]
2025-07-02 13:50:26,383 DEBUG player_1: [1 1 1 1 0 0 0 0 0 0 0]
2025-07-02 13:50:26,496 DEBUG player_0: [1 1 1 1 0 0 0 0 1 0 0]
2025-07-02 13:50:26,497 DEBUG player_1: [1 1 1 1 0 0 0 0 0 0 0]
2025-07-02 13:50:26,610 DEBUG player_0: [1 0 0 0 0 0 0 0 0 0 0]
2025-07-02 13:50:26,610 DEBUG player_1: [1 1 1 1 0 0 0 0 0 0 0]
2025-07-02 13:50:26,725 DEBUG player_0: [0 1 1 1 0 0 0 0 1 0 0]
2025-07-02 13:50:26,726 DEBUG player_1: [1 1 1 1 0 0 0 0 0 0 0]
2025-07-02 13:50:26,839 DEBUG player_0: [1 1 1 1 0 0 0 0 1 0 0]
2025-07-02 13:50:26,839 DEBUG player_1: [1 1 1 1 0 0 0 0 0 0 0]
2025-07-02 13:50:26,959 DEBUG player_0: [1 1 1 1 0 0 0 0 1 0 0]
2025-07-02 13:50:26,959 DEBUG player_1: [1 1 1 1 0 0 0 0 0 0 0]
2025-07-02 13:50:27,075 DEBUG player_0: [1 1 1 1 0 0 0 0 1 0 0]
2025-07-02 13:50:27,076 DEBUG player_1: [1 1 1 1 0 0 0 0 0 0 0]
2025-07-02 13:50:27,192 DEBUG player_0: [1 1 1 1 0 0 0 0 1 0 0]
2025-07-02 13:50:27,193 DEBUG player_1: [1 1 1 1 0 0 0 0 0 0 0]
2025-07-02 13:50:27,308 DEBUG player_0: [1 1 1 1 0 0 0 0 1 0 0]
2025-07-02 13:50:27,309 DEBUG player_1: [1 1 1 1 0 0 0 0 0 0 0]
2025-07-02 13:50:27,423 DEBUG player_0: [1 1 1 1 0 0 0 0 1 0 0]
2025-07-02 13:50:27,423 DEBUG player_1: [1 1 1 1 0 0 0 0 0 0 0]
2025-07-02 13:50:27,540 DEBUG player_0: [1 1 1 1 0 0 0 0 1 0 0]
2025-07-02 13:50:27,540 DEBUG player_1: [1 1 1 1 0 0 0 0 0 0 0]
2025-07-02 13:50:27,655 DEBUG player_0: [1 1 1 1 0 0 0 0 1 0 0]
2025-07-02 13:50:27,655 DEBUG player_1: [1 1 1 1 0 0 0 0 0 0 0]
2025-07-02 13:50:27,766 DEBUG player_0: [1 1 1 1 0 0 0 0 1 0 0]
2025-07-02 13:50:27,767 DEBUG player_1: [1 1 1 1 0 0 0 0 0 0 0]
2025-07-02 13:50:27,885 DEBUG player_0: [1 1 1 1 0 0 0 0 1 0 0]
2025-07-02 13:50:27,886 DEBUG player_1: [1 1 1 1 0 0 0 0 0 0 0]
2025-07-02 13:50:28,000 DEBUG player_0: [1 1 1 1 0 0 0 0 1 0 0]
2025-07-02 13:50:28,000 DEBUG player_1: [1 1 1 0 0 0 0 0 0 0 0]
2025-07-02 13:50:28,036 DEBUG player_0: [1 1 1 1 1 1 1 1 1 1 0]
