2025-07-02 13:48:27,300 DEBUG player_0: [1 1 1 1 1 1 1 1 1 1 0]
2025-07-02 13:48:27,311 DEBUG player_0: [1 1 1 1 1 1 1 1 1 1 0]
2025-07-02 13:48:27,312 DEBUG player_1: [1 1 1 1 1 1 1 1 1 1 0]
2025-07-02 13:48:27,427 DEBUG player_0: [1 1 1 1 1 1 1 1 1 1 0]
2025-07-02 13:48:27,427 DEBUG player_1: [1 1 1 1 1 1 1 1 1 1 0]
2025-07-02 13:48:27,542 DEBUG player_0: [1 1 1 1 1 1 1 1 1 1 0]
2025-07-02 13:48:27,543 DEBUG player_1: [1 1 1 1 0 0 0 0 1 1 0]
2025-07-02 13:48:27,655 DEBUG player_0: [1 1 1 1 1 1 1 1 1 1 0]
2025-07-02 13:48:27,655 DEBUG player_1: [1 1 1 1 0 0 0 0 1 1 0]
2025-07-02 13:48:27,770 DEBUG player_0: [1 1 1 1 1 1 1 1 1 1 0]
2025-07-02 13:48:27,771 DEBUG player_1: [1 0 0 0 0 0 0 0 0 0 0]
2025-07-02 13:48:27,889 DEBUG player_0: [1 1 1 1 1 1 1 1 1 1 0]
2025-07-02 13:48:27,889 DEBUG player_1: [1 1 1 1 0 0 0 0 1 1 0]
2025-07-02 13:48:28,005 DEBUG player_0: [1 1 1 1 1 1 1 1 1 1 0]
2025-07-02 13:48:28,005 DEBUG player_1: [1 1 1 1 0 0 0 0 1 1 0]
2025-07-02 13:48:28,537 DEBUG player_0: [0 0 0 0 0 0 0 0 1 1 0]
2025-07-02 13:48:28,537 DEBUG player_1: [0 0 0 0 0 0 0 0 1 1 0]
2025-07-02 13:48:28,649 DEBUG player_0: [1 1 1 1 1 1 1 1 1 1 0]
2025-07-02 13:48:28,650 DEBUG player_1: [1 1 1 1 0 0 0 0 1 0 0]
2025-07-02 13:48:28,768 DEBUG player_0: [1 1 1 1 1 1 1 1 1 1 0]
2025-07-02 13:48:28,769 DEBUG player_1: [1 1 1 1 0 0 0 0 1 0 0]
2025-07-02 13:48:28,888 DEBUG player_0: [1 1 1 1 1 1 1 1 1 1 0]
2025-07-02 13:48:28,889 DEBUG player_1: [1 1 1 1 0 0 0 0 1 0 0]
2025-07-02 13:48:29,004 DEBUG player_0: [1 1 1 1 1 1 1 1 1 1 0]
2025-07-02 13:48:29,004 DEBUG player_1: [1 1 1 1 0 0 0 0 1 0 0]
2025-07-02 13:48:29,123 DEBUG player_0: [1 1 1 1 0 0 0 0 1 1 0]
2025-07-02 13:48:29,124 DEBUG player_1: [1 1 1 1 0 0 0 0 1 0 0]
2025-07-02 13:48:29,654 DEBUG player_0: [0 0 0 0 0 0 0 0 1 1 0]
2025-07-02 13:48:29,655 DEBUG player_1: [0 0 0 0 0 0 0 0 1 0 0]
2025-07-02 13:48:29,768 DEBUG player_0: [1 1 1 1 0 0 0 0 1 1 0]
2025-07-02 13:48:29,768 DEBUG player_1: [1 1 1 1 0 0 0 0 1 0 0]
2025-07-02 13:48:29,884 DEBUG player_0: [1 1 1 1 0 0 0 0 1 1 0]
2025-07-02 13:48:29,885 DEBUG player_1: [1 1 1 1 0 0 0 0 1 0 0]
2025-07-02 13:48:29,999 DEBUG player_0: [1 1 1 1 0 0 0 0 1 1 0]
2025-07-02 13:48:29,999 DEBUG player_1: [1 1 1 1 0 0 0 0 1 0 0]
2025-07-02 13:48:30,121 DEBUG player_0: [1 1 1 1 0 0 0 0 1 1 0]
2025-07-02 13:48:30,122 DEBUG player_1: [1 1 1 1 0 0 0 0 1 0 0]
2025-07-02 13:48:30,240 DEBUG player_0: [1 1 1 1 0 0 0 0 1 1 0]
2025-07-02 13:48:30,240 DEBUG player_1: [1 1 1 1 0 0 0 0 1 0 0]
2025-07-02 13:48:30,355 DEBUG player_0: [1 1 1 1 0 0 0 0 1 1 0]
2025-07-02 13:48:30,355 DEBUG player_1: [1 1 1 1 0 0 0 0 1 0 0]
2025-07-02 13:48:30,471 DEBUG player_0: [1 1 1 1 0 0 0 0 1 1 0]
2025-07-02 13:48:30,471 DEBUG player_1: [1 1 1 1 0 0 0 0 1 0 0]
2025-07-02 13:48:30,585 DEBUG player_0: [1 1 1 1 0 0 0 0 1 1 0]
2025-07-02 13:48:30,586 DEBUG player_1: [1 1 1 1 0 0 0 0 1 0 0]
2025-07-02 13:48:30,700 DEBUG player_0: [1 1 1 1 0 0 0 0 1 1 0]
2025-07-02 13:48:30,701 DEBUG player_1: [1 1 1 1 0 0 0 0 1 0 0]
2025-07-02 13:48:30,815 DEBUG player_0: [1 0 1 1 0 0 0 0 1 1 0]
2025-07-02 13:48:30,816 DEBUG player_1: [1 1 1 1 0 0 0 0 1 0 0]
2025-07-02 13:48:31,342 DEBUG player_0: [0 0 0 0 0 0 0 0 1 1 0]
2025-07-02 13:48:31,342 DEBUG player_1: [0 0 0 0 0 0 0 0 1 0 0]
2025-07-02 13:48:31,459 DEBUG player_0: [1 1 1 1 0 0 0 0 1 0 0]
2025-07-02 13:48:31,460 DEBUG player_1: [1 1 1 1 0 0 0 0 1 0 0]
2025-07-02 13:48:31,587 DEBUG player_0: [1 1 1 1 0 0 0 0 1 0 0]
2025-07-02 13:48:31,589 DEBUG player_1: [1 1 1 1 0 0 0 0 1 0 0]
2025-07-02 13:48:31,702 DEBUG player_0: [1 1 1 1 0 0 0 0 1 0 0]
2025-07-02 13:48:31,703 DEBUG player_1: [1 1 1 1 0 0 0 0 1 0 0]
2025-07-02 13:48:31,821 DEBUG player_0: [1 1 1 1 0 0 0 0 1 0 0]
2025-07-02 13:48:31,821 DEBUG player_1: [1 1 1 1 0 0 0 0 1 0 0]
2025-07-02 13:48:32,352 DEBUG player_0: [0 0 0 0 0 0 0 0 1 0 0]
2025-07-02 13:48:32,353 DEBUG player_1: [0 0 0 0 0 0 0 0 1 0 0]
2025-07-02 13:48:32,463 DEBUG player_0: [1 1 1 1 0 0 0 0 1 0 0]
2025-07-02 13:48:32,463 DEBUG player_1: [1 1 1 1 0 0 0 0 1 0 0]
2025-07-02 13:48:32,577 DEBUG player_0: [1 1 1 1 0 0 0 0 1 0 0]
2025-07-02 13:48:32,578 DEBUG player_1: [1 1 1 1 0 0 0 0 1 0 0]
2025-07-02 13:48:32,689 DEBUG player_0: [1 1 1 1 0 0 0 0 1 0 0]
2025-07-02 13:48:32,690 DEBUG player_1: [1 1 1 1 0 0 0 0 1 0 0]
2025-07-02 13:48:32,804 DEBUG player_0: [1 1 1 1 0 0 0 0 1 0 0]
2025-07-02 13:48:32,805 DEBUG player_1: [1 1 1 1 0 0 0 0 1 0 0]
2025-07-02 13:48:32,917 DEBUG player_0: [1 1 1 1 0 0 0 0 1 0 0]
2025-07-02 13:48:32,917 DEBUG player_1: [1 1 1 1 0 0 0 0 1 0 0]
2025-07-02 13:48:33,032 DEBUG player_0: [1 1 1 1 0 0 0 0 1 0 0]
2025-07-02 13:48:33,033 DEBUG player_1: [1 1 1 1 0 0 0 0 1 0 0]
2025-07-02 13:48:33,173 DEBUG player_0: [1 1 1 1 0 0 0 0 1 0 0]
2025-07-02 13:48:33,173 DEBUG player_1: [1 1 1 1 0 0 0 0 1 0 0]
2025-07-02 13:48:33,286 DEBUG player_0: [1 1 1 1 0 0 0 0 1 0 0]
2025-07-02 13:48:33,286 DEBUG player_1: [1 0 1 1 0 0 0 0 1 0 0]
2025-07-02 13:48:33,397 DEBUG player_0: [1 1 1 1 0 0 0 0 1 0 0]
2025-07-02 13:48:33,398 DEBUG player_1: [1 0 1 1 0 0 0 0 1 0 0]
2025-07-02 13:48:33,923 DEBUG player_0: [0 0 0 0 0 0 0 0 1 0 0]
2025-07-02 13:48:33,923 DEBUG player_1: [0 0 0 0 0 0 0 0 1 0 0]
2025-07-02 13:48:34,033 DEBUG player_0: [1 1 1 1 0 0 0 0 1 0 0]
2025-07-02 13:48:34,034 DEBUG player_1: [1 1 1 1 0 0 0 0 0 0 0]
2025-07-02 13:48:34,144 DEBUG player_0: [1 1 1 1 0 0 0 0 1 0 0]
2025-07-02 13:48:34,144 DEBUG player_1: [1 1 1 1 0 0 0 0 0 0 0]
2025-07-02 13:48:34,267 DEBUG player_0: [1 0 1 1 0 0 0 0 1 0 0]
2025-07-02 13:48:34,267 DEBUG player_1: [1 1 1 1 0 0 0 0 0 0 0]
2025-07-02 13:48:34,380 DEBUG player_0: [1 0 1 1 0 0 0 0 1 0 0]
2025-07-02 13:48:34,380 DEBUG player_1: [1 1 1 1 0 0 0 0 0 0 0]
2025-07-02 13:48:34,492 DEBUG player_0: [1 0 1 1 0 0 0 0 1 0 0]
2025-07-02 13:48:34,492 DEBUG player_1: [1 1 1 1 0 0 0 0 0 0 0]
2025-07-02 13:48:35,016 DEBUG player_0: [0 0 0 0 0 0 0 0 1 0 0]
2025-07-02 13:48:35,016 DEBUG player_1: [0 0 0 0 0 0 0 0 0 0 0]
2025-07-02 13:48:35,129 DEBUG player_0: [1 1 1 1 0 0 0 0 0 0 0]
2025-07-02 13:48:35,129 DEBUG player_1: [1 1 1 1 0 0 0 0 0 0 0]
2025-07-02 13:48:35,246 DEBUG player_0: [1 1 1 1 0 0 0 0 0 0 0]
2025-07-02 13:48:35,246 DEBUG player_1: [1 1 1 1 0 0 0 0 0 0 0]
2025-07-02 13:48:35,362 DEBUG player_0: [1 1 1 1 0 0 0 0 0 0 0]
2025-07-02 13:48:35,363 DEBUG player_1: [1 1 1 1 0 0 0 0 0 0 0]
2025-07-02 13:48:35,478 DEBUG player_0: [1 1 1 1 0 0 0 0 0 0 0]
2025-07-02 13:48:35,479 DEBUG player_1: [1 1 1 1 0 0 0 0 0 0 0]
2025-07-02 13:48:35,598 DEBUG player_0: [1 1 1 1 0 0 0 0 0 0 0]
2025-07-02 13:48:35,598 DEBUG player_1: [1 1 1 1 0 0 0 0 0 0 0]
2025-07-02 13:48:35,716 DEBUG player_0: [1 1 1 1 0 0 0 0 0 0 0]
2025-07-02 13:48:35,717 DEBUG player_1: [1 1 1 1 0 0 0 0 0 0 0]
2025-07-02 13:48:35,831 DEBUG player_0: [1 1 1 1 0 0 0 0 0 0 0]
2025-07-02 13:48:35,831 DEBUG player_1: [1 1 1 1 0 0 0 0 0 0 0]
2025-07-02 13:48:35,945 DEBUG player_0: [1 1 1 1 0 0 0 0 0 0 0]
2025-07-02 13:48:35,945 DEBUG player_1: [1 1 1 1 0 0 0 0 0 0 0]
2025-07-02 13:48:36,059 DEBUG player_0: [1 1 1 1 0 0 0 0 0 0 0]
2025-07-02 13:48:36,060 DEBUG player_1: [1 1 1 1 0 0 0 0 0 0 0]
2025-07-02 13:48:36,173 DEBUG player_0: [1 1 1 1 0 0 0 0 0 0 0]
2025-07-02 13:48:36,173 DEBUG player_1: [1 1 1 1 0 0 0 0 0 0 0]
2025-07-02 13:48:36,287 DEBUG player_0: [1 1 1 1 0 0 0 0 0 0 0]
2025-07-02 13:48:36,287 DEBUG player_1: [1 1 1 1 0 0 0 0 0 0 0]
2025-07-02 13:48:36,400 DEBUG player_0: [1 1 1 1 0 0 0 0 0 0 0]
2025-07-02 13:48:36,401 DEBUG player_1: [1 1 1 1 0 0 0 0 0 0 0]
2025-07-02 13:48:36,514 DEBUG player_0: [1 1 1 1 0 0 0 0 0 0 0]
2025-07-02 13:48:36,515 DEBUG player_1: [1 1 1 1 0 0 0 0 0 0 0]
2025-07-02 13:48:36,628 DEBUG player_0: [1 1 1 1 0 0 0 0 0 0 0]
2025-07-02 13:48:36,629 DEBUG player_1: [1 1 1 1 0 0 0 0 0 0 0]
2025-07-02 13:48:36,675 DEBUG player_0: [1 1 1 1 1 1 1 1 1 1 0]
