2025-06-23 17:15:41,142 INFO Run parameters: {'config': 'C:\\Users\\こう\\Documents\\GitHub\\Maple\\Maple\\config\\train_config.yml', 'episodes': 20, 'save': 'model2.pt', 'tensorboard': False, 'ppo_epochs': 4, 'clip': None, 'gae_lambda': None, 'value_coef': None, 'entropy_coef': None, 'gamma': None, 'parallel': 2}
2025-06-23 17:15:46,272 INFO Episode 1 epoch 1 loss -0.4842
2025-06-23 17:15:46,272 INFO Episode 1 reward 2.00 time/episode: 3.901
2025-06-23 17:15:48,127 INFO Episode 2 epoch 1 loss -0.5346
2025-06-23 17:15:48,128 INFO Episode 2 reward 2.00 time/episode: 1.856
2025-06-23 17:15:49,981 INFO Episode 3 epoch 1 loss 0.1418
2025-06-23 17:15:49,982 INFO Episode 3 reward 0.00 time/episode: 1.853
2025-06-23 17:15:51,351 INFO Episode 4 epoch 1 loss -0.0828
2025-06-23 17:15:51,352 INFO Episode 4 reward 0.00 time/episode: 1.370
2025-06-23 17:15:52,430 INFO Episode 5 epoch 1 loss -0.6768
2025-06-23 17:15:52,430 INFO Episode 5 reward 2.00 time/episode: 1.079
2025-06-23 17:15:54,312 INFO Episode 6 epoch 1 loss -0.0912
2025-06-23 17:15:54,312 INFO Episode 6 reward 0.00 time/episode: 1.882
2025-06-23 17:15:55,756 INFO Episode 7 epoch 1 loss -0.0989
2025-06-23 17:15:55,756 INFO Episode 7 reward 0.00 time/episode: 1.444
2025-06-23 17:15:57,575 INFO Episode 8 epoch 1 loss 0.8478
2025-06-23 17:15:57,575 INFO Episode 8 reward -2.00 time/episode: 1.819
2025-06-23 17:15:59,474 INFO Episode 9 epoch 1 loss 0.2978
2025-06-23 17:15:59,475 INFO Episode 9 reward 0.00 time/episode: 1.899
2025-06-23 17:16:00,808 INFO Episode 10 epoch 1 loss 0.8587
2025-06-23 17:16:00,808 INFO Episode 10 reward -2.00 time/episode: 1.333
2025-06-23 17:16:02,715 INFO Episode 11 epoch 1 loss -0.7736
2025-06-23 17:16:02,716 INFO Episode 11 reward 2.00 time/episode: 1.908
2025-06-23 17:16:04,610 INFO Episode 12 epoch 1 loss 0.8916
2025-06-23 17:16:04,610 INFO Episode 12 reward -2.00 time/episode: 1.895
2025-06-23 17:16:06,524 INFO Episode 13 epoch 1 loss 0.8606
2025-06-23 17:16:06,525 INFO Episode 13 reward -2.00 time/episode: 1.914
2025-06-23 17:16:08,323 INFO Episode 14 epoch 1 loss -0.7061
2025-06-23 17:16:08,324 INFO Episode 14 reward 2.00 time/episode: 1.799
2025-06-23 17:16:09,971 INFO Episode 15 epoch 1 loss -0.8134
2025-06-23 17:16:09,971 INFO Episode 15 reward 2.00 time/episode: 1.648
2025-06-23 17:16:12,335 INFO Episode 16 epoch 1 loss 0.5749
2025-06-23 17:16:12,335 INFO Episode 16 reward -2.00 time/episode: 2.364
2025-06-23 17:16:14,092 INFO Episode 17 epoch 1 loss -0.0727
2025-06-23 17:16:14,092 INFO Episode 17 reward 0.00 time/episode: 1.756
2025-06-23 17:16:15,832 INFO Episode 18 epoch 1 loss 0.7977
2025-06-23 17:16:15,833 INFO Episode 18 reward -2.00 time/episode: 1.741
2025-06-23 17:16:16,907 INFO Episode 19 epoch 1 loss 0.3342
2025-06-23 17:16:16,908 INFO Episode 19 reward 0.00 time/episode: 1.074
2025-06-23 17:16:18,002 INFO Episode 20 epoch 1 loss 0.1165
2025-06-23 17:16:18,003 INFO Episode 20 reward 0.00 time/episode: 1.095
2025-06-23 17:16:18,003 INFO Initial probs: [0.151 0.076 0.084 0.049 0.196 0.035 0.178 0.068 0.119 0.043]
2025-06-23 17:16:18,004 INFO Updated probs: [0.709 0.077 0.025 0.016 0.005 0.002 0.007 0.004 0.124 0.032]
2025-06-23 17:16:18,004 INFO Prob change: [ 0.558  0.001 -0.059 -0.034 -0.192 -0.033 -0.171 -0.064  0.004 -0.012]
2025-06-23 17:16:18,017 INFO Model saved to model2.pt
