2025-07-08 11:15:24,040 INFO Run parameters: {'log_level': 'INFO', 'config': '/Users/takagikouichi/Documents/GitHub/Maple/config/train_config.yml', 'episodes': 2, 'save': None, 'tensorboard': False, 'ppo_epochs': None, 'clip': None, 'gae_lambda': None, 'value_coef': None, 'entropy_coef': None, 'gamma': None, 'parallel': 1, 'algo': 'ppo', 'checkpoint_interval': 0, 'checkpoint_dir': 'checkpoints', 'reward': 'composite', 'reward_config': '/Users/takagikouichi/Documents/GitHub/Maple/config/reward.yaml', 'opponent': None, 'opponent_mix': None, 'team': 'default', 'teams_dir': None, 'load_model': None}
2025-07-08 11:15:24,040 INFO Using default team mode
2025-07-08 11:15:24,041 INFO Using self-play mode
2025-07-08 11:15:24,760 INFO Selecting team for player_0...
2025-07-08 11:15:24,761 INFO Selecting team for player_1...
2025-07-08 11:15:24,993 DEBUG player_0: [1 1 1 1 1 1 1 1 1 1 0]
2025-07-08 11:15:24,993 DEBUG player_0: [1 1 1 1 1 1 1 1 1 1 0]
2025-07-08 11:15:24,994 DEBUG player_1: [1 1 1 1 1 1 1 1 1 1 0]
2025-07-08 11:15:25,108 DEBUG player_0: [1 1 1 1 1 1 1 1 1 1 0]
2025-07-08 11:15:25,109 DEBUG player_1: [1 1 1 1 1 1 1 1 1 1 0]
2025-07-08 11:15:25,222 DEBUG player_0: [1 1 1 1 1 1 1 1 1 1 0]
2025-07-08 11:15:25,223 DEBUG player_1: [1 1 1 1 1 1 1 1 1 1 0]
2025-07-08 11:15:25,339 DEBUG player_0: [1 1 1 1 1 1 1 1 1 1 0]
2025-07-08 11:15:25,339 DEBUG player_1: [1 1 1 1 1 1 1 1 1 1 0]
2025-07-08 11:15:25,452 DEBUG player_0: [1 1 1 1 1 1 1 1 1 1 0]
2025-07-08 11:15:25,452 DEBUG player_1: [1 1 1 1 1 1 1 1 1 1 0]
2025-07-08 11:15:25,562 DEBUG player_0: [1 1 1 1 1 1 1 1 1 1 0]
2025-07-08 11:15:25,562 DEBUG player_1: [1 1 1 1 1 1 1 1 1 1 0]
2025-07-08 11:15:25,675 DEBUG player_0: [1 1 1 1 1 1 1 1 1 1 0]
2025-07-08 11:15:25,676 DEBUG player_1: [1 1 1 1 1 1 1 1 1 1 0]
2025-07-08 11:15:26,201 DEBUG player_0: [0 0 0 0 0 0 0 0 1 1 0]
2025-07-08 11:15:26,202 DEBUG player_1: [0 0 0 0 0 0 0 0 1 1 0]
2025-07-08 11:15:26,315 DEBUG player_0: [1 1 1 1 1 1 1 1 1 1 0]
2025-07-08 11:15:26,316 DEBUG player_1: [1 1 1 1 1 1 1 1 1 0 0]
2025-07-08 11:15:26,428 DEBUG player_0: [1 1 1 1 1 1 1 1 1 1 0]
2025-07-08 11:15:26,429 DEBUG player_1: [1 1 1 1 1 1 1 1 1 0 0]
2025-07-08 11:15:26,542 DEBUG player_0: [1 1 1 1 1 1 1 1 1 1 0]
2025-07-08 11:15:26,542 DEBUG player_1: [1 1 1 1 1 1 1 1 1 0 0]
2025-07-08 11:15:26,657 DEBUG player_0: [1 1 1 1 1 1 1 1 1 1 0]
2025-07-08 11:15:26,657 DEBUG player_1: [1 1 1 1 1 1 1 1 1 0 0]
2025-07-08 11:15:26,767 DEBUG player_0: [1 1 1 1 1 1 1 1 1 1 0]
2025-07-08 11:15:26,768 DEBUG player_1: [1 1 1 1 1 1 1 1 1 0 0]
2025-07-08 11:15:26,775 DEBUG player_0: [0 0 0 0 0 0 0 0 1 1 0]
2025-07-08 11:15:26,775 DEBUG player_1: [0 0 0 0 0 0 0 0 1 0 0]
2025-07-08 11:15:26,891 DEBUG player_0: [1 1 1 1 1 1 1 1 1 0 0]
2025-07-08 11:15:26,891 DEBUG player_1: [1 1 1 1 1 1 1 1 0 0 0]
2025-07-08 11:15:27,003 DEBUG player_0: [1 1 1 1 1 1 1 1 1 0 0]
2025-07-08 11:15:27,003 DEBUG player_1: [1 1 1 1 1 1 1 1 0 0 0]
2025-07-08 11:15:27,118 DEBUG player_0: [1 1 1 1 1 1 1 1 1 0 0]
2025-07-08 11:15:27,119 DEBUG player_1: [1 1 1 1 1 1 1 1 0 0 0]
2025-07-08 11:15:27,230 DEBUG player_0: [1 1 1 1 1 1 1 1 1 0 0]
2025-07-08 11:15:27,230 DEBUG player_1: [1 1 1 1 1 1 1 1 0 0 0]
2025-07-08 11:15:27,756 DEBUG player_0: [0 0 0 0 0 0 0 0 1 0 0]
2025-07-08 11:15:27,757 DEBUG player_1: [0 0 0 0 0 0 0 0 0 0 0]
2025-07-08 11:15:27,869 DEBUG player_0: [1 1 1 1 1 1 1 1 0 0 0]
2025-07-08 11:15:27,870 DEBUG player_1: [1 1 1 1 1 1 1 1 0 0 0]
2025-07-08 11:15:27,986 DEBUG player_0: [0 0 1 0 0 0 0 0 0 0 0]
2025-07-08 11:15:27,986 DEBUG player_1: [1 1 1 1 1 1 1 1 0 0 0]
2025-07-08 11:15:28,061 INFO Episode 1 epoch 1 loss 26.8545
2025-07-08 11:15:28,062 INFO Episode 1 epoch 2 loss 27.7299
2025-07-08 11:15:28,063 INFO Episode 1 epoch 3 loss 27.7299
2025-07-08 11:15:28,064 INFO Episode 1 epoch 4 loss 27.7299
2025-07-08 11:15:28,064 INFO Episode 1 reward 16.83 time/episode: 3.355 opponents: self
2025-07-08 11:15:28,064 INFO Episode 1 reward breakdown: fail_immune: 0.000, knockout: 2.000, pokemon_count: 5.000, switch_penalty: 0.000, turn_penalty: -0.170, win_loss: 10.000
2025-07-08 11:15:28,115 INFO Selecting team for player_0...
2025-07-08 11:15:28,115 INFO Selecting team for player_1...
2025-07-08 11:15:28,340 DEBUG player_0: [1 1 1 1 1 1 1 1 1 1 0]
2025-07-08 11:15:28,340 DEBUG player_1: [1 1 1 1 1 1 1 1 1 1 0]
2025-07-08 11:15:28,461 DEBUG player_0: [1 1 1 1 1 1 1 1 1 1 0]
2025-07-08 11:15:28,462 DEBUG player_1: [1 1 1 1 1 1 1 1 1 1 0]
2025-07-08 11:15:28,571 DEBUG player_0: [1 1 1 1 1 1 1 1 1 1 0]
2025-07-08 11:15:28,571 DEBUG player_1: [1 1 1 1 1 1 1 1 1 1 0]
2025-07-08 11:15:28,687 DEBUG player_0: [1 1 1 1 1 1 1 1 1 1 0]
2025-07-08 11:15:28,688 DEBUG player_1: [1 1 1 1 1 1 1 1 1 1 0]
2025-07-08 11:15:28,800 DEBUG player_0: [1 1 1 1 1 1 1 1 1 1 0]
2025-07-08 11:15:28,801 DEBUG player_1: [1 1 1 1 1 1 1 1 1 1 0]
2025-07-08 11:15:29,325 DEBUG player_0: [0 0 0 0 0 0 0 0 1 1 0]
2025-07-08 11:15:29,326 DEBUG player_1: [0 0 0 0 0 0 0 0 1 1 0]
2025-07-08 11:15:29,440 DEBUG player_0: [1 1 1 1 1 1 1 1 1 1 0]
2025-07-08 11:15:29,441 DEBUG player_1: [1 1 1 1 1 1 1 1 1 0 0]
2025-07-08 11:15:29,557 DEBUG player_0: [1 1 1 1 1 1 1 1 1 1 0]
2025-07-08 11:15:29,557 DEBUG player_1: [0 0 1 0 0 0 0 0 0 0 0]
2025-07-08 11:15:29,668 DEBUG player_0: [1 1 1 1 1 1 1 1 1 1 0]
2025-07-08 11:15:29,668 DEBUG player_1: [0 0 1 0 0 0 1 0 1 0 0]
2025-07-08 11:15:29,779 DEBUG player_0: [1 1 1 1 1 1 1 1 1 1 0]
2025-07-08 11:15:29,779 DEBUG player_1: [0 0 1 0 0 0 0 0 0 0 0]
2025-07-08 11:15:29,892 DEBUG player_0: [1 1 1 1 1 1 1 1 1 1 0]
2025-07-08 11:15:29,892 DEBUG player_1: [0 0 1 0 0 0 1 0 1 0 0]
2025-07-08 11:15:30,004 DEBUG player_0: [1 1 1 1 1 1 1 1 1 1 0]
2025-07-08 11:15:30,005 DEBUG player_1: [0 0 1 0 0 0 0 0 0 0 0]
2025-07-08 11:15:30,528 DEBUG player_0: [0 0 0 0 0 0 0 0 1 1 0]
2025-07-08 11:15:30,528 DEBUG player_1: [0 0 0 0 0 0 0 0 1 0 0]
2025-07-08 11:15:30,640 DEBUG player_0: [1 1 1 1 1 1 1 1 1 0 0]
2025-07-08 11:15:30,640 DEBUG player_1: [0 0 1 0 0 0 1 0 1 0 0]
2025-07-08 11:15:30,752 DEBUG player_0: [1 1 1 1 1 1 1 1 1 0 0]
2025-07-08 11:15:30,753 DEBUG player_1: [0 0 1 0 0 0 0 0 0 0 0]
2025-07-08 11:15:30,865 DEBUG player_0: [1 1 1 1 1 1 1 1 1 0 0]
2025-07-08 11:15:30,866 DEBUG player_1: [0 0 1 0 0 0 1 0 1 0 0]
2025-07-08 11:15:30,978 DEBUG player_0: [1 1 1 1 1 1 1 1 1 0 0]
2025-07-08 11:15:30,979 DEBUG player_1: [0 0 1 0 0 0 0 0 0 0 0]
2025-07-08 11:15:31,506 DEBUG player_0: [0 0 0 0 0 0 0 0 1 0 0]
2025-07-08 11:15:31,506 DEBUG player_1: [0 0 0 0 0 0 0 0 1 0 0]
2025-07-08 11:15:31,618 DEBUG player_0: [1 1 1 1 1 1 1 1 1 0 0]
2025-07-08 11:15:31,618 DEBUG player_1: [1 1 1 1 1 1 1 1 0 0 0]
2025-07-08 11:15:31,731 DEBUG player_0: [1 1 1 1 1 1 1 1 1 0 0]
2025-07-08 11:15:31,732 DEBUG player_1: [1 1 1 1 1 1 1 1 0 0 0]
2025-07-08 11:15:31,849 DEBUG player_0: [1 1 1 1 1 1 1 1 1 0 0]
2025-07-08 11:15:31,849 DEBUG player_1: [1 1 1 1 1 1 1 1 0 0 0]
2025-07-08 11:15:31,962 DEBUG player_0: [1 1 1 1 1 1 1 1 1 0 0]
2025-07-08 11:15:31,962 DEBUG player_1: [1 1 1 1 1 1 1 1 0 0 0]
2025-07-08 11:15:32,029 INFO Episode 2 epoch 1 loss 24.8075
2025-07-08 11:15:32,030 INFO Episode 2 epoch 2 loss 24.8075
2025-07-08 11:15:32,031 INFO Episode 2 epoch 3 loss 24.8075
2025-07-08 11:15:32,032 INFO Episode 2 epoch 4 loss 24.8075
2025-07-08 11:15:32,033 INFO Episode 2 reward 16.76 time/episode: 3.969 opponents: self
2025-07-08 11:15:32,033 INFO Episode 2 reward breakdown: fail_immune: -0.060, knockout: 2.000, pokemon_count: 5.000, switch_penalty: 0.000, turn_penalty: -0.180, win_loss: 10.000
2025-07-08 11:15:32,033 INFO Opponent usage statistics:
2025-07-08 11:15:32,033 INFO   self: 2 episodes (100.0%)
2025-07-08 11:15:32,084 DEBUG player_0: [1 1 1 1 1 1 1 1 1 1 0]
2025-07-08 11:15:32,085 INFO Initial probs: [4.771e-03 7.678e-06 6.127e-01 3.780e-01 1.228e-03 2.751e-05 7.360e-06
 1.054e-03 2.018e-03 1.570e-04 0.000e+00]
2025-07-08 11:15:32,085 INFO Updated probs: [2.258e-18 2.261e-19 1.000e+00 3.577e-24 6.326e-19 4.819e-17 2.983e-19
 1.125e-16 2.290e-17 3.922e-17 0.000e+00]
2025-07-08 11:15:32,085 INFO Prob change: [-4.771e-03 -7.678e-06  3.873e-01 -3.780e-01 -1.228e-03 -2.751e-05
 -7.360e-06 -1.054e-03 -2.018e-03 -1.570e-04  0.000e+00]
