2025-07-03 16:22:41,418 DEBUG player_0: [1 1 1 1 1 1 1 1 1 1 0]
2025-07-03 16:22:41,433 DEBUG player_1: [1 1 1 1 1 1 1 1 1 1 0]
2025-07-03 16:22:41,458 DEBUG player_0: [1 1 1 1 1 1 1 1 1 1 0]
2025-07-03 16:22:41,463 DEBUG player_0: [1 1 1 1 1 1 1 1 1 1 0]
2025-07-03 16:22:41,464 DEBUG player_0: [1 1 1 1 1 1 1 1 1 1 0]
2025-07-03 16:22:41,464 DEBUG player_1: [1 1 1 1 1 1 1 1 1 1 0]
2025-07-03 16:22:41,469 DEBUG player_0: [1 1 1 1 1 1 1 1 1 1 0]
2025-07-03 16:22:41,474 DEBUG player_0: [1 1 1 1 1 1 1 1 1 1 0]
2025-07-03 16:22:41,479 DEBUG player_0: [1 1 1 1 1 1 1 1 1 1 0]
2025-07-03 16:22:41,484 DEBUG player_0: [1 1 1 1 1 1 1 1 1 1 0]
2025-07-03 16:22:41,489 DEBUG player_0: [1 1 1 1 1 1 1 1 1 1 0]
2025-07-03 16:22:41,489 DEBUG player_1: [1 1 1 1 1 1 1 1 1 1 0]
2025-07-03 16:22:41,491 DEBUG player_1: [1 1 1 1 1 1 1 1 1 1 0]
2025-07-03 16:22:41,491 DEBUG player_1: [1 1 1 1 1 1 1 1 1 1 0]
2025-07-03 16:22:41,492 DEBUG player_1: [1 1 1 1 1 1 1 1 1 1 0]
2025-07-03 16:22:41,493 DEBUG player_1: [1 1 1 1 1 1 1 1 1 1 0]
2025-07-03 16:22:41,493 DEBUG player_1: [1 1 1 1 1 1 1 1 1 1 0]
2025-07-03 16:22:41,604 DEBUG player_0: [1 1 1 1 0 0 0 0 1 1 0]
2025-07-03 16:22:41,604 DEBUG player_1: [1 1 1 1 0 0 0 0 1 1 0]
2025-07-03 16:22:41,719 DEBUG player_0: [1 1 1 1 0 0 0 0 1 1 0]
2025-07-03 16:22:41,719 DEBUG player_1: [1 1 1 1 0 0 0 0 1 1 0]
