2025-07-04 12:29:41,308 INFO Run parameters: {'log_level': 'INFO', 'config': '/Users/takagikouichi/Documents/GitHub/Maple/config/train_config.yml', 'episodes': 2, 'save': None, 'tensorboard': False, 'ppo_epochs': None, 'clip': None, 'gae_lambda': None, 'value_coef': None, 'entropy_coef': None, 'gamma': None, 'parallel': 1, 'algo': 'ppo', 'checkpoint_interval': 0, 'checkpoint_dir': 'checkpoints', 'reward': 'composite', 'reward_config': '/Users/takagikouichi/Documents/GitHub/Maple/config/reward.yaml', 'opponent': None, 'opponent_mix': 'random:0.5,max:0.5'}
2025-07-04 12:29:41,309 INFO Using opponent mix: [('random', 0.5), ('max', 0.5)]
2025-07-04 12:29:42,615 DEBUG player_0: [1 1 1 1 1 1 1 1 1 1 0]
2025-07-04 12:29:42,629 DEBUG player_0: [1 1 1 1 1 1 1 1 1 1 0]
2025-07-04 12:29:42,742 DEBUG player_0: [1 0 1 0 1 0 1 0 1 1 0]
2025-07-04 12:29:42,861 DEBUG player_0: [1 0 1 0 0 0 0 0 1 1 0]
2025-07-04 12:29:43,385 DEBUG player_0: [0 0 0 0 0 0 0 0 1 1 0]
2025-07-04 12:29:43,498 DEBUG player_0: [1 0 1 0 0 0 0 0 1 1 0]
2025-07-04 12:29:43,611 DEBUG player_0: [1 1 1 1 0 0 0 0 1 1 0]
2025-07-04 12:29:43,724 DEBUG player_0: [1 1 1 1 0 0 0 0 1 1 0]
2025-07-04 12:29:44,251 DEBUG player_0: [0 0 0 0 0 0 0 0 1 1 0]
2025-07-04 12:29:44,369 DEBUG player_0: [1 1 1 1 0 0 0 0 1 0 0]
2025-07-04 12:29:44,483 DEBUG player_0: [1 1 1 1 0 0 0 0 1 0 0]
2025-07-04 12:29:44,595 DEBUG player_0: [1 1 1 1 0 0 0 0 1 0 0]
2025-07-04 12:29:44,706 DEBUG player_0: [1 1 1 1 0 0 0 0 1 0 0]
2025-07-04 12:29:44,819 DEBUG player_0: [1 1 1 1 0 0 0 0 1 0 0]
2025-07-04 12:29:45,346 DEBUG player_0: [0 0 0 0 0 0 0 0 1 0 0]
2025-07-04 12:29:45,463 DEBUG player_0: [1 1 1 1 0 0 0 0 1 0 0]
2025-07-04 12:29:45,582 DEBUG player_0: [1 1 1 1 0 0 0 0 1 0 0]
2025-07-04 12:29:45,696 DEBUG player_0: [1 1 1 1 0 0 0 0 1 0 0]
2025-07-04 12:29:45,812 DEBUG player_0: [1 1 1 1 0 0 0 0 1 0 0]
2025-07-04 12:29:46,337 DEBUG player_0: [0 0 0 0 0 0 0 0 1 0 0]
2025-07-04 12:29:46,449 DEBUG player_0: [1 1 1 1 0 0 0 0 0 0 0]
2025-07-04 12:29:46,982 DEBUG player_0: [0 0 0 0 0 0 0 0 0 0 0]
2025-07-04 12:29:47,094 DEBUG player_0: [0 1 0 0 0 0 0 0 0 0 0]
2025-07-04 12:29:47,228 DEBUG player_0: [0 1 0 0 0 0 0 0 0 0 0]
2025-07-04 12:29:47,340 DEBUG player_0: [0 1 0 0 0 0 0 0 0 0 0]
2025-07-04 12:29:47,451 DEBUG player_0: [0 1 0 0 0 0 0 0 0 0 0]
2025-07-04 12:29:47,563 DEBUG player_0: [0 1 0 0 0 0 0 0 0 0 0]
2025-07-04 12:29:47,676 DEBUG player_0: [0 1 0 0 0 0 0 0 0 0 0]
2025-07-04 12:29:47,794 DEBUG player_0: [0 1 0 0 0 0 0 0 0 0 0]
2025-07-04 12:29:47,907 DEBUG player_0: [0 1 0 0 0 0 0 0 0 0 0]
2025-07-04 12:29:48,003 INFO Episode 1 epoch 1 loss 3.1246
2025-07-04 12:29:48,005 INFO Episode 1 epoch 2 loss 3.2362
2025-07-04 12:29:48,006 INFO Episode 1 epoch 3 loss 3.1592
2025-07-04 12:29:48,007 INFO Episode 1 epoch 4 loss 3.1602
2025-07-04 12:29:48,007 INFO Episode 1 reward 1.23 time/episode: 5.691 opponents: max
2025-07-04 12:29:48,283 DEBUG player_0: [1 1 1 1 1 1 1 1 1 1 0]
2025-07-04 12:29:48,396 DEBUG player_0: [1 0 1 0 0 0 0 0 1 1 0]
2025-07-04 12:29:48,510 DEBUG player_0: [1 1 1 1 0 0 0 0 1 1 0]
2025-07-04 12:29:48,621 DEBUG player_0: [0 0 0 1 0 0 0 0 1 1 0]
2025-07-04 12:29:48,733 DEBUG player_0: [0 0 0 1 0 0 0 0 1 1 0]
2025-07-04 12:29:48,847 DEBUG player_0: [0 0 0 1 0 0 0 0 1 1 0]
2025-07-04 12:29:48,960 DEBUG player_0: [0 0 0 1 0 0 0 0 1 1 0]
2025-07-04 12:29:49,076 DEBUG player_0: [0 0 0 1 0 0 0 0 1 1 0]
2025-07-04 12:29:49,189 DEBUG player_0: [0 0 0 1 0 0 0 0 1 1 0]
2025-07-04 12:29:49,301 DEBUG player_0: [0 0 0 1 0 0 0 0 1 1 0]
2025-07-04 12:29:49,419 DEBUG player_0: [0 0 0 1 0 0 0 0 1 1 0]
2025-07-04 12:29:49,531 DEBUG player_0: [0 0 0 1 0 0 0 0 1 1 0]
2025-07-04 12:29:49,643 DEBUG player_0: [0 0 0 1 0 0 0 0 1 1 0]
2025-07-04 12:29:49,755 DEBUG player_0: [0 0 0 1 0 0 0 0 1 1 0]
2025-07-04 12:29:50,286 DEBUG player_0: [0 0 0 0 0 0 0 0 1 1 0]
2025-07-04 12:29:50,399 DEBUG player_0: [0 0 0 1 0 0 0 0 1 1 0]
2025-07-04 12:29:50,510 DEBUG player_0: [0 0 0 0 0 0 0 0 1 1 1]
2025-07-04 12:29:50,622 DEBUG player_0: [1 1 1 1 0 0 0 0 1 1 0]
2025-07-04 12:29:51,143 DEBUG player_0: [0 0 0 0 0 0 0 0 1 1 0]
2025-07-04 12:29:51,252 DEBUG player_0: [1 1 1 1 0 0 0 0 1 1 0]
2025-07-04 12:29:51,365 DEBUG player_0: [1 1 1 1 0 0 0 0 1 1 0]
2025-07-04 12:29:51,480 DEBUG player_0: [1 1 1 1 0 0 0 0 1 1 0]
2025-07-04 12:29:51,594 DEBUG player_0: [1 1 1 1 0 0 0 0 1 1 0]
2025-07-04 12:29:51,706 DEBUG player_0: [1 1 1 1 0 0 0 0 1 1 0]
2025-07-04 12:29:51,820 DEBUG player_0: [1 1 1 1 0 0 0 0 1 1 0]
2025-07-04 12:29:52,341 DEBUG player_0: [0 0 0 0 0 0 0 0 1 1 0]
2025-07-04 12:29:52,451 DEBUG player_0: [1 1 1 1 0 0 0 0 1 1 0]
2025-07-04 12:29:52,976 DEBUG player_0: [0 0 0 0 0 0 0 0 1 1 0]
2025-07-04 12:29:53,089 DEBUG player_0: [1 1 1 1 0 0 0 0 1 1 0]
2025-07-04 12:29:53,610 DEBUG player_0: [0 0 0 0 0 0 0 0 1 1 0]
2025-07-04 12:29:53,722 DEBUG player_0: [1 1 1 1 0 0 0 0 1 0 0]
2025-07-04 12:29:53,836 DEBUG player_0: [1 1 1 1 0 0 0 0 1 0 0]
2025-07-04 12:29:53,948 DEBUG player_0: [1 1 1 1 0 0 0 0 1 0 0]
2025-07-04 12:29:54,060 DEBUG player_0: [1 1 1 1 0 0 0 0 1 0 0]
2025-07-04 12:29:54,169 DEBUG player_0: [1 1 1 1 0 0 0 0 1 0 0]
2025-07-04 12:29:54,284 DEBUG player_0: [1 1 1 1 0 0 0 0 1 0 0]
2025-07-04 12:29:54,399 DEBUG player_0: [1 1 1 1 0 0 0 0 1 0 0]
2025-07-04 12:29:54,513 DEBUG player_0: [1 1 1 1 0 0 0 0 1 0 0]
2025-07-04 12:29:54,627 DEBUG player_0: [1 1 1 0 0 0 0 0 1 0 0]
2025-07-04 12:29:54,740 DEBUG player_0: [1 1 1 0 0 0 0 0 1 0 0]
2025-07-04 12:29:54,853 DEBUG player_0: [1 1 1 0 0 0 0 0 1 0 0]
2025-07-04 12:29:55,373 DEBUG player_0: [0 0 0 0 0 0 0 0 1 0 0]
2025-07-04 12:29:55,485 DEBUG player_0: [1 1 1 0 0 0 0 0 0 0 0]
2025-07-04 12:29:55,598 DEBUG player_0: [1 1 1 0 0 0 0 0 0 0 0]
2025-07-04 12:29:56,120 DEBUG player_0: [0 0 0 0 0 0 0 0 0 0 0]
2025-07-04 12:29:56,188 INFO Episode 2 epoch 1 loss 1.7810
2025-07-04 12:29:56,189 INFO Episode 2 epoch 2 loss 1.7710
2025-07-04 12:29:56,190 INFO Episode 2 epoch 3 loss 1.7692
2025-07-04 12:29:56,191 INFO Episode 2 epoch 4 loss 1.7729
2025-07-04 12:29:56,191 INFO Episode 2 reward 1.38 time/episode: 8.184 opponents: max
2025-07-04 12:29:56,191 INFO Opponent usage statistics:
2025-07-04 12:29:56,191 INFO   max: 2 episodes (100.0%)
2025-07-04 12:29:56,243 DEBUG player_0: [1 1 1 1 1 1 1 1 1 1 0]
2025-07-04 12:29:56,243 INFO Initial probs: [4.348e-04 2.908e-02 1.018e-01 6.544e-03 4.659e-03 1.292e-02 2.566e-01
 5.846e-01 6.219e-04 2.777e-03 0.000e+00]
2025-07-04 12:29:56,243 INFO Updated probs: [4.033e-10 1.497e-15 1.852e-14 9.615e-06 3.536e-08 2.628e-07 9.872e-01
 1.278e-02 1.440e-09 3.918e-10 0.000e+00]
2025-07-04 12:29:56,243 INFO Prob change: [-4.348e-04 -2.908e-02 -1.018e-01 -6.535e-03 -4.659e-03 -1.292e-02
  7.306e-01 -5.718e-01 -6.219e-04 -2.777e-03  0.000e+00]
