2025-06-25 13:10:45,262 INFO Run parameters: {'log_level': 'DEBUG', 'config': '/Users/takagikouichi/Documents/GitHub/Maple/config/train_config.yml', 'episodes': 1000, 'save': 'model2.pt', 'tensorboard': False, 'ppo_epochs': 4, 'clip': None, 'gae_lambda': None, 'value_coef': None, 'entropy_coef': None, 'gamma': None, 'parallel': 1}
2025-06-25 13:10:45,831 DEBUG environment reset: cleared action queues and mappings
2025-06-25 13:10:45,839 DEBUG = connection is CONNECTING
2025-06-25 13:10:45,839 DEBUG > GET /showdown/websocket HTTP/1.1
2025-06-25 13:10:45,840 DEBUG > Host: localhost:8000
2025-06-25 13:10:45,840 DEBUG > Upgrade: websocket
2025-06-25 13:10:45,840 DEBUG > Connection: Upgrade
2025-06-25 13:10:45,840 DEBUG > Sec-WebSocket-Key: 8wYRAE1vXWiZg2nLxNJ2Pg==
2025-06-25 13:10:45,840 DEBUG > Sec-WebSocket-Version: 13
2025-06-25 13:10:45,840 DEBUG > Sec-WebSocket-Extensions: permessage-deflate; client_max_window_bits
2025-06-25 13:10:45,840 DEBUG > User-Agent: Python/3.12 websockets/15.0.1
2025-06-25 13:10:45,841 DEBUG < HTTP/1.1 101 Switching Protocols
2025-06-25 13:10:45,841 DEBUG < Upgrade: websocket
2025-06-25 13:10:45,841 DEBUG < Connection: Upgrade
2025-06-25 13:10:45,841 DEBUG < Sec-WebSocket-Accept: 1qSIAC2fdfkPj2s8801v/2o3/os=
2025-06-25 13:10:45,841 DEBUG = connection is OPEN
2025-06-25 13:10:45,842 DEBUG = connection is CONNECTING
2025-06-25 13:10:45,842 DEBUG > GET /showdown/websocket HTTP/1.1
2025-06-25 13:10:45,842 DEBUG > Host: localhost:8000
2025-06-25 13:10:45,842 DEBUG > Upgrade: websocket
2025-06-25 13:10:45,842 DEBUG > Connection: Upgrade
2025-06-25 13:10:45,842 DEBUG > Sec-WebSocket-Key: +BkjY7obUSTFYn7ZQUSGCw==
2025-06-25 13:10:45,842 DEBUG > Sec-WebSocket-Version: 13
2025-06-25 13:10:45,842 DEBUG > Sec-WebSocket-Extensions: permessage-deflate; client_max_window_bits
2025-06-25 13:10:45,842 DEBUG > User-Agent: Python/3.12 websockets/15.0.1
2025-06-25 13:10:45,843 DEBUG < TEXT '|updateuser| Guest 6|0|170|{"blockChallenges":f...c|[Gen 1] Custom Game,c' [8022 bytes]
2025-06-25 13:10:45,844 DEBUG < TEXT '|challstr|4|63af96a5daca9188892e981264e40af33f2...6fc9477dce8b4e762465fcd' [268 bytes]
2025-06-25 13:10:45,844 DEBUG > TEXT '|/trn EnvPlayer 1,0,' [20 bytes]
2025-06-25 13:10:45,844 DEBUG < HTTP/1.1 101 Switching Protocols
2025-06-25 13:10:45,844 DEBUG < Upgrade: websocket
2025-06-25 13:10:45,844 DEBUG < Connection: Upgrade
2025-06-25 13:10:45,845 DEBUG < Sec-WebSocket-Accept: aXPNewM7WbPq3j1cocNlwBX/smc=
2025-06-25 13:10:45,845 DEBUG = connection is OPEN
2025-06-25 13:10:45,846 DEBUG < TEXT '|updateuser| Guest 7|0|169|{"blockChallenges":f...c|[Gen 1] Custom Game,c' [8022 bytes]
2025-06-25 13:10:45,847 DEBUG < TEXT '|challstr|4|ebb30e1b54ca8672b37efc524fe2cf89221...f83a898888936aede352f49' [268 bytes]
2025-06-25 13:10:45,847 DEBUG < TEXT '|updatesearch|{"searching":[],"games":null}' [43 bytes]
2025-06-25 13:10:45,847 DEBUG < TEXT '|updateuser| EnvPlayer 1|1|2|{"blockChallenges"...:false,"language":null}' [352 bytes]
2025-06-25 13:10:45,847 DEBUG < TEXT '|updatesearch|{"searching":[],"games":null}' [43 bytes]
2025-06-25 13:10:45,847 DEBUG > TEXT '|/trn EnvPlayer 2,0,' [20 bytes]
2025-06-25 13:10:45,848 DEBUG < TEXT '|updatesearch|{"searching":[],"games":null}' [43 bytes]
2025-06-25 13:10:45,849 DEBUG < TEXT '|updateuser| EnvPlayer 2|1|2|{"blockChallenges"...:false,"language":null}' [352 bytes]
2025-06-25 13:10:45,849 DEBUG > TEXT '|/utm Hydreigon  |||levitate|uturn,headsmash||,...|,,,,252,|||||,,,,,Rock' [211 bytes]
2025-06-25 13:10:45,849 DEBUG > TEXT '|/challenge envplayer1, gen9bssregi' [35 bytes]
2025-06-25 13:10:45,849 DEBUG > TEXT '|/utm Hydreigon  |||levitate|uturn,headsmash||,...|,,,,252,|||||,,,,,Rock' [211 bytes]
2025-06-25 13:10:45,850 DEBUG > TEXT '|/challenge envplayer2, gen9bssregi' [35 bytes]
2025-06-25 13:10:45,850 DEBUG < TEXT '|updatesearch|{"searching":[],"games":null}' [43 bytes]
2025-06-25 13:10:45,856 DEBUG < TEXT '|pm| EnvPlayer 2| EnvPlayer 1|/challenge gen9bssregi|gen9bssregi|||' [67 bytes]
2025-06-25 13:10:45,857 DEBUG < TEXT '|pm| EnvPlayer 2| EnvPlayer 1|/challenge gen9bssregi|gen9bssregi|||' [67 bytes]
2025-06-25 13:10:45,858 DEBUG > TEXT '|/utm Hydreigon  |||levitate|uturn,headsmash||,...|,,,,252,|||||,,,,,Rock' [211 bytes]
2025-06-25 13:10:45,858 DEBUG > TEXT '|/accept envplayer2' [19 bytes]
2025-06-25 13:10:45,858 DEBUG < TEXT '|pm| EnvPlayer 2| EnvPlayer 1|/log EnvPlayer 2 wants to battle!' [63 bytes]
2025-06-25 13:10:45,859 DEBUG < TEXT '|pm| EnvPlayer 2| EnvPlayer 1|/log EnvPlayer 2 wants to battle!' [63 bytes]
2025-06-25 13:10:45,859 DEBUG < TEXT '|pm| EnvPlayer 1| EnvPlayer 2|/challenge' [40 bytes]
2025-06-25 13:10:45,859 DEBUG < TEXT '|pm| EnvPlayer 1| EnvPlayer 2|/challenge' [40 bytes]
2025-06-25 13:10:45,859 DEBUG < TEXT '|updatesearch|{"searching":[],"games":null}' [43 bytes]
2025-06-25 13:10:45,859 DEBUG < TEXT '|updatesearch|{"searching":[],"games":{"battle-... 9] BSS Reg I Battle"}}' [93 bytes]
2025-06-25 13:10:45,860 DEBUG < TEXT '|updatesearch|{"searching":[],"games":null}' [43 bytes]
2025-06-25 13:10:45,860 DEBUG < TEXT '|updatesearch|{"searching":[],"games":{"battle-... 9] BSS Reg I Battle"}}' [93 bytes]
2025-06-25 13:10:45,860 DEBUG < TEXT '|updatesearch|{"searching":[],"games":{"battle-... 9] BSS Reg I Battle"}}' [93 bytes]
2025-06-25 13:10:45,860 DEBUG < TEXT '|updatesearch|{"searching":[],"games":{"battle-... 9] BSS Reg I Battle"}}' [93 bytes]
2025-06-25 13:10:45,861 DEBUG < TEXT '>battle-gen9bssregi-7989\n|init|battle\n|title|...er 1\n|j|☆EnvPlayer 2\n' [91 bytes]
2025-06-25 13:10:45,895 DEBUG < TEXT '>battle-gen9bssregi-7989\n|j|☆EnvPlayer 1' [42 bytes]
2025-06-25 13:10:45,895 DEBUG < TEXT '>battle-gen9bssregi-7989\n|t:|1750824645\n|gametype|singles' [57 bytes]
2025-06-25 13:10:45,895 DEBUG < TEXT '>battle-gen9bssregi-7989\n|player|p1|EnvPlayer 2|2|' [50 bytes]
2025-06-25 13:10:45,895 DEBUG < TEXT '>battle-gen9bssregi-7989\n|player|p2|EnvPlayer ...L50, M|\n|teampreview|3' [394 bytes]
2025-06-25 13:10:45,895 DEBUG < TEXT '>battle-gen9bssregi-7989\n|request|{"teamPrevie...llized":""}]},"rqid":2}' [1146 bytes]
2025-06-25 13:10:45,896 DEBUG < TEXT '>battle-gen9bssregi-7989\n|init|battle\n|title|...er 2\n|j|☆EnvPlayer 1\n' [109 bytes]
2025-06-25 13:10:45,896 DEBUG < TEXT '|popup|envplayer2 is not challenging you. Maybe...ed before you accepted?' [83 bytes]
2025-06-25 13:10:45,896 DEBUG < TEXT '>battle-gen9bssregi-7989\n|t:|1750824645\n|gametype|singles' [57 bytes]
2025-06-25 13:10:45,896 DEBUG < TEXT '>battle-gen9bssregi-7989\n|player|p1|EnvPlayer 2|2|' [50 bytes]
2025-06-25 13:10:45,896 DEBUG < TEXT '>battle-gen9bssregi-7989\n|player|p2|EnvPlayer ...L50, M|\n|teampreview|3' [394 bytes]
2025-06-25 13:10:45,896 DEBUG < TEXT '>battle-gen9bssregi-7989\n|request|{"teamPrevie...llized":""}]},"rqid":3}' [1146 bytes]
2025-06-25 13:10:45,997 DEBUG [DBG] player_1 send team preview request for battle-gen9bssregi-7989
2025-06-25 13:10:45,997 DEBUG [DBG] player_1 waiting team preview action (qsize=0)
2025-06-25 13:10:45,998 DEBUG [DBG] player_0 send team preview request for battle-gen9bssregi-7989
2025-06-25 13:10:45,998 DEBUG [DBG] player_0 waiting team preview action (qsize=0)
2025-06-25 13:10:46,004 DEBUG [DBG] player_0 team preview message /team 346 (EnvPlayer 1)
2025-06-25 13:10:46,004 DEBUG [DBG] player_0 send message '/team 346' to battle battle-gen9bssregi-7989
2025-06-25 13:10:46,004 DEBUG > TEXT 'battle-gen9bssregi-7989|/team 346' [33 bytes]
2025-06-25 13:10:46,004 DEBUG [DBG] player_1 team preview message /team 356 (EnvPlayer 2)
2025-06-25 13:10:46,004 DEBUG [DBG] player_1 send message '/team 356' to battle battle-gen9bssregi-7989
2025-06-25 13:10:46,005 DEBUG > TEXT 'battle-gen9bssregi-7989|/team 356' [33 bytes]
2025-06-25 13:10:46,005 DEBUG [DBG] race_get start qsize=0 events=[False, False]
2025-06-25 13:10:46,006 DEBUG < TEXT ">battle-gen9bssregi-7989\n|error|[Invalid choic...ave a Pokémon in slot 4" [116 bytes]
2025-06-25 13:10:46,007 DEBUG < TEXT ">battle-gen9bssregi-7989\n|error|[Invalid choic...ave a Pokémon in slot 5" [116 bytes]
2025-06-25 13:10:51,006 ERROR [TIMEOUT] race_get queue=0 events=[False, False] exc=
