2025-06-29 12:51:41,956 DEBUG player_0: [1 1 1 1 1 1 1 1 1 1 0]
2025-06-29 12:51:41,957 DEBUG player_0: [1 1 1 1 1 1 1 1 1 1 0]
2025-06-29 12:51:41,957 DEBUG player_1: [1 1 1 1 1 1 1 1 1 1 0]
2025-06-29 12:51:42,069 DEBUG player_0: [1 1 1 1 1 1 1 1 1 1 0]
2025-06-29 12:51:42,070 DEBUG player_1: [1 1 1 1 1 1 1 1 1 1 0]
2025-06-29 12:51:42,188 DEBUG player_0: [1 1 1 1 1 1 1 1 1 1 0]
2025-06-29 12:51:42,189 DEBUG player_1: [1 1 1 1 1 1 1 1 1 1 0]
2025-06-29 12:51:42,310 DEBUG player_0: [1 1 1 1 0 0 0 0 1 1 0]
2025-06-29 12:51:42,323 DEBUG player_1: [1 1 1 1 1 1 1 1 1 1 0]
2025-06-29 12:51:42,451 DEBUG player_0: [1 1 1 1 0 0 0 0 1 1 0]
2025-06-29 12:51:42,452 DEBUG player_1: [0 0 0 1 0 0 0 0 0 0 0]
2025-06-29 12:51:42,567 DEBUG player_0: [1 1 1 1 0 0 0 0 1 1 0]
2025-06-29 12:51:42,567 DEBUG player_1: [1 1 1 1 1 1 1 1 1 1 0]
2025-06-29 12:51:42,682 DEBUG player_0: [1 0 0 0 0 0 0 0 0 0 0]
2025-06-29 12:51:42,682 DEBUG player_1: [0 0 0 1 0 0 0 0 0 0 0]
2025-06-29 12:51:42,797 DEBUG player_0: [1 1 1 1 0 0 0 0 1 1 0]
2025-06-29 12:51:42,798 DEBUG player_1: [1 1 1 1 0 0 0 0 1 1 0]
2025-06-29 12:51:42,914 DEBUG player_0: [1 1 1 1 0 0 0 0 1 1 0]
2025-06-29 12:51:42,915 DEBUG player_1: [1 1 1 1 0 0 0 0 1 1 0]
2025-06-29 12:51:43,037 DEBUG player_0: [1 1 1 1 0 0 0 0 1 1 0]
2025-06-29 12:51:43,037 DEBUG player_1: [1 1 1 1 0 0 0 0 1 1 0]
2025-06-29 12:51:43,571 DEBUG player_0: [0 0 0 0 0 0 0 0 1 1 0]
2025-06-29 12:51:43,572 DEBUG player_1: [0 0 0 0 0 0 0 0 1 1 0]
2025-06-29 12:51:43,699 DEBUG player_0: [1 1 1 1 0 0 0 0 1 1 0]
2025-06-29 12:51:43,700 DEBUG player_1: [1 1 1 1 0 0 0 0 1 0 0]
2025-06-29 12:51:43,823 DEBUG player_0: [1 1 1 1 0 0 0 0 1 1 0]
2025-06-29 12:51:43,824 DEBUG player_1: [1 1 1 1 0 0 0 0 1 0 0]
2025-06-29 12:51:43,940 DEBUG player_0: [1 1 1 1 0 0 0 0 1 1 0]
2025-06-29 12:51:43,941 DEBUG player_1: [1 1 1 1 0 0 0 0 1 0 0]
2025-06-29 12:51:44,053 DEBUG player_0: [1 0 1 1 0 0 0 0 1 1 0]
2025-06-29 12:51:44,054 DEBUG player_1: [1 1 1 1 0 0 0 0 1 0 0]
2025-06-29 12:51:44,584 DEBUG player_0: [0 0 0 0 0 0 0 0 1 1 0]
2025-06-29 12:51:44,585 DEBUG player_1: [0 0 0 0 0 0 0 0 1 0 0]
2025-06-29 12:51:44,710 DEBUG player_0: [1 0 1 1 0 0 0 0 1 1 0]
2025-06-29 12:51:44,711 DEBUG player_1: [1 1 1 1 0 0 0 0 0 0 0]
2025-06-29 12:51:45,245 DEBUG player_0: [0 0 0 0 0 0 0 0 1 1 0]
2025-06-29 12:51:45,247 DEBUG player_1: [0 0 0 0 0 0 0 0 0 0 0]
2025-06-29 12:51:45,388 DEBUG player_0: [1 1 1 1 0 0 0 0 1 1 0]
2025-06-29 12:51:45,389 DEBUG player_1: [1 1 1 1 0 0 0 0 0 0 0]
2025-06-29 12:51:45,516 DEBUG player_0: [1 1 1 1 0 0 0 0 1 1 0]
2025-06-29 12:51:45,518 DEBUG player_1: [1 1 1 1 0 0 0 0 0 0 0]
2025-06-29 12:51:45,654 DEBUG player_0: [1 1 1 1 0 0 0 0 1 1 0]
2025-06-29 12:51:45,655 DEBUG player_1: [1 1 1 1 0 0 0 0 0 0 0]
2025-06-29 12:51:45,937 DEBUG player_0: [1 1 1 1 1 1 1 1 1 1 0]
2025-06-29 12:51:45,938 DEBUG player_1: [1 1 1 1 1 1 1 1 1 1 0]
2025-06-29 12:51:46,051 DEBUG player_0: [1 1 1 1 1 1 1 1 1 1 0]
2025-06-29 12:51:46,051 DEBUG player_1: [1 0 1 1 1 0 1 1 1 1 0]
2025-06-29 12:51:46,583 DEBUG player_0: [0 0 0 0 0 0 0 0 1 1 0]
2025-06-29 12:51:46,584 DEBUG player_1: [0 0 0 0 0 0 0 0 1 1 0]
2025-06-29 12:51:46,707 DEBUG player_0: [0 0 0 1 0 0 0 0 0 0 0]
2025-06-29 12:51:46,707 DEBUG player_1: [1 1 1 1 1 1 1 1 1 1 0]
2025-06-29 12:51:46,822 DEBUG player_0: [1 1 1 1 0 0 0 0 1 1 0]
2025-06-29 12:51:46,823 DEBUG player_1: [1 1 1 1 1 1 1 1 1 1 0]
2025-06-29 12:51:46,940 DEBUG player_0: [1 1 1 1 0 0 0 0 1 1 0]
2025-06-29 12:51:46,941 DEBUG player_1: [1 0 1 1 1 0 1 1 1 1 0]
2025-06-29 12:51:47,068 DEBUG player_0: [1 1 1 1 0 0 0 0 1 1 0]
2025-06-29 12:51:47,069 DEBUG player_1: [1 0 1 1 1 0 1 1 1 1 0]
2025-06-29 12:51:47,088 DEBUG player_0: [0 0 0 0 0 0 0 0 1 1 0]
2025-06-29 12:51:47,089 DEBUG player_1: [0 0 0 0 0 0 0 0 1 1 0]
2025-06-29 12:51:47,201 DEBUG player_0: [1 1 1 1 0 0 0 0 1 0 0]
2025-06-29 12:51:47,202 DEBUG player_1: [1 1 1 1 1 1 1 1 1 0 0]
2025-06-29 12:51:47,318 DEBUG player_0: [1 1 1 1 0 0 0 0 1 0 0]
2025-06-29 12:51:47,319 DEBUG player_1: [1 1 1 1 1 1 1 1 1 0 0]
2025-06-29 12:51:47,434 DEBUG player_0: [1 1 1 1 0 0 0 0 1 0 0]
2025-06-29 12:51:47,434 DEBUG player_1: [1 1 1 1 1 1 1 1 1 0 0]
2025-06-29 12:51:47,962 DEBUG player_0: [0 0 0 0 0 0 0 0 1 0 0]
2025-06-29 12:51:47,963 DEBUG player_1: [0 0 0 0 0 0 0 0 1 0 0]
2025-06-29 12:51:48,087 DEBUG player_0: [1 1 1 1 0 0 0 0 0 0 0]
2025-06-29 12:51:48,088 DEBUG player_1: [1 1 1 1 1 1 1 1 1 0 0]
2025-06-29 12:51:48,207 DEBUG player_0: [1 1 1 1 0 0 0 0 0 0 0]
2025-06-29 12:51:48,208 DEBUG player_1: [1 1 1 1 1 1 1 1 1 0 0]
2025-06-29 12:51:48,329 DEBUG player_0: [1 1 1 1 0 0 0 0 0 0 0]
2025-06-29 12:51:48,330 DEBUG player_1: [1 1 1 1 1 1 1 1 1 0 0]
2025-06-29 12:51:48,866 DEBUG player_0: [0 0 0 0 0 0 0 0 0 0 0]
2025-06-29 12:51:48,867 DEBUG player_1: [0 0 0 0 0 0 0 0 1 0 0]
2025-06-29 12:51:48,984 DEBUG player_0: [1 1 1 1 0 0 0 0 0 0 0]
2025-06-29 12:51:48,985 DEBUG player_1: [1 1 1 1 0 0 0 0 0 0 0]
2025-06-29 12:51:49,101 DEBUG player_0: [1 1 1 1 0 0 0 0 0 0 0]
2025-06-29 12:51:49,102 DEBUG player_1: [1 1 1 1 0 0 0 0 0 0 0]
2025-06-29 12:51:49,224 DEBUG player_0: [1 1 1 1 0 0 0 0 0 0 0]
2025-06-29 12:51:49,224 DEBUG player_1: [1 1 1 1 0 0 0 0 0 0 0]
2025-06-29 12:51:49,335 DEBUG player_0: [1 1 1 1 0 0 0 0 0 0 0]
2025-06-29 12:51:49,335 DEBUG player_1: [1 1 1 1 0 0 0 0 0 0 0]
2025-06-29 12:51:49,586 DEBUG player_0: [1 1 1 1 1 1 1 1 1 1 0]
2025-06-29 12:51:49,588 DEBUG player_1: [1 1 1 1 1 1 1 1 1 1 0]
2025-06-29 12:51:49,719 DEBUG player_0: [1 1 1 1 1 1 1 1 1 1 0]
2025-06-29 12:51:49,720 DEBUG player_1: [0 0 0 1 0 0 0 0 0 0 0]
2025-06-29 12:51:49,838 DEBUG player_0: [1 1 1 1 1 1 1 1 1 1 0]
2025-06-29 12:51:49,839 DEBUG player_1: [1 1 1 1 1 1 1 1 1 1 0]
2025-06-29 12:51:49,951 DEBUG player_0: [1 1 1 1 1 1 1 1 1 1 0]
2025-06-29 12:51:49,952 DEBUG player_1: [1 1 1 1 1 1 1 1 1 1 0]
2025-06-29 12:51:50,066 DEBUG player_0: [1 1 1 1 1 1 1 1 1 1 0]
2025-06-29 12:51:50,066 DEBUG player_1: [1 0 0 0 1 0 0 0 1 1 0]
2025-06-29 12:51:50,184 DEBUG player_0: [1 1 1 1 1 1 1 1 1 1 0]
2025-06-29 12:51:50,185 DEBUG player_1: [1 1 1 1 1 1 1 1 1 1 0]
2025-06-29 12:51:50,305 DEBUG player_0: [1 1 1 1 0 0 0 0 1 1 0]
2025-06-29 12:51:50,306 DEBUG player_1: [1 1 1 1 1 1 1 1 1 1 0]
2025-06-29 12:51:50,428 DEBUG player_0: [1 1 1 1 0 0 0 0 1 1 0]
2025-06-29 12:51:50,429 DEBUG player_1: [1 0 0 0 0 0 0 0 0 0 0]
2025-06-29 12:51:50,557 DEBUG player_0: [1 1 1 1 0 0 0 0 1 1 0]
2025-06-29 12:51:50,559 DEBUG player_1: [1 1 1 1 1 1 1 1 1 1 0]
2025-06-29 12:51:50,684 DEBUG player_0: [1 1 1 1 0 0 0 0 1 1 0]
2025-06-29 12:51:50,686 DEBUG player_1: [1 1 1 1 1 1 1 1 1 1 0]
2025-06-29 12:51:50,810 DEBUG player_0: [1 1 1 1 0 0 0 0 1 1 0]
2025-06-29 12:51:50,811 DEBUG player_1: [1 1 1 1 1 1 1 1 1 1 0]
2025-06-29 12:51:50,931 DEBUG player_0: [1 1 1 1 0 0 0 0 1 1 0]
2025-06-29 12:51:50,933 DEBUG player_1: [1 1 1 1 1 1 1 1 1 1 0]
2025-06-29 12:51:51,056 DEBUG player_0: [1 1 1 1 0 0 0 0 1 1 0]
2025-06-29 12:51:51,057 DEBUG player_1: [1 0 0 0 0 0 0 0 0 0 0]
2025-06-29 12:51:51,176 DEBUG player_0: [1 1 1 1 0 0 0 0 1 1 0]
2025-06-29 12:51:51,177 DEBUG player_1: [1 1 1 1 1 1 1 1 1 1 0]
2025-06-29 12:51:51,304 DEBUG player_0: [1 1 1 1 0 0 0 0 1 1 0]
2025-06-29 12:51:51,305 DEBUG player_1: [1 0 0 0 0 0 0 0 0 0 0]
2025-06-29 12:51:51,433 DEBUG player_0: [1 1 1 1 0 0 0 0 1 1 0]
2025-06-29 12:51:51,435 DEBUG player_1: [1 1 1 1 1 1 1 1 1 1 0]
2025-06-29 12:51:51,560 DEBUG player_0: [1 1 1 1 0 0 0 0 1 1 0]
2025-06-29 12:51:51,561 DEBUG player_1: [1 1 1 1 1 1 1 1 1 1 0]
2025-06-29 12:51:51,687 DEBUG player_0: [1 1 1 1 0 0 0 0 1 1 0]
2025-06-29 12:51:51,688 DEBUG player_1: [1 1 1 1 1 1 1 1 1 1 0]
2025-06-29 12:51:51,812 DEBUG player_0: [1 1 1 1 0 0 0 0 1 1 0]
2025-06-29 12:51:51,813 DEBUG player_1: [1 1 1 1 1 1 1 1 1 1 0]
2025-06-29 12:51:51,931 DEBUG player_0: [0 0 1 1 0 0 0 0 1 1 0]
2025-06-29 12:51:51,932 DEBUG player_1: [1 1 1 1 1 1 1 1 1 1 0]
2025-06-29 12:51:52,066 DEBUG player_0: [0 0 1 1 0 0 0 0 1 1 0]
2025-06-29 12:51:52,067 DEBUG player_1: [1 1 1 1 1 1 1 1 1 1 0]
2025-06-29 12:51:52,187 DEBUG player_0: [1 1 1 1 0 0 0 0 1 1 0]
2025-06-29 12:51:52,188 DEBUG player_1: [1 1 1 1 1 1 1 1 1 1 0]
2025-06-29 12:51:52,304 DEBUG player_0: [1 0 0 0 0 0 0 0 0 0 0]
2025-06-29 12:51:52,305 DEBUG player_1: [1 1 1 1 0 0 0 0 1 1 0]
2025-06-29 12:51:52,424 DEBUG player_0: [1 1 1 1 0 0 0 0 1 1 0]
2025-06-29 12:51:52,425 DEBUG player_1: [1 1 1 1 0 0 0 0 1 1 0]
2025-06-29 12:51:52,544 DEBUG player_0: [1 1 1 1 0 0 0 0 1 1 0]
2025-06-29 12:51:52,546 DEBUG player_1: [1 1 1 1 0 0 0 0 1 1 0]
2025-06-29 12:51:53,075 DEBUG player_0: [0 0 0 0 0 0 0 0 1 1 0]
2025-06-29 12:51:53,076 DEBUG player_1: [0 0 0 0 0 0 0 0 1 1 0]
2025-06-29 12:51:53,197 DEBUG player_0: [1 1 1 1 0 0 0 0 1 1 0]
2025-06-29 12:51:53,198 DEBUG player_1: [1 1 1 1 0 0 0 0 1 0 0]
2025-06-29 12:51:53,319 DEBUG player_0: [1 1 1 1 0 0 0 0 1 1 0]
2025-06-29 12:51:53,320 DEBUG player_1: [1 1 1 1 0 0 0 0 1 0 0]
2025-06-29 12:51:53,860 DEBUG player_0: [0 0 0 0 0 0 0 0 1 1 0]
2025-06-29 12:51:53,861 DEBUG player_1: [0 0 0 0 0 0 0 0 1 0 0]
2025-06-29 12:51:53,986 DEBUG player_0: [1 1 1 1 0 0 0 0 1 1 0]
2025-06-29 12:51:53,987 DEBUG player_1: [1 1 1 1 0 0 0 0 0 0 0]
2025-06-29 12:51:54,106 DEBUG player_0: [1 1 1 1 0 0 0 0 1 1 0]
2025-06-29 12:51:54,107 DEBUG player_1: [1 1 1 1 0 0 0 0 0 0 0]
2025-06-29 12:51:54,235 DEBUG player_0: [1 1 1 1 0 0 0 0 1 1 0]
2025-06-29 12:51:54,236 DEBUG player_1: [1 1 1 1 0 0 0 0 0 0 0]
2025-06-29 12:51:54,359 DEBUG player_0: [1 1 1 1 0 0 0 0 1 1 0]
2025-06-29 12:51:54,359 DEBUG player_1: [1 1 1 1 0 0 0 0 0 0 0]
2025-06-29 12:51:54,471 DEBUG player_0: [1 1 1 1 0 0 0 0 1 1 0]
2025-06-29 12:51:54,471 DEBUG player_1: [1 1 1 1 0 0 0 0 0 0 0]
2025-06-29 12:51:54,585 DEBUG player_0: [1 1 1 1 0 0 0 0 1 1 0]
2025-06-29 12:51:54,586 DEBUG player_1: [1 1 1 1 0 0 0 0 0 0 0]
2025-06-29 12:51:54,708 DEBUG player_0: [1 1 1 1 0 0 0 0 1 1 0]
2025-06-29 12:51:54,709 DEBUG player_1: [1 1 1 1 0 0 0 0 0 0 0]
2025-06-29 12:51:54,835 DEBUG player_0: [1 1 1 1 0 0 0 0 1 1 0]
2025-06-29 12:51:54,836 DEBUG player_1: [1 1 1 1 0 0 0 0 0 0 0]
2025-06-29 12:51:54,962 DEBUG player_0: [1 1 1 1 0 0 0 0 1 1 0]
2025-06-29 12:51:54,963 DEBUG player_1: [1 1 1 1 0 0 0 0 0 0 0]
2025-06-29 12:51:55,088 DEBUG player_0: [1 1 1 1 0 0 0 0 1 1 0]
2025-06-29 12:51:55,089 DEBUG player_1: [1 1 1 1 0 0 0 0 0 0 0]
2025-06-29 12:51:55,205 DEBUG player_0: [1 1 1 1 0 0 0 0 1 1 0]
2025-06-29 12:51:55,205 DEBUG player_1: [1 1 1 1 0 0 0 0 0 0 0]
2025-06-29 12:51:55,321 DEBUG player_0: [1 1 1 1 0 0 0 0 1 1 0]
2025-06-29 12:51:55,322 DEBUG player_1: [1 1 1 1 0 0 0 0 0 0 0]
2025-06-29 12:51:55,436 DEBUG player_0: [1 1 1 1 0 0 0 0 1 1 0]
2025-06-29 12:51:55,437 DEBUG player_1: [1 1 1 1 0 0 0 0 0 0 0]
2025-06-29 12:51:55,559 DEBUG player_0: [1 1 1 1 0 0 0 0 1 1 0]
2025-06-29 12:51:55,561 DEBUG player_1: [1 1 1 1 0 0 0 0 0 0 0]
2025-06-29 12:51:55,684 DEBUG player_0: [1 1 1 1 0 0 0 0 1 1 0]
2025-06-29 12:51:55,685 DEBUG player_1: [1 1 1 1 0 0 0 0 0 0 0]
2025-06-29 12:51:55,807 DEBUG player_0: [1 1 1 1 0 0 0 0 1 1 0]
2025-06-29 12:51:55,808 DEBUG player_1: [1 1 1 1 0 0 0 0 0 0 0]
2025-06-29 12:51:55,924 DEBUG player_0: [1 1 1 1 0 0 0 0 1 1 0]
2025-06-29 12:51:55,925 DEBUG player_1: [1 1 1 1 0 0 0 0 0 0 0]
2025-06-29 12:51:56,040 DEBUG player_0: [1 1 1 1 0 0 0 0 1 1 0]
2025-06-29 12:51:56,042 DEBUG player_1: [1 1 1 1 0 0 0 0 0 0 0]
2025-06-29 12:51:56,165 DEBUG player_0: [1 1 1 1 0 0 0 0 1 1 0]
2025-06-29 12:51:56,166 DEBUG player_1: [1 1 1 1 0 0 0 0 0 0 0]
2025-06-29 12:51:56,286 DEBUG player_0: [1 0 0 0 0 0 0 0 0 0 0]
2025-06-29 12:51:56,287 DEBUG player_1: [1 1 1 1 0 0 0 0 0 0 0]
2025-06-29 12:51:56,410 DEBUG player_0: [1 1 1 1 0 0 0 0 1 1 0]
2025-06-29 12:51:56,411 DEBUG player_1: [1 1 1 1 0 0 0 0 0 0 0]
2025-06-29 12:51:56,526 DEBUG player_0: [1 1 1 1 0 0 0 0 1 1 0]
2025-06-29 12:51:56,527 DEBUG player_1: [1 1 1 1 0 0 0 0 0 0 0]
2025-06-29 12:51:56,639 DEBUG player_0: [1 1 1 1 0 0 0 0 1 1 0]
2025-06-29 12:51:56,640 DEBUG player_1: [1 1 1 1 0 0 0 0 0 0 0]
2025-06-29 12:51:56,756 DEBUG player_0: [1 1 1 1 0 0 0 0 1 1 0]
2025-06-29 12:51:56,757 DEBUG player_1: [1 1 1 1 0 0 0 0 0 0 0]
2025-06-29 12:51:56,876 DEBUG player_0: [1 1 1 1 0 0 0 0 1 1 0]
2025-06-29 12:51:56,877 DEBUG player_1: [1 1 1 1 0 0 0 0 0 0 0]
2025-06-29 12:51:57,002 DEBUG player_0: [1 1 1 1 0 0 0 0 1 1 0]
2025-06-29 12:51:57,003 DEBUG player_1: [1 1 1 1 0 0 0 0 0 0 0]
2025-06-29 12:51:57,138 DEBUG player_0: [1 1 1 1 0 0 0 0 1 1 0]
2025-06-29 12:51:57,139 DEBUG player_1: [1 1 1 1 0 0 0 0 0 0 0]
2025-06-29 12:51:57,261 DEBUG player_0: [1 1 1 1 0 0 0 0 1 1 0]
2025-06-29 12:51:57,262 DEBUG player_1: [1 1 1 1 0 0 0 0 0 0 0]
2025-06-29 12:51:57,388 DEBUG player_0: [1 1 1 1 0 0 0 0 1 1 0]
2025-06-29 12:51:57,389 DEBUG player_1: [1 1 1 1 0 0 0 0 0 0 0]
2025-06-29 12:51:57,520 DEBUG player_0: [1 1 0 1 0 0 0 0 1 1 0]
2025-06-29 12:51:57,521 DEBUG player_1: [1 1 1 1 0 0 0 0 0 0 0]
2025-06-29 12:51:57,646 DEBUG player_0: [1 1 1 1 0 0 0 0 1 1 0]
2025-06-29 12:51:57,647 DEBUG player_1: [1 1 1 1 0 0 0 0 0 0 0]
2025-06-29 12:51:57,761 DEBUG player_0: [1 1 0 1 0 0 0 0 1 1 0]
2025-06-29 12:51:57,761 DEBUG player_1: [1 1 1 1 0 0 0 0 0 0 0]
2025-06-29 12:51:57,872 DEBUG player_0: [1 1 0 1 0 0 0 0 1 1 0]
2025-06-29 12:51:57,872 DEBUG player_1: [1 1 1 1 0 0 0 0 0 0 0]
2025-06-29 12:51:57,987 DEBUG player_0: [1 1 1 1 0 0 0 0 1 1 0]
2025-06-29 12:51:57,988 DEBUG player_1: [1 1 1 1 0 0 0 0 0 0 0]
2025-06-29 12:51:58,112 DEBUG player_0: [1 1 1 1 0 0 0 0 1 1 0]
2025-06-29 12:51:58,114 DEBUG player_1: [1 1 1 1 0 0 0 0 0 0 0]
2025-06-29 12:51:58,237 DEBUG player_0: [1 1 1 1 0 0 0 0 1 1 0]
2025-06-29 12:51:58,238 DEBUG player_1: [1 0 0 0 0 0 0 0 0 0 0]
2025-06-29 12:51:58,355 DEBUG player_0: [1 1 1 1 0 0 0 0 1 1 0]
2025-06-29 12:51:58,356 DEBUG player_1: [1 0 0 0 0 0 0 0 0 0 0]
2025-06-29 12:51:58,478 DEBUG player_0: [1 1 1 1 0 0 0 0 1 1 0]
2025-06-29 12:51:58,479 DEBUG player_1: [1 1 1 1 0 0 0 0 0 0 0]
2025-06-29 12:51:58,603 DEBUG player_0: [1 1 1 1 0 0 0 0 1 1 0]
2025-06-29 12:51:58,604 DEBUG player_1: [1 1 1 1 0 0 0 0 0 0 0]
2025-06-29 12:51:58,728 DEBUG player_0: [1 1 1 1 0 0 0 0 1 1 0]
2025-06-29 12:51:58,730 DEBUG player_1: [1 1 1 1 0 0 0 0 0 0 0]
2025-06-29 12:51:58,852 DEBUG player_0: [1 1 1 1 0 0 0 0 1 1 0]
2025-06-29 12:51:58,853 DEBUG player_1: [1 1 1 1 0 0 0 0 0 0 0]
2025-06-29 12:51:58,978 DEBUG player_0: [1 1 1 1 0 0 0 0 1 1 0]
2025-06-29 12:51:58,979 DEBUG player_1: [1 1 1 1 0 0 0 0 0 0 0]
2025-06-29 12:51:59,108 DEBUG player_0: [1 1 1 1 0 0 0 0 1 1 0]
2025-06-29 12:51:59,109 DEBUG player_1: [1 1 1 1 0 0 0 0 0 0 0]
2025-06-29 12:51:59,227 DEBUG player_0: [1 1 1 1 0 0 0 0 1 1 0]
2025-06-29 12:51:59,227 DEBUG player_1: [1 1 1 1 0 0 0 0 0 0 0]
2025-06-29 12:51:59,339 DEBUG player_0: [1 1 1 1 0 0 0 0 1 1 0]
2025-06-29 12:51:59,340 DEBUG player_1: [1 1 1 1 0 0 0 0 0 0 0]
2025-06-29 12:51:59,454 DEBUG player_0: [1 1 1 1 0 0 0 0 1 1 0]
2025-06-29 12:51:59,455 DEBUG player_1: [1 1 1 1 0 0 0 0 0 0 0]
2025-06-29 12:51:59,570 DEBUG player_0: [1 1 1 1 0 0 0 0 1 1 0]
2025-06-29 12:51:59,570 DEBUG player_1: [1 0 0 0 0 0 0 0 0 0 0]
2025-06-29 12:51:59,684 DEBUG player_0: [1 1 1 1 0 0 0 0 1 1 0]
2025-06-29 12:51:59,684 DEBUG player_1: [1 0 0 0 0 0 0 0 0 0 0]
2025-06-29 12:52:00,213 DEBUG player_0: [0 0 0 0 0 0 0 0 1 1 0]
2025-06-29 12:52:00,214 DEBUG player_1: [0 0 0 0 0 0 0 0 0 0 0]
2025-06-29 12:52:00,344 DEBUG player_0: [1 1 1 1 0 0 0 0 1 0 0]
2025-06-29 12:52:00,345 DEBUG player_1: [0 1 1 1 0 0 0 0 0 0 0]
2025-06-29 12:52:00,475 DEBUG player_0: [1 1 1 1 0 0 0 0 1 0 0]
2025-06-29 12:52:00,476 DEBUG player_1: [0 1 1 1 0 0 0 0 0 0 0]
2025-06-29 12:52:00,604 DEBUG player_0: [1 1 1 1 0 0 0 0 1 0 0]
2025-06-29 12:52:00,605 DEBUG player_1: [0 1 1 1 0 0 0 0 0 0 0]
2025-06-29 12:52:00,728 DEBUG player_0: [1 1 0 1 0 0 0 0 1 0 0]
2025-06-29 12:52:00,730 DEBUG player_1: [0 1 1 1 0 0 0 0 0 0 0]
2025-06-29 12:52:00,857 DEBUG player_0: [1 1 0 1 0 0 0 0 1 0 0]
2025-06-29 12:52:00,858 DEBUG player_1: [0 1 1 1 0 0 0 0 0 0 0]
2025-06-29 12:52:00,980 DEBUG player_0: [1 1 0 1 0 0 0 0 1 0 0]
2025-06-29 12:52:00,982 DEBUG player_1: [0 1 1 1 0 0 0 0 0 0 0]
2025-06-29 12:52:01,107 DEBUG player_0: [1 1 0 1 0 0 0 0 1 0 0]
2025-06-29 12:52:01,108 DEBUG player_1: [0 1 1 1 0 0 0 0 0 0 0]
2025-06-29 12:52:01,237 DEBUG player_0: [1 1 1 1 0 0 0 0 1 0 0]
2025-06-29 12:52:01,238 DEBUG player_1: [0 1 0 1 0 0 0 0 0 0 0]
2025-06-29 12:52:01,361 DEBUG player_0: [1 1 0 1 0 0 0 0 1 0 0]
2025-06-29 12:52:01,362 DEBUG player_1: [0 1 0 1 0 0 0 0 0 0 0]
2025-06-29 12:52:01,487 DEBUG player_0: [1 1 0 1 0 0 0 0 1 0 0]
2025-06-29 12:52:01,488 DEBUG player_1: [0 1 0 1 0 0 0 0 0 0 0]
2025-06-29 12:52:01,608 DEBUG player_0: [1 1 1 1 0 0 0 0 1 0 0]
2025-06-29 12:52:01,609 DEBUG player_1: [0 1 0 1 0 0 0 0 0 0 0]
2025-06-29 12:52:01,731 DEBUG player_0: [1 1 1 1 0 0 0 0 1 0 0]
2025-06-29 12:52:01,733 DEBUG player_1: [0 1 0 1 0 0 0 0 0 0 0]
2025-06-29 12:52:01,860 DEBUG player_0: [1 1 0 1 0 0 0 0 1 0 0]
2025-06-29 12:52:01,861 DEBUG player_1: [0 1 0 1 0 0 0 0 0 0 0]
2025-06-29 12:52:01,979 DEBUG player_0: [1 1 1 1 0 0 0 0 1 0 0]
2025-06-29 12:52:01,980 DEBUG player_1: [0 1 0 1 0 0 0 0 0 0 0]
2025-06-29 12:52:02,098 DEBUG player_0: [1 1 1 1 0 0 0 0 1 0 0]
2025-06-29 12:52:02,098 DEBUG player_1: [0 0 0 1 0 0 0 0 0 0 0]
2025-06-29 12:52:02,218 DEBUG player_0: [0 0 0 1 0 0 0 0 0 0 0]
2025-06-29 12:52:02,219 DEBUG player_1: [0 0 0 1 0 0 0 0 0 0 0]
2025-06-29 12:52:02,752 DEBUG player_0: [0 0 0 0 0 0 0 0 1 0 0]
2025-06-29 12:52:02,753 DEBUG player_1: [0 0 0 0 0 0 0 0 0 0 0]
2025-06-29 12:52:02,933 DEBUG player_0: [1 1 0 1 0 0 0 0 0 0 0]
2025-06-29 12:52:02,934 DEBUG player_1: [0 0 0 1 0 0 0 0 0 0 0]
2025-06-29 12:52:03,053 DEBUG player_0: [1 1 0 1 0 0 0 0 0 0 0]
2025-06-29 12:52:03,054 DEBUG player_1: [0 0 0 1 0 0 0 0 0 0 0]
2025-06-29 12:52:03,167 DEBUG player_0: [1 1 0 1 0 0 0 0 0 0 0]
2025-06-29 12:52:03,167 DEBUG player_1: [0 0 0 1 0 0 0 0 0 0 0]
2025-06-29 12:52:03,288 DEBUG player_0: [1 1 0 1 0 0 0 0 0 0 0]
2025-06-29 12:52:03,289 DEBUG player_1: [0 0 0 1 0 0 0 0 0 0 0]
2025-06-29 12:52:03,412 DEBUG player_0: [1 1 0 1 0 0 0 0 0 0 0]
2025-06-29 12:52:03,413 DEBUG player_1: [0 0 0 1 0 0 0 0 0 0 0]
2025-06-29 12:52:03,665 DEBUG player_0: [1 1 1 1 1 1 1 1 1 1 0]
2025-06-29 12:52:03,666 DEBUG player_1: [1 1 1 1 1 1 1 1 1 1 0]
2025-06-29 12:52:03,782 DEBUG player_0: [1 1 1 1 0 0 0 0 1 1 0]
2025-06-29 12:52:03,782 DEBUG player_1: [1 1 1 1 1 1 1 1 1 1 0]
2025-06-29 12:52:03,898 DEBUG player_0: [1 1 1 1 0 0 0 0 1 1 0]
2025-06-29 12:52:03,899 DEBUG player_1: [1 1 1 1 1 1 1 1 1 1 0]
2025-06-29 12:52:04,020 DEBUG player_0: [1 1 1 1 0 0 0 0 1 1 0]
2025-06-29 12:52:04,021 DEBUG player_1: [1 1 1 1 1 1 1 1 1 1 0]
2025-06-29 12:52:04,141 DEBUG player_0: [0 0 0 1 0 0 0 0 0 0 0]
2025-06-29 12:52:04,142 DEBUG player_1: [1 1 1 1 1 1 1 1 1 1 0]
2025-06-29 12:52:04,257 DEBUG player_0: [1 1 1 1 0 0 0 0 1 1 0]
2025-06-29 12:52:04,258 DEBUG player_1: [1 1 1 1 0 0 0 0 1 1 0]
2025-06-29 12:52:04,371 DEBUG player_0: [1 1 1 1 0 0 0 0 1 1 0]
2025-06-29 12:52:04,371 DEBUG player_1: [1 1 1 1 0 0 0 0 1 1 0]
2025-06-29 12:52:04,489 DEBUG player_0: [1 1 1 1 0 0 0 0 1 1 0]
2025-06-29 12:52:04,489 DEBUG player_1: [1 1 1 1 0 0 0 0 1 1 0]
2025-06-29 12:52:04,612 DEBUG player_0: [1 1 1 1 0 0 0 0 1 1 0]
2025-06-29 12:52:04,613 DEBUG player_1: [0 0 0 1 0 0 0 0 0 0 0]
2025-06-29 12:52:05,145 DEBUG player_0: [0 0 0 0 0 0 0 0 1 1 0]
2025-06-29 12:52:05,146 DEBUG player_1: [0 0 0 0 0 0 0 0 1 1 0]
2025-06-29 12:52:05,269 DEBUG player_0: [1 1 1 1 0 0 0 0 1 0 0]
2025-06-29 12:52:05,271 DEBUG player_1: [1 1 1 1 0 0 0 0 1 1 0]
2025-06-29 12:52:05,395 DEBUG player_0: [1 1 1 1 0 0 0 0 1 0 0]
2025-06-29 12:52:05,396 DEBUG player_1: [1 1 1 1 0 0 0 0 1 1 0]
2025-06-29 12:52:05,516 DEBUG player_0: [1 1 1 1 0 0 0 0 1 0 0]
2025-06-29 12:52:05,517 DEBUG player_1: [1 1 1 1 0 0 0 0 1 1 0]
2025-06-29 12:52:05,640 DEBUG player_0: [1 1 1 1 0 0 0 0 1 0 0]
2025-06-29 12:52:05,642 DEBUG player_1: [1 1 1 1 0 0 0 0 1 1 0]
2025-06-29 12:52:06,178 DEBUG player_0: [0 0 0 0 0 0 0 0 1 0 0]
2025-06-29 12:52:06,179 DEBUG player_1: [0 0 0 0 0 0 0 0 1 1 0]
2025-06-29 12:52:06,307 DEBUG player_0: [1 1 1 1 0 0 0 0 1 0 0]
2025-06-29 12:52:06,308 DEBUG player_1: [1 1 1 1 0 0 0 0 1 1 0]
2025-06-29 12:52:06,435 DEBUG player_0: [1 1 1 1 0 0 0 0 1 0 0]
2025-06-29 12:52:06,436 DEBUG player_1: [1 1 1 1 0 0 0 0 1 1 0]
2025-06-29 12:52:06,563 DEBUG player_0: [1 1 1 1 0 0 0 0 1 0 0]
2025-06-29 12:52:06,564 DEBUG player_1: [1 1 1 1 0 0 0 0 1 1 0]
2025-06-29 12:52:07,096 DEBUG player_0: [0 0 0 0 0 0 0 0 1 0 0]
2025-06-29 12:52:07,097 DEBUG player_1: [0 0 0 0 0 0 0 0 1 1 0]
2025-06-29 12:52:07,223 DEBUG player_0: [1 1 1 1 0 0 0 0 0 0 0]
2025-06-29 12:52:07,224 DEBUG player_1: [1 1 1 1 0 0 0 0 1 1 0]
2025-06-29 12:52:07,762 DEBUG player_0: [0 0 0 0 0 0 0 0 0 0 0]
2025-06-29 12:52:07,763 DEBUG player_1: [0 0 0 0 0 0 0 0 1 1 0]
2025-06-29 12:52:07,880 DEBUG player_0: [1 1 1 1 0 0 0 0 0 0 0]
2025-06-29 12:52:07,880 DEBUG player_1: [1 1 1 1 0 0 0 0 1 0 0]
2025-06-29 12:52:08,412 DEBUG player_0: [0 0 0 0 0 0 0 0 0 0 0]
2025-06-29 12:52:08,414 DEBUG player_1: [0 0 0 0 0 0 0 0 1 0 0]
2025-06-29 12:52:08,538 DEBUG player_0: [1 1 1 1 0 0 0 0 0 0 0]
2025-06-29 12:52:08,539 DEBUG player_1: [1 1 1 1 0 0 0 0 0 0 0]
2025-06-29 12:52:08,655 DEBUG player_0: [1 1 1 1 0 0 0 0 0 0 0]
2025-06-29 12:52:08,655 DEBUG player_1: [1 1 1 1 0 0 0 0 0 0 0]
2025-06-29 12:52:08,770 DEBUG player_0: [1 1 1 1 0 0 0 0 0 0 0]
2025-06-29 12:52:08,771 DEBUG player_1: [1 1 1 1 0 0 0 0 0 0 0]
2025-06-29 12:52:08,888 DEBUG player_0: [1 1 1 1 0 0 0 0 0 0 0]
2025-06-29 12:52:08,890 DEBUG player_1: [1 1 1 1 0 0 0 0 0 0 0]
2025-06-29 12:52:09,010 DEBUG player_0: [1 1 1 1 0 0 0 0 0 0 0]
2025-06-29 12:52:09,011 DEBUG player_1: [1 1 1 1 0 0 0 0 0 0 0]
2025-06-29 12:52:09,136 DEBUG player_0: [1 1 1 1 0 0 0 0 0 0 0]
2025-06-29 12:52:09,138 DEBUG player_1: [1 1 1 1 0 0 0 0 0 0 0]
2025-06-29 12:52:09,256 DEBUG player_0: [1 1 1 1 0 0 0 0 0 0 0]
2025-06-29 12:52:09,257 DEBUG player_1: [1 1 1 1 0 0 0 0 0 0 0]
2025-06-29 12:52:09,369 DEBUG player_0: [1 1 1 1 0 0 0 0 0 0 0]
2025-06-29 12:52:09,369 DEBUG player_1: [1 1 1 1 0 0 0 0 0 0 0]
2025-06-29 12:52:09,483 DEBUG player_0: [1 1 1 1 0 0 0 0 0 0 0]
2025-06-29 12:52:09,484 DEBUG player_1: [1 1 1 1 0 0 0 0 0 0 0]
2025-06-29 12:52:09,601 DEBUG player_0: [1 1 1 1 0 0 0 0 0 0 0]
2025-06-29 12:52:09,602 DEBUG player_1: [1 1 1 1 0 0 0 0 0 0 0]
2025-06-29 12:52:09,726 DEBUG player_0: [1 1 1 1 0 0 0 0 0 0 0]
2025-06-29 12:52:09,728 DEBUG player_1: [1 1 1 1 0 0 0 0 0 0 0]
2025-06-29 12:52:09,851 DEBUG player_0: [1 1 1 1 0 0 0 0 0 0 0]
2025-06-29 12:52:09,852 DEBUG player_1: [1 1 1 1 0 0 0 0 0 0 0]
2025-06-29 12:52:09,977 DEBUG player_0: [1 1 1 1 0 0 0 0 0 0 0]
2025-06-29 12:52:09,978 DEBUG player_1: [1 1 1 1 0 0 0 0 0 0 0]
2025-06-29 12:52:10,100 DEBUG player_0: [1 1 1 1 0 0 0 0 0 0 0]
2025-06-29 12:52:10,102 DEBUG player_1: [1 1 1 1 0 0 0 0 0 0 0]
2025-06-29 12:52:10,226 DEBUG player_0: [1 1 1 1 0 0 0 0 0 0 0]
2025-06-29 12:52:10,226 DEBUG player_1: [1 1 1 1 0 0 0 0 0 0 0]
2025-06-29 12:52:10,341 DEBUG player_0: [1 1 1 1 0 0 0 0 0 0 0]
2025-06-29 12:52:10,342 DEBUG player_1: [1 1 1 1 0 0 0 0 0 0 0]
2025-06-29 12:52:10,458 DEBUG player_0: [1 1 1 1 0 0 0 0 0 0 0]
2025-06-29 12:52:10,460 DEBUG player_1: [1 1 1 1 0 0 0 0 0 0 0]
2025-06-29 12:52:10,588 DEBUG player_0: [1 1 1 1 0 0 0 0 0 0 0]
2025-06-29 12:52:10,589 DEBUG player_1: [1 1 1 1 0 0 0 0 0 0 0]
2025-06-29 12:52:10,709 DEBUG player_0: [1 1 1 1 0 0 0 0 0 0 0]
2025-06-29 12:52:10,709 DEBUG player_1: [1 1 1 1 0 0 0 0 0 0 0]
2025-06-29 12:52:10,827 DEBUG player_0: [1 1 1 1 0 0 0 0 0 0 0]
2025-06-29 12:52:10,828 DEBUG player_1: [1 1 1 1 0 0 0 0 0 0 0]
2025-06-29 12:52:10,952 DEBUG player_0: [1 1 1 1 0 0 0 0 0 0 0]
2025-06-29 12:52:10,952 DEBUG player_1: [1 1 1 1 0 0 0 0 0 0 0]
2025-06-29 12:52:11,074 DEBUG player_0: [1 1 1 1 0 0 0 0 0 0 0]
2025-06-29 12:52:11,075 DEBUG player_1: [1 1 1 1 0 0 0 0 0 0 0]
2025-06-29 12:52:11,189 DEBUG player_0: [1 1 1 1 0 0 0 0 0 0 0]
2025-06-29 12:52:11,190 DEBUG player_1: [1 1 1 1 0 0 0 0 0 0 0]
2025-06-29 12:52:11,307 DEBUG player_0: [1 1 1 1 0 0 0 0 0 0 0]
2025-06-29 12:52:11,308 DEBUG player_1: [1 1 1 1 0 0 0 0 0 0 0]
2025-06-29 12:52:11,427 DEBUG player_0: [1 1 1 1 0 0 0 0 0 0 0]
2025-06-29 12:52:11,428 DEBUG player_1: [1 1 1 1 0 0 0 0 0 0 0]
2025-06-29 12:52:11,547 DEBUG player_0: [1 1 1 1 0 0 0 0 0 0 0]
2025-06-29 12:52:11,549 DEBUG player_1: [1 1 1 1 0 0 0 0 0 0 0]
2025-06-29 12:52:11,670 DEBUG player_0: [1 1 1 1 0 0 0 0 0 0 0]
2025-06-29 12:52:11,671 DEBUG player_1: [1 1 1 1 0 0 0 0 0 0 0]
2025-06-29 12:52:11,794 DEBUG player_0: [1 1 1 1 0 0 0 0 0 0 0]
2025-06-29 12:52:11,795 DEBUG player_1: [1 1 1 1 0 0 0 0 0 0 0]
2025-06-29 12:52:11,920 DEBUG player_0: [1 1 1 1 0 0 0 0 0 0 0]
2025-06-29 12:52:11,921 DEBUG player_1: [1 1 1 1 0 0 0 0 0 0 0]
2025-06-29 12:52:12,046 DEBUG player_0: [1 1 1 1 0 0 0 0 0 0 0]
2025-06-29 12:52:12,047 DEBUG player_1: [1 1 1 1 0 0 0 0 0 0 0]
2025-06-29 12:52:12,168 DEBUG player_0: [1 1 1 1 0 0 0 0 0 0 0]
2025-06-29 12:52:12,169 DEBUG player_1: [1 1 1 1 0 0 0 0 0 0 0]
2025-06-29 12:52:12,290 DEBUG player_0: [1 1 1 1 0 0 0 0 0 0 0]
2025-06-29 12:52:12,290 DEBUG player_1: [1 1 1 1 0 0 0 0 0 0 0]
2025-06-29 12:52:12,408 DEBUG player_0: [1 1 1 1 0 0 0 0 0 0 0]
2025-06-29 12:52:12,409 DEBUG player_1: [1 1 1 1 0 0 0 0 0 0 0]
2025-06-29 12:52:12,535 DEBUG player_0: [1 1 1 1 0 0 0 0 0 0 0]
2025-06-29 12:52:12,536 DEBUG player_1: [1 1 1 1 0 0 0 0 0 0 0]
2025-06-29 12:52:12,657 DEBUG player_0: [1 1 1 1 0 0 0 0 0 0 0]
2025-06-29 12:52:12,657 DEBUG player_1: [1 1 1 1 0 0 0 0 0 0 0]
2025-06-29 12:52:12,777 DEBUG player_0: [1 1 1 1 0 0 0 0 0 0 0]
2025-06-29 12:52:12,779 DEBUG player_1: [1 1 1 1 0 0 0 0 0 0 0]
2025-06-29 12:52:12,901 DEBUG player_0: [1 1 1 1 0 0 0 0 0 0 0]
2025-06-29 12:52:12,902 DEBUG player_1: [1 1 1 1 0 0 0 0 0 0 0]
2025-06-29 12:52:13,021 DEBUG player_0: [1 1 1 1 0 0 0 0 0 0 0]
2025-06-29 12:52:13,022 DEBUG player_1: [1 1 1 1 0 0 0 0 0 0 0]
2025-06-29 12:52:13,139 DEBUG player_0: [1 1 1 1 0 0 0 0 0 0 0]
2025-06-29 12:52:13,140 DEBUG player_1: [1 1 1 1 0 0 0 0 0 0 0]
2025-06-29 12:52:13,256 DEBUG player_0: [1 0 1 1 0 0 0 0 0 0 0]
2025-06-29 12:52:13,256 DEBUG player_1: [1 1 1 1 0 0 0 0 0 0 0]
2025-06-29 12:52:13,374 DEBUG player_0: [1 0 1 1 0 0 0 0 0 0 0]
2025-06-29 12:52:13,375 DEBUG player_1: [1 1 1 1 0 0 0 0 0 0 0]
2025-06-29 12:52:13,493 DEBUG player_0: [1 0 1 1 0 0 0 0 0 0 0]
2025-06-29 12:52:13,494 DEBUG player_1: [1 1 1 1 0 0 0 0 0 0 0]
2025-06-29 12:52:13,612 DEBUG player_0: [1 0 1 1 0 0 0 0 0 0 0]
2025-06-29 12:52:13,613 DEBUG player_1: [1 1 1 1 0 0 0 0 0 0 0]
2025-06-29 12:52:13,729 DEBUG player_0: [1 0 1 1 0 0 0 0 0 0 0]
2025-06-29 12:52:13,729 DEBUG player_1: [1 0 1 1 0 0 0 0 0 0 0]
2025-06-29 12:52:13,846 DEBUG player_0: [1 0 1 1 0 0 0 0 0 0 0]
2025-06-29 12:52:13,846 DEBUG player_1: [1 0 1 1 0 0 0 0 0 0 0]
2025-06-29 12:52:13,962 DEBUG player_0: [1 0 1 1 0 0 0 0 0 0 0]
2025-06-29 12:52:13,963 DEBUG player_1: [1 0 1 1 0 0 0 0 0 0 0]
2025-06-29 12:52:14,087 DEBUG player_0: [1 0 1 1 0 0 0 0 0 0 0]
2025-06-29 12:52:14,087 DEBUG player_1: [1 0 1 1 0 0 0 0 0 0 0]
2025-06-29 12:52:14,210 DEBUG player_0: [1 0 1 1 0 0 0 0 0 0 0]
2025-06-29 12:52:14,212 DEBUG player_1: [1 0 1 1 0 0 0 0 0 0 0]
2025-06-29 12:52:14,325 DEBUG player_0: [1 0 1 1 0 0 0 0 0 0 0]
2025-06-29 12:52:14,325 DEBUG player_1: [1 0 1 1 0 0 0 0 0 0 0]
2025-06-29 12:52:14,436 DEBUG player_0: [1 0 1 1 0 0 0 0 0 0 0]
2025-06-29 12:52:14,436 DEBUG player_1: [1 0 1 1 0 0 0 0 0 0 0]
2025-06-29 12:52:14,553 DEBUG player_0: [1 0 1 1 0 0 0 0 0 0 0]
2025-06-29 12:52:14,553 DEBUG player_1: [1 0 1 1 0 0 0 0 0 0 0]
2025-06-29 12:52:14,672 DEBUG player_0: [1 0 1 1 0 0 0 0 0 0 0]
2025-06-29 12:52:14,673 DEBUG player_1: [1 0 1 1 0 0 0 0 0 0 0]
2025-06-29 12:52:14,796 DEBUG player_0: [1 0 1 1 0 0 0 0 0 0 0]
2025-06-29 12:52:14,797 DEBUG player_1: [1 0 1 1 0 0 0 0 0 0 0]
2025-06-29 12:52:14,921 DEBUG player_0: [1 0 1 1 0 0 0 0 0 0 0]
2025-06-29 12:52:14,923 DEBUG player_1: [1 0 1 1 0 0 0 0 0 0 0]
2025-06-29 12:52:15,041 DEBUG player_0: [1 0 1 1 0 0 0 0 0 0 0]
2025-06-29 12:52:15,042 DEBUG player_1: [1 0 1 1 0 0 0 0 0 0 0]
2025-06-29 12:52:15,170 DEBUG player_0: [1 0 1 1 0 0 0 0 0 0 0]
2025-06-29 12:52:15,171 DEBUG player_1: [1 0 1 1 0 0 0 0 0 0 0]
2025-06-29 12:52:15,295 DEBUG player_0: [1 0 1 1 0 0 0 0 0 0 0]
2025-06-29 12:52:15,296 DEBUG player_1: [1 0 1 1 0 0 0 0 0 0 0]
2025-06-29 12:52:15,416 DEBUG player_0: [1 0 1 1 0 0 0 0 0 0 0]
2025-06-29 12:52:15,417 DEBUG player_1: [1 0 1 1 0 0 0 0 0 0 0]
2025-06-29 12:52:15,539 DEBUG player_0: [1 0 1 1 0 0 0 0 0 0 0]
2025-06-29 12:52:15,540 DEBUG player_1: [1 0 1 1 0 0 0 0 0 0 0]
2025-06-29 12:52:15,662 DEBUG player_0: [1 0 1 1 0 0 0 0 0 0 0]
2025-06-29 12:52:15,663 DEBUG player_1: [1 0 1 1 0 0 0 0 0 0 0]
2025-06-29 12:52:15,785 DEBUG player_0: [1 0 1 1 0 0 0 0 0 0 0]
2025-06-29 12:52:15,786 DEBUG player_1: [1 0 1 1 0 0 0 0 0 0 0]
2025-06-29 12:52:15,910 DEBUG player_0: [1 0 0 1 0 0 0 0 0 0 0]
2025-06-29 12:52:15,911 DEBUG player_1: [1 0 0 1 0 0 0 0 0 0 0]
2025-06-29 12:52:16,027 DEBUG player_0: [1 0 0 1 0 0 0 0 0 0 0]
2025-06-29 12:52:16,028 DEBUG player_1: [1 0 0 1 0 0 0 0 0 0 0]
2025-06-29 12:52:16,137 DEBUG player_0: [1 0 0 1 0 0 0 0 0 0 0]
2025-06-29 12:52:16,138 DEBUG player_1: [1 0 0 1 0 0 0 0 0 0 0]
2025-06-29 12:52:16,258 DEBUG player_0: [0 0 0 1 0 0 0 0 0 0 0]
2025-06-29 12:52:16,259 DEBUG player_1: [1 0 0 1 0 0 0 0 0 0 0]
2025-06-29 12:52:16,378 DEBUG player_0: [0 0 0 1 0 0 0 0 0 0 0]
2025-06-29 12:52:16,379 DEBUG player_1: [1 0 0 1 0 0 0 0 0 0 0]
2025-06-29 12:52:16,504 DEBUG player_0: [0 0 0 1 0 0 0 0 0 0 0]
2025-06-29 12:52:16,505 DEBUG player_1: [1 0 0 1 0 0 0 0 0 0 0]
2025-06-29 12:52:16,629 DEBUG player_0: [0 0 0 1 0 0 0 0 0 0 0]
2025-06-29 12:52:16,630 DEBUG player_1: [1 0 0 1 0 0 0 0 0 0 0]
2025-06-29 12:52:16,752 DEBUG player_0: [0 0 0 1 0 0 0 0 0 0 0]
2025-06-29 12:52:16,753 DEBUG player_1: [1 0 0 1 0 0 0 0 0 0 0]
2025-06-29 12:52:16,876 DEBUG player_0: [0 0 0 1 0 0 0 0 0 0 0]
2025-06-29 12:52:16,877 DEBUG player_1: [1 0 0 1 0 0 0 0 0 0 0]
2025-06-29 12:52:16,996 DEBUG player_0: [0 0 0 1 0 0 0 0 0 0 0]
2025-06-29 12:52:16,998 DEBUG player_1: [1 0 0 1 0 0 0 0 0 0 0]
2025-06-29 12:52:17,137 DEBUG player_0: [0 0 0 0 0 0 0 0 0 0 1]
2025-06-29 12:52:17,138 DEBUG player_1: [1 0 0 1 0 0 0 0 0 0 0]
2025-06-29 12:52:17,267 DEBUG player_0: [0 0 0 0 0 0 0 0 0 0 1]
2025-06-29 12:52:17,268 DEBUG player_1: [1 0 0 1 0 0 0 0 0 0 0]
2025-06-29 12:52:17,395 DEBUG player_0: [0 0 0 0 0 0 0 0 0 0 1]
2025-06-29 12:52:17,395 DEBUG player_1: [1 0 0 1 0 0 0 0 0 0 0]
2025-06-29 12:52:17,663 DEBUG player_0: [1 1 1 1 1 1 1 1 1 1 0]
2025-06-29 12:52:17,663 DEBUG player_1: [1 1 1 1 1 1 1 1 1 1 0]
2025-06-29 12:52:17,783 DEBUG player_0: [1 1 1 1 0 0 0 0 1 1 0]
2025-06-29 12:52:17,784 DEBUG player_1: [1 1 1 1 1 1 1 1 1 1 0]
2025-06-29 12:52:17,902 DEBUG player_0: [1 1 1 1 0 0 0 0 1 1 0]
2025-06-29 12:52:17,903 DEBUG player_1: [1 1 1 1 1 1 1 1 1 1 0]
2025-06-29 12:52:18,019 DEBUG player_0: [1 1 1 1 0 0 0 0 1 1 0]
2025-06-29 12:52:18,021 DEBUG player_1: [1 1 1 1 1 1 1 1 1 1 0]
2025-06-29 12:52:18,136 DEBUG player_0: [1 1 1 1 0 0 0 0 1 1 0]
2025-06-29 12:52:18,137 DEBUG player_1: [1 1 1 1 1 1 1 1 1 1 0]
2025-06-29 12:52:18,255 DEBUG player_0: [1 1 1 1 0 0 0 0 1 1 0]
2025-06-29 12:52:18,256 DEBUG player_1: [1 1 1 1 1 1 1 1 1 1 0]
2025-06-29 12:52:18,378 DEBUG player_0: [1 1 1 1 0 0 0 0 1 1 0]
2025-06-29 12:52:18,380 DEBUG player_1: [1 1 1 1 1 1 1 1 1 1 0]
2025-06-29 12:52:18,912 DEBUG player_0: [0 0 0 0 0 0 0 0 1 1 0]
2025-06-29 12:52:18,913 DEBUG player_1: [0 0 0 0 0 0 0 0 1 1 0]
2025-06-29 12:52:19,028 DEBUG player_0: [1 1 1 1 0 0 0 0 1 1 0]
2025-06-29 12:52:19,029 DEBUG player_1: [1 1 1 1 1 1 1 1 1 1 0]
2025-06-29 12:52:19,154 DEBUG player_0: [1 1 1 1 0 0 0 0 1 1 0]
2025-06-29 12:52:19,155 DEBUG player_1: [1 1 1 1 1 1 1 1 1 1 0]
2025-06-29 12:52:19,275 DEBUG player_0: [1 1 1 1 0 0 0 0 1 1 0]
2025-06-29 12:52:19,275 DEBUG player_1: [1 0 0 0 0 0 0 0 0 0 0]
2025-06-29 12:52:19,388 DEBUG player_0: [1 1 1 1 0 0 0 0 1 1 0]
2025-06-29 12:52:19,389 DEBUG player_1: [1 1 1 1 1 1 1 1 1 1 0]
2025-06-29 12:52:19,504 DEBUG player_0: [1 1 1 1 0 0 0 0 1 1 0]
2025-06-29 12:52:19,505 DEBUG player_1: [1 1 1 1 1 1 1 1 1 1 0]
2025-06-29 12:52:19,627 DEBUG player_0: [1 0 0 0 0 0 0 0 0 0 0]
2025-06-29 12:52:19,628 DEBUG player_1: [1 0 0 0 0 0 0 0 0 0 0]
2025-06-29 12:52:19,753 DEBUG player_0: [1 1 1 1 0 0 0 0 1 1 0]
2025-06-29 12:52:19,754 DEBUG player_1: [1 1 1 1 1 1 1 1 1 1 0]
2025-06-29 12:52:19,876 DEBUG player_0: [1 1 1 1 0 0 0 0 1 1 0]
2025-06-29 12:52:19,877 DEBUG player_1: [1 1 1 1 1 1 1 1 1 1 0]
2025-06-29 12:52:20,003 DEBUG player_0: [1 1 1 1 0 0 0 0 1 1 0]
2025-06-29 12:52:20,004 DEBUG player_1: [1 1 1 1 1 1 1 1 1 1 0]
2025-06-29 12:52:20,547 DEBUG player_0: [0 0 0 0 0 0 0 0 1 1 0]
2025-06-29 12:52:20,548 DEBUG player_1: [0 0 0 0 0 0 0 0 1 1 0]
2025-06-29 12:52:20,672 DEBUG player_0: [1 1 1 1 0 0 0 0 1 1 0]
2025-06-29 12:52:20,673 DEBUG player_1: [1 1 1 1 1 1 1 1 1 0 0]
2025-06-29 12:52:21,206 DEBUG player_0: [0 0 0 0 0 0 0 0 1 1 0]
2025-06-29 12:52:21,206 DEBUG player_1: [0 0 0 0 0 0 0 0 1 0 0]
2025-06-29 12:52:21,325 DEBUG player_0: [1 1 1 1 0 0 0 0 1 0 0]
2025-06-29 12:52:21,326 DEBUG player_1: [1 1 1 1 1 1 1 1 1 0 0]
2025-06-29 12:52:21,447 DEBUG player_0: [1 0 0 0 0 0 0 0 0 0 0]
2025-06-29 12:52:21,448 DEBUG player_1: [1 1 1 1 1 1 1 1 1 0 0]
2025-06-29 12:52:21,577 DEBUG player_0: [1 1 1 1 0 0 0 0 1 0 0]
2025-06-29 12:52:21,578 DEBUG player_1: [1 1 1 1 1 1 1 1 1 0 0]
2025-06-29 12:52:21,699 DEBUG player_0: [1 0 0 0 0 0 0 0 0 0 0]
2025-06-29 12:52:21,699 DEBUG player_1: [1 1 1 1 1 1 1 1 1 0 0]
2025-06-29 12:52:22,234 DEBUG player_0: [0 0 0 0 0 0 0 0 1 0 0]
2025-06-29 12:52:22,235 DEBUG player_1: [0 0 0 0 0 0 0 0 1 0 0]
2025-06-29 12:52:22,355 DEBUG player_0: [1 1 1 1 0 0 0 0 0 0 0]
2025-06-29 12:52:22,356 DEBUG player_1: [1 1 1 1 1 1 1 1 1 0 0]
2025-06-29 12:52:22,485 DEBUG player_0: [1 1 1 1 0 0 0 0 0 0 0]
2025-06-29 12:52:22,486 DEBUG player_1: [1 1 1 1 1 1 1 1 1 0 0]
2025-06-29 12:52:22,610 DEBUG player_0: [1 1 1 1 0 0 0 0 0 0 0]
2025-06-29 12:52:22,611 DEBUG player_1: [1 1 1 1 0 0 0 0 1 0 0]
2025-06-29 12:52:22,733 DEBUG player_0: [1 1 1 1 0 0 0 0 0 0 0]
2025-06-29 12:52:22,734 DEBUG player_1: [1 1 1 1 0 0 0 0 1 0 0]
2025-06-29 12:52:23,269 DEBUG player_0: [0 0 0 0 0 0 0 0 0 0 0]
2025-06-29 12:52:23,270 DEBUG player_1: [0 0 0 0 0 0 0 0 1 0 0]
2025-06-29 12:52:23,383 DEBUG player_0: [1 1 1 1 0 0 0 0 0 0 0]
2025-06-29 12:52:23,384 DEBUG player_1: [1 1 1 1 0 0 0 0 0 0 0]
2025-06-29 12:52:23,641 DEBUG player_0: [1 1 1 1 1 1 1 1 1 1 0]
2025-06-29 12:52:23,642 DEBUG player_1: [1 1 1 1 1 1 1 1 1 1 0]
2025-06-29 12:52:23,756 DEBUG player_0: [1 1 1 1 1 1 1 1 1 1 0]
2025-06-29 12:52:23,756 DEBUG player_1: [1 1 1 1 1 1 1 1 1 1 0]
2025-06-29 12:52:23,870 DEBUG player_0: [1 1 1 1 1 1 1 1 1 1 0]
2025-06-29 12:52:23,871 DEBUG player_1: [1 1 1 1 1 1 1 1 1 1 0]
2025-06-29 12:52:23,987 DEBUG player_0: [1 1 1 1 0 0 0 0 1 1 0]
2025-06-29 12:52:23,988 DEBUG player_1: [1 1 1 1 1 1 1 1 1 1 0]
2025-06-29 12:52:24,105 DEBUG player_0: [1 1 1 1 0 0 0 0 1 1 0]
2025-06-29 12:52:24,106 DEBUG player_1: [1 1 1 1 1 1 1 1 1 1 0]
2025-06-29 12:52:24,224 DEBUG player_0: [1 1 1 1 0 0 0 0 1 1 0]
2025-06-29 12:52:24,225 DEBUG player_1: [1 1 1 1 1 1 1 1 1 1 0]
2025-06-29 12:52:24,337 DEBUG player_0: [1 1 1 1 0 0 0 0 1 1 0]
2025-06-29 12:52:24,338 DEBUG player_1: [1 1 1 1 1 1 1 1 1 1 0]
2025-06-29 12:52:24,874 DEBUG player_0: [0 0 0 0 0 0 0 0 1 1 0]
2025-06-29 12:52:24,875 DEBUG player_1: [0 0 0 0 0 0 0 0 1 1 0]
2025-06-29 12:52:24,997 DEBUG player_0: [1 1 1 1 0 0 0 0 1 0 0]
2025-06-29 12:52:24,998 DEBUG player_1: [1 1 1 1 1 1 1 1 1 1 0]
2025-06-29 12:52:25,135 DEBUG player_0: [1 1 1 1 0 0 0 0 1 0 0]
2025-06-29 12:52:25,136 DEBUG player_1: [1 1 1 1 1 1 1 1 1 1 0]
2025-06-29 12:52:25,260 DEBUG player_0: [0 0 0 1 0 0 0 0 0 0 0]
2025-06-29 12:52:25,262 DEBUG player_1: [1 1 1 1 1 1 1 1 1 1 0]
2025-06-29 12:52:25,388 DEBUG player_0: [1 1 1 1 0 0 0 0 1 0 0]
2025-06-29 12:52:25,389 DEBUG player_1: [1 1 1 1 1 1 1 1 1 1 0]
2025-06-29 12:52:25,518 DEBUG player_0: [1 1 1 1 0 0 0 0 1 0 0]
2025-06-29 12:52:25,519 DEBUG player_1: [1 1 1 1 1 1 1 1 1 1 0]
2025-06-29 12:52:25,646 DEBUG player_0: [1 1 1 1 0 0 0 0 1 0 0]
2025-06-29 12:52:25,647 DEBUG player_1: [1 1 1 1 0 0 0 0 1 1 0]
2025-06-29 12:52:25,766 DEBUG player_0: [1 1 1 1 0 0 0 0 1 0 0]
2025-06-29 12:52:25,767 DEBUG player_1: [1 1 1 1 0 0 0 0 1 1 0]
2025-06-29 12:52:26,303 DEBUG player_0: [0 0 0 0 0 0 0 0 1 0 0]
2025-06-29 12:52:26,304 DEBUG player_1: [0 0 0 0 0 0 0 0 1 1 0]
2025-06-29 12:52:26,427 DEBUG player_0: [1 1 1 1 0 0 0 0 1 0 0]
2025-06-29 12:52:26,428 DEBUG player_1: [1 1 1 1 0 0 0 0 1 1 0]
2025-06-29 12:52:26,550 DEBUG player_0: [1 1 1 1 0 0 0 0 1 0 0]
2025-06-29 12:52:26,550 DEBUG player_1: [1 1 1 1 0 0 0 0 1 1 0]
2025-06-29 12:52:26,676 DEBUG player_0: [1 1 1 1 0 0 0 0 1 0 0]
2025-06-29 12:52:26,678 DEBUG player_1: [1 1 1 1 0 0 0 0 1 1 0]
2025-06-29 12:52:26,803 DEBUG player_0: [1 1 1 1 0 0 0 0 1 0 0]
2025-06-29 12:52:26,805 DEBUG player_1: [1 1 1 1 0 0 0 0 1 1 0]
2025-06-29 12:52:26,934 DEBUG player_0: [1 1 1 1 0 0 0 0 1 0 0]
2025-06-29 12:52:26,936 DEBUG player_1: [1 1 1 1 0 0 0 0 1 1 0]
2025-06-29 12:52:27,054 DEBUG player_0: [1 1 1 1 0 0 0 0 1 0 0]
2025-06-29 12:52:27,055 DEBUG player_1: [1 1 1 1 0 0 0 0 1 1 0]
2025-06-29 12:52:27,588 DEBUG player_0: [0 0 0 0 0 0 0 0 1 0 0]
2025-06-29 12:52:27,589 DEBUG player_1: [0 0 0 0 0 0 0 0 1 1 0]
2025-06-29 12:52:27,714 DEBUG player_0: [1 1 1 1 0 0 0 0 0 0 0]
2025-06-29 12:52:27,716 DEBUG player_1: [1 1 1 1 0 0 0 0 1 1 0]
2025-06-29 12:52:27,839 DEBUG player_0: [1 1 1 1 0 0 0 0 0 0 0]
2025-06-29 12:52:27,840 DEBUG player_1: [1 1 1 1 0 0 0 0 1 1 0]
2025-06-29 12:52:28,376 DEBUG player_0: [0 0 0 0 0 0 0 0 0 0 0]
2025-06-29 12:52:28,377 DEBUG player_1: [0 0 0 0 0 0 0 0 1 1 0]
2025-06-29 12:52:28,492 DEBUG player_0: [1 1 1 1 0 0 0 0 0 0 0]
2025-06-29 12:52:28,492 DEBUG player_1: [1 1 1 1 0 0 0 0 1 0 0]
2025-06-29 12:52:28,747 DEBUG player_0: [1 1 1 1 1 1 1 1 1 1 0]
2025-06-29 12:52:28,748 DEBUG player_1: [1 1 1 1 1 1 1 1 1 1 0]
2025-06-29 12:52:28,863 DEBUG player_0: [1 1 1 1 1 1 1 1 1 1 0]
2025-06-29 12:52:28,864 DEBUG player_1: [1 0 0 1 0 0 0 0 1 1 0]
2025-06-29 12:52:28,977 DEBUG player_0: [0 0 0 1 0 0 0 0 0 0 0]
2025-06-29 12:52:28,978 DEBUG player_1: [1 1 1 1 0 0 0 0 1 1 0]
2025-06-29 12:52:29,089 DEBUG player_0: [1 1 1 1 1 1 1 1 1 1 0]
2025-06-29 12:52:29,090 DEBUG player_1: [1 0 0 0 0 0 0 0 0 0 0]
2025-06-29 12:52:29,214 DEBUG player_0: [1 1 1 1 1 1 1 1 1 1 0]
2025-06-29 12:52:29,215 DEBUG player_1: [1 1 1 1 0 0 0 0 1 1 0]
2025-06-29 12:52:29,334 DEBUG player_0: [1 1 1 1 1 1 1 1 1 1 0]
2025-06-29 12:52:29,335 DEBUG player_1: [1 1 1 1 0 0 0 0 1 1 0]
2025-06-29 12:52:29,448 DEBUG player_0: [1 1 1 1 1 1 1 1 1 1 0]
2025-06-29 12:52:29,449 DEBUG player_1: [1 1 1 1 0 0 0 0 1 1 0]
2025-06-29 12:52:29,980 DEBUG player_0: [0 0 0 0 0 0 0 0 1 1 0]
2025-06-29 12:52:29,981 DEBUG player_1: [0 0 0 0 0 0 0 0 1 1 0]
2025-06-29 12:52:30,105 DEBUG player_0: [1 1 1 1 1 1 1 1 1 1 0]
2025-06-29 12:52:30,107 DEBUG player_1: [1 1 1 1 0 0 0 0 1 0 0]
2025-06-29 12:52:30,231 DEBUG player_0: [1 1 1 1 1 1 1 1 1 1 0]
2025-06-29 12:52:30,232 DEBUG player_1: [1 1 1 1 0 0 0 0 1 0 0]
2025-06-29 12:52:30,358 DEBUG player_0: [1 1 1 1 1 1 1 1 1 1 0]
2025-06-29 12:52:30,359 DEBUG player_1: [1 1 1 1 0 0 0 0 1 0 0]
2025-06-29 12:52:30,483 DEBUG player_0: [1 1 1 1 1 1 1 1 1 1 0]
2025-06-29 12:52:30,484 DEBUG player_1: [1 1 1 1 0 0 0 0 1 0 0]
2025-06-29 12:52:30,605 DEBUG player_0: [1 1 1 1 1 1 1 1 1 1 0]
2025-06-29 12:52:30,606 DEBUG player_1: [1 1 1 1 0 0 0 0 1 0 0]
2025-06-29 12:52:30,731 DEBUG player_0: [1 1 1 1 1 1 1 1 1 1 0]
2025-06-29 12:52:30,732 DEBUG player_1: [1 1 1 1 0 0 0 0 1 0 0]
2025-06-29 12:52:30,858 DEBUG player_0: [1 1 1 1 0 0 0 0 1 1 0]
2025-06-29 12:52:30,859 DEBUG player_1: [1 1 1 1 0 0 0 0 1 0 0]
2025-06-29 12:52:30,988 DEBUG player_0: [1 1 0 1 0 0 0 0 1 1 0]
2025-06-29 12:52:30,989 DEBUG player_1: [1 1 1 1 0 0 0 0 1 0 0]
2025-06-29 12:52:31,110 DEBUG player_0: [1 1 0 1 0 0 0 0 1 1 0]
2025-06-29 12:52:31,111 DEBUG player_1: [1 1 1 1 0 0 0 0 1 0 0]
2025-06-29 12:52:31,232 DEBUG player_0: [1 1 1 1 0 0 0 0 1 1 0]
2025-06-29 12:52:31,233 DEBUG player_1: [1 1 1 1 0 0 0 0 1 0 0]
2025-06-29 12:52:31,355 DEBUG player_0: [1 1 1 1 0 0 0 0 1 1 0]
2025-06-29 12:52:31,356 DEBUG player_1: [0 0 0 1 0 0 0 0 0 0 0]
2025-06-29 12:52:31,472 DEBUG player_0: [1 0 0 0 0 0 0 0 0 0 0]
2025-06-29 12:52:31,472 DEBUG player_1: [1 1 1 1 0 0 0 0 1 0 0]
2025-06-29 12:52:32,005 DEBUG player_0: [0 0 0 0 0 0 0 0 1 1 0]
2025-06-29 12:52:32,006 DEBUG player_1: [0 0 0 0 0 0 0 0 1 0 0]
2025-06-29 12:52:32,131 DEBUG player_0: [1 0 0 0 0 0 0 0 1 1 0]
2025-06-29 12:52:32,133 DEBUG player_1: [1 1 1 1 0 0 0 0 0 0 0]
2025-06-29 12:52:32,252 DEBUG player_0: [1 1 0 1 0 0 0 0 1 1 0]
2025-06-29 12:52:32,253 DEBUG player_1: [1 1 1 1 0 0 0 0 0 0 0]
2025-06-29 12:52:32,378 DEBUG player_0: [1 1 0 1 0 0 0 0 1 1 0]
2025-06-29 12:52:32,379 DEBUG player_1: [1 1 1 1 0 0 0 0 0 0 0]
2025-06-29 12:52:32,502 DEBUG player_0: [1 1 0 1 0 0 0 0 1 1 0]
2025-06-29 12:52:32,503 DEBUG player_1: [1 1 1 1 0 0 0 0 0 0 0]
2025-06-29 12:52:32,625 DEBUG player_0: [1 1 1 1 0 0 0 0 1 1 0]
2025-06-29 12:52:32,626 DEBUG player_1: [1 1 1 1 0 0 0 0 0 0 0]
2025-06-29 12:52:32,745 DEBUG player_0: [1 1 1 1 0 0 0 0 1 1 0]
2025-06-29 12:52:32,746 DEBUG player_1: [1 1 1 1 0 0 0 0 0 0 0]
2025-06-29 12:52:32,867 DEBUG player_0: [1 1 1 1 0 0 0 0 1 1 0]
2025-06-29 12:52:32,868 DEBUG player_1: [1 1 1 1 0 0 0 0 0 0 0]
2025-06-29 12:52:32,988 DEBUG player_0: [1 1 1 1 0 0 0 0 1 1 0]
2025-06-29 12:52:32,989 DEBUG player_1: [1 1 1 1 0 0 0 0 0 0 0]
2025-06-29 12:52:33,112 DEBUG player_0: [1 1 1 1 0 0 0 0 1 1 0]
2025-06-29 12:52:33,113 DEBUG player_1: [1 1 1 1 0 0 0 0 0 0 0]
2025-06-29 12:52:33,237 DEBUG player_0: [0 0 0 1 0 0 0 0 0 0 0]
2025-06-29 12:52:33,238 DEBUG player_1: [1 1 1 1 0 0 0 0 0 0 0]
2025-06-29 12:52:33,363 DEBUG player_0: [1 1 1 1 0 0 0 0 1 1 0]
2025-06-29 12:52:33,364 DEBUG player_1: [1 1 1 1 0 0 0 0 0 0 0]
2025-06-29 12:52:33,489 DEBUG player_0: [1 1 0 1 0 0 0 0 1 1 0]
2025-06-29 12:52:33,490 DEBUG player_1: [1 1 1 1 0 0 0 0 0 0 0]
2025-06-29 12:52:33,611 DEBUG player_0: [1 1 1 1 0 0 0 0 1 1 0]
2025-06-29 12:52:33,612 DEBUG player_1: [1 1 1 1 0 0 0 0 0 0 0]
2025-06-29 12:52:33,731 DEBUG player_0: [1 1 0 1 0 0 0 0 1 1 0]
2025-06-29 12:52:33,732 DEBUG player_1: [1 1 1 1 0 0 0 0 0 0 0]
2025-06-29 12:52:33,848 DEBUG player_0: [1 1 0 1 0 0 0 0 1 1 0]
2025-06-29 12:52:33,849 DEBUG player_1: [1 1 1 1 0 0 0 0 0 0 0]
2025-06-29 12:52:33,962 DEBUG player_0: [1 1 1 1 0 0 0 0 1 1 0]
2025-06-29 12:52:33,963 DEBUG player_1: [1 1 1 1 0 0 0 0 0 0 0]
2025-06-29 12:52:34,073 DEBUG player_0: [1 1 1 1 0 0 0 0 1 1 0]
2025-06-29 12:52:34,074 DEBUG player_1: [1 1 1 1 0 0 0 0 0 0 0]
2025-06-29 12:52:34,186 DEBUG player_0: [1 0 0 0 0 0 0 0 0 0 0]
2025-06-29 12:52:34,186 DEBUG player_1: [1 1 1 1 0 0 0 0 0 0 0]
2025-06-29 12:52:34,298 DEBUG player_0: [1 1 1 1 0 0 0 0 1 1 0]
2025-06-29 12:52:34,298 DEBUG player_1: [1 1 1 1 0 0 0 0 0 0 0]
2025-06-29 12:52:34,411 DEBUG player_0: [1 1 1 1 0 0 0 0 1 1 0]
2025-06-29 12:52:34,412 DEBUG player_1: [1 1 1 1 0 0 0 0 0 0 0]
2025-06-29 12:52:34,527 DEBUG player_0: [1 1 1 1 0 0 0 0 1 1 0]
2025-06-29 12:52:34,527 DEBUG player_1: [1 1 1 1 0 0 0 0 0 0 0]
2025-06-29 12:52:34,646 DEBUG player_0: [1 1 1 1 0 0 0 0 1 1 0]
2025-06-29 12:52:34,647 DEBUG player_1: [1 1 1 1 0 0 0 0 0 0 0]
2025-06-29 12:52:34,769 DEBUG player_0: [1 1 1 1 0 0 0 0 1 1 0]
2025-06-29 12:52:34,770 DEBUG player_1: [1 1 1 1 0 0 0 0 0 0 0]
2025-06-29 12:52:34,894 DEBUG player_0: [0 0 0 1 0 0 0 0 0 0 0]
2025-06-29 12:52:34,895 DEBUG player_1: [1 1 1 1 0 0 0 0 0 0 0]
2025-06-29 12:52:35,019 DEBUG player_0: [1 1 1 1 0 0 0 0 1 1 0]
2025-06-29 12:52:35,021 DEBUG player_1: [1 1 0 1 0 0 0 0 0 0 0]
2025-06-29 12:52:35,138 DEBUG player_0: [1 1 1 1 0 0 0 0 1 1 0]
2025-06-29 12:52:35,139 DEBUG player_1: [1 1 0 1 0 0 0 0 0 0 0]
2025-06-29 12:52:35,672 DEBUG player_0: [0 0 0 0 0 0 0 0 1 1 0]
2025-06-29 12:52:35,673 DEBUG player_1: [0 0 0 0 0 0 0 0 0 0 0]
2025-06-29 12:52:35,794 DEBUG player_0: [1 1 1 1 0 0 0 0 1 0 0]
2025-06-29 12:52:35,795 DEBUG player_1: [1 1 0 1 0 0 0 0 0 0 0]
2025-06-29 12:52:35,916 DEBUG player_0: [1 1 1 1 0 0 0 0 1 0 0]
2025-06-29 12:52:35,917 DEBUG player_1: [1 1 0 1 0 0 0 0 0 0 0]
2025-06-29 12:52:36,039 DEBUG player_0: [1 1 1 1 0 0 0 0 1 0 0]
2025-06-29 12:52:36,040 DEBUG player_1: [1 1 0 1 0 0 0 0 0 0 0]
2025-06-29 12:52:36,162 DEBUG player_0: [1 1 0 1 0 0 0 0 1 0 0]
2025-06-29 12:52:36,162 DEBUG player_1: [1 1 0 1 0 0 0 0 0 0 0]
2025-06-29 12:52:36,287 DEBUG player_0: [1 1 1 1 0 0 0 0 1 0 0]
2025-06-29 12:52:36,288 DEBUG player_1: [1 1 0 1 0 0 0 0 0 0 0]
2025-06-29 12:52:36,413 DEBUG player_0: [1 1 1 1 0 0 0 0 1 0 0]
2025-06-29 12:52:36,415 DEBUG player_1: [1 1 0 1 0 0 0 0 0 0 0]
2025-06-29 12:52:36,534 DEBUG player_0: [1 1 1 1 0 0 0 0 1 0 0]
2025-06-29 12:52:36,535 DEBUG player_1: [1 1 0 1 0 0 0 0 0 0 0]
2025-06-29 12:52:36,659 DEBUG player_0: [1 1 1 1 0 0 0 0 1 0 0]
2025-06-29 12:52:36,661 DEBUG player_1: [1 1 0 1 0 0 0 0 0 0 0]
2025-06-29 12:52:36,782 DEBUG player_0: [1 1 1 1 0 0 0 0 1 0 0]
2025-06-29 12:52:36,783 DEBUG player_1: [1 1 0 1 0 0 0 0 0 0 0]
2025-06-29 12:52:36,904 DEBUG player_0: [1 1 0 1 0 0 0 0 1 0 0]
2025-06-29 12:52:36,905 DEBUG player_1: [1 1 0 1 0 0 0 0 0 0 0]
2025-06-29 12:52:37,024 DEBUG player_0: [1 1 1 1 0 0 0 0 1 0 0]
2025-06-29 12:52:37,024 DEBUG player_1: [1 1 0 1 0 0 0 0 0 0 0]
2025-06-29 12:52:37,146 DEBUG player_0: [1 1 0 1 0 0 0 0 1 0 0]
2025-06-29 12:52:37,147 DEBUG player_1: [1 0 0 1 0 0 0 0 0 0 0]
2025-06-29 12:52:37,271 DEBUG player_0: [1 1 0 1 0 0 0 0 1 0 0]
2025-06-29 12:52:37,272 DEBUG player_1: [1 0 0 1 0 0 0 0 0 0 0]
2025-06-29 12:52:37,396 DEBUG player_0: [1 1 1 1 0 0 0 0 1 0 0]
2025-06-29 12:52:37,397 DEBUG player_1: [1 0 0 1 0 0 0 0 0 0 0]
2025-06-29 12:52:37,929 DEBUG player_0: [0 0 0 0 0 0 0 0 1 0 0]
2025-06-29 12:52:37,930 DEBUG player_1: [0 0 0 0 0 0 0 0 0 0 0]
2025-06-29 12:52:38,047 DEBUG player_0: [1 1 0 1 0 0 0 0 0 0 0]
2025-06-29 12:52:38,048 DEBUG player_1: [1 0 0 1 0 0 0 0 0 0 0]
2025-06-29 12:52:38,170 DEBUG player_0: [1 1 0 1 0 0 0 0 0 0 0]
2025-06-29 12:52:38,172 DEBUG player_1: [1 0 0 1 0 0 0 0 0 0 0]
2025-06-29 12:52:38,447 DEBUG player_0: [1 1 1 1 1 1 1 1 1 1 0]
2025-06-29 12:52:38,448 DEBUG player_1: [1 1 1 1 1 1 1 1 1 1 0]
2025-06-29 12:52:38,568 DEBUG player_0: [1 1 1 1 1 1 1 1 1 1 0]
2025-06-29 12:52:38,569 DEBUG player_1: [1 0 0 1 0 0 0 0 1 1 0]
2025-06-29 12:52:38,697 DEBUG player_0: [1 1 1 1 1 1 1 1 1 1 0]
2025-06-29 12:52:38,698 DEBUG player_1: [1 0 0 1 0 0 0 0 1 1 0]
2025-06-29 12:52:38,827 DEBUG player_0: [1 1 1 1 1 1 1 1 1 1 0]
2025-06-29 12:52:38,828 DEBUG player_1: [1 1 1 1 0 0 0 0 1 1 0]
2025-06-29 12:52:38,947 DEBUG player_0: [1 1 1 1 1 1 1 1 1 1 0]
2025-06-29 12:52:38,948 DEBUG player_1: [1 0 1 1 0 0 0 0 1 1 0]
2025-06-29 12:52:39,473 DEBUG player_0: [0 0 0 0 0 0 0 0 1 1 0]
2025-06-29 12:52:39,474 DEBUG player_1: [0 0 0 0 0 0 0 0 1 1 0]
2025-06-29 12:52:39,595 DEBUG player_0: [1 1 1 1 1 1 1 1 1 0 0]
2025-06-29 12:52:39,596 DEBUG player_1: [1 0 1 1 0 0 0 0 1 1 0]
2025-06-29 12:52:39,725 DEBUG player_0: [1 1 1 1 1 1 1 1 1 0 0]
2025-06-29 12:52:39,726 DEBUG player_1: [1 0 1 1 0 0 0 0 1 1 0]
2025-06-29 12:52:39,848 DEBUG player_0: [1 1 1 1 1 1 1 1 1 0 0]
2025-06-29 12:52:39,849 DEBUG player_1: [1 1 1 1 0 0 0 0 1 1 0]
2025-06-29 12:52:39,973 DEBUG player_0: [1 0 0 0 0 0 0 0 0 0 0]
2025-06-29 12:52:39,974 DEBUG player_1: [1 1 1 1 0 0 0 0 1 1 0]
2025-06-29 12:52:40,105 DEBUG player_0: [1 1 1 1 1 1 1 1 1 0 0]
2025-06-29 12:52:40,106 DEBUG player_1: [1 1 1 1 0 0 0 0 1 1 0]
2025-06-29 12:52:40,228 DEBUG player_0: [1 1 1 1 1 1 1 1 1 0 0]
2025-06-29 12:52:40,229 DEBUG player_1: [1 1 1 1 0 0 0 0 1 1 0]
2025-06-29 12:52:40,358 DEBUG player_0: [1 1 1 1 1 1 1 1 1 0 0]
2025-06-29 12:52:40,359 DEBUG player_1: [1 1 1 1 0 0 0 0 1 1 0]
2025-06-29 12:52:40,486 DEBUG player_0: [1 1 1 1 1 1 1 1 1 0 0]
2025-06-29 12:52:40,487 DEBUG player_1: [1 1 1 1 0 0 0 0 1 1 0]
2025-06-29 12:52:40,612 DEBUG player_0: [1 1 1 1 0 0 0 0 1 0 0]
2025-06-29 12:52:40,613 DEBUG player_1: [0 0 0 1 0 0 0 0 0 0 0]
2025-06-29 12:52:41,152 DEBUG player_0: [0 0 0 0 0 0 0 0 1 0 0]
2025-06-29 12:52:41,153 DEBUG player_1: [0 0 0 0 0 0 0 0 1 1 0]
2025-06-29 12:52:41,268 DEBUG player_0: [1 1 0 1 0 0 0 0 1 0 0]
2025-06-29 12:52:41,269 DEBUG player_1: [1 1 1 1 0 0 0 0 1 0 0]
2025-06-29 12:52:41,385 DEBUG player_0: [1 1 1 1 0 0 0 0 1 0 0]
2025-06-29 12:52:41,386 DEBUG player_1: [1 1 1 1 0 0 0 0 1 0 0]
2025-06-29 12:52:41,925 DEBUG player_0: [0 0 0 0 0 0 0 0 1 0 0]
2025-06-29 12:52:41,926 DEBUG player_1: [0 0 0 0 0 0 0 0 1 0 0]
2025-06-29 12:52:42,460 DEBUG player_0: [0 0 0 0 0 0 0 0 1 0 0]
2025-06-29 12:52:42,461 DEBUG player_1: [0 0 0 0 0 0 0 0 1 0 0]
2025-06-29 12:52:42,582 DEBUG player_0: [1 1 0 1 0 0 0 0 0 0 0]
2025-06-29 12:52:42,583 DEBUG player_1: [1 1 1 1 0 0 0 0 1 0 0]
2025-06-29 12:52:42,704 DEBUG player_0: [1 1 0 1 0 0 0 0 0 0 0]
2025-06-29 12:52:42,704 DEBUG player_1: [1 1 1 1 0 0 0 0 1 0 0]
2025-06-29 12:52:43,243 DEBUG player_0: [0 0 0 0 0 0 0 0 0 0 0]
2025-06-29 12:52:43,244 DEBUG player_1: [0 0 0 0 0 0 0 0 1 0 0]
2025-06-29 12:52:43,365 DEBUG player_0: [1 1 0 1 0 0 0 0 0 0 0]
2025-06-29 12:52:43,366 DEBUG player_1: [1 1 1 1 0 0 0 0 0 0 0]
2025-06-29 12:52:43,492 DEBUG player_0: [1 1 0 1 0 0 0 0 0 0 0]
2025-06-29 12:52:43,493 DEBUG player_1: [1 1 1 1 0 0 0 0 0 0 0]
2025-06-29 12:52:43,763 DEBUG player_0: [1 1 1 1 1 1 1 1 1 1 0]
2025-06-29 12:52:43,764 DEBUG player_1: [1 1 1 1 1 1 1 1 1 1 0]
2025-06-29 12:52:43,885 DEBUG player_0: [1 1 1 1 1 1 1 1 1 1 0]
2025-06-29 12:52:43,886 DEBUG player_1: [1 1 1 1 1 1 1 1 1 1 0]
2025-06-29 12:52:44,014 DEBUG player_0: [1 1 1 1 1 1 1 1 1 1 0]
2025-06-29 12:52:44,015 DEBUG player_1: [1 0 1 1 1 0 1 1 1 1 0]
2025-06-29 12:52:44,143 DEBUG player_0: [1 1 1 1 1 1 1 1 1 1 0]
2025-06-29 12:52:44,144 DEBUG player_1: [1 0 1 1 1 0 1 1 1 1 0]
2025-06-29 12:52:44,678 DEBUG player_0: [0 0 0 0 0 0 0 0 1 1 0]
2025-06-29 12:52:44,680 DEBUG player_1: [0 0 0 0 0 0 0 0 1 1 0]
2025-06-29 12:52:44,805 DEBUG player_0: [1 1 1 1 1 1 1 1 1 0 0]
2025-06-29 12:52:44,806 DEBUG player_1: [1 1 1 1 1 1 1 1 1 1 0]
2025-06-29 12:52:44,931 DEBUG player_0: [1 1 1 1 1 1 1 1 1 0 0]
2025-06-29 12:52:44,933 DEBUG player_1: [1 1 1 1 1 1 1 1 1 1 0]
2025-06-29 12:52:45,475 DEBUG player_0: [0 0 0 0 0 0 0 0 1 0 0]
2025-06-29 12:52:45,476 DEBUG player_1: [0 0 0 0 0 0 0 0 1 1 0]
2025-06-29 12:52:45,597 DEBUG player_0: [1 1 1 1 1 1 1 1 1 0 0]
2025-06-29 12:52:45,599 DEBUG player_1: [1 1 1 1 0 0 0 0 1 0 0]
2025-06-29 12:52:45,724 DEBUG player_0: [1 1 1 1 0 0 0 0 1 0 0]
2025-06-29 12:52:45,725 DEBUG player_1: [1 1 1 1 0 0 0 0 1 0 0]
2025-06-29 12:52:45,848 DEBUG player_0: [1 1 1 1 0 0 0 0 1 0 0]
2025-06-29 12:52:45,849 DEBUG player_1: [1 1 1 1 0 0 0 0 1 0 0]
2025-06-29 12:52:45,981 DEBUG player_0: [1 1 1 1 0 0 0 0 1 0 0]
2025-06-29 12:52:45,982 DEBUG player_1: [1 1 1 1 0 0 0 0 1 0 0]
2025-06-29 12:52:46,525 DEBUG player_0: [0 0 0 0 0 0 0 0 1 0 0]
2025-06-29 12:52:46,526 DEBUG player_1: [0 0 0 0 0 0 0 0 1 0 0]
2025-06-29 12:52:46,647 DEBUG player_0: [1 1 1 1 0 0 0 0 0 0 0]
2025-06-29 12:52:46,648 DEBUG player_1: [1 1 1 1 0 0 0 0 1 0 0]
2025-06-29 12:52:46,769 DEBUG player_0: [1 1 1 1 0 0 0 0 0 0 0]
2025-06-29 12:52:46,769 DEBUG player_1: [1 1 1 1 0 0 0 0 1 0 0]
2025-06-29 12:52:47,032 DEBUG player_0: [1 1 1 1 1 1 1 1 1 1 0]
2025-06-29 12:52:47,034 DEBUG player_1: [1 1 1 1 1 1 1 1 1 1 0]
2025-06-29 12:52:47,159 DEBUG player_0: [1 1 1 1 1 1 1 1 1 1 0]
2025-06-29 12:52:47,160 DEBUG player_1: [1 1 1 1 1 1 1 1 1 1 0]
2025-06-29 12:52:47,284 DEBUG player_0: [0 0 0 1 0 0 0 0 0 0 0]
2025-06-29 12:52:47,285 DEBUG player_1: [1 1 1 1 1 1 1 1 1 1 0]
2025-06-29 12:52:47,413 DEBUG player_0: [1 1 1 1 0 0 0 0 1 1 0]
2025-06-29 12:52:47,414 DEBUG player_1: [1 1 1 1 1 1 1 1 1 1 0]
2025-06-29 12:52:47,954 DEBUG player_0: [0 0 0 0 0 0 0 0 1 1 0]
2025-06-29 12:52:47,955 DEBUG player_1: [0 0 0 0 0 0 0 0 1 1 0]
2025-06-29 12:52:48,086 DEBUG player_0: [1 1 1 1 0 0 0 0 1 0 0]
2025-06-29 12:52:48,087 DEBUG player_1: [1 1 1 1 1 1 1 1 1 1 0]
2025-06-29 12:52:48,214 DEBUG player_0: [1 1 1 1 0 0 0 0 1 0 0]
2025-06-29 12:52:48,215 DEBUG player_1: [1 1 1 1 1 1 1 1 1 1 0]
2025-06-29 12:52:48,341 DEBUG player_0: [1 1 1 1 0 0 0 0 1 0 0]
2025-06-29 12:52:48,342 DEBUG player_1: [1 1 1 1 1 1 1 1 1 1 0]
2025-06-29 12:52:48,467 DEBUG player_0: [1 1 1 1 0 0 0 0 1 0 0]
2025-06-29 12:52:48,469 DEBUG player_1: [1 1 1 1 1 1 1 1 1 1 0]
2025-06-29 12:52:48,599 DEBUG player_0: [1 1 1 1 0 0 0 0 1 0 0]
2025-06-29 12:52:48,600 DEBUG player_1: [1 1 1 1 1 1 1 1 1 1 0]
2025-06-29 12:52:48,723 DEBUG player_0: [1 1 1 1 0 0 0 0 1 0 0]
2025-06-29 12:52:48,724 DEBUG player_1: [1 1 1 1 1 1 1 1 1 1 0]
2025-06-29 12:52:48,848 DEBUG player_0: [1 1 1 1 0 0 0 0 1 0 0]
2025-06-29 12:52:48,849 DEBUG player_1: [1 1 1 1 1 1 1 1 1 1 0]
2025-06-29 12:52:48,972 DEBUG player_0: [1 1 1 1 0 0 0 0 1 0 0]
2025-06-29 12:52:48,973 DEBUG player_1: [1 1 1 1 1 1 1 1 1 1 0]
2025-06-29 12:52:49,095 DEBUG player_0: [1 1 1 1 0 0 0 0 1 0 0]
2025-06-29 12:52:49,096 DEBUG player_1: [1 1 1 1 1 1 1 1 1 1 0]
2025-06-29 12:52:49,222 DEBUG player_0: [1 1 1 1 0 0 0 0 1 0 0]
2025-06-29 12:52:49,223 DEBUG player_1: [1 1 1 1 1 1 1 1 1 1 0]
2025-06-29 12:52:49,340 DEBUG player_0: [1 1 1 1 0 0 0 0 1 0 0]
2025-06-29 12:52:49,340 DEBUG player_1: [1 1 1 1 1 1 1 1 1 1 0]
2025-06-29 12:52:49,453 DEBUG player_0: [1 1 1 1 0 0 0 0 1 0 0]
2025-06-29 12:52:49,454 DEBUG player_1: [1 1 1 1 1 1 1 1 1 1 0]
2025-06-29 12:52:49,571 DEBUG player_0: [1 1 1 1 0 0 0 0 1 0 0]
2025-06-29 12:52:49,572 DEBUG player_1: [1 1 1 1 1 1 1 1 1 1 0]
2025-06-29 12:52:49,689 DEBUG player_0: [1 1 1 1 0 0 0 0 1 0 0]
2025-06-29 12:52:49,690 DEBUG player_1: [1 1 1 1 1 1 1 1 1 1 0]
2025-06-29 12:52:49,814 DEBUG player_0: [1 1 1 1 0 0 0 0 1 0 0]
2025-06-29 12:52:49,815 DEBUG player_1: [1 1 1 1 1 1 1 1 1 1 0]
2025-06-29 12:52:49,833 DEBUG player_0: [0 0 0 0 0 0 0 0 1 0 0]
2025-06-29 12:52:49,834 DEBUG player_1: [0 0 0 0 0 0 0 0 1 1 0]
2025-06-29 12:52:49,955 DEBUG player_0: [1 1 1 1 0 0 0 0 0 0 0]
2025-06-29 12:52:49,956 DEBUG player_1: [1 1 1 1 1 1 1 1 1 0 0]
2025-06-29 12:52:50,496 DEBUG player_0: [0 0 0 0 0 0 0 0 0 0 0]
2025-06-29 12:52:50,497 DEBUG player_1: [0 0 0 0 0 0 0 0 1 0 0]
2025-06-29 12:52:50,619 DEBUG player_0: [1 1 1 1 0 0 0 0 0 0 0]
2025-06-29 12:52:50,620 DEBUG player_1: [1 1 1 1 1 1 1 1 1 0 0]
2025-06-29 12:52:50,743 DEBUG player_0: [1 1 1 1 0 0 0 0 0 0 0]
2025-06-29 12:52:50,744 DEBUG player_1: [1 1 1 1 1 1 1 1 1 0 0]
2025-06-29 12:52:51,281 DEBUG player_0: [0 0 0 0 0 0 0 0 0 0 0]
2025-06-29 12:52:51,282 DEBUG player_1: [0 0 0 0 0 0 0 0 1 0 0]
2025-06-29 12:52:51,401 DEBUG player_0: [1 1 1 1 0 0 0 0 0 0 0]
2025-06-29 12:52:51,402 DEBUG player_1: [1 1 1 1 1 1 1 1 0 0 0]
2025-06-29 12:52:51,521 DEBUG player_0: [1 1 1 1 0 0 0 0 0 0 0]
2025-06-29 12:52:51,522 DEBUG player_1: [1 1 1 1 1 1 1 1 0 0 0]
2025-06-29 12:52:51,651 DEBUG player_0: [1 1 1 1 0 0 0 0 0 0 0]
2025-06-29 12:52:51,652 DEBUG player_1: [1 1 1 1 1 1 1 1 0 0 0]
2025-06-29 12:52:51,771 DEBUG player_0: [1 1 1 1 0 0 0 0 0 0 0]
2025-06-29 12:52:51,771 DEBUG player_1: [1 1 1 1 0 0 0 0 0 0 0]
2025-06-29 12:52:51,885 DEBUG player_0: [1 1 1 1 0 0 0 0 0 0 0]
2025-06-29 12:52:51,885 DEBUG player_1: [1 1 1 1 0 0 0 0 0 0 0]
2025-06-29 12:52:52,007 DEBUG player_0: [1 1 1 1 0 0 0 0 0 0 0]
2025-06-29 12:52:52,008 DEBUG player_1: [1 1 1 1 0 0 0 0 0 0 0]
2025-06-29 12:52:52,126 DEBUG player_0: [1 1 1 1 0 0 0 0 0 0 0]
2025-06-29 12:52:52,127 DEBUG player_1: [1 1 1 1 0 0 0 0 0 0 0]
2025-06-29 12:52:52,243 DEBUG player_0: [1 1 1 1 0 0 0 0 0 0 0]
2025-06-29 12:52:52,243 DEBUG player_1: [1 1 1 1 0 0 0 0 0 0 0]
2025-06-29 12:52:52,366 DEBUG player_0: [1 1 1 1 0 0 0 0 0 0 0]
2025-06-29 12:52:52,367 DEBUG player_1: [1 1 1 1 0 0 0 0 0 0 0]
2025-06-29 12:52:52,484 DEBUG player_0: [1 1 1 1 0 0 0 0 0 0 0]
2025-06-29 12:52:52,486 DEBUG player_1: [1 1 1 1 0 0 0 0 0 0 0]
2025-06-29 12:52:52,611 DEBUG player_0: [1 1 1 1 0 0 0 0 0 0 0]
2025-06-29 12:52:52,612 DEBUG player_1: [1 1 1 1 0 0 0 0 0 0 0]
2025-06-29 12:52:52,737 DEBUG player_0: [1 1 1 1 0 0 0 0 0 0 0]
2025-06-29 12:52:52,738 DEBUG player_1: [1 1 1 1 0 0 0 0 0 0 0]
2025-06-29 12:52:52,861 DEBUG player_0: [1 1 1 1 0 0 0 0 0 0 0]
2025-06-29 12:52:52,862 DEBUG player_1: [1 1 1 1 0 0 0 0 0 0 0]
2025-06-29 12:52:52,982 DEBUG player_0: [1 1 1 1 0 0 0 0 0 0 0]
2025-06-29 12:52:52,983 DEBUG player_1: [1 1 1 1 0 0 0 0 0 0 0]
2025-06-29 12:52:53,111 DEBUG player_0: [1 1 1 1 0 0 0 0 0 0 0]
2025-06-29 12:52:53,112 DEBUG player_1: [1 1 1 1 0 0 0 0 0 0 0]
2025-06-29 12:52:53,239 DEBUG player_0: [1 1 1 1 0 0 0 0 0 0 0]
2025-06-29 12:52:53,240 DEBUG player_1: [1 1 1 1 0 0 0 0 0 0 0]
2025-06-29 12:52:53,361 DEBUG player_0: [1 1 1 1 0 0 0 0 0 0 0]
2025-06-29 12:52:53,362 DEBUG player_1: [1 1 1 1 0 0 0 0 0 0 0]
2025-06-29 12:52:53,478 DEBUG player_0: [1 1 1 1 0 0 0 0 0 0 0]
2025-06-29 12:52:53,479 DEBUG player_1: [1 1 1 1 0 0 0 0 0 0 0]
2025-06-29 12:52:53,596 DEBUG player_0: [1 1 1 1 0 0 0 0 0 0 0]
2025-06-29 12:52:53,596 DEBUG player_1: [1 1 1 1 0 0 0 0 0 0 0]
2025-06-29 12:52:53,716 DEBUG player_0: [1 1 1 1 0 0 0 0 0 0 0]
2025-06-29 12:52:53,717 DEBUG player_1: [1 1 1 1 0 0 0 0 0 0 0]
2025-06-29 12:52:53,841 DEBUG player_0: [1 1 1 1 0 0 0 0 0 0 0]
2025-06-29 12:52:53,841 DEBUG player_1: [1 1 1 1 0 0 0 0 0 0 0]
2025-06-29 12:52:53,964 DEBUG player_0: [1 1 1 1 0 0 0 0 0 0 0]
2025-06-29 12:52:53,965 DEBUG player_1: [1 1 1 1 0 0 0 0 0 0 0]
2025-06-29 12:52:54,086 DEBUG player_0: [1 1 0 1 0 0 0 0 0 0 0]
2025-06-29 12:52:54,086 DEBUG player_1: [1 1 1 1 0 0 0 0 0 0 0]
2025-06-29 12:52:54,205 DEBUG player_0: [1 1 0 1 0 0 0 0 0 0 0]
2025-06-29 12:52:54,206 DEBUG player_1: [1 1 1 1 0 0 0 0 0 0 0]
2025-06-29 12:52:54,320 DEBUG player_0: [1 1 0 1 0 0 0 0 0 0 0]
2025-06-29 12:52:54,321 DEBUG player_1: [1 1 1 1 0 0 0 0 0 0 0]
2025-06-29 12:52:54,432 DEBUG player_0: [1 1 0 1 0 0 0 0 0 0 0]
2025-06-29 12:52:54,433 DEBUG player_1: [1 1 1 1 0 0 0 0 0 0 0]
2025-06-29 12:52:54,547 DEBUG player_0: [1 1 0 1 0 0 0 0 0 0 0]
2025-06-29 12:52:54,548 DEBUG player_1: [1 1 1 1 0 0 0 0 0 0 0]
2025-06-29 12:52:54,673 DEBUG player_0: [1 0 0 0 0 0 0 0 0 0 0]
2025-06-29 12:52:54,674 DEBUG player_1: [1 1 1 1 0 0 0 0 0 0 0]
2025-06-29 12:52:54,800 DEBUG player_0: [1 1 0 1 0 0 0 0 0 0 0]
2025-06-29 12:52:54,801 DEBUG player_1: [1 1 1 1 0 0 0 0 0 0 0]
2025-06-29 12:52:54,925 DEBUG player_0: [1 1 0 1 0 0 0 0 0 0 0]
2025-06-29 12:52:54,926 DEBUG player_1: [1 1 1 1 0 0 0 0 0 0 0]
2025-06-29 12:52:55,044 DEBUG player_0: [1 1 0 1 0 0 0 0 0 0 0]
2025-06-29 12:52:55,045 DEBUG player_1: [1 1 1 1 0 0 0 0 0 0 0]
2025-06-29 12:52:55,164 DEBUG player_0: [1 0 0 0 0 0 0 0 0 0 0]
2025-06-29 12:52:55,166 DEBUG player_1: [1 1 1 1 0 0 0 0 0 0 0]
2025-06-29 12:52:55,296 DEBUG player_0: [1 1 0 1 0 0 0 0 0 0 0]
2025-06-29 12:52:55,297 DEBUG player_1: [1 1 1 1 0 0 0 0 0 0 0]
2025-06-29 12:52:55,423 DEBUG player_0: [1 1 0 1 0 0 0 0 0 0 0]
2025-06-29 12:52:55,424 DEBUG player_1: [1 1 1 1 0 0 0 0 0 0 0]
2025-06-29 12:52:55,547 DEBUG player_0: [1 1 0 1 0 0 0 0 0 0 0]
2025-06-29 12:52:55,548 DEBUG player_1: [1 1 1 1 0 0 0 0 0 0 0]
2025-06-29 12:52:55,671 DEBUG player_0: [1 0 0 0 0 0 0 0 0 0 0]
2025-06-29 12:52:55,672 DEBUG player_1: [1 1 1 1 0 0 0 0 0 0 0]
2025-06-29 12:52:55,800 DEBUG player_0: [1 1 0 1 0 0 0 0 0 0 0]
2025-06-29 12:52:55,800 DEBUG player_1: [1 1 1 1 0 0 0 0 0 0 0]
2025-06-29 12:52:55,915 DEBUG player_0: [1 1 0 1 0 0 0 0 0 0 0]
2025-06-29 12:52:55,916 DEBUG player_1: [1 1 1 1 0 0 0 0 0 0 0]
2025-06-29 12:52:56,035 DEBUG player_0: [1 1 0 1 0 0 0 0 0 0 0]
2025-06-29 12:52:56,036 DEBUG player_1: [1 1 1 1 0 0 0 0 0 0 0]
2025-06-29 12:52:56,162 DEBUG player_0: [1 1 0 1 0 0 0 0 0 0 0]
2025-06-29 12:52:56,163 DEBUG player_1: [1 1 1 1 0 0 0 0 0 0 0]
2025-06-29 12:52:56,284 DEBUG player_0: [1 1 0 1 0 0 0 0 0 0 0]
2025-06-29 12:52:56,286 DEBUG player_1: [1 1 1 1 0 0 0 0 0 0 0]
2025-06-29 12:52:56,407 DEBUG player_0: [1 0 0 0 0 0 0 0 0 0 0]
2025-06-29 12:52:56,408 DEBUG player_1: [1 1 1 1 0 0 0 0 0 0 0]
2025-06-29 12:52:56,427 DEBUG player_0: [1 1 1 1 1 1 1 1 1 1 0]
