2025-06-23 16:56:39,945 INFO Run parameters: {'config': 'C:\\Users\\こう\\Documents\\GitHub\\Maple\\Maple\\config\\train_config.yml', 'episodes': 20, 'save': 'model2.pt', 'tensorboard': False, 'ppo_epochs': 4, 'clip': None, 'gae_lambda': None, 'value_coef': None, 'entropy_coef': None, 'gamma': None, 'parallel': 2}
2025-06-23 16:56:44,474 INFO Episode 1 epoch 1 loss 0.4661
2025-06-23 16:56:44,474 INFO Episode 1 reward 0.00 time/episode: 3.263
2025-06-23 16:56:47,031 INFO Episode 2 epoch 1 loss 0.4803
2025-06-23 16:56:47,032 INFO Episode 2 reward 0.00 time/episode: 2.558
2025-06-23 16:56:49,070 INFO Episode 3 epoch 1 loss -0.1533
2025-06-23 16:56:49,070 INFO Episode 3 reward 2.00 time/episode: 2.038
2025-06-23 16:56:50,931 INFO Episode 4 epoch 1 loss -0.2181
2025-06-23 16:56:50,931 INFO Episode 4 reward 2.00 time/episode: 1.860
2025-06-23 16:56:52,791 INFO Episode 5 epoch 1 loss 0.7412
2025-06-23 16:56:52,791 INFO Episode 5 reward 0.00 time/episode: 1.861
2025-06-23 16:56:54,696 INFO Episode 6 epoch 1 loss 0.3981
2025-06-23 16:56:54,696 INFO Episode 6 reward 0.00 time/episode: 1.905
2025-06-23 16:56:56,433 INFO Episode 7 epoch 1 loss 0.7004
2025-06-23 16:56:56,434 INFO Episode 7 reward 0.00 time/episode: 1.737
2025-06-23 16:56:58,290 INFO Episode 8 epoch 1 loss 1.3919
2025-06-23 16:56:58,291 INFO Episode 8 reward -2.00 time/episode: 1.857
2025-06-23 16:57:00,204 INFO Episode 9 epoch 1 loss 0.6893
2025-06-23 16:57:00,204 INFO Episode 9 reward 0.00 time/episode: 1.914
2025-06-23 16:57:01,662 INFO Episode 10 epoch 1 loss 1.4389
2025-06-23 16:57:01,662 INFO Episode 10 reward -2.00 time/episode: 1.457
2025-06-23 16:57:03,721 INFO Episode 11 epoch 1 loss 1.3287
2025-06-23 16:57:03,721 INFO Episode 11 reward -2.00 time/episode: 2.059
2025-06-23 16:57:05,742 INFO Episode 12 epoch 1 loss 0.4473
2025-06-23 16:57:05,742 INFO Episode 12 reward 0.00 time/episode: 2.021
2025-06-23 16:57:07,208 INFO Episode 13 epoch 1 loss -0.3062
2025-06-23 16:57:07,208 INFO Episode 13 reward 2.00 time/episode: 1.466
2025-06-23 16:57:09,245 INFO Episode 14 epoch 1 loss 0.7942
2025-06-23 16:57:09,245 INFO Episode 14 reward 0.00 time/episode: 2.037
2025-06-23 16:57:10,952 INFO Episode 15 epoch 1 loss 0.8178
2025-06-23 16:57:10,953 INFO Episode 15 reward 0.00 time/episode: 1.707
2025-06-23 16:57:12,490 INFO Episode 16 epoch 1 loss 0.2155
2025-06-23 16:57:12,490 INFO Episode 16 reward 0.00 time/episode: 1.537
2025-06-23 16:57:13,989 INFO Episode 17 epoch 1 loss -0.3161
2025-06-23 16:57:13,989 INFO Episode 17 reward 2.00 time/episode: 1.499
2025-06-23 16:57:15,844 INFO Episode 18 epoch 1 loss 0.5714
2025-06-23 16:57:15,844 INFO Episode 18 reward 0.00 time/episode: 1.855
2025-06-23 16:57:17,272 INFO Episode 19 epoch 1 loss 0.6855
2025-06-23 16:57:17,272 INFO Episode 19 reward 0.00 time/episode: 1.427
2025-06-23 16:57:19,066 INFO Episode 20 epoch 1 loss 1.3493
2025-06-23 16:57:19,067 INFO Episode 20 reward -2.00 time/episode: 1.795
2025-06-23 16:57:19,068 INFO Initial probs: [0.107 0.035 0.077 0.122 0.052 0.151 0.135 0.118 0.128 0.075]
2025-06-23 16:57:19,068 INFO Updated probs: [0.281 0.034 0.026 0.211 0.025 0.018 0.019 0.013 0.237 0.136]
2025-06-23 16:57:19,068 INFO Prob change: [ 0.173 -0.001 -0.051  0.09  -0.027 -0.133 -0.116 -0.105  0.11   0.061]
2025-06-23 16:57:19,078 INFO Model saved to model2.pt
