2025-07-04 08:53:22,305 INFO Run parameters: {'log_level': 'INFO', 'config': '/Users/takagikouichi/Documents/GitHub/Maple/config/train_config.yml', 'episodes': 1, 'save': None, 'tensorboard': False, 'ppo_epochs': None, 'clip': None, 'gae_lambda': None, 'value_coef': None, 'entropy_coef': None, 'gamma': None, 'parallel': 1, 'algo': 'ppo', 'checkpoint_interval': 0, 'checkpoint_dir': 'checkpoints', 'reward': 'composite', 'reward_config': '/Users/takagikouichi/Documents/GitHub/Maple/config/reward.yaml'}
2025-07-04 08:53:24,550 DEBUG player_0: [1 1 1 1 1 1 1 1 1 1 0]
2025-07-04 08:53:24,551 DEBUG player_0: [1 1 1 1 1 1 1 1 1 1 0]
2025-07-04 08:53:24,551 DEBUG player_1: [1 1 1 1 1 1 1 1 1 1 0]
2025-07-04 08:53:24,669 DEBUG player_0: [1 1 1 1 1 1 1 1 1 1 0]
2025-07-04 08:53:24,669 DEBUG player_1: [1 1 1 1 1 1 1 1 1 1 0]
2025-07-04 08:53:24,786 DEBUG player_0: [1 1 1 1 1 1 1 1 1 1 0]
2025-07-04 08:53:24,787 DEBUG player_1: [1 1 1 1 1 1 1 1 1 1 0]
2025-07-04 08:53:24,900 DEBUG player_0: [1 1 1 1 1 1 1 1 1 1 0]
2025-07-04 08:53:24,901 DEBUG player_1: [1 1 1 1 1 1 1 1 1 1 0]
2025-07-04 08:53:25,010 DEBUG player_0: [1 1 1 1 1 1 1 1 1 1 0]
2025-07-04 08:53:25,011 DEBUG player_1: [1 1 1 1 1 1 1 1 1 1 0]
2025-07-04 08:53:25,124 DEBUG player_0: [1 1 1 1 1 1 1 1 1 1 0]
2025-07-04 08:53:25,125 DEBUG player_1: [1 1 1 1 1 1 1 1 1 1 0]
2025-07-04 08:53:25,238 DEBUG player_0: [1 1 1 1 1 1 1 1 1 1 0]
2025-07-04 08:53:25,238 DEBUG player_1: [1 1 1 1 1 1 1 1 1 1 0]
2025-07-04 08:53:25,353 DEBUG player_0: [1 1 1 1 1 1 1 1 1 1 0]
2025-07-04 08:53:25,353 DEBUG player_1: [1 1 1 1 1 1 1 1 1 1 0]
2025-07-04 08:53:25,463 DEBUG player_0: [1 1 1 1 1 1 1 1 1 1 0]
2025-07-04 08:53:25,464 DEBUG player_1: [1 1 1 1 1 1 1 1 1 1 0]
2025-07-04 08:53:25,577 DEBUG player_0: [1 1 1 1 1 1 1 1 1 1 0]
2025-07-04 08:53:25,577 DEBUG player_1: [1 1 1 1 1 1 1 1 1 1 0]
2025-07-04 08:53:25,690 DEBUG player_0: [1 1 1 1 1 1 1 1 1 1 0]
2025-07-04 08:53:25,691 DEBUG player_1: [1 1 1 1 1 1 1 1 1 1 0]
2025-07-04 08:53:25,806 DEBUG player_0: [1 1 1 1 1 1 1 1 1 1 0]
2025-07-04 08:53:25,806 DEBUG player_1: [1 1 1 1 1 1 1 1 1 1 0]
2025-07-04 08:53:25,920 DEBUG player_0: [1 1 1 1 1 1 1 1 1 1 0]
2025-07-04 08:53:25,920 DEBUG player_1: [1 1 1 1 1 1 1 1 1 1 0]
2025-07-04 08:53:26,029 DEBUG player_0: [1 0 0 0 0 0 0 0 0 0 0]
2025-07-04 08:53:26,030 DEBUG player_1: [1 1 1 1 1 1 1 1 1 1 0]
2025-07-04 08:53:26,141 DEBUG player_0: [1 1 1 1 1 1 1 1 1 1 0]
2025-07-04 08:53:26,142 DEBUG player_1: [1 1 1 1 1 1 1 1 1 1 0]
2025-07-04 08:53:26,257 DEBUG player_0: [1 1 1 1 1 1 1 1 1 1 0]
2025-07-04 08:53:26,257 DEBUG player_1: [1 1 1 1 1 1 1 1 1 1 0]
2025-07-04 08:53:26,370 DEBUG player_0: [1 1 1 1 1 1 1 1 1 1 0]
2025-07-04 08:53:26,371 DEBUG player_1: [1 1 1 1 1 1 1 1 1 1 0]
2025-07-04 08:53:26,484 DEBUG player_0: [1 1 1 1 1 1 1 1 1 1 0]
2025-07-04 08:53:26,485 DEBUG player_1: [1 1 1 1 1 1 1 1 1 1 0]
2025-07-04 08:53:26,598 DEBUG player_0: [1 1 1 1 1 1 1 1 1 1 0]
2025-07-04 08:53:26,599 DEBUG player_1: [1 1 1 1 1 1 1 1 1 1 0]
2025-07-04 08:53:26,710 DEBUG player_0: [1 1 1 1 1 1 1 1 1 1 0]
2025-07-04 08:53:26,711 DEBUG player_1: [1 1 1 1 1 1 1 1 1 1 0]
2025-07-04 08:53:26,823 DEBUG player_0: [1 1 1 1 1 1 1 1 1 1 0]
2025-07-04 08:53:26,823 DEBUG player_1: [1 1 1 1 1 1 1 1 1 1 0]
2025-07-04 08:53:26,935 DEBUG player_0: [1 1 1 1 1 1 1 1 1 1 0]
2025-07-04 08:53:26,936 DEBUG player_1: [1 1 1 1 1 1 1 1 1 1 0]
2025-07-04 08:53:27,049 DEBUG player_0: [1 0 0 0 0 0 0 0 0 0 0]
2025-07-04 08:53:27,049 DEBUG player_1: [1 1 1 1 1 1 1 1 1 1 0]
2025-07-04 08:53:27,159 DEBUG player_0: [1 1 1 1 1 1 1 1 1 1 0]
2025-07-04 08:53:27,159 DEBUG player_1: [1 1 1 1 1 1 1 1 1 1 0]
2025-07-04 08:53:27,276 DEBUG player_0: [1 1 1 1 1 1 1 1 1 1 0]
2025-07-04 08:53:27,276 DEBUG player_1: [1 1 1 1 1 1 1 1 1 1 0]
2025-07-04 08:53:27,397 DEBUG player_0: [1 1 1 1 1 1 1 1 1 1 0]
2025-07-04 08:53:27,397 DEBUG player_1: [1 1 1 1 1 1 1 1 1 1 0]
2025-07-04 08:53:27,507 DEBUG player_0: [1 1 1 1 1 1 1 1 1 1 0]
2025-07-04 08:53:27,508 DEBUG player_1: [1 0 1 1 1 0 1 1 1 1 0]
2025-07-04 08:53:27,622 DEBUG player_0: [1 1 1 1 1 1 1 1 1 1 0]
2025-07-04 08:53:27,623 DEBUG player_1: [1 0 1 1 1 0 1 1 1 1 0]
2025-07-04 08:53:27,735 DEBUG player_0: [1 1 1 1 1 1 1 1 1 1 0]
2025-07-04 08:53:27,735 DEBUG player_1: [1 0 1 1 1 0 1 1 1 1 0]
2025-07-04 08:53:27,848 DEBUG player_0: [1 1 1 1 1 1 1 1 1 1 0]
2025-07-04 08:53:27,848 DEBUG player_1: [1 0 0 0 0 0 0 0 0 0 0]
2025-07-04 08:53:27,962 DEBUG player_0: [1 0 0 0 0 0 0 0 0 0 0]
2025-07-04 08:53:27,963 DEBUG player_1: [1 0 1 1 1 0 1 1 1 1 0]
2025-07-04 08:53:28,482 DEBUG player_0: [0 0 0 0 0 0 0 0 1 1 0]
2025-07-04 08:53:28,483 DEBUG player_1: [0 0 0 0 0 0 0 0 1 1 0]
2025-07-04 08:53:28,597 DEBUG player_0: [1 1 1 1 1 1 1 1 1 1 0]
2025-07-04 08:53:28,597 DEBUG player_1: [1 1 1 1 1 1 1 1 1 0 0]
2025-07-04 08:53:29,121 DEBUG player_0: [0 0 0 0 0 0 0 0 1 1 0]
2025-07-04 08:53:29,122 DEBUG player_1: [0 0 0 0 0 0 0 0 1 0 0]
2025-07-04 08:53:29,234 DEBUG player_0: [1 1 1 1 1 1 1 1 1 0 0]
2025-07-04 08:53:29,235 DEBUG player_1: [0 1 0 0 0 1 0 0 1 0 0]
2025-07-04 08:53:29,356 DEBUG player_0: [1 1 1 1 1 1 1 1 1 0 0]
2025-07-04 08:53:29,356 DEBUG player_1: [0 1 0 0 0 1 0 0 1 0 0]
2025-07-04 08:53:29,470 DEBUG player_0: [1 1 1 1 1 1 1 1 1 0 0]
2025-07-04 08:53:29,471 DEBUG player_1: [0 1 0 0 0 1 0 0 1 0 0]
2025-07-04 08:53:29,994 DEBUG player_0: [0 0 0 0 0 0 0 0 1 0 0]
2025-07-04 08:53:29,995 DEBUG player_1: [0 0 0 0 0 0 0 0 1 0 0]
2025-07-04 08:53:30,107 DEBUG player_0: [1 1 1 1 1 1 1 1 1 0 0]
2025-07-04 08:53:30,107 DEBUG player_1: [1 1 1 1 1 1 1 1 0 0 0]
2025-07-04 08:53:30,629 DEBUG player_0: [0 0 0 0 0 0 0 0 1 0 0]
2025-07-04 08:53:30,630 DEBUG player_1: [0 0 0 0 0 0 0 0 0 0 0]
2025-07-04 08:53:30,742 DEBUG player_0: [1 1 1 1 1 1 1 1 0 0 0]
2025-07-04 08:53:30,742 DEBUG player_1: [1 1 1 1 1 1 1 1 0 0 0]
2025-07-04 08:53:30,856 DEBUG player_0: [1 1 1 1 1 1 1 1 0 0 0]
2025-07-04 08:53:30,857 DEBUG player_1: [1 1 1 1 1 1 1 1 0 0 0]
2025-07-04 08:53:30,969 DEBUG player_0: [1 1 1 1 1 1 1 1 0 0 0]
2025-07-04 08:53:30,970 DEBUG player_1: [1 1 1 1 1 1 1 1 0 0 0]
2025-07-04 08:53:31,085 DEBUG player_0: [1 1 1 1 1 1 1 1 0 0 0]
2025-07-04 08:53:31,085 DEBUG player_1: [1 1 1 1 1 1 1 1 0 0 0]
2025-07-04 08:53:31,127 INFO Episode 1 epoch 1 loss 1.3250
2025-07-04 08:53:31,128 INFO Episode 1 epoch 2 loss 1.8646
2025-07-04 08:53:31,130 INFO Episode 1 epoch 3 loss 1.8666
2025-07-04 08:53:31,131 INFO Episode 1 epoch 4 loss 1.8662
2025-07-04 08:53:31,131 INFO Episode 1 reward -0.23 time/episode: 7.977
2025-07-04 08:53:31,131 DEBUG player_0: [1 1 1 1 1 1 1 1 1 1 0]
2025-07-04 08:53:31,131 INFO Initial probs: [6.012e-02 8.007e-01 1.360e-01 3.143e-04 5.467e-06 5.589e-07 1.686e-05
 2.392e-03 7.816e-05 3.287e-04 0.000e+00]
2025-07-04 08:53:31,132 INFO Updated probs: [1.881e-03 2.067e-12 9.909e-01 2.197e-06 1.282e-04 1.016e-07 6.200e-05
 7.042e-03 1.489e-06 2.698e-05 0.000e+00]
2025-07-04 08:53:31,132 INFO Prob change: [-5.824e-02 -8.007e-01  8.548e-01 -3.121e-04  1.228e-04 -4.574e-07
  4.514e-05  4.650e-03 -7.667e-05 -3.017e-04  0.000e+00]
