2025-06-29 13:40:47,410 DEBUG player_0: [1 1 1 1 1 1 1 1 1 1 0]
2025-06-29 13:40:47,412 DEBUG player_0: [1 1 1 1 1 1 1 1 1 1 0]
2025-06-29 13:40:47,412 DEBUG player_1: [1 1 1 1 1 1 1 1 1 1 0]
2025-06-29 13:40:47,433 DEBUG player_0: [1 1 1 1 1 1 1 1 1 1 0]
2025-06-29 13:40:47,434 DEBUG player_1: [1 1 1 1 1 1 1 1 1 1 0]
2025-06-29 13:40:47,439 DEBUG player_0: [1 1 1 1 1 1 1 1 1 1 0]
2025-06-29 13:40:47,439 DEBUG player_1: [1 1 1 1 1 1 1 1 1 1 0]
2025-06-29 13:40:47,446 DEBUG player_0: [1 1 1 1 1 1 1 1 1 1 0]
2025-06-29 13:40:47,447 DEBUG player_1: [1 1 1 1 1 1 1 1 1 1 0]
2025-06-29 13:40:47,452 DEBUG player_0: [1 1 1 1 1 1 1 1 1 1 0]
2025-06-29 13:40:47,456 DEBUG player_0: [1 1 1 1 1 1 1 1 1 1 0]
2025-06-29 13:40:47,459 DEBUG player_0: [1 1 1 1 1 1 1 1 1 1 0]
2025-06-29 13:40:47,463 DEBUG player_0: [1 1 1 1 1 1 1 1 1 1 0]
2025-06-29 13:40:47,466 DEBUG player_0: [1 1 1 1 1 1 1 1 1 1 0]
2025-06-29 13:40:47,470 DEBUG player_0: [1 1 1 1 1 1 1 1 1 1 0]
2025-06-29 13:40:47,473 DEBUG player_1: [1 1 1 1 1 1 1 1 1 1 0]
2025-06-29 13:40:47,474 DEBUG player_1: [1 1 1 1 1 1 1 1 1 1 0]
2025-06-29 13:40:47,474 DEBUG player_1: [1 1 1 1 1 1 1 1 1 1 0]
2025-06-29 13:40:47,474 DEBUG player_1: [1 1 1 1 1 1 1 1 1 1 0]
2025-06-29 13:40:47,474 DEBUG player_1: [1 1 1 1 1 1 1 1 1 1 0]
2025-06-29 13:40:47,477 DEBUG player_1: [1 1 1 1 1 1 1 1 1 1 0]
2025-06-29 13:40:47,526 DEBUG player_0: [1 1 1 1 1 1 1 1 1 1 0]
2025-06-29 13:40:47,526 DEBUG player_1: [0 0 0 1 0 0 0 0 0 0 0]
2025-06-29 13:40:47,578 DEBUG player_0: [1 1 1 1 0 0 0 0 1 1 0]
2025-06-29 13:40:47,583 DEBUG player_0: [1 0 0 0 0 0 0 0 0 0 0]
2025-06-29 13:40:47,584 DEBUG player_1: [0 0 0 1 0 0 0 0 0 0 0]
2025-06-29 13:40:47,584 DEBUG player_1: [1 1 1 1 1 1 1 1 1 1 0]
2025-06-29 13:40:47,593 DEBUG player_0: [1 1 1 1 0 0 0 0 1 1 0]
2025-06-29 13:40:47,593 DEBUG player_1: [0 0 0 1 0 0 0 0 0 0 0]
2025-06-29 13:40:47,598 DEBUG player_0: [1 1 1 1 0 0 0 0 1 1 0]
2025-06-29 13:40:47,605 DEBUG player_0: [0 0 0 1 0 0 0 0 0 0 0]
2025-06-29 13:40:47,609 DEBUG player_0: [1 0 0 0 0 0 0 0 0 0 0]
2025-06-29 13:40:47,613 DEBUG player_0: [1 1 1 1 1 1 1 1 1 1 0]
2025-06-29 13:40:47,617 DEBUG player_0: [1 1 1 1 0 0 0 0 1 1 0]
2025-06-29 13:40:47,617 DEBUG player_1: [0 0 0 1 0 0 0 0 0 0 0]
2025-06-29 13:40:47,621 DEBUG player_0: [1 0 1 1 1 0 1 1 1 1 0]
2025-06-29 13:40:47,622 DEBUG player_1: [1 1 1 1 1 1 1 1 1 1 0]
2025-06-29 13:40:47,622 DEBUG player_1: [0 0 0 1 0 0 0 0 0 0 0]
2025-06-29 13:40:47,622 DEBUG player_1: [0 0 0 1 0 0 0 0 0 0 0]
2025-06-29 13:40:47,624 DEBUG player_1: [1 1 1 1 1 1 1 1 1 1 0]
2025-06-29 13:40:47,624 DEBUG player_1: [1 1 1 1 1 1 1 1 1 1 0]
2025-06-29 13:40:47,642 DEBUG player_0: [1 1 1 1 1 1 1 1 1 1 0]
2025-06-29 13:40:47,642 DEBUG player_1: [1 1 1 1 0 0 0 0 1 1 0]
2025-06-29 13:40:47,705 DEBUG player_0: [1 1 1 1 0 0 0 0 1 1 0]
2025-06-29 13:40:47,710 DEBUG player_0: [1 1 1 1 0 0 0 0 1 1 0]
2025-06-29 13:40:47,710 DEBUG player_1: [1 1 1 1 0 0 0 0 1 1 0]
2025-06-29 13:40:47,711 DEBUG player_1: [1 1 1 1 0 0 0 0 1 1 0]
2025-06-29 13:40:47,731 DEBUG player_0: [1 1 1 1 0 0 0 0 1 1 0]
2025-06-29 13:40:47,736 DEBUG player_0: [1 1 1 1 0 0 0 0 1 1 0]
2025-06-29 13:40:47,737 DEBUG player_1: [1 1 1 1 1 1 1 1 1 1 0]
2025-06-29 13:40:47,741 DEBUG player_0: [1 1 1 1 1 1 1 1 1 1 0]
2025-06-29 13:40:47,746 DEBUG player_0: [0 0 0 1 0 0 0 0 0 0 0]
2025-06-29 13:40:47,750 DEBUG player_0: [1 1 1 1 1 1 1 1 1 1 0]
2025-06-29 13:40:47,750 DEBUG player_1: [1 1 1 1 1 1 1 1 1 1 0]
2025-06-29 13:40:47,754 DEBUG player_0: [1 1 1 1 1 1 1 1 1 1 0]
2025-06-29 13:40:47,758 DEBUG player_0: [0 0 0 1 0 0 0 0 0 0 0]
2025-06-29 13:40:47,763 DEBUG player_0: [1 0 1 1 0 0 0 0 1 1 0]
2025-06-29 13:40:47,764 DEBUG player_1: [1 1 1 1 1 1 1 1 1 1 0]
2025-06-29 13:40:47,764 DEBUG player_1: [0 0 0 1 0 0 0 0 0 0 0]
2025-06-29 13:40:47,765 DEBUG player_1: [1 0 0 0 0 0 0 0 0 0 0]
2025-06-29 13:40:47,766 DEBUG player_1: [1 1 1 1 0 0 0 0 1 1 0]
2025-06-29 13:40:47,766 DEBUG player_1: [1 1 1 1 1 1 1 1 1 1 0]
2025-06-29 13:40:47,766 DEBUG player_1: [1 1 1 1 1 1 1 1 1 1 0]
2025-06-29 13:40:47,827 DEBUG player_0: [1 0 0 0 0 0 0 0 1 1 0]
2025-06-29 13:40:47,832 DEBUG player_0: [0 0 0 1 0 0 0 0 0 0 0]
2025-06-29 13:40:47,833 DEBUG player_1: [1 1 1 1 0 0 0 0 1 1 0]
2025-06-29 13:40:47,833 DEBUG player_1: [1 1 1 1 0 0 0 0 1 1 0]
2025-06-29 13:40:47,883 DEBUG player_0: [1 1 1 1 0 0 0 0 1 1 0]
2025-06-29 13:40:47,887 DEBUG player_0: [1 1 1 1 0 0 0 0 1 1 0]
2025-06-29 13:40:47,888 DEBUG player_1: [1 1 1 1 0 0 0 0 1 1 0]
2025-06-29 13:40:47,888 DEBUG player_1: [1 1 1 1 0 0 0 0 1 1 0]
2025-06-29 13:40:47,900 DEBUG player_0: [1 1 1 1 0 0 0 0 1 1 0]
2025-06-29 13:40:47,906 DEBUG player_0: [1 1 1 1 0 0 0 0 1 1 0]
2025-06-29 13:40:47,911 DEBUG player_0: [1 1 1 1 0 0 0 0 1 1 0]
2025-06-29 13:40:47,915 DEBUG player_0: [1 1 1 1 1 1 1 1 1 1 0]
2025-06-29 13:40:47,919 DEBUG player_0: [1 0 1 1 0 0 0 0 1 1 0]
2025-06-29 13:40:47,919 DEBUG player_1: [1 1 1 1 0 0 0 0 1 1 0]
2025-06-29 13:40:47,920 DEBUG player_1: [1 1 1 1 1 1 1 1 1 1 0]
2025-06-29 13:40:47,920 DEBUG player_1: [1 1 1 1 0 0 0 0 1 1 0]
2025-06-29 13:40:47,920 DEBUG player_1: [1 1 1 1 0 0 0 0 1 1 0]
2025-06-29 13:40:47,920 DEBUG player_1: [1 1 1 1 0 0 0 0 1 1 0]
2025-06-29 13:40:47,953 DEBUG player_0: [1 0 0 0 0 0 0 0 1 1 0]
2025-06-29 13:40:47,957 DEBUG player_0: [1 1 1 1 0 0 0 0 1 1 0]
2025-06-29 13:40:47,958 DEBUG player_1: [1 1 1 1 0 0 0 0 1 1 0]
2025-06-29 13:40:47,958 DEBUG player_1: [1 1 1 1 0 0 0 0 1 1 0]
2025-06-29 13:40:48,007 DEBUG player_0: [1 1 1 1 0 0 0 0 1 1 0]
2025-06-29 13:40:48,008 DEBUG player_1: [1 1 1 1 0 0 0 0 1 1 0]
2025-06-29 13:40:48,045 DEBUG player_0: [1 1 1 1 0 0 0 0 1 1 0]
2025-06-29 13:40:48,050 DEBUG player_0: [1 1 1 1 1 1 1 1 1 1 0]
2025-06-29 13:40:48,055 DEBUG player_0: [1 1 1 1 0 0 0 0 1 1 0]
2025-06-29 13:40:48,060 DEBUG player_0: [1 1 1 1 0 0 0 0 1 1 0]
2025-06-29 13:40:48,064 DEBUG player_0: [1 1 1 1 0 0 0 0 1 1 0]
2025-06-29 13:40:48,065 DEBUG player_1: [0 0 0 1 0 0 0 0 0 0 0]
2025-06-29 13:40:48,065 DEBUG player_1: [1 1 1 1 0 0 0 0 1 1 0]
2025-06-29 13:40:48,066 DEBUG player_1: [1 0 0 0 0 0 0 0 0 0 0]
2025-06-29 13:40:48,066 DEBUG player_1: [1 1 1 1 0 0 0 0 1 1 0]
2025-06-29 13:40:48,066 DEBUG player_1: [1 1 1 1 1 1 1 1 1 1 0]
2025-06-29 13:40:48,071 DEBUG player_0: [1 0 0 0 0 0 0 0 1 1 0]
2025-06-29 13:40:48,072 DEBUG player_1: [1 1 1 1 0 0 0 0 1 1 0]
2025-06-29 13:40:48,188 DEBUG player_0: [1 1 1 1 0 0 0 0 1 1 0]
2025-06-29 13:40:48,189 DEBUG player_1: [1 1 1 1 0 0 0 0 1 1 0]
2025-06-29 13:40:48,205 DEBUG player_0: [1 1 1 1 0 0 0 0 1 1 0]
2025-06-29 13:40:48,206 DEBUG player_1: [1 0 0 0 0 0 0 0 1 1 0]
2025-06-29 13:40:48,212 DEBUG player_0: [1 1 1 1 0 0 0 0 1 1 0]
2025-06-29 13:40:48,217 DEBUG player_0: [0 0 1 1 0 0 0 0 1 1 0]
2025-06-29 13:40:48,217 DEBUG player_1: [1 1 1 1 0 0 0 0 1 1 0]
2025-06-29 13:40:48,218 DEBUG player_1: [1 1 1 1 0 0 0 0 1 1 0]
2025-06-29 13:40:48,302 DEBUG player_0: [1 1 1 1 0 0 0 0 1 1 0]
2025-06-29 13:40:48,302 DEBUG player_1: [0 0 0 1 0 0 0 0 0 0 0]
2025-06-29 13:40:48,323 DEBUG player_0: [0 0 0 0 0 0 0 0 1 1 0]
2025-06-29 13:40:48,323 DEBUG player_1: [0 0 0 0 0 0 0 0 1 1 0]
2025-06-29 13:40:48,333 DEBUG player_0: [1 1 1 1 0 0 0 0 1 1 0]
2025-06-29 13:40:48,334 DEBUG player_1: [1 0 0 0 0 0 0 0 0 0 0]
2025-06-29 13:40:48,338 DEBUG player_0: [1 1 1 1 0 0 0 0 1 1 0]
2025-06-29 13:40:48,342 DEBUG player_0: [0 0 1 1 0 0 0 0 1 1 0]
2025-06-29 13:40:48,343 DEBUG player_1: [0 0 0 1 0 0 0 0 0 0 0]
2025-06-29 13:40:48,343 DEBUG player_1: [1 1 1 1 0 0 0 0 1 1 0]
2025-06-29 13:40:48,416 DEBUG player_0: [1 1 1 1 0 0 0 0 1 1 0]
2025-06-29 13:40:48,416 DEBUG player_1: [1 1 1 1 0 0 0 0 1 1 0]
2025-06-29 13:40:48,425 DEBUG player_0: [0 0 0 0 0 0 0 0 1 1 0]
2025-06-29 13:40:48,426 DEBUG player_1: [0 0 0 0 0 0 0 0 1 1 0]
2025-06-29 13:40:48,431 DEBUG player_0: [1 1 1 1 0 0 0 0 1 1 0]
2025-06-29 13:40:48,432 DEBUG player_1: [1 1 1 1 1 1 1 1 1 0 0]
2025-06-29 13:40:48,454 DEBUG player_0: [1 1 1 1 0 0 0 0 1 1 0]
2025-06-29 13:40:48,455 DEBUG player_1: [1 0 0 0 0 0 0 0 1 1 0]
2025-06-29 13:40:48,465 DEBUG player_0: [1 1 1 1 0 0 0 0 1 1 0]
2025-06-29 13:40:48,470 DEBUG player_0: [1 1 1 1 0 0 0 0 1 1 0]
2025-06-29 13:40:48,470 DEBUG player_1: [1 1 1 1 0 0 0 0 1 1 0]
2025-06-29 13:40:48,470 DEBUG player_1: [1 1 1 1 0 0 0 0 1 1 0]
2025-06-29 13:40:48,475 DEBUG player_0: [0 0 0 0 0 0 0 0 1 1 0]
2025-06-29 13:40:48,476 DEBUG player_1: [0 0 0 0 0 0 0 0 1 1 0]
2025-06-29 13:40:48,531 DEBUG player_0: [0 0 0 0 0 0 0 0 1 1 0]
2025-06-29 13:40:48,532 DEBUG player_1: [0 0 0 0 0 0 0 0 1 1 0]
2025-06-29 13:40:48,536 DEBUG player_0: [1 1 1 1 0 0 0 0 1 1 0]
2025-06-29 13:40:48,537 DEBUG player_1: [1 1 1 1 0 0 0 0 1 1 0]
2025-06-29 13:40:48,542 DEBUG player_0: [1 1 1 1 0 0 0 0 1 1 0]
2025-06-29 13:40:48,543 DEBUG player_1: [1 1 1 1 0 0 0 0 1 1 0]
2025-06-29 13:40:48,548 DEBUG player_0: [1 1 1 1 0 0 0 0 1 1 0]
2025-06-29 13:40:48,548 DEBUG player_1: [1 1 1 1 0 0 0 0 1 0 0]
2025-06-29 13:40:48,566 DEBUG player_0: [1 1 1 1 0 0 0 0 1 1 0]
2025-06-29 13:40:48,566 DEBUG player_1: [1 1 1 1 0 0 0 0 1 1 0]
2025-06-29 13:40:48,596 DEBUG player_0: [1 1 1 1 0 0 0 0 1 1 0]
2025-06-29 13:40:48,601 DEBUG player_0: [1 1 1 1 0 0 0 0 1 1 0]
2025-06-29 13:40:48,606 DEBUG player_0: [0 0 0 1 0 0 0 0 0 0 0]
2025-06-29 13:40:48,606 DEBUG player_1: [1 1 1 1 0 0 0 0 1 1 0]
2025-06-29 13:40:48,606 DEBUG player_1: [1 1 1 1 0 0 0 0 1 1 0]
2025-06-29 13:40:48,607 DEBUG player_1: [1 1 1 1 0 0 0 0 1 0 0]
2025-06-29 13:40:48,616 DEBUG player_0: [0 0 0 0 0 0 0 0 1 1 0]
2025-06-29 13:40:48,616 DEBUG player_1: [0 0 0 0 0 0 0 0 1 1 0]
2025-06-29 13:40:48,620 DEBUG player_0: [0 0 0 0 0 0 0 0 1 1 0]
2025-06-29 13:40:48,622 DEBUG player_1: [0 0 0 0 0 0 0 0 1 1 0]
2025-06-29 13:40:48,647 DEBUG player_0: [1 1 1 1 0 0 0 0 1 0 0]
2025-06-29 13:40:48,648 DEBUG player_1: [1 1 1 1 0 0 0 0 1 1 0]
2025-06-29 13:40:48,654 DEBUG player_0: [1 1 1 1 0 0 0 0 1 1 0]
2025-06-29 13:40:48,654 DEBUG player_1: [1 1 1 1 0 0 0 0 1 1 0]
2025-06-29 13:40:48,664 DEBUG player_0: [1 1 1 1 0 0 0 0 1 1 0]
2025-06-29 13:40:48,665 DEBUG player_1: [0 0 0 1 0 0 0 0 0 0 0]
2025-06-29 13:40:48,670 DEBUG player_0: [1 1 1 1 0 0 0 0 1 1 0]
2025-06-29 13:40:48,670 DEBUG player_1: [1 0 0 0 0 0 0 0 1 0 0]
2025-06-29 13:40:48,680 DEBUG player_0: [1 1 1 1 0 0 0 0 1 1 0]
2025-06-29 13:40:48,682 DEBUG player_1: [1 1 1 1 0 0 0 0 1 1 0]
2025-06-29 13:40:48,727 DEBUG player_0: [1 1 1 1 0 0 0 0 1 1 0]
2025-06-29 13:40:48,731 DEBUG player_0: [1 1 1 1 0 0 0 0 1 1 0]
2025-06-29 13:40:48,732 DEBUG player_1: [1 1 1 1 0 0 0 0 1 0 0]
2025-06-29 13:40:48,732 DEBUG player_1: [1 1 1 1 0 0 0 0 1 1 0]
2025-06-29 13:40:48,737 DEBUG player_0: [1 1 1 1 0 0 0 0 1 0 0]
2025-06-29 13:40:48,741 DEBUG player_0: [1 1 1 1 0 0 0 0 1 1 0]
2025-06-29 13:40:48,742 DEBUG player_1: [1 1 1 1 1 1 1 1 1 1 0]
2025-06-29 13:40:48,743 DEBUG player_1: [1 1 1 1 0 0 0 0 1 0 0]
2025-06-29 13:40:48,770 DEBUG player_0: [1 1 1 1 0 0 0 0 1 1 0]
2025-06-29 13:40:48,771 DEBUG player_1: [1 1 1 1 0 0 0 0 1 1 0]
2025-06-29 13:40:48,785 DEBUG player_0: [1 1 1 1 0 0 0 0 1 1 0]
2025-06-29 13:40:48,786 DEBUG player_1: [1 1 1 1 0 0 0 0 1 1 0]
2025-06-29 13:40:48,791 DEBUG player_0: [1 1 1 1 0 0 0 0 1 1 0]
2025-06-29 13:40:48,791 DEBUG player_1: [1 1 1 1 0 0 0 0 1 0 0]
2025-06-29 13:40:48,795 DEBUG player_0: [1 1 1 1 0 0 0 0 1 1 0]
2025-06-29 13:40:48,796 DEBUG player_1: [1 1 1 1 0 0 0 0 1 1 0]
2025-06-29 13:40:48,860 DEBUG player_0: [0 0 0 1 0 0 0 0 0 0 0]
2025-06-29 13:40:48,861 DEBUG player_1: [1 1 1 1 0 0 0 0 1 0 0]
2025-06-29 13:40:48,866 DEBUG player_0: [1 1 1 1 0 0 0 0 1 0 0]
2025-06-29 13:40:48,866 DEBUG player_1: [1 1 1 1 1 1 1 1 1 1 0]
2025-06-29 13:40:48,884 DEBUG player_0: [1 1 1 1 0 0 0 0 1 1 0]
2025-06-29 13:40:48,884 DEBUG player_1: [1 1 1 1 0 0 0 0 1 1 0]
2025-06-29 13:40:48,915 DEBUG player_0: [1 1 1 1 0 0 0 0 1 1 0]
2025-06-29 13:40:48,920 DEBUG player_0: [1 1 1 1 0 0 0 0 1 1 0]
2025-06-29 13:40:48,920 DEBUG player_1: [1 1 1 1 0 0 0 0 1 1 0]
2025-06-29 13:40:48,920 DEBUG player_1: [0 0 1 1 0 0 0 0 1 0 0]
2025-06-29 13:40:48,983 DEBUG player_0: [1 1 1 1 0 0 0 0 1 1 0]
2025-06-29 13:40:48,984 DEBUG player_1: [1 1 1 1 0 0 0 0 1 0 0]
2025-06-29 13:40:48,988 DEBUG player_0: [1 1 1 1 0 0 0 0 1 0 0]
2025-06-29 13:40:48,989 DEBUG player_1: [1 1 1 1 1 1 1 1 1 1 0]
2025-06-29 13:40:48,995 DEBUG player_0: [1 1 1 1 0 0 0 0 1 1 0]
2025-06-29 13:40:48,995 DEBUG player_1: [0 0 0 1 0 0 0 0 0 0 0]
2025-06-29 13:40:49,037 DEBUG player_0: [1 1 1 1 0 0 0 0 1 1 0]
2025-06-29 13:40:49,041 DEBUG player_0: [0 0 0 1 0 0 0 0 0 0 0]
2025-06-29 13:40:49,042 DEBUG player_1: [1 1 1 1 0 0 0 0 1 1 0]
2025-06-29 13:40:49,042 DEBUG player_1: [0 0 1 1 0 0 0 0 1 0 0]
2025-06-29 13:40:49,114 DEBUG player_0: [1 1 1 1 0 0 0 0 1 1 0]
2025-06-29 13:40:49,115 DEBUG player_1: [1 1 1 1 0 0 0 0 1 1 0]
2025-06-29 13:40:49,134 DEBUG player_0: [0 0 0 0 0 0 0 0 1 1 0]
2025-06-29 13:40:49,135 DEBUG player_1: [0 0 0 0 0 0 0 0 1 1 0]
2025-06-29 13:40:49,159 DEBUG player_0: [0 0 0 1 0 0 0 0 0 0 0]
2025-06-29 13:40:49,164 DEBUG player_0: [1 1 1 1 0 0 0 0 1 1 0]
2025-06-29 13:40:49,165 DEBUG player_1: [1 1 1 1 0 0 0 0 1 0 0]
2025-06-29 13:40:49,165 DEBUG player_1: [1 1 1 1 0 0 0 0 1 1 0]
2025-06-29 13:40:49,170 DEBUG player_0: [0 0 0 0 0 0 0 0 1 0 0]
2025-06-29 13:40:49,172 DEBUG player_1: [0 0 0 0 0 0 0 0 1 1 0]
2025-06-29 13:40:49,225 DEBUG player_0: [1 1 1 1 0 0 0 0 1 1 0]
2025-06-29 13:40:49,226 DEBUG player_1: [0 0 0 1 0 0 0 0 0 0 0]
2025-06-29 13:40:49,246 DEBUG player_0: [1 1 1 1 0 0 0 0 1 0 0]
2025-06-29 13:40:49,246 DEBUG player_1: [1 1 1 1 0 0 0 0 1 1 0]
2025-06-29 13:40:49,272 DEBUG player_0: [0 0 0 0 0 0 0 0 1 1 0]
2025-06-29 13:40:49,276 DEBUG player_0: [0 0 0 0 0 0 0 0 1 1 0]
2025-06-29 13:40:49,277 DEBUG player_1: [0 0 0 0 0 0 0 0 1 1 0]
2025-06-29 13:40:49,277 DEBUG player_1: [0 0 0 0 0 0 0 0 1 0 0]
2025-06-29 13:40:49,291 DEBUG player_0: [0 0 0 1 0 0 0 0 0 0 0]
2025-06-29 13:40:49,292 DEBUG player_1: [1 0 0 0 0 0 0 0 0 0 0]
2025-06-29 13:40:49,296 DEBUG player_0: [1 1 1 1 0 0 0 0 1 1 0]
2025-06-29 13:40:49,300 DEBUG player_0: [1 1 1 1 0 0 0 0 1 0 0]
2025-06-29 13:40:49,301 DEBUG player_1: [1 1 1 1 0 0 0 0 1 1 0]
2025-06-29 13:40:49,301 DEBUG player_1: [1 1 1 1 0 0 0 0 1 0 0]
2025-06-29 13:40:49,322 DEBUG player_0: [0 0 0 0 0 0 0 0 1 1 0]
2025-06-29 13:40:49,323 DEBUG player_1: [0 0 0 0 0 0 0 0 1 1 0]
2025-06-29 13:40:49,336 DEBUG player_0: [1 1 1 1 0 0 0 0 1 1 0]
2025-06-29 13:40:49,337 DEBUG player_1: [1 1 1 1 0 0 0 0 1 1 0]
2025-06-29 13:40:49,358 DEBUG player_0: [1 1 1 1 0 0 0 0 1 0 0]
2025-06-29 13:40:49,358 DEBUG player_1: [1 1 1 1 0 0 0 0 1 1 0]
2025-06-29 13:40:49,386 DEBUG player_0: [1 1 1 1 0 0 0 0 1 1 0]
2025-06-29 13:40:49,391 DEBUG player_0: [1 1 1 1 0 0 0 0 1 1 0]
2025-06-29 13:40:49,391 DEBUG player_1: [1 1 1 1 0 0 0 0 0 0 0]
2025-06-29 13:40:49,392 DEBUG player_1: [1 1 1 1 0 0 0 0 1 0 0]
2025-06-29 13:40:49,427 DEBUG player_0: [1 1 1 1 0 0 0 0 1 1 0]
2025-06-29 13:40:49,428 DEBUG player_1: [1 1 1 1 0 0 0 0 1 1 0]
2025-06-29 13:40:49,432 DEBUG player_0: [1 1 1 1 0 0 0 0 1 1 0]
2025-06-29 13:40:49,432 DEBUG player_1: [1 1 1 1 0 0 0 0 1 1 0]
2025-06-29 13:40:49,451 DEBUG player_0: [1 1 1 1 0 0 0 0 1 1 0]
2025-06-29 13:40:49,451 DEBUG player_1: [1 1 1 1 0 0 0 0 1 1 0]
2025-06-29 13:40:49,467 DEBUG player_0: [1 1 1 1 0 0 0 0 1 0 0]
2025-06-29 13:40:49,468 DEBUG player_1: [1 0 0 0 0 0 0 0 0 0 0]
2025-06-29 13:40:49,516 DEBUG player_0: [0 0 0 0 0 0 0 0 1 0 0]
2025-06-29 13:40:49,521 DEBUG player_0: [0 0 0 0 0 0 0 0 1 1 0]
2025-06-29 13:40:49,521 DEBUG player_1: [0 0 0 0 0 0 0 0 1 0 0]
2025-06-29 13:40:49,522 DEBUG player_1: [0 0 0 0 0 0 0 0 1 1 0]
2025-06-29 13:40:49,527 DEBUG player_0: [1 1 1 1 0 0 0 0 1 1 0]
2025-06-29 13:40:49,531 DEBUG player_0: [1 1 1 1 0 0 0 0 1 1 0]
2025-06-29 13:40:49,532 DEBUG player_1: [1 1 1 1 0 0 0 0 0 0 0]
2025-06-29 13:40:49,532 DEBUG player_1: [1 1 1 1 0 0 0 0 1 0 0]
2025-06-29 13:40:49,542 DEBUG player_0: [1 1 1 1 0 0 0 0 1 1 0]
2025-06-29 13:40:49,543 DEBUG player_1: [1 0 0 0 0 0 0 0 1 1 0]
2025-06-29 13:40:49,547 DEBUG player_0: [1 1 1 1 0 0 0 0 1 1 0]
2025-06-29 13:40:49,550 DEBUG player_1: [1 1 1 1 0 0 0 0 1 1 0]
2025-06-29 13:40:49,560 DEBUG player_0: [1 1 1 1 0 0 0 0 1 1 0]
2025-06-29 13:40:49,560 DEBUG player_1: [1 1 1 1 0 0 0 0 1 1 0]
2025-06-29 13:40:49,649 DEBUG player_0: [1 1 1 1 0 0 0 0 1 0 0]
2025-06-29 13:40:49,655 DEBUG player_0: [0 0 0 1 0 0 0 0 0 0 0]
2025-06-29 13:40:49,660 DEBUG player_0: [1 1 1 1 0 0 0 0 1 1 0]
2025-06-29 13:40:49,664 DEBUG player_0: [1 1 1 1 0 0 0 0 1 1 0]
2025-06-29 13:40:49,665 DEBUG player_1: [1 1 1 1 0 0 0 0 1 0 0]
2025-06-29 13:40:49,666 DEBUG player_1: [1 1 1 1 0 0 0 0 0 0 0]
2025-06-29 13:40:49,667 DEBUG player_1: [1 1 1 1 0 0 0 0 1 0 0]
2025-06-29 13:40:49,671 DEBUG player_0: [1 1 1 1 0 0 0 0 1 1 0]
2025-06-29 13:40:49,675 DEBUG player_0: [0 0 0 1 0 0 0 0 0 0 0]
2025-06-29 13:40:49,679 DEBUG player_0: [1 1 1 1 0 0 0 0 1 1 0]
2025-06-29 13:40:49,680 DEBUG player_1: [1 1 1 1 0 0 0 0 0 0 0]
2025-06-29 13:40:49,682 DEBUG player_1: [1 1 1 1 0 0 0 0 1 1 0]
2025-06-29 13:40:49,682 DEBUG player_1: [1 1 1 1 0 0 0 0 1 1 0]
2025-06-29 13:40:49,682 DEBUG player_1: [1 1 1 1 0 0 0 0 1 1 0]
2025-06-29 13:40:49,813 DEBUG player_0: [1 1 1 1 0 0 0 0 1 1 0]
2025-06-29 13:40:49,819 DEBUG player_0: [1 0 0 0 0 0 0 0 1 1 0]
2025-06-29 13:40:49,825 DEBUG player_0: [1 1 1 1 0 0 0 0 1 1 0]
2025-06-29 13:40:49,830 DEBUG player_0: [1 1 1 1 0 0 0 0 1 1 0]
2025-06-29 13:40:49,830 DEBUG player_1: [1 0 0 0 0 0 0 0 0 0 0]
2025-06-29 13:40:49,830 DEBUG player_1: [1 1 1 1 0 0 0 0 1 0 0]
2025-06-29 13:40:49,831 DEBUG player_1: [1 1 1 1 0 0 0 0 1 1 0]
2025-06-29 13:40:49,831 DEBUG player_1: [1 1 1 1 0 0 0 0 1 1 0]
2025-06-29 13:40:49,840 DEBUG player_0: [0 0 0 0 0 0 0 0 1 0 0]
2025-06-29 13:40:49,845 DEBUG player_0: [0 0 0 0 0 0 0 0 1 1 0]
2025-06-29 13:40:49,846 DEBUG player_1: [0 0 0 0 0 0 0 0 1 0 0]
2025-06-29 13:40:49,846 DEBUG player_1: [0 0 0 0 0 0 0 0 1 0 0]
2025-06-29 13:40:49,952 DEBUG player_0: [1 1 1 1 0 0 0 0 1 1 0]
2025-06-29 13:40:49,953 DEBUG player_1: [0 0 0 1 0 0 0 0 0 0 0]
2025-06-29 13:40:49,963 DEBUG player_0: [1 1 1 1 0 0 0 0 1 1 0]
2025-06-29 13:40:49,965 DEBUG player_1: [1 0 0 0 0 0 0 0 0 0 0]
2025-06-29 13:40:49,971 DEBUG player_0: [1 1 1 1 0 0 0 0 0 0 0]
2025-06-29 13:40:49,976 DEBUG player_0: [1 1 1 1 0 0 0 0 1 0 0]
2025-06-29 13:40:49,981 DEBUG player_0: [1 1 1 1 0 0 0 0 1 1 0]
2025-06-29 13:40:49,982 DEBUG player_1: [1 1 1 1 0 0 0 0 1 0 0]
2025-06-29 13:40:49,982 DEBUG player_1: [1 1 1 1 0 0 0 0 1 1 0]
2025-06-29 13:40:49,983 DEBUG player_1: [1 1 1 1 0 0 0 0 1 0 0]
2025-06-29 13:40:49,993 DEBUG player_0: [0 0 0 0 0 0 0 0 1 0 0]
2025-06-29 13:40:49,993 DEBUG player_1: [0 0 0 0 0 0 0 0 1 1 0]
2025-06-29 13:40:50,070 DEBUG player_0: [1 1 1 1 0 0 0 0 1 1 0]
2025-06-29 13:40:50,070 DEBUG player_1: [1 1 1 1 0 0 0 0 1 0 0]
2025-06-29 13:40:50,119 DEBUG player_0: [1 1 1 1 0 0 0 0 1 1 0]
2025-06-29 13:40:50,119 DEBUG player_1: [1 0 0 0 0 0 0 0 0 0 0]
2025-06-29 13:40:50,129 DEBUG player_0: [1 1 1 1 0 0 0 0 1 0 0]
2025-06-29 13:40:50,136 DEBUG player_0: [1 1 1 1 0 0 0 0 1 1 0]
2025-06-29 13:40:50,136 DEBUG player_1: [1 1 1 1 0 0 0 0 1 0 0]
2025-06-29 13:40:50,141 DEBUG player_0: [1 1 1 1 0 0 0 0 0 0 0]
2025-06-29 13:40:50,146 DEBUG player_0: [1 1 1 1 0 0 0 0 1 0 0]
2025-06-29 13:40:50,147 DEBUG player_1: [1 1 1 1 0 0 0 0 1 0 0]
2025-06-29 13:40:50,147 DEBUG player_1: [1 1 1 1 0 0 0 0 1 0 0]
2025-06-29 13:40:50,148 DEBUG player_1: [1 1 1 1 0 0 0 0 1 1 0]
2025-06-29 13:40:50,198 DEBUG player_0: [1 1 1 1 0 0 0 0 1 1 0]
2025-06-29 13:40:50,198 DEBUG player_1: [1 1 1 1 0 0 0 0 1 0 0]
2025-06-29 13:40:50,203 DEBUG player_0: [0 0 0 0 0 0 0 0 1 0 0]
2025-06-29 13:40:50,204 DEBUG player_1: [0 0 0 0 0 0 0 0 1 0 0]
2025-06-29 13:40:50,224 DEBUG player_0: [0 0 0 0 0 0 0 0 1 1 0]
2025-06-29 13:40:50,224 DEBUG player_1: [0 0 0 0 0 0 0 0 1 1 0]
2025-06-29 13:40:50,235 DEBUG player_0: [1 1 1 1 0 0 0 0 1 1 0]
2025-06-29 13:40:50,235 DEBUG player_1: [1 0 0 0 0 0 0 0 0 0 0]
2025-06-29 13:40:50,276 DEBUG player_0: [1 0 0 0 0 0 0 0 0 0 0]
2025-06-29 13:40:50,282 DEBUG player_0: [1 1 1 1 0 0 0 0 1 1 0]
2025-06-29 13:40:50,286 DEBUG player_0: [1 1 1 1 0 0 0 0 1 0 0]
2025-06-29 13:40:50,291 DEBUG player_0: [1 1 1 1 0 0 0 0 1 0 0]
2025-06-29 13:40:50,291 DEBUG player_1: [1 1 1 1 0 0 0 0 1 0 0]
2025-06-29 13:40:50,292 DEBUG player_1: [1 0 0 0 0 0 0 0 0 0 0]
2025-06-29 13:40:50,292 DEBUG player_1: [1 1 1 1 0 0 0 0 1 0 0]
2025-06-29 13:40:50,293 DEBUG player_1: [1 1 1 1 0 0 0 0 1 0 0]
2025-06-29 13:40:50,315 DEBUG player_0: [1 1 1 1 0 0 0 0 1 1 0]
2025-06-29 13:40:50,316 DEBUG player_1: [0 0 0 1 0 0 0 0 0 0 0]
2025-06-29 13:40:50,320 DEBUG player_0: [1 1 1 1 0 0 0 0 1 0 0]
2025-06-29 13:40:50,322 DEBUG player_1: [1 1 1 1 0 0 0 0 1 0 0]
2025-06-29 13:40:50,332 DEBUG player_0: [1 1 1 1 0 0 0 0 1 0 0]
2025-06-29 13:40:50,333 DEBUG player_1: [1 1 1 1 0 0 0 0 1 1 0]
2025-06-29 13:40:50,350 DEBUG player_0: [1 1 1 1 0 0 0 0 1 1 0]
2025-06-29 13:40:50,350 DEBUG player_1: [1 0 0 0 0 0 0 0 0 0 0]
2025-06-29 13:40:50,376 DEBUG player_0: [0 0 0 0 0 0 0 0 1 1 0]
2025-06-29 13:40:50,376 DEBUG player_1: [0 0 0 0 0 0 0 0 1 1 0]
2025-06-29 13:40:50,421 DEBUG player_0: [1 1 1 1 0 0 0 0 0 0 0]
2025-06-29 13:40:50,422 DEBUG player_1: [1 1 1 1 0 0 0 0 1 0 0]
2025-06-29 13:40:50,427 DEBUG player_0: [1 1 1 1 0 0 0 0 1 1 0]
2025-06-29 13:40:50,428 DEBUG player_1: [1 1 1 1 0 0 0 0 1 1 0]
2025-06-29 13:40:50,433 DEBUG player_0: [1 1 1 1 0 0 0 0 1 1 0]
2025-06-29 13:40:50,434 DEBUG player_1: [1 1 1 1 0 0 0 0 1 0 0]
2025-06-29 13:40:50,466 DEBUG player_0: [1 1 1 1 0 0 0 0 1 1 0]
2025-06-29 13:40:50,467 DEBUG player_1: [1 1 1 1 0 0 0 0 0 0 0]
2025-06-29 13:40:50,496 DEBUG player_0: [1 1 1 1 0 0 0 0 1 0 0]
2025-06-29 13:40:50,497 DEBUG player_1: [1 1 1 1 0 0 0 0 1 1 0]
2025-06-29 13:40:50,549 DEBUG player_0: [1 0 0 0 0 0 0 0 0 0 0]
2025-06-29 13:40:50,549 DEBUG player_1: [1 1 1 1 0 0 0 0 1 0 0]
2025-06-29 13:40:50,558 DEBUG player_0: [1 1 1 1 0 0 0 0 1 1 0]
2025-06-29 13:40:50,560 DEBUG player_1: [1 1 1 1 0 0 0 0 1 1 0]
2025-06-29 13:40:50,564 DEBUG player_0: [1 1 1 1 0 0 0 0 1 1 0]
2025-06-29 13:40:50,565 DEBUG player_1: [0 0 0 1 0 0 0 0 0 0 0]
2025-06-29 13:40:50,576 DEBUG player_0: [1 1 1 1 0 0 0 0 1 1 0]
2025-06-29 13:40:50,577 DEBUG player_1: [1 1 1 1 0 0 0 0 0 0 0]
2025-06-29 13:40:50,666 DEBUG player_0: [1 1 1 1 0 0 0 0 0 0 0]
2025-06-29 13:40:50,666 DEBUG player_1: [1 1 1 1 0 0 0 0 1 0 0]
2025-06-29 13:40:50,683 DEBUG player_0: [1 1 1 1 0 0 0 0 1 1 0]
2025-06-29 13:40:50,683 DEBUG player_1: [1 1 1 1 0 0 0 0 1 1 0]
2025-06-29 13:40:50,688 DEBUG player_0: [1 1 1 1 0 0 0 0 1 1 0]
2025-06-29 13:40:50,689 DEBUG player_1: [1 1 1 1 0 0 0 0 1 0 0]
2025-06-29 13:40:50,694 DEBUG player_0: [1 1 1 1 0 0 0 0 1 1 0]
2025-06-29 13:40:50,695 DEBUG player_1: [1 1 1 1 0 0 0 0 0 0 0]
2025-06-29 13:40:50,782 DEBUG player_0: [1 1 1 1 0 0 0 0 0 0 0]
2025-06-29 13:40:50,782 DEBUG player_1: [1 1 1 1 0 0 0 0 1 0 0]
2025-06-29 13:40:50,807 DEBUG player_0: [1 1 1 1 0 0 0 0 1 1 0]
2025-06-29 13:40:50,808 DEBUG player_1: [1 1 1 1 0 0 0 0 1 1 0]
2025-06-29 13:40:50,820 DEBUG player_0: [1 0 0 0 0 0 0 0 0 0 0]
2025-06-29 13:40:50,821 DEBUG player_1: [1 1 1 1 0 0 0 0 1 0 0]
2025-06-29 13:40:50,826 DEBUG player_0: [1 1 1 1 0 0 0 0 1 1 0]
2025-06-29 13:40:50,827 DEBUG player_1: [1 1 1 1 0 0 0 0 0 0 0]
2025-06-29 13:40:50,839 DEBUG player_0: [0 0 0 0 0 0 0 0 1 0 0]
2025-06-29 13:40:50,850 DEBUG player_0: [0 0 0 0 0 0 0 0 1 0 0]
2025-06-29 13:40:50,851 DEBUG player_1: [0 0 0 0 0 0 0 0 1 0 0]
2025-06-29 13:40:50,860 DEBUG player_0: [0 0 0 0 0 0 0 0 1 0 0]
2025-06-29 13:40:50,864 DEBUG player_1: [0 0 0 0 0 0 0 0 1 0 0]
2025-06-29 13:40:50,871 DEBUG player_0: [0 0 0 0 0 0 0 0 1 0 0]
2025-06-29 13:40:50,871 DEBUG player_1: [0 0 0 0 0 0 0 0 1 0 0]
2025-06-29 13:40:50,873 DEBUG player_1: [0 0 0 0 0 0 0 0 1 1 0]
2025-06-29 13:40:50,897 DEBUG player_0: [1 1 1 1 0 0 0 0 0 0 0]
2025-06-29 13:40:50,898 DEBUG player_1: [1 1 1 1 0 0 0 0 1 0 0]
2025-06-29 13:40:50,945 DEBUG player_0: [1 1 1 1 0 0 0 0 1 1 0]
2025-06-29 13:40:50,946 DEBUG player_1: [1 1 1 1 0 0 0 0 1 0 0]
2025-06-29 13:40:50,970 DEBUG player_0: [1 1 1 1 0 0 0 0 1 1 0]
2025-06-29 13:40:50,970 DEBUG player_1: [1 1 1 1 0 0 0 0 0 0 0]
2025-06-29 13:40:50,980 DEBUG player_0: [1 1 1 1 0 0 0 0 1 0 0]
2025-06-29 13:40:50,981 DEBUG player_1: [1 1 1 1 0 0 0 0 0 0 0]
2025-06-29 13:40:50,985 DEBUG player_0: [1 1 1 1 0 0 0 0 0 0 0]
2025-06-29 13:40:50,989 DEBUG player_0: [1 1 1 1 0 0 0 0 1 0 0]
2025-06-29 13:40:50,993 DEBUG player_0: [1 1 1 1 0 0 0 0 1 0 0]
2025-06-29 13:40:50,994 DEBUG player_1: [1 1 1 1 0 0 0 0 1 0 0]
2025-06-29 13:40:50,994 DEBUG player_1: [1 1 1 1 0 0 0 0 0 0 0]
2025-06-29 13:40:50,995 DEBUG player_1: [1 1 1 1 0 0 0 0 1 0 0]
2025-06-29 13:40:51,009 DEBUG player_0: [1 1 1 1 0 0 0 0 0 0 0]
2025-06-29 13:40:51,009 DEBUG player_1: [1 1 1 1 0 0 0 0 1 0 0]
2025-06-29 13:40:51,021 DEBUG player_0: [0 0 0 0 0 0 0 0 1 0 0]
2025-06-29 13:40:51,024 DEBUG player_1: [0 0 0 0 0 0 0 0 1 1 0]
2025-06-29 13:40:51,081 DEBUG player_0: [1 1 1 1 0 0 0 0 1 1 0]
2025-06-29 13:40:51,081 DEBUG player_1: [1 1 1 1 0 0 0 0 0 0 0]
2025-06-29 13:40:51,128 DEBUG player_0: [1 1 1 1 0 0 0 0 1 0 0]
2025-06-29 13:40:51,133 DEBUG player_0: [1 1 1 1 0 0 0 0 0 0 0]
2025-06-29 13:40:51,138 DEBUG player_0: [1 1 1 1 0 0 0 0 0 0 0]
2025-06-29 13:40:51,142 DEBUG player_0: [1 1 1 1 0 0 0 0 1 0 0]
2025-06-29 13:40:51,147 DEBUG player_0: [1 1 1 1 0 0 0 0 0 0 0]
2025-06-29 13:40:51,151 DEBUG player_0: [1 1 1 1 0 0 0 0 1 0 0]
2025-06-29 13:40:51,152 DEBUG player_1: [0 0 0 1 0 0 0 0 0 0 0]
2025-06-29 13:40:51,152 DEBUG player_1: [1 1 1 1 0 0 0 0 1 0 0]
2025-06-29 13:40:51,152 DEBUG player_1: [1 1 1 1 0 0 0 0 1 0 0]
2025-06-29 13:40:51,152 DEBUG player_1: [1 1 1 1 0 0 0 0 1 0 0]
2025-06-29 13:40:51,153 DEBUG player_1: [1 1 1 1 0 0 0 0 0 0 0]
2025-06-29 13:40:51,154 DEBUG player_1: [1 1 1 1 0 0 0 0 1 1 0]
2025-06-29 13:40:51,196 DEBUG player_0: [1 1 1 1 0 0 0 0 1 1 0]
2025-06-29 13:40:51,196 DEBUG player_1: [1 0 0 0 0 0 0 0 0 0 0]
2025-06-29 13:40:51,276 DEBUG player_0: [1 1 1 1 0 0 0 0 0 0 0]
2025-06-29 13:40:51,281 DEBUG player_0: [1 1 1 1 0 0 0 0 1 0 0]
2025-06-29 13:40:51,281 DEBUG player_1: [1 1 1 1 0 0 0 0 1 0 0]
2025-06-29 13:40:51,282 DEBUG player_1: [1 1 1 1 0 0 0 0 0 0 0]
2025-06-29 13:40:51,287 DEBUG player_0: [1 0 0 0 0 0 0 0 0 0 0]
2025-06-29 13:40:51,292 DEBUG player_0: [1 1 1 1 0 0 0 0 1 0 0]
2025-06-29 13:40:51,297 DEBUG player_0: [1 1 1 1 0 0 0 0 0 0 0]
2025-06-29 13:40:51,303 DEBUG player_0: [1 1 1 1 0 0 0 0 0 0 0]
2025-06-29 13:40:51,303 DEBUG player_1: [1 1 1 1 0 0 0 0 0 0 0]
2025-06-29 13:40:51,303 DEBUG player_1: [1 1 1 1 0 0 0 0 1 0 0]
2025-06-29 13:40:51,304 DEBUG player_1: [1 1 1 1 0 0 0 0 1 0 0]
2025-06-29 13:40:51,304 DEBUG player_1: [1 1 1 1 0 0 0 0 1 1 0]
2025-06-29 13:40:51,309 DEBUG player_0: [1 1 1 1 0 0 0 0 1 1 0]
2025-06-29 13:40:51,311 DEBUG player_1: [1 1 1 1 0 0 0 0 0 0 0]
2025-06-29 13:40:51,336 DEBUG player_0: [0 0 0 0 0 0 0 0 1 1 0]
2025-06-29 13:40:51,336 DEBUG player_1: [0 0 0 0 0 0 0 0 1 1 0]
2025-06-29 13:40:51,417 DEBUG player_0: [1 1 1 1 0 0 0 0 1 0 0]
2025-06-29 13:40:51,421 DEBUG player_0: [1 1 1 1 0 0 0 0 0 0 0]
2025-06-29 13:40:51,422 DEBUG player_1: [1 1 1 1 0 0 0 0 1 0 0]
2025-06-29 13:40:51,422 DEBUG player_1: [1 1 1 1 0 0 0 0 0 0 0]
2025-06-29 13:40:51,435 DEBUG player_0: [1 1 1 1 0 0 0 0 0 0 0]
2025-06-29 13:40:51,440 DEBUG player_0: [1 1 1 1 0 0 0 0 1 0 0]
2025-06-29 13:40:51,442 DEBUG player_1: [1 1 1 1 0 0 0 0 1 1 0]
2025-06-29 13:40:51,446 DEBUG player_0: [1 1 1 1 0 0 0 0 1 0 0]
2025-06-29 13:40:51,451 DEBUG player_0: [1 1 1 1 0 0 0 0 1 1 0]
2025-06-29 13:40:51,454 DEBUG player_0: [1 1 1 1 0 0 0 0 0 0 0]
2025-06-29 13:40:51,455 DEBUG player_1: [1 1 1 1 0 0 0 0 0 0 0]
2025-06-29 13:40:51,456 DEBUG player_1: [1 1 1 1 0 0 0 0 1 0 0]
2025-06-29 13:40:51,456 DEBUG player_1: [1 1 1 1 0 0 0 0 1 0 0]
2025-06-29 13:40:51,456 DEBUG player_1: [1 1 1 1 0 0 0 0 1 0 0]
2025-06-29 13:40:51,465 DEBUG player_0: [0 0 0 0 0 0 0 0 1 1 0]
2025-06-29 13:40:51,465 DEBUG player_1: [0 0 0 0 0 0 0 0 1 0 0]
2025-06-29 13:40:51,547 DEBUG player_0: [1 0 0 0 0 0 0 0 0 0 0]
2025-06-29 13:40:51,552 DEBUG player_0: [1 1 1 1 0 0 0 0 1 0 0]
2025-06-29 13:40:51,553 DEBUG player_1: [1 1 1 1 0 0 0 0 1 0 0]
2025-06-29 13:40:51,553 DEBUG player_1: [1 1 1 1 0 0 0 0 0 0 0]
2025-06-29 13:40:51,575 DEBUG player_0: [1 1 1 1 0 0 0 0 1 0 0]
2025-06-29 13:40:51,579 DEBUG player_0: [1 1 1 1 0 0 0 0 0 0 0]
2025-06-29 13:40:51,580 DEBUG player_1: [1 1 1 1 0 0 0 0 0 0 0]
2025-06-29 13:40:51,584 DEBUG player_0: [1 1 1 1 0 0 0 0 1 0 0]
2025-06-29 13:40:51,584 DEBUG player_1: [1 1 1 1 0 0 0 0 1 0 0]
2025-06-29 13:40:51,585 DEBUG player_1: [1 1 1 1 0 0 0 0 1 0 0]
2025-06-29 13:40:51,671 DEBUG player_0: [1 0 0 0 0 0 0 0 1 0 0]
2025-06-29 13:40:51,672 DEBUG player_1: [1 1 1 1 0 0 0 0 0 0 0]
2025-06-29 13:40:51,710 DEBUG player_0: [1 1 1 1 0 0 0 0 0 0 0]
2025-06-29 13:40:51,716 DEBUG player_0: [1 0 0 0 0 0 0 0 0 0 0]
2025-06-29 13:40:51,716 DEBUG player_1: [1 1 1 1 0 0 0 0 0 0 0]
2025-06-29 13:40:51,716 DEBUG player_1: [1 1 1 1 0 0 0 0 1 0 0]
2025-06-29 13:40:51,784 DEBUG player_0: [1 0 0 0 0 0 0 0 0 0 0]
2025-06-29 13:40:51,784 DEBUG player_1: [1 1 1 1 0 0 0 0 0 0 0]
2025-06-29 13:40:51,864 DEBUG player_0: [0 0 0 0 0 0 0 0 1 1 0]
2025-06-29 13:40:51,865 DEBUG player_1: [0 0 0 0 0 0 0 0 0 0 0]
2025-06-29 13:40:51,901 DEBUG player_0: [1 0 0 0 0 0 0 0 1 0 0]
2025-06-29 13:40:51,902 DEBUG player_1: [1 1 1 1 0 0 0 0 0 0 0]
2025-06-29 13:40:51,980 DEBUG player_0: [1 1 1 1 0 0 0 0 1 1 0]
2025-06-29 13:40:51,981 DEBUG player_1: [1 1 1 1 0 0 0 0 0 0 0]
2025-06-29 13:40:51,998 DEBUG player_0: [0 0 0 0 0 0 0 0 1 1 0]
2025-06-29 13:40:52,000 DEBUG player_0: [0 0 0 0 0 0 0 0 1 0 0]
2025-06-29 13:40:52,001 DEBUG player_0: [0 0 0 0 0 0 0 0 0 0 0]
2025-06-29 13:40:52,002 DEBUG player_1: [0 0 0 0 0 0 0 0 1 1 0]
2025-06-29 13:40:52,002 DEBUG player_1: [0 0 0 0 0 0 0 0 1 0 0]
2025-06-29 13:40:52,003 DEBUG player_1: [0 0 0 0 0 0 0 0 1 0 0]
2025-06-29 13:40:52,011 DEBUG player_0: [1 0 0 0 0 0 0 0 0 0 0]
2025-06-29 13:40:52,011 DEBUG player_1: [0 0 0 1 0 0 0 0 0 0 0]
2025-06-29 13:40:52,123 DEBUG player_0: [1 1 1 1 0 0 0 0 1 1 0]
2025-06-29 13:40:52,130 DEBUG player_0: [0 0 0 0 0 0 0 0 1 0 0]
2025-06-29 13:40:52,136 DEBUG player_0: [1 1 1 1 0 0 0 0 1 0 0]
2025-06-29 13:40:52,141 DEBUG player_0: [1 1 1 1 0 0 0 0 0 0 0]
2025-06-29 13:40:52,147 DEBUG player_0: [1 1 1 1 0 0 0 0 1 1 0]
2025-06-29 13:40:52,152 DEBUG player_0: [1 1 1 1 0 0 0 0 1 0 0]
2025-06-29 13:40:52,153 DEBUG player_1: [0 0 0 0 0 0 0 0 1 0 0]
2025-06-29 13:40:52,154 DEBUG player_1: [1 1 1 1 0 0 0 0 0 0 0]
2025-06-29 13:40:52,154 DEBUG player_1: [1 1 1 1 0 0 0 0 1 0 0]
2025-06-29 13:40:52,155 DEBUG player_1: [1 1 1 1 0 0 0 0 0 0 0]
2025-06-29 13:40:52,155 DEBUG player_1: [1 1 1 1 0 0 0 0 0 0 0]
2025-06-29 13:40:52,155 DEBUG player_1: [1 1 1 1 0 0 0 0 0 0 0]
2025-06-29 13:40:52,260 DEBUG player_0: [0 0 0 0 0 0 0 0 1 0 0]
2025-06-29 13:40:52,260 DEBUG player_1: [0 0 0 0 0 0 0 0 0 0 0]
2025-06-29 13:40:52,271 DEBUG player_0: [1 1 1 1 0 0 0 0 1 0 0]
2025-06-29 13:40:52,271 DEBUG player_1: [0 0 0 1 0 0 0 0 0 0 0]
2025-06-29 13:40:52,284 DEBUG player_0: [1 1 1 1 0 0 0 0 1 1 0]
2025-06-29 13:40:52,289 DEBUG player_0: [1 1 1 1 0 0 0 0 1 0 0]
2025-06-29 13:40:52,293 DEBUG player_0: [1 1 1 1 0 0 0 0 0 0 0]
2025-06-29 13:40:52,297 DEBUG player_0: [1 1 1 1 0 0 0 0 1 1 0]
2025-06-29 13:40:52,298 DEBUG player_1: [1 1 1 1 0 0 0 0 0 0 0]
2025-06-29 13:40:52,298 DEBUG player_1: [1 1 1 1 0 0 0 0 0 0 0]
2025-06-29 13:40:52,299 DEBUG player_1: [1 1 1 1 0 0 0 0 1 0 0]
2025-06-29 13:40:52,300 DEBUG player_1: [1 1 1 1 0 0 0 0 0 0 0]
2025-06-29 13:40:52,369 DEBUG player_0: [1 1 1 1 0 0 0 0 0 0 0]
2025-06-29 13:40:52,369 DEBUG player_1: [1 1 1 1 0 0 0 0 0 0 0]
2025-06-29 13:40:52,416 DEBUG player_0: [1 1 1 1 0 0 0 0 1 0 0]
2025-06-29 13:40:52,421 DEBUG player_0: [1 1 1 1 0 0 0 0 1 1 0]
2025-06-29 13:40:52,422 DEBUG player_1: [1 1 1 1 0 0 0 0 0 0 0]
2025-06-29 13:40:52,422 DEBUG player_1: [1 1 1 1 0 0 0 0 0 0 0]
2025-06-29 13:40:52,427 DEBUG player_0: [1 1 1 1 0 0 0 0 1 1 0]
2025-06-29 13:40:52,432 DEBUG player_0: [1 1 1 1 0 0 0 0 0 0 0]
2025-06-29 13:40:52,434 DEBUG player_1: [1 1 1 1 0 0 0 0 0 0 0]
2025-06-29 13:40:52,434 DEBUG player_1: [0 0 0 1 0 0 0 0 0 0 0]
2025-06-29 13:40:52,482 DEBUG player_0: [1 1 1 1 0 0 0 0 0 0 0]
2025-06-29 13:40:52,483 DEBUG player_1: [1 1 1 1 0 0 0 0 0 0 0]
2025-06-29 13:40:52,549 DEBUG player_0: [0 0 0 1 0 0 0 0 0 0 0]
2025-06-29 13:40:52,549 DEBUG player_1: [1 1 1 1 0 0 0 0 0 0 0]
2025-06-29 13:40:52,556 DEBUG player_0: [1 1 1 1 0 0 0 0 1 0 0]
2025-06-29 13:40:52,558 DEBUG player_1: [1 1 1 1 0 0 0 0 0 0 0]
2025-06-29 13:40:52,563 DEBUG player_0: [1 1 1 1 0 0 0 0 0 0 0]
2025-06-29 13:40:52,568 DEBUG player_0: [1 1 1 1 0 0 0 0 1 1 0]
2025-06-29 13:40:52,569 DEBUG player_1: [1 1 1 1 0 0 0 0 1 0 0]
2025-06-29 13:40:52,570 DEBUG player_1: [1 1 1 1 0 0 0 0 0 0 0]
2025-06-29 13:40:52,665 DEBUG player_0: [1 1 1 1 0 0 0 0 1 1 0]
2025-06-29 13:40:52,666 DEBUG player_1: [1 1 1 1 0 0 0 0 0 0 0]
2025-06-29 13:40:52,684 DEBUG player_0: [1 1 1 1 0 0 0 0 1 0 0]
2025-06-29 13:40:52,685 DEBUG player_1: [1 1 1 1 0 0 0 0 0 0 0]
2025-06-29 13:40:52,690 DEBUG player_0: [1 1 1 1 0 0 0 0 1 1 0]
2025-06-29 13:40:52,695 DEBUG player_0: [1 1 1 1 0 0 0 0 0 0 0]
2025-06-29 13:40:52,696 DEBUG player_1: [1 0 0 0 0 0 0 0 0 0 0]
2025-06-29 13:40:52,696 DEBUG player_1: [1 1 1 1 0 0 0 0 1 0 0]
2025-06-29 13:40:52,811 DEBUG player_0: [1 1 1 1 0 0 0 0 1 0 0]
2025-06-29 13:40:52,817 DEBUG player_0: [1 1 1 1 0 0 0 0 1 1 0]
2025-06-29 13:40:52,818 DEBUG player_1: [1 0 0 0 0 0 0 0 0 0 0]
2025-06-29 13:40:52,818 DEBUG player_1: [1 1 1 1 0 0 0 0 0 0 0]
2025-06-29 13:40:52,933 DEBUG player_0: [1 1 1 1 0 0 0 0 1 1 0]
2025-06-29 13:40:52,939 DEBUG player_0: [1 1 1 1 0 0 0 0 1 0 0]
2025-06-29 13:40:52,940 DEBUG player_1: [1 1 1 1 0 0 0 0 0 0 0]
2025-06-29 13:40:52,940 DEBUG player_1: [1 1 1 1 0 0 0 0 0 0 0]
2025-06-29 13:40:53,239 DEBUG player_0: [0 0 0 0 0 0 0 0 0 0 0]
2025-06-29 13:40:53,240 DEBUG player_1: [0 0 0 0 0 0 0 0 1 0 0]
2025-06-29 13:40:53,358 DEBUG player_0: [1 1 1 1 0 0 0 0 0 0 0]
2025-06-29 13:40:53,358 DEBUG player_1: [1 1 1 1 0 0 0 0 0 0 0]
2025-06-29 13:40:53,473 DEBUG player_0: [1 1 1 1 0 0 0 0 0 0 0]
2025-06-29 13:40:53,479 DEBUG player_0: [0 0 0 0 0 0 0 0 1 1 0]
2025-06-29 13:40:53,480 DEBUG player_1: [1 1 1 1 0 0 0 0 0 0 0]
2025-06-29 13:40:53,480 DEBUG player_1: [0 0 0 0 0 0 0 0 0 0 0]
2025-06-29 13:40:53,596 DEBUG player_0: [1 1 1 1 0 0 0 0 1 0 0]
2025-06-29 13:40:53,597 DEBUG player_1: [1 0 0 0 0 0 0 0 0 0 0]
2025-06-29 13:40:53,605 DEBUG player_0: [1 1 1 1 0 0 0 0 0 0 0]
2025-06-29 13:40:53,605 DEBUG player_1: [1 1 1 1 0 0 0 0 0 0 0]
2025-06-29 13:40:53,734 DEBUG player_0: [1 1 1 1 0 0 0 0 1 0 0]
2025-06-29 13:40:53,739 DEBUG player_0: [1 1 1 1 0 0 0 0 0 0 0]
2025-06-29 13:40:53,740 DEBUG player_1: [1 1 1 1 0 0 0 0 0 0 0]
2025-06-29 13:40:53,740 DEBUG player_1: [1 1 1 1 0 0 0 0 0 0 0]
2025-06-29 13:40:53,856 DEBUG player_0: [1 1 1 1 0 0 0 0 1 0 0]
2025-06-29 13:40:53,860 DEBUG player_0: [1 1 1 1 0 0 0 0 0 0 0]
2025-06-29 13:40:53,861 DEBUG player_1: [1 1 1 1 0 0 0 0 0 0 0]
2025-06-29 13:40:53,861 DEBUG player_1: [1 1 1 1 0 0 0 0 0 0 0]
2025-06-29 13:40:53,986 DEBUG player_0: [1 1 1 1 0 0 0 0 1 0 0]
2025-06-29 13:40:53,987 DEBUG player_0: [1 1 1 1 0 0 0 0 0 0 0]
2025-06-29 13:40:53,988 DEBUG player_1: [1 1 1 1 0 0 0 0 0 0 0]
2025-06-29 13:40:53,989 DEBUG player_1: [1 1 1 1 0 0 0 0 0 0 0]
2025-06-29 13:40:54,110 DEBUG player_0: [1 1 1 1 0 0 0 0 1 0 0]
2025-06-29 13:40:54,118 DEBUG player_0: [1 1 1 1 0 0 0 0 0 0 0]
2025-06-29 13:40:54,119 DEBUG player_1: [1 1 1 1 0 0 0 0 0 0 0]
2025-06-29 13:40:54,120 DEBUG player_1: [1 1 1 1 0 0 0 0 0 0 0]
2025-06-29 13:40:54,254 DEBUG player_0: [1 1 1 1 0 0 0 0 0 0 0]
2025-06-29 13:40:54,256 DEBUG player_0: [1 1 1 1 0 0 0 0 1 0 0]
2025-06-29 13:40:54,257 DEBUG player_1: [1 1 1 1 0 0 0 0 0 0 0]
2025-06-29 13:40:54,257 DEBUG player_1: [1 1 1 1 0 0 0 0 0 0 0]
2025-06-29 13:40:54,386 DEBUG player_0: [1 1 1 1 0 0 0 0 0 0 0]
2025-06-29 13:40:54,387 DEBUG player_1: [1 1 1 1 0 0 0 0 0 0 0]
2025-06-29 13:40:54,507 DEBUG player_0: [1 1 1 1 0 0 0 0 0 0 0]
2025-06-29 13:40:54,507 DEBUG player_1: [1 1 1 1 0 0 0 0 0 0 0]
2025-06-29 13:40:54,627 DEBUG player_0: [1 1 1 1 0 0 0 0 0 0 0]
2025-06-29 13:40:54,629 DEBUG player_1: [1 1 1 1 0 0 0 0 0 0 0]
2025-06-29 13:40:54,747 DEBUG player_0: [1 1 1 1 0 0 0 0 0 0 0]
2025-06-29 13:40:54,748 DEBUG player_1: [1 1 1 1 0 0 0 0 0 0 0]
2025-06-29 13:40:54,779 DEBUG player_0: [1 1 1 1 1 1 1 1 1 1 0]
